Z80 Macro Assembler ZMA v1.0.19
=====================================================
Programmed by t.hara

  DEFS is DEFINE STRING (default).
  OUTPUT TYPE: BINARY

<< code >>
LINE# |OFFSET|ADDR|MNEMONIC
======+======+====+==================================
     8|      |    |ORG 0x0100
------+------+----+----------------------------------
    10|      |    |BDOS := 0x0005
      |      |    |  Global integer symbol [BDOS] = 5 (0x5)
------+------+----+----------------------------------
    12|      |    |VDP_PORT0 := 0x88
      |      |    |  Global integer symbol [VDP_PORT0] = 136 (0x88)
------+------+----+----------------------------------
    13|      |    |VDP_PORT1 := 0x89
      |      |    |  Global integer symbol [VDP_PORT1] = 137 (0x89)
------+------+----+----------------------------------
    14|      |    |VDP_PORT2 := 0x8A
      |      |    |  Global integer symbol [VDP_PORT2] = 138 (0x8a)
------+------+----+----------------------------------
    15|      |    |VDP_PORT3 := 0x8B
      |      |    |  Global integer symbol [VDP_PORT3] = 139 (0x8b)
------+------+----+----------------------------------
    16|      |    |VDP_PORT4 := 0x8C
      |      |    |  Global integer symbol [VDP_PORT4] = 140 (0x8c)
------+------+----+----------------------------------
    18|      |    |RTC_ADDRESS := 0xB4
      |      |    |  Global integer symbol [RTC_ADDRESS] = 180 (0xb4)
------+------+----+----------------------------------
    19|      |    |RTC_DATA := 0xB5
      |      |    |  Global integer symbol [RTC_DATA] = 181 (0xb5)
------+------+----+----------------------------------
    21|      |    |MAIN_ROM_SLOT := 0xFCC1
      |      |    |  Global integer symbol [MAIN_ROM_SLOT] = 64705 (0xfcc1)
------+------+----+----------------------------------
    22|      |    |CALSLT := 0x001C
      |      |    |  Global integer symbol [CALSLT] = 28 (0x1c)
------+------+----+----------------------------------
    23|      |    |CHGMOD := 0x005F
      |      |    |  Global integer symbol [CHGMOD] = 95 (0x5f)
------+------+----+----------------------------------
    24|      |    |KILBUF := 0x0156
      |      |    |  Global integer symbol [KILBUF] = 342 (0x156)
------+------+----+----------------------------------
    29|      |    |SCOPE INIT_VDP
      |      |    |  Enter scope: INIT_VDP:
------+------+----+----------------------------------
    30|      |    |INIT_VDP ::
      |      |    |  global label [INIT_VDP] address: 0x000100
------+------+----+----------------------------------
    31|      |    |DI
      |      |    |  Z80:5cyc R800:2cyc
      |000000|0100|  F3
------+------+----+----------------------------------
    32|      |    |CALL WRITE_VDP_REGS
      |      |    |  Z80:18cyc R800:5cyc
      |000001|0101|  CD E1 02
------+------+----+----------------------------------
    34|      |    |VDP_INIT_DATA ::
      |      |    |  global label [VDP_INIT_DATA] address: 0x000104
------+------+----+----------------------------------
    35|      |    |DB 0x80 | 1, 0x63
      |000004|0104|  81 63
------+------+----+----------------------------------
    36|      |    |DB 0x80 | 0, 0x08
      |000006|0106|  80 08
------+------+----+----------------------------------
    37|      |    |DB 0x80 | 2, 0x1F | ( 0 << 5 )
      |000008|0108|  82 1F
------+------+----+----------------------------------
    38|      |    |DB 0x80 | 5, 0x7600 >> 7
      |00000A|010A|  85 EC
------+------+----+----------------------------------
    39|      |    |DB 0x80 | 6, 0x8000 >> 11
      |00000C|010C|  86 10
------+------+----+----------------------------------
    40|      |    |DB 0x80 | 7, 0x05
      |00000E|010E|  87 05
------+------+----+----------------------------------
    41|      |    |DB 0x80 | 8, 0x28
      |000010|0110|  88 28
------+------+----+----------------------------------
    42|      |    |DB 0x80 | 9, 0x00
      |000012|0112|  89 00
------+------+----+----------------------------------
    43|      |    |DB 0x80 | 11, 0x00
      |000014|0114|  8B 00
------+------+----+----------------------------------
    44|      |    |DB 0x80 | 15, 2
      |000016|0116|  8F 02
------+------+----+----------------------------------
    45|      |    |DB 0x80 | 16, 0
      |000018|0118|  90 00
------+------+----+----------------------------------
    46|      |    |DB 0x80 | 20, 0xFF
      |00001A|011A|  94 FF
------+------+----+----------------------------------
    47|      |    |DB 0x80 | 25, 3
      |00001C|011C|  99 03
------+------+----+----------------------------------
    48|      |    |DB 0x80 | 26, 0
      |00001E|011E|  9A 00
------+------+----+----------------------------------
    49|      |    |DB 0x80 | 27, 0
      |000020|0120|  9B 00
------+------+----+----------------------------------
    50|      |    |DB 0x80 | 36, 0
      |000022|0122|  A4 00
------+------+----+----------------------------------
    51|      |    |DB 0x80 | 37, 0
      |000024|0124|  A5 00
------+------+----+----------------------------------
    52|      |    |DB 0x80 | 38, 0
      |000026|0126|  A6 00
------+------+----+----------------------------------
    53|      |    |DB 0x80 | 39, 0
      |000028|0128|  A7 00
------+------+----+----------------------------------
    54|      |    |DB 0x80 | 40, 0
      |00002A|012A|  A8 00
------+------+----+----------------------------------
    55|      |    |DB 0x80 | 41, 2
      |00002C|012C|  A9 02
------+------+----+----------------------------------
    56|      |    |DB 0x80 | 42, 0
      |00002E|012E|  AA 00
------+------+----+----------------------------------
    57|      |    |DB 0x80 | 43, 2
      |000030|0130|  AB 02
------+------+----+----------------------------------
    58|      |    |DB 0x80 | 44, 0x00
      |000032|0132|  AC 00
------+------+----+----------------------------------
    59|      |    |DB 0x80 | 45, 0
      |000034|0134|  AD 00
------+------+----+----------------------------------
    60|      |    |DB 0x80 | 46, 0b11000000
      |000036|0136|  AE C0
------+------+----+----------------------------------
    61|      |    |DB 0x00
      |000038|0138|  00
------+------+----+----------------------------------
    63|      |    |WAIT_VDP_COMMAND :
      |      |    |  label [INIT_VDP:WAIT_VDP_COMMAND] address: 0x000139
------+------+----+----------------------------------
    64|      |    |IN A, [ VDP_PORT1 ]
      |      |    |  Z80:12cyc R800:10cyc/9cyc
      |000039|0139|  DB 89
------+------+----+----------------------------------
    65|      |    |RRCA
      |      |    |  Z80:5cyc R800:1cyc
      |00003B|013B|  0F
------+------+----+----------------------------------
    66|      |    |JR C, WAIT_VDP_COMMAND
      |      |    |  Z80:13cyc/8cyc R800:3cyc/2cyc
      |00003C|013C|  38 FB
------+------+----+----------------------------------
    67|      |    |ENDSCOPE
      |      |    |  Exit scope: INIT_VDP:
------+------+----+----------------------------------
    73|      |    |SCOPE INIT_PALETTE
      |      |    |  Enter scope: INIT_PALETTE:
------+------+----+----------------------------------
    74|      |    |INIT_PALETTE ::
      |      |    |  global label [INIT_PALETTE] address: 0x00013e
------+------+----+----------------------------------
    75|      |    |LD A, 13
      |      |    |  Z80:8cyc R800:2cyc
      |00003E|013E|  3E 0D
------+------+----+----------------------------------
    76|      |    |OUT [ RTC_ADDRESS ], A
      |      |    |  Z80:12cyc R800:10cyc/9cyc
      |000040|0140|  D3 B4
------+------+----+----------------------------------
    77|      |    |IN A, [ RTC_DATA ]
      |      |    |  Z80:12cyc R800:10cyc/9cyc
      |000042|0142|  DB B5
------+------+----+----------------------------------
    78|      |    |AND A, 0x0C
      |      |    |  Z80:8cyc R800:2cyc
      |000044|0144|  E6 0C
------+------+----+----------------------------------
    79|      |    |OR A, 0x02
      |      |    |  Z80:8cyc R800:2cyc
      |000046|0146|  F6 02
------+------+----+----------------------------------
    80|      |    |OUT [ RTC_DATA ], A
      |      |    |  Z80:12cyc R800:10cyc/9cyc
      |000048|0148|  D3 B5
------+------+----+----------------------------------
    82|      |    |LD A, 0x0B
      |      |    |  Z80:8cyc R800:2cyc
      |00004A|014A|  3E 0B
------+------+----+----------------------------------
    83|      |    |OUT [ RTC_ADDRESS ], A
      |      |    |  Z80:12cyc R800:10cyc/9cyc
      |00004C|014C|  D3 B4
------+------+----+----------------------------------
    84|      |    |IN A, [ RTC_DATA ]
      |      |    |  Z80:12cyc R800:10cyc/9cyc
      |00004E|014E|  DB B5
------+------+----+----------------------------------
    85|      |    |AND A, 0x03
      |      |    |  Z80:8cyc R800:2cyc
      |000050|0150|  E6 03
------+------+----+----------------------------------
    86|      |    |ADD A, A
      |      |    |  Z80:5cyc R800:1cyc
      |000052|0152|  87
------+------+----+----------------------------------
    87|      |    |LD B, A
      |      |    |  Z80:5cyc R800:2cyc
      |000053|0153|  47
------+------+----+----------------------------------
    88|      |    |ADD A, A
      |      |    |  Z80:5cyc R800:1cyc
      |000054|0154|  87
------+------+----+----------------------------------
    89|      |    |ADD A, B
      |      |    |  Z80:5cyc R800:1cyc
      |000055|0155|  80
------+------+----+----------------------------------
    91|      |    |LD H, 0xFF & ( COLOR_DATA1 >> 8 )
      |      |    |  Z80:8cyc R800:2cyc
      |000056|0156|  26 04
------+------+----+----------------------------------
    92|      |    |ADD A, 0xFF & COLOR_DATA1
      |      |    |  Z80:8cyc R800:2cyc
      |000058|0158|  C6 00
------+------+----+----------------------------------
    93|      |    |LD L, A
      |      |    |  Z80:5cyc R800:2cyc
      |00005A|015A|  6F
------+------+----+----------------------------------
    95|      |    |LD BC, ( ( 3 * 2 ) << 8 ) | VDP_PORT2
      |      |    |  Z80:11cyc R800:3cyc
      |00005B|015B|  01 8A 06
------+------+----+----------------------------------
    96|      |    |OTIR
      |      |    |  Z80:23cyc/18cyc R800:12cyc/11cyc
      |00005E|015E|  ED B3
------+------+----+----------------------------------
    98|      |    |LD L, 0xFF & COLOR_DATA2
      |      |    |  Z80:8cyc R800:2cyc
      |000060|0160|  2E 18
------+------+----+----------------------------------
    99|      |    |LD B, 3 * 2
      |      |    |  Z80:8cyc R800:2cyc
      |000062|0162|  06 06
------+------+----+----------------------------------
   100|      |    |OTIR
      |      |    |  Z80:23cyc/18cyc R800:12cyc/11cyc
      |000064|0164|  ED B3
------+------+----+----------------------------------
   101|      |    |ENDSCOPE
      |      |    |  Exit scope: INIT_PALETTE:
------+------+----+----------------------------------
   106|      |    |SCOPE INIT_VRAM
      |      |    |  Enter scope: INIT_VRAM:
------+------+----+----------------------------------
   108|      |    |PUSH HL
      |      |    |  Z80:12cyc R800:6cyc
      |000066|0166|  E5
------+------+----+----------------------------------
   110|      |    |LD HL, 0x7600
      |      |    |  Z80:11cyc R800:3cyc
      |000067|0167|  21 00 76
------+------+----+----------------------------------
   111|      |    |CALL SET_WRITE_VRAM_ADDRESS
      |      |    |  Z80:18cyc R800:5cyc
      |00006A|016A|  CD 1D 03
------+------+----+----------------------------------
   113|      |    |POP HL
      |      |    |  Z80:11cyc R800:5cyc
      |00006D|016D|  E1
------+------+----+----------------------------------
   114|      |    |LD BC, ( SPRITE_ATTRIB_SIZE << 8 ) | VDP_PORT0
      |      |    |  Z80:11cyc R800:3cyc
      |00006E|016E|  01 88 78
------+------+----+----------------------------------
   115|      |    |ENDSCOPE
      |      |    |  Exit scope: INIT_VRAM:
------+------+----+----------------------------------
   120|      |    |SCOPE DECOMPRESS_LOGO_IMAGE
      |      |    |  Enter scope: DECOMPRESS_LOGO_IMAGE:
------+------+----+----------------------------------
   121|      |    |DECOMPRESS_LOGO_IMAGE ::
      |      |    |  global label [DECOMPRESS_LOGO_IMAGE] address: 0x000171
------+------+----+----------------------------------
   122|      |    |CALL OTIR_AND_WRITE_VDP_REGS
      |      |    |  Z80:18cyc R800:5cyc
      |000071|0171|  CD DF 02
------+------+----+----------------------------------
   123|      |    |_RUN_LMCM_COMMAND :
      |      |    |  label [DECOMPRESS_LOGO_IMAGE:_RUN_LMCM_COMMAND] address: 0x000174
------+------+----+----------------------------------
   124|      |    |DB 0x80 | 46, 0xA0
      |000074|0174|  AE A0
------+------+----+----------------------------------
   125|      |    |_RUN_LMMC_COMMAND :
      |      |    |  label [DECOMPRESS_LOGO_IMAGE:_RUN_LMMC_COMMAND] address: 0x000176
------+------+----+----------------------------------
   126|      |    |DB 0x80 | 17, 36
      |000076|0176|  91 24
------+------+----+----------------------------------
   127|      |    |DB 0x00
      |000078|0178|  00
------+------+----+----------------------------------
   129|      |    |LD BC, ( LOGO_DRAW_COMMAND_SIZE << 8 ) | VDP_PORT3
      |      |    |  Z80:11cyc R800:3cyc
      |000079|0179|  01 8B 0B
------+------+----+----------------------------------
   131|      |    |CALL OTIR_AND_WRITE_VDP_REGS
      |      |    |  Z80:18cyc R800:5cyc
      |00007C|017C|  CD DF 02
------+------+----+----------------------------------
   133|      |    |DB 0x80 | 17, 0x80 | 44
      |00007F|017F|  91 AC
------+------+----+----------------------------------
   134|      |    |DB 0x00
      |000081|0181|  00
------+------+----+----------------------------------
   140|      |    |_DECOMPRESS_LOOP :
      |      |    |  label [DECOMPRESS_LOGO_IMAGE:_DECOMPRESS_LOOP] address: 0x000182
------+------+----+----------------------------------
   142|      |    |LD A, [ HL ]
      |      |    |  Z80:8cyc R800:4cyc
      |000082|0182|  7E
------+------+----+----------------------------------
   143|      |    |LD B, A
      |      |    |  Z80:5cyc R800:2cyc
      |000083|0183|  47
------+------+----+----------------------------------
   145|      |    |RLCA
      |      |    |  Z80:5cyc R800:1cyc
      |000084|0184|  07
------+------+----+----------------------------------
   146|      |    |RLCA
      |      |    |  Z80:5cyc R800:1cyc
      |000085|0185|  07
------+------+----+----------------------------------
   147|      |    |AND A, 3
      |      |    |  Z80:8cyc R800:2cyc
      |000086|0186|  E6 03
------+------+----+----------------------------------
   148|      |    |LD E, A
      |      |    |  Z80:5cyc R800:2cyc
      |000088|0188|  5F
------+------+----+----------------------------------
   150|      |    |LD A, B
      |      |    |  Z80:5cyc R800:2cyc
      |000089|0189|  78
------+------+----+----------------------------------
   151|      |    |AND A, 0x3F
      |      |    |  Z80:8cyc R800:2cyc
      |00008A|018A|  E6 3F
------+------+----+----------------------------------
   152|      |    |INC A
      |      |    |  Z80:5cyc R800:1cyc
      |00008C|018C|  3C
------+------+----+----------------------------------
   153|      |    |LD B, A
      |      |    |  Z80:5cyc R800:2cyc
      |00008D|018D|  47
------+------+----+----------------------------------
   155|      |    |_RUN_LENGTH_LOOP :
      |      |    |  label [DECOMPRESS_LOGO_IMAGE:_RUN_LENGTH_LOOP] address: 0x00018e
------+------+----+----------------------------------
   156|      |    |IN A, [ VDP_PORT1 ]
      |      |    |  Z80:12cyc R800:10cyc/9cyc
      |00008E|018E|  DB 89
------+------+----+----------------------------------
   157|      |    |RRCA
      |      |    |  Z80:5cyc R800:1cyc
      |000090|0190|  0F
------+------+----+----------------------------------
   158|      |    |JR NC, _LMMC_END
      |      |    |  Z80:13cyc/8cyc R800:3cyc/2cyc
      |000091|0191|  30 07
------+------+----+----------------------------------
   159|      |    |OUT [ C ], E
      |      |    |  Z80:14cyc R800:10cyc/9cyc
      |000093|0193|  ED 59
------+------+----+----------------------------------
   160|      |    |DJNZ _RUN_LENGTH_LOOP
      |      |    |  Z80:14cyc/9cyc R800:3cyc/2cyc
      |000095|0195|  10 F7
------+------+----+----------------------------------
   161|      |    |INC HL
      |      |    |  Z80:7cyc R800:1cyc
      |000097|0197|  23
------+------+----+----------------------------------
   162|      |    |JR _DECOMPRESS_LOOP
      |      |    |  Z80:13cyc R800:3cyc
      |000098|0198|  18 E8
------+------+----+----------------------------------
   163|      |    |ENDSCOPE
      |      |    |  Exit scope: DECOMPRESS_LOGO_IMAGE:
------+------+----+----------------------------------
   165|      |    |SCOPE FINISH
      |      |    |  Enter scope: FINISH:
------+------+----+----------------------------------
   166|      |    |_LMMC_END ::
      |      |    |  global label [_LMMC_END] address: 0x00019a
------+------+----+----------------------------------
   168|      |    |LD HL, H_KEYI_BASE
      |      |    |  Z80:11cyc R800:3cyc
      |00009A|019A|  21 D2 02
------+------+----+----------------------------------
   169|      |    |LD DE, H_KEYI
      |      |    |  Z80:11cyc R800:3cyc
      |00009D|019D|  11 00 40
------+------+----+----------------------------------
   170|      |    |LD BC, H_KEYI_END - H_KEYI
      |      |    |  Z80:11cyc R800:3cyc
      |0000A0|01A0|  01 0D 00
------+------+----+----------------------------------
   171|      |    |LDIR
      |      |    |  Z80:23cyc/18cyc R800:7cyc
      |0000A3|01A3|  ED B0
------+------+----+----------------------------------
   173|      |    |LD A, 0xC3
      |      |    |  Z80:8cyc R800:2cyc
      |0000A5|01A5|  3E C3
------+------+----+----------------------------------
   174|      |    |LD HL, H_KEYI
      |      |    |  Z80:11cyc R800:3cyc
      |0000A7|01A7|  21 00 40
------+------+----+----------------------------------
   175|      |    |LD [ 0xFD9A + 0 ], A
      |      |    |  Z80:14cyc R800:6cyc
      |0000AA|01AA|  32 9A FD
------+------+----+----------------------------------
   176|      |    |LD [ 0xFD9A + 1 ], HL
      |      |    |  Z80:17cyc R800:7cyc
      |0000AD|01AD|  22 9B FD
------+------+----+----------------------------------
   177|      |    |EI
      |      |    |  Z80:5cyc R800:1cyc
      |0000B0|01B0|  FB
------+------+----+----------------------------------
   179|      |    |LD A, 1
      |      |    |  Z80:8cyc R800:2cyc
      |0000B1|01B1|  3E 01
------+------+----+----------------------------------
   180|      |    |LD [ WAIT_FLAG ], A
      |      |    |  Z80:14cyc R800:6cyc
      |0000B3|01B3|  32 0C 40
------+------+----+----------------------------------
   181|      |    |WAIT_LOOP1 :
      |      |    |  label [FINISH:WAIT_LOOP1] address: 0x0001b6
------+------+----+----------------------------------
   182|      |    |LD A, [ WAIT_FLAG ]
      |      |    |  Z80:14cyc R800:6cyc
      |0000B6|01B6|  3A 0C 40
------+------+----+----------------------------------
   183|      |    |OR A, A
      |      |    |  Z80:5cyc R800:1cyc
      |0000B9|01B9|  B7
------+------+----+----------------------------------
   184|      |    |JR NZ, WAIT_LOOP1
      |      |    |  Z80:13cyc/8cyc R800:3cyc/2cyc
      |0000BA|01BA|  20 FA
------+------+----+----------------------------------
   189|      |    |MAIN_LOOP :
      |      |    |  label [FINISH:MAIN_LOOP] address: 0x0001bc
------+------+----+----------------------------------
   191|      |    |LD A, 1
      |      |    |  Z80:8cyc R800:2cyc
      |0000BC|01BC|  3E 01
------+------+----+----------------------------------
   192|      |    |LD [ WAIT_FLAG ], A
      |      |    |  Z80:14cyc R800:6cyc
      |0000BE|01BE|  32 0C 40
------+------+----+----------------------------------
   194|      |    |XOR A, A
      |      |    |  Z80:5cyc R800:1cyc
      |0000C1|01C1|  AF
------+------+----+----------------------------------
   195|      |    |LD [ COMPLETE_COUNT ], A
      |      |    |  Z80:14cyc R800:6cyc
      |0000C2|01C2|  32 78 0A
------+------+----+----------------------------------
   197|      |    |LD HL, 0x7600
      |      |    |  Z80:11cyc R800:3cyc
      |0000C5|01C5|  21 00 76
------+------+----+----------------------------------
   198|      |    |LD [ ATTRIBUTE_ADDRESS ], HL
      |      |    |  Z80:17cyc R800:7cyc
      |0000C8|01C8|  22 79 0A
------+------+----+----------------------------------
   199|      |    |LD HL, ANIMATION_STATE
      |      |    |  Z80:11cyc R800:3cyc
      |0000CB|01CB|  21 89 09
------+------+----+----------------------------------
   200|      |    |LD C, VDP_PORT0
      |      |    |  Z80:8cyc R800:2cyc
      |0000CE|01CE|  0E 88
------+------+----+----------------------------------
   201|      |    |SPRITE_LOOP :
      |      |    |  label [FINISH:SPRITE_LOOP] address: 0x0001d0
------+------+----+----------------------------------
   203|      |    |EXX
      |      |    |  Z80:5cyc R800:1cyc
[	EXX] Z80:5cyc, R800:1cyc
      |0000D0|01D0|  D9
------+------+----+----------------------------------
   204|      |    |LD HL, [ ATTRIBUTE_ADDRESS ]
      |      |    |  Z80:17cyc R800:7cyc
      |0000D1|01D1|  2A 79 0A
------+------+----+----------------------------------
   205|      |    |CALL SET_WRITE_VRAM_ADDRESS
      |      |    |  Z80:18cyc R800:5cyc
      |0000D4|01D4|  CD 1D 03
------+------+----+----------------------------------
   206|      |    |LD DE, 8
      |      |    |  Z80:11cyc R800:3cyc
      |0000D7|01D7|  11 08 00
------+------+----+----------------------------------
   207|      |    |ADD HL, DE
      |      |    |  Z80:12cyc R800:1cyc
      |0000DA|01DA|  19
------+------+----+----------------------------------
   208|      |    |LD [ ATTRIBUTE_ADDRESS ], HL
      |      |    |  Z80:17cyc R800:7cyc
      |0000DB|01DB|  22 79 0A
------+------+----+----------------------------------
   209|      |    |EXX
      |      |    |  Z80:5cyc R800:1cyc
[	EXX] Z80:5cyc, R800:1cyc
      |0000DE|01DE|  D9
------+------+----+----------------------------------
   211|      |    |LD E, [ HL ]
      |      |    |  Z80:8cyc R800:4cyc
      |0000DF|01DF|  5E
------+------+----+----------------------------------
   212|      |    |INC E
      |      |    |  Z80:5cyc R800:1cyc
      |0000E0|01E0|  1C
------+------+----+----------------------------------
   213|      |    |JP Z, EXIT_SPRITE_LOOP
      |      |    |  Z80:11cyc R800:5cyc/3cyc
      |0000E1|01E1|  CA 6B 02
------+------+----+----------------------------------
   214|      |    |DEC E
      |      |    |  Z80:5cyc R800:1cyc
      |0000E4|01E4|  1D
------+------+----+----------------------------------
   215|      |    |INC HL
      |      |    |  Z80:7cyc R800:1cyc
      |0000E5|01E5|  23
------+------+----+----------------------------------
   216|      |    |LD D, [ HL ]
      |      |    |  Z80:8cyc R800:4cyc
      |0000E6|01E6|  56
------+------+----+----------------------------------
   217|      |    |DEC HL
      |      |    |  Z80:7cyc R800:1cyc
      |0000E7|01E7|  2B
------+------+----+----------------------------------
   218|      |    |PUSH HL
      |      |    |  Z80:12cyc R800:6cyc
      |0000E8|01E8|  E5
------+------+----+----------------------------------
   219|      |    |LD HL, - 128
      |      |    |  Z80:11cyc R800:3cyc
      |0000E9|01E9|  21 80 FF
------+------+----+----------------------------------
   220|      |    |OR A, A
      |      |    |  Z80:5cyc R800:1cyc
      |0000EC|01EC|  B7
------+------+----+----------------------------------
   221|      |    |SBC HL, DE
      |      |    |  Z80:17cyc R800:2cyc
      |0000ED|01ED|  ED 52
------+------+----+----------------------------------
   222|      |    |JR C, OVER_M128
      |      |    |  Z80:13cyc/8cyc R800:3cyc/2cyc
      |0000EF|01EF|  38 39
------+------+----+----------------------------------
   223|      |    |UNDER_M128 :
      |      |    |  label [FINISH:UNDER_M128] address: 0x0001f1
------+------+----+----------------------------------
   225|      |    |INC DE
      |      |    |  Z80:7cyc R800:1cyc
      |0000F1|01F1|  13
------+------+----+----------------------------------
   226|      |    |POP HL
      |      |    |  Z80:11cyc R800:5cyc
      |0000F2|01F2|  E1
------+------+----+----------------------------------
   227|      |    |LD [ HL ], E
      |      |    |  Z80:8cyc R800:4cyc
      |0000F3|01F3|  73
------+------+----+----------------------------------
   228|      |    |INC HL
      |      |    |  Z80:7cyc R800:1cyc
      |0000F4|01F4|  23
------+------+----+----------------------------------
   229|      |    |LD [ HL ], D
      |      |    |  Z80:8cyc R800:4cyc
      |0000F5|01F5|  72
------+------+----+----------------------------------
   230|      |    |INC HL
      |      |    |  Z80:7cyc R800:1cyc
      |0000F6|01F6|  23
------+------+----+----------------------------------
   231|      |    |INC HL
      |      |    |  Z80:7cyc R800:1cyc
      |0000F7|01F7|  23
------+------+----+----------------------------------
   232|      |    |INC HL
      |      |    |  Z80:7cyc R800:1cyc
      |0000F8|01F8|  23
------+------+----+----------------------------------
   233|      |    |INC HL
      |      |    |  Z80:7cyc R800:1cyc
      |0000F9|01F9|  23
------+------+----+----------------------------------
   234|      |    |INC HL
      |      |    |  Z80:7cyc R800:1cyc
      |0000FA|01FA|  23
------+------+----+----------------------------------
   238|      |    |CALL RANDOM
      |      |    |  Z80:18cyc R800:5cyc
      |0000FB|01FB|  CD F3 02
------+------+----+----------------------------------
   239|      |    |LD B, 0xC0 >> 1
      |      |    |  Z80:8cyc R800:2cyc
      |0000FE|01FE|  06 60
------+------+----+----------------------------------
   240|      |    |RLCA
      |      |    |  Z80:5cyc R800:1cyc
      |000100|0200|  07
------+------+----+----------------------------------
   241|      |    |RL B
      |      |    |  Z80:10cyc R800:2cyc
      |000101|0201|  CB 10
------+------+----+----------------------------------
   242|      |    |OR A, 1
      |      |    |  Z80:8cyc R800:2cyc
      |000103|0203|  F6 01
------+------+----+----------------------------------
   243|      |    |OUT [ C ], A
      |      |    |  Z80:14cyc R800:10cyc/9cyc
      |000105|0205|  ED 79
------+------+----+----------------------------------
   244|      |    |OUT [ C ], B
      |      |    |  Z80:14cyc R800:10cyc/9cyc
      |000107|0207|  ED 41
------+------+----+----------------------------------
   245|      |    |CALL RANDOM
      |      |    |  Z80:18cyc R800:5cyc
      |000109|0209|  CD F3 02
------+------+----+----------------------------------
   246|      |    |OUT [ C ], A
      |      |    |  Z80:14cyc R800:10cyc/9cyc
      |00010C|020C|  ED 79
------+------+----+----------------------------------
   247|      |    |CALL RANDOM
      |      |    |  Z80:18cyc R800:5cyc
      |00010E|020E|  CD F3 02
------+------+----+----------------------------------
   248|      |    |AND A, 0xF0
      |      |    |  Z80:8cyc R800:2cyc
      |000111|0211|  E6 F0
------+------+----+----------------------------------
   249|      |    |OUT [ C ], A
      |      |    |  Z80:14cyc R800:10cyc/9cyc
      |000113|0213|  ED 79
------+------+----+----------------------------------
   250|      |    |CALL RANDOM
      |      |    |  Z80:18cyc R800:5cyc
      |000115|0215|  CD F3 02
------+------+----+----------------------------------
   251|      |    |LD B, 0
      |      |    |  Z80:8cyc R800:2cyc
      |000118|0218|  06 00
------+------+----+----------------------------------
   252|      |    |RLCA
      |      |    |  Z80:5cyc R800:1cyc
      |00011A|021A|  07
------+------+----+----------------------------------
   253|      |    |RL B
      |      |    |  Z80:10cyc R800:2cyc
      |00011B|021B|  CB 10
------+------+----+----------------------------------
   254|      |    |OUT [ C ], A
      |      |    |  Z80:14cyc R800:10cyc/9cyc
      |00011D|021D|  ED 79
------+------+----+----------------------------------
   255|      |    |OUT [ C ], B
      |      |    |  Z80:14cyc R800:10cyc/9cyc
      |00011F|021F|  ED 41
------+------+----+----------------------------------
   256|      |    |CALL RANDOM
      |      |    |  Z80:18cyc R800:5cyc
      |000121|0221|  CD F3 02
------+------+----+----------------------------------
   257|      |    |OUT [ C ], A
      |      |    |  Z80:14cyc R800:10cyc/9cyc
      |000124|0224|  ED 79
------+------+----+----------------------------------
   258|      |    |DEC HL
      |      |    |  Z80:7cyc R800:1cyc
      |000126|0226|  2B
------+------+----+----------------------------------
   259|      |    |JP SET_PATTERN
      |      |    |  Z80:11cyc R800:5cyc
      |000127|0227|  C3 64 02
------+------+----+----------------------------------
   260|      |    |OVER_M128 :
      |      |    |  label [FINISH:OVER_M128] address: 0x00022a
------+------+----+----------------------------------
   262|      |    |POP HL
      |      |    |  Z80:11cyc R800:5cyc
      |00012A|022A|  E1
------+------+----+----------------------------------
   263|      |    |INC HL
      |      |    |  Z80:7cyc R800:1cyc
      |00012B|022B|  23
------+------+----+----------------------------------
   264|      |    |INC HL
      |      |    |  Z80:7cyc R800:1cyc
      |00012C|022C|  23
------+------+----+----------------------------------
   265|      |    |LD A, [ HL ]
      |      |    |  Z80:8cyc R800:4cyc
      |00012D|022D|  7E
------+------+----+----------------------------------
   266|      |    |LD E, A
      |      |    |  Z80:5cyc R800:2cyc
      |00012E|022E|  5F
------+------+----+----------------------------------
   267|      |    |CP A, 50 * 3
      |      |    |  Z80:8cyc R800:2cyc
      |00012F|022F|  FE 96
------+------+----+----------------------------------
   268|      |    |JR C, SKIP1
      |      |    |  Z80:13cyc/8cyc R800:3cyc/2cyc
      |000131|0231|  38 09
------+------+----+----------------------------------
   269|      |    |LD A, [ COMPLETE_COUNT ]
      |      |    |  Z80:14cyc R800:6cyc
      |000133|0233|  3A 78 0A
------+------+----+----------------------------------
   270|      |    |INC A
      |      |    |  Z80:5cyc R800:1cyc
      |000136|0236|  3C
------+------+----+----------------------------------
   271|      |    |LD [ COMPLETE_COUNT ], A
      |      |    |  Z80:14cyc R800:6cyc
      |000137|0237|  32 78 0A
------+------+----+----------------------------------
   272|      |    |JR SKIP2
      |      |    |  Z80:13cyc R800:3cyc
      |00013A|023A|  18 03
------+------+----+----------------------------------
   273|      |    |SKIP1 :
      |      |    |  label [FINISH:SKIP1] address: 0x00023c
------+------+----+----------------------------------
   274|      |    |ADD A, 3
      |      |    |  Z80:8cyc R800:2cyc
      |00013C|023C|  C6 03
------+------+----+----------------------------------
   275|      |    |LD [ HL ], A
      |      |    |  Z80:8cyc R800:4cyc
      |00013E|023E|  77
------+------+----+----------------------------------
   276|      |    |SKIP2 :
      |      |    |  label [FINISH:SKIP2] address: 0x00023f
------+------+----+----------------------------------
   277|      |    |INC HL
      |      |    |  Z80:7cyc R800:1cyc
      |00013F|023F|  23
------+------+----+----------------------------------
   278|      |    |LD D, 0
      |      |    |  Z80:8cyc R800:2cyc
      |000140|0240|  16 00
------+------+----+----------------------------------
   279|      |    |PUSH HL
      |      |    |  Z80:12cyc R800:6cyc
      |000142|0242|  E5
------+------+----+----------------------------------
   280|      |    |LD HL, ANIMATION_POS_Y
      |      |    |  Z80:11cyc R800:3cyc
      |000143|0243|  21 DF 09
------+------+----+----------------------------------
   281|      |    |ADD HL, DE
      |      |    |  Z80:12cyc R800:1cyc
      |000146|0246|  19
------+------+----+----------------------------------
   282|      |    |LD A, [ HL ]
      |      |    |  Z80:8cyc R800:4cyc
      |000147|0247|  7E
------+------+----+----------------------------------
   283|      |    |OUT [ C ], A
      |      |    |  Z80:14cyc R800:10cyc/9cyc
      |000148|0248|  ED 79
------+------+----+----------------------------------
   284|      |    |INC HL
      |      |    |  Z80:7cyc R800:1cyc
      |00014A|024A|  23
------+------+----+----------------------------------
   285|      |    |LD A, [ HL ]
      |      |    |  Z80:8cyc R800:4cyc
      |00014B|024B|  7E
------+------+----+----------------------------------
   286|      |    |OR A, 0xC0
      |      |    |  Z80:8cyc R800:2cyc
      |00014C|024C|  F6 C0
------+------+----+----------------------------------
   287|      |    |OUT [ C ], A
      |      |    |  Z80:14cyc R800:10cyc/9cyc
      |00014E|024E|  ED 79
------+------+----+----------------------------------
   288|      |    |INC HL
      |      |    |  Z80:7cyc R800:1cyc
      |000150|0250|  23
------+------+----+----------------------------------
   289|      |    |LD A, [ HL ]
      |      |    |  Z80:8cyc R800:4cyc
      |000151|0251|  7E
------+------+----+----------------------------------
   290|      |    |OUT [ C ], A
      |      |    |  Z80:14cyc R800:10cyc/9cyc
      |000152|0252|  ED 79
------+------+----+----------------------------------
   291|      |    |POP HL
      |      |    |  Z80:11cyc R800:5cyc
      |000154|0254|  E1
------+------+----+----------------------------------
   292|      |    |SET_MODE :
      |      |    |  label [FINISH:SET_MODE] address: 0x000255
------+------+----+----------------------------------
   293|      |    |XOR A, A
      |      |    |  Z80:5cyc R800:1cyc
      |000155|0255|  AF
------+------+----+----------------------------------
   294|      |    |OUT [ C ], A
      |      |    |  Z80:14cyc R800:10cyc/9cyc
      |000156|0256|  ED 79
------+------+----+----------------------------------
   295|      |    |SET_X :
      |      |    |  label [FINISH:SET_X] address: 0x000258
------+------+----+----------------------------------
   296|      |    |LD A, [ HL ]
      |      |    |  Z80:8cyc R800:4cyc
      |000158|0258|  7E
------+------+----+----------------------------------
   297|      |    |OUT [ C ], A
      |      |    |  Z80:14cyc R800:10cyc/9cyc
      |000159|0259|  ED 79
------+------+----+----------------------------------
   298|      |    |INC HL
      |      |    |  Z80:7cyc R800:1cyc
      |00015B|025B|  23
------+------+----+----------------------------------
   299|      |    |LD A, [ HL ]
      |      |    |  Z80:8cyc R800:4cyc
      |00015C|025C|  7E
------+------+----+----------------------------------
   300|      |    |OUT [ C ], A
      |      |    |  Z80:14cyc R800:10cyc/9cyc
      |00015D|025D|  ED 79
------+------+----+----------------------------------
   301|      |    |INC HL
      |      |    |  Z80:7cyc R800:1cyc
      |00015F|025F|  23
------+------+----+----------------------------------
   302|      |    |SET_MGX :
      |      |    |  label [FINISH:SET_MGX] address: 0x000260
------+------+----+----------------------------------
   303|      |    |LD A, 16
      |      |    |  Z80:8cyc R800:2cyc
      |000160|0260|  3E 10
------+------+----+----------------------------------
   304|      |    |OUT [ C ], A
      |      |    |  Z80:14cyc R800:10cyc/9cyc
      |000162|0262|  ED 79
------+------+----+----------------------------------
   305|      |    |SET_PATTERN :
      |      |    |  label [FINISH:SET_PATTERN] address: 0x000264
------+------+----+----------------------------------
   306|      |    |LD A, [ HL ]
      |      |    |  Z80:8cyc R800:4cyc
      |000164|0264|  7E
------+------+----+----------------------------------
   307|      |    |OUT [ C ], A
      |      |    |  Z80:14cyc R800:10cyc/9cyc
      |000165|0265|  ED 79
------+------+----+----------------------------------
   308|      |    |INC HL
      |      |    |  Z80:7cyc R800:1cyc
      |000167|0267|  23
------+------+----+----------------------------------
   309|      |    |JP SPRITE_LOOP
      |      |    |  Z80:11cyc R800:5cyc
      |000168|0268|  C3 D0 01
------+------+----+----------------------------------
   310|      |    |EXIT_SPRITE_LOOP :
      |      |    |  label [FINISH:EXIT_SPRITE_LOOP] address: 0x00026b
------+------+----+----------------------------------
   312|      |    |LD A, [ COMPLETE_COUNT ]
      |      |    |  Z80:14cyc R800:6cyc
      |00016B|026B|  3A 78 0A
------+------+----+----------------------------------
   313|      |    |CP A, 14
      |      |    |  Z80:8cyc R800:2cyc
      |00016E|026E|  FE 0E
------+------+----+----------------------------------
   314|      |    |JR NC, EXIT_MAIN_LOOP
      |      |    |  Z80:13cyc/8cyc R800:3cyc/2cyc
      |000170|0270|  30 09
------+------+----+----------------------------------
   316|      |    |WAIT_VSYNC :
      |      |    |  label [FINISH:WAIT_VSYNC] address: 0x000272
------+------+----+----------------------------------
   317|      |    |LD A, [ WAIT_FLAG ]
      |      |    |  Z80:14cyc R800:6cyc
      |000172|0272|  3A 0C 40
------+------+----+----------------------------------
   318|      |    |OR A, A
      |      |    |  Z80:5cyc R800:1cyc
      |000175|0275|  B7
------+------+----+----------------------------------
   319|      |    |JR NZ, WAIT_VSYNC
      |      |    |  Z80:13cyc/8cyc R800:3cyc/2cyc
      |000176|0276|  20 FA
------+------+----+----------------------------------
   320|      |    |JP MAIN_LOOP
      |      |    |  Z80:11cyc R800:5cyc
      |000178|0278|  C3 BC 01
------+------+----+----------------------------------
   322|      |    |EXIT_MAIN_LOOP :
      |      |    |  label [FINISH:EXIT_MAIN_LOOP] address: 0x00027b
------+------+----+----------------------------------
   324|      |    |LD B, 120
      |      |    |  Z80:8cyc R800:2cyc
      |00017B|027B|  06 78
------+------+----+----------------------------------
   325|      |    |WAIT_1SEC_LOOP :
      |      |    |  label [FINISH:WAIT_1SEC_LOOP] address: 0x00027d
------+------+----+----------------------------------
   327|      |    |LD A, 1
      |      |    |  Z80:8cyc R800:2cyc
      |00017D|027D|  3E 01
------+------+----+----------------------------------
   328|      |    |LD [ WAIT_FLAG ], A
      |      |    |  Z80:14cyc R800:6cyc
      |00017F|027F|  32 0C 40
------+------+----+----------------------------------
   329|      |    |WAIT_VSYNC2 :
      |      |    |  label [FINISH:WAIT_VSYNC2] address: 0x000282
------+------+----+----------------------------------
   330|      |    |LD A, [ WAIT_FLAG ]
      |      |    |  Z80:14cyc R800:6cyc
      |000182|0282|  3A 0C 40
------+------+----+----------------------------------
   331|      |    |OR A, A
      |      |    |  Z80:5cyc R800:1cyc
      |000185|0285|  B7
------+------+----+----------------------------------
   332|      |    |JR NZ, WAIT_VSYNC2
      |      |    |  Z80:13cyc/8cyc R800:3cyc/2cyc
      |000186|0286|  20 FA
------+------+----+----------------------------------
   333|      |    |DJNZ WAIT_1SEC_LOOP
      |      |    |  Z80:14cyc/9cyc R800:3cyc/2cyc
      |000188|0288|  10 F3
------+------+----+----------------------------------
   335|      |    |DI
      |      |    |  Z80:5cyc R800:2cyc
      |00018A|028A|  F3
------+------+----+----------------------------------
   336|      |    |LD A, 0x43
      |      |    |  Z80:8cyc R800:2cyc
      |00018B|028B|  3E 43
------+------+----+----------------------------------
   337|      |    |OUT [ VDP_PORT1 ], A
      |      |    |  Z80:12cyc R800:10cyc/9cyc
      |00018D|028D|  D3 89
------+------+----+----------------------------------
   338|      |    |LD A, 0x81
      |      |    |  Z80:8cyc R800:2cyc
      |00018F|028F|  3E 81
------+------+----+----------------------------------
   339|      |    |OUT [ VDP_PORT1 ], A
      |      |    |  Z80:12cyc R800:10cyc/9cyc
      |000191|0291|  D3 89
------+------+----+----------------------------------
   341|      |    |LD A, 0xC9
      |      |    |  Z80:8cyc R800:2cyc
      |000193|0293|  3E C9
------+------+----+----------------------------------
   342|      |    |LD [ 0xFD9A ], A
      |      |    |  Z80:14cyc R800:6cyc
      |000195|0295|  32 9A FD
------+------+----+----------------------------------
   343|      |    |EI
      |      |    |  Z80:5cyc R800:1cyc
      |000198|0298|  FB
------+------+----+----------------------------------
   345|      |    |LD IY, [ MAIN_ROM_SLOT - 1 ]
      |      |    |  Z80:22cyc R800:8cyc
      |000199|0299|  FD 2A C0 FC
------+------+----+----------------------------------
   346|      |    |LD IX, KILBUF
      |      |    |  Z80:16cyc R800:4cyc
      |00019D|029D|  DD 21 56 01
------+------+----+----------------------------------
   347|      |    |CALL CALSLT
      |      |    |  Z80:18cyc R800:5cyc
      |0001A1|02A1|  CD 1C 00
------+------+----+----------------------------------
   349|      |    |DI
      |      |    |  Z80:5cyc R800:2cyc
      |0001A4|02A4|  F3
------+------+----+----------------------------------
   350|      |    |XOR A, A
      |      |    |  Z80:5cyc R800:1cyc
      |0001A5|02A5|  AF
------+------+----+----------------------------------
   351|      |    |OUT [ VDP_PORT1 ], A
      |      |    |  Z80:12cyc R800:10cyc/9cyc
      |0001A6|02A6|  D3 89
------+------+----+----------------------------------
   352|      |    |LD A, 0x80 + 20
      |      |    |  Z80:8cyc R800:2cyc
      |0001A8|02A8|  3E 94
------+------+----+----------------------------------
   353|      |    |OUT [ VDP_PORT1 ], A
      |      |    |  Z80:12cyc R800:10cyc/9cyc
      |0001AA|02AA|  D3 89
------+------+----+----------------------------------
   354|      |    |XOR A, A
      |      |    |  Z80:5cyc R800:1cyc
      |0001AC|02AC|  AF
------+------+----+----------------------------------
   355|      |    |OUT [ VDP_PORT1 ], A
      |      |    |  Z80:12cyc R800:10cyc/9cyc
      |0001AD|02AD|  D3 89
------+------+----+----------------------------------
   356|      |    |LD A, 0x80 + 21
      |      |    |  Z80:8cyc R800:2cyc
      |0001AF|02AF|  3E 95
------+------+----+----------------------------------
   357|      |    |OUT [ VDP_PORT1 ], A
      |      |    |  Z80:12cyc R800:10cyc/9cyc
      |0001B1|02B1|  D3 89
------+------+----+----------------------------------
   358|      |    |EI
      |      |    |  Z80:5cyc R800:1cyc
      |0001B3|02B3|  FB
------+------+----+----------------------------------
   360|      |    |LD IY, [ MAIN_ROM_SLOT - 1 ]
      |      |    |  Z80:22cyc R800:8cyc
      |0001B4|02B4|  FD 2A C0 FC
------+------+----+----------------------------------
   361|      |    |LD IX, CHGMOD
      |      |    |  Z80:16cyc R800:4cyc
      |0001B8|02B8|  DD 21 5F 00
------+------+----+----------------------------------
   362|      |    |LD A, 1
      |      |    |  Z80:8cyc R800:2cyc
      |0001BC|02BC|  3E 01
------+------+----+----------------------------------
   363|      |    |CALL CALSLT
      |      |    |  Z80:18cyc R800:5cyc
      |0001BE|02BE|  CD 1C 00
------+------+----+----------------------------------
   364|      |    |LD IY, [ MAIN_ROM_SLOT - 1 ]
      |      |    |  Z80:22cyc R800:8cyc
      |0001C1|02C1|  FD 2A C0 FC
------+------+----+----------------------------------
   365|      |    |LD IX, CHGMOD
      |      |    |  Z80:16cyc R800:4cyc
      |0001C5|02C5|  DD 21 5F 00
------+------+----+----------------------------------
   366|      |    |XOR A, A
      |      |    |  Z80:5cyc R800:1cyc
      |0001C9|02C9|  AF
------+------+----+----------------------------------
   367|      |    |CALL CALSLT
      |      |    |  Z80:18cyc R800:5cyc
      |0001CA|02CA|  CD 1C 00
------+------+----+----------------------------------
   369|      |    |LD C, 0
      |      |    |  Z80:8cyc R800:2cyc
      |0001CD|02CD|  0E 00
------+------+----+----------------------------------
   370|      |    |CALL 5
      |      |    |  Z80:18cyc R800:5cyc
      |0001CF|02CF|  CD 05 00
------+------+----+----------------------------------
   372|      |    |H_KEYI_BASE :
      |      |    |  label [FINISH:H_KEYI_BASE] address: 0x0002d2
------+------+----+----------------------------------
   373|      |    |ORG 0x4000
------+------+----+----------------------------------
   374|      |    |H_KEYI ::
      |      |    |  global label [H_KEYI] address: 0x004000
------+------+----+----------------------------------
   375|      |    |IN A, [ VDP_PORT4 ]
      |      |    |  Z80:12cyc R800:10cyc/9cyc
      |0001D2|4000|  DB 8C
------+------+----+----------------------------------
   376|      |    |AND A, 1
      |      |    |  Z80:8cyc R800:2cyc
      |0001D4|4002|  E6 01
------+------+----+----------------------------------
   377|      |    |RET Z
      |      |    |  Z80:12cyc/6cyc R800:5cyc/1cyc
      |0001D6|4004|  C8
------+------+----+----------------------------------
   378|      |    |OUT [ VDP_PORT4 ], A
      |      |    |  Z80:12cyc R800:10cyc/9cyc
      |0001D7|4005|  D3 8C
------+------+----+----------------------------------
   380|      |    |XOR A, A
      |      |    |  Z80:5cyc R800:1cyc
      |0001D9|4007|  AF
------+------+----+----------------------------------
   381|      |    |LD [ WAIT_FLAG ], A
      |      |    |  Z80:14cyc R800:6cyc
      |0001DA|4008|  32 0C 40
------+------+----+----------------------------------
   382|      |    |RET
      |      |    |  Z80:11cyc R800:5cyc
      |0001DD|400B|  C9
------+------+----+----------------------------------
   383|      |    |WAIT_FLAG ::
      |      |    |  global label [WAIT_FLAG] address: 0x00400c
------+------+----+----------------------------------
   384|      |    |DB 0
      |0001DE|400C|  00
------+------+----+----------------------------------
   385|      |    |H_KEYI_END :
      |      |    |  label [FINISH:H_KEYI_END] address: 0x00400d
------+------+----+----------------------------------
   386|      |    |ORG H_KEYI_BASE + H_KEYI_END - H_KEYI
------+------+----+----------------------------------
   387|      |    |ENDSCOPE
      |      |    |  Exit scope: FINISH:
------+------+----+----------------------------------
   399|      |    |SCOPE WRITE_VDP_REGS
      |      |    |  Enter scope: WRITE_VDP_REGS:
------+------+----+----------------------------------
   400|      |    |OTIR_AND_WRITE_VDP_REGS ::
      |      |    |  global label [OTIR_AND_WRITE_VDP_REGS] address: 0x0002df
------+------+----+----------------------------------
   401|      |    |OTIR
      |      |    |  Z80:23cyc/18cyc R800:12cyc/11cyc
      |0001DF|02DF|  ED B3
------+------+----+----------------------------------
   402|      |    |WRITE_VDP_REGS ::
      |      |    |  global label [WRITE_VDP_REGS] address: 0x0002e1
------+------+----+----------------------------------
   403|      |    |EX [ SP ], HL
      |      |    |  Z80:20cyc R800:7cyc
      |0001E1|02E1|  E3
------+------+----+----------------------------------
   404|      |    |JR START1
      |      |    |  Z80:13cyc R800:3cyc
      |0001E2|02E2|  18 08
------+------+----+----------------------------------
   405|      |    |LOOP1 :
      |      |    |  label [WRITE_VDP_REGS:LOOP1] address: 0x0002e4
------+------+----+----------------------------------
   406|      |    |LD E, A
      |      |    |  Z80:5cyc R800:2cyc
      |0001E4|02E4|  5F
------+------+----+----------------------------------
   407|      |    |LD A, [ HL ]
      |      |    |  Z80:8cyc R800:4cyc
      |0001E5|02E5|  7E
------+------+----+----------------------------------
   408|      |    |INC HL
      |      |    |  Z80:7cyc R800:1cyc
      |0001E6|02E6|  23
------+------+----+----------------------------------
   409|      |    |OUT [ VDP_PORT1 ], A
      |      |    |  Z80:12cyc R800:10cyc/9cyc
      |0001E7|02E7|  D3 89
------+------+----+----------------------------------
   410|      |    |LD A, E
      |      |    |  Z80:5cyc R800:2cyc
      |0001E9|02E9|  7B
------+------+----+----------------------------------
   411|      |    |OUT [ VDP_PORT1 ], A
      |      |    |  Z80:12cyc R800:10cyc/9cyc
      |0001EA|02EA|  D3 89
------+------+----+----------------------------------
   412|      |    |START1 :
      |      |    |  label [WRITE_VDP_REGS:START1] address: 0x0002ec
------+------+----+----------------------------------
   413|      |    |LD A, [ HL ]
      |      |    |  Z80:8cyc R800:4cyc
      |0001EC|02EC|  7E
------+------+----+----------------------------------
   414|      |    |INC HL
      |      |    |  Z80:7cyc R800:1cyc
      |0001ED|02ED|  23
------+------+----+----------------------------------
   415|      |    |OR A, A
      |      |    |  Z80:5cyc R800:1cyc
      |0001EE|02EE|  B7
------+------+----+----------------------------------
   416|      |    |JR NZ, LOOP1
      |      |    |  Z80:13cyc/8cyc R800:3cyc/2cyc
      |0001EF|02EF|  20 F3
------+------+----+----------------------------------
   417|      |    |EX [ SP ], HL
      |      |    |  Z80:20cyc R800:7cyc
      |0001F1|02F1|  E3
------+------+----+----------------------------------
   418|      |    |RET
      |      |    |  Z80:11cyc R800:5cyc
      |0001F2|02F2|  C9
------+------+----+----------------------------------
   419|      |    |ENDSCOPE
      |      |    |  Exit scope: WRITE_VDP_REGS:
------+------+----+----------------------------------
   428|      |    |SCOPE RANDOM
      |      |    |  Enter scope: RANDOM:
------+------+----+----------------------------------
   429|      |    |RANDOM ::
      |      |    |  global label [RANDOM] address: 0x0002f3
------+------+----+----------------------------------
   430|      |    |LD A, [ RANDSEED1 ]
      |      |    |  Z80:14cyc R800:6cyc
      |0001F3|02F3|  3A 0F 03
------+------+----+----------------------------------
   431|      |    |ADD A, 97
      |      |    |  Z80:8cyc R800:2cyc
      |0001F6|02F6|  C6 61
------+------+----+----------------------------------
   432|      |    |XOR A, 0b10010010
      |      |    |  Z80:8cyc R800:2cyc
      |0001F8|02F8|  EE 92
------+------+----+----------------------------------
   433|      |    |RLCA
      |      |    |  Z80:5cyc R800:1cyc
      |0001FA|02FA|  07
------+------+----+----------------------------------
   434|      |    |LD B, A
      |      |    |  Z80:5cyc R800:2cyc
      |0001FB|02FB|  47
------+------+----+----------------------------------
   435|      |    |LD A, [ RANDSEED2 ]
      |      |    |  Z80:14cyc R800:6cyc
      |0001FC|02FC|  3A 10 03
------+------+----+----------------------------------
   436|      |    |ADD A, 19
      |      |    |  Z80:8cyc R800:2cyc
      |0001FF|02FF|  C6 13
------+------+----+----------------------------------
   437|      |    |XOR A, 0b10100110
      |      |    |  Z80:8cyc R800:2cyc
      |000201|0301|  EE A6
------+------+----+----------------------------------
   438|      |    |RRCA
      |      |    |  Z80:5cyc R800:1cyc
      |000203|0303|  0F
------+------+----+----------------------------------
   439|      |    |RRCA
      |      |    |  Z80:5cyc R800:1cyc
      |000204|0304|  0F
------+------+----+----------------------------------
   440|      |    |LD [ RANDSEED1 ], A
      |      |    |  Z80:14cyc R800:6cyc
      |000205|0305|  32 0F 03
------+------+----+----------------------------------
   441|      |    |LD A, B
      |      |    |  Z80:5cyc R800:2cyc
      |000208|0308|  78
------+------+----+----------------------------------
   442|      |    |LD [ RANDSEED2 ], A
      |      |    |  Z80:14cyc R800:6cyc
      |000209|0309|  32 10 03
------+------+----+----------------------------------
   443|      |    |ADD A, 13
      |      |    |  Z80:8cyc R800:2cyc
      |00020C|030C|  C6 0D
------+------+----+----------------------------------
   444|      |    |RET
      |      |    |  Z80:11cyc R800:5cyc
      |00020E|030E|  C9
------+------+----+----------------------------------
   445|      |    |RANDSEED1 :
      |      |    |  label [RANDOM:RANDSEED1] address: 0x00030f
------+------+----+----------------------------------
   446|      |    |DB 37
      |00020F|030F|  25
------+------+----+----------------------------------
   447|      |    |RANDSEED2 :
      |      |    |  label [RANDOM:RANDSEED2] address: 0x000310
------+------+----+----------------------------------
   448|      |    |DB 83
      |000210|0310|  53
------+------+----+----------------------------------
   449|      |    |ENDSCOPE
      |      |    |  Exit scope: RANDOM:
------+------+----+----------------------------------
   465|      |    |SCOPE FILL_VRAM
      |      |    |  Enter scope: FILL_VRAM:
------+------+----+----------------------------------
   466|      |    |FILL_VRAM ::
      |      |    |  global label [FILL_VRAM] address: 0x000311
------+------+----+----------------------------------
   467|      |    |CALL SET_WRITE_VRAM_ADDRESS
      |      |    |  Z80:18cyc R800:5cyc
      |000211|0311|  CD 1D 03
------+------+----+----------------------------------
   469|      |    |LD A, E
      |      |    |  Z80:5cyc R800:2cyc
      |000214|0314|  7B
------+------+----+----------------------------------
   470|      |    |LOOP :
      |      |    |  label [FILL_VRAM:LOOP] address: 0x000315
------+------+----+----------------------------------
   471|      |    |OUT [ VDP_PORT0 ], A
      |      |    |  Z80:12cyc R800:10cyc/9cyc
      |000215|0315|  D3 88
------+------+----+----------------------------------
   472|      |    |DEC C
      |      |    |  Z80:5cyc R800:1cyc
      |000217|0317|  0D
------+------+----+----------------------------------
   473|      |    |JR NZ, LOOP
      |      |    |  Z80:13cyc/8cyc R800:3cyc/2cyc
      |000218|0318|  20 FB
------+------+----+----------------------------------
   474|      |    |DJNZ LOOP
      |      |    |  Z80:14cyc/9cyc R800:3cyc/2cyc
      |00021A|031A|  10 F9
------+------+----+----------------------------------
   475|      |    |RET
      |      |    |  Z80:11cyc R800:5cyc
      |00021C|031C|  C9
------+------+----+----------------------------------
   476|      |    |ENDSCOPE
      |      |    |  Exit scope: FILL_VRAM:
------+------+----+----------------------------------
   491|      |    |SCOPE SET_WRITE_VRAM_ADDRESS
      |      |    |  Enter scope: SET_WRITE_VRAM_ADDRESS:
------+------+----+----------------------------------
   492|      |    |SET_WRITE_VRAM_ADDRESS ::
      |      |    |  global label [SET_WRITE_VRAM_ADDRESS] address: 0x00031d
------+------+----+----------------------------------
   493|      |    |LD A, H
      |      |    |  Z80:5cyc R800:2cyc
      |00021D|031D|  7C
------+------+----+----------------------------------
   494|      |    |AND A, 0x3F
      |      |    |  Z80:8cyc R800:2cyc
      |00021E|031E|  E6 3F
------+------+----+----------------------------------
   495|      |    |OR A, 0x40
      |      |    |  Z80:8cyc R800:2cyc
      |000220|0320|  F6 40
------+------+----+----------------------------------
   496|      |    |EX AF, AF'
      |      |    |  Z80:5cyc R800:1cyc
      |000222|0322|  08
------+------+----+----------------------------------
   497|      |    |LD A, H
      |      |    |  Z80:5cyc R800:2cyc
      |000223|0323|  7C
------+------+----+----------------------------------
   498|      |    |RLCA
      |      |    |  Z80:5cyc R800:1cyc
      |000224|0324|  07
------+------+----+----------------------------------
   499|      |    |RLCA
      |      |    |  Z80:5cyc R800:1cyc
      |000225|0325|  07
------+------+----+----------------------------------
   500|      |    |AND A, 0x03
      |      |    |  Z80:8cyc R800:2cyc
      |000226|0326|  E6 03
------+------+----+----------------------------------
   501|      |    |OUT [ VDP_PORT1 ], A
      |      |    |  Z80:12cyc R800:10cyc/9cyc
      |000228|0328|  D3 89
------+------+----+----------------------------------
   502|      |    |LD A, 0x80 | 14
      |      |    |  Z80:8cyc R800:2cyc
      |00022A|032A|  3E 8E
------+------+----+----------------------------------
   503|      |    |OUT [ VDP_PORT1 ], A
      |      |    |  Z80:12cyc R800:10cyc/9cyc
      |00022C|032C|  D3 89
------+------+----+----------------------------------
   504|      |    |LD A, L
      |      |    |  Z80:5cyc R800:2cyc
      |00022E|032E|  7D
------+------+----+----------------------------------
   505|      |    |OUT [ VDP_PORT1 ], A
      |      |    |  Z80:12cyc R800:10cyc/9cyc
      |00022F|032F|  D3 89
------+------+----+----------------------------------
   506|      |    |EX AF, AF'
      |      |    |  Z80:5cyc R800:1cyc
      |000231|0331|  08
------+------+----+----------------------------------
   507|      |    |OUT [ VDP_PORT1 ], A
      |      |    |  Z80:12cyc R800:10cyc/9cyc
      |000232|0332|  D3 89
------+------+----+----------------------------------
   508|      |    |RET
      |      |    |  Z80:11cyc R800:5cyc
      |000234|0334|  C9
------+------+----+----------------------------------
   509|      |    |ENDSCOPE
      |      |    |  Exit scope: SET_WRITE_VRAM_ADDRESS:
------+------+----+----------------------------------
   516|      |    |ALIGN 256
      |      |    |  Padding: 203byte(s)
------+------+----+----------------------------------
   517|      |    |COLOR_DATA1 ::
      |      |    |  global label [COLOR_DATA1] address: 0x000400
------+------+----+----------------------------------
   519|      |    |DB 0, 0, 31
      |000300|0400|  00 00 1F
------+------+----+----------------------------------
   520|      |    |DB 0, 0, 0
      |000303|0403|  00 00 00
------+------+----+----------------------------------
   522|      |    |DB 0, 0, 31
      |000306|0406|  00 00 1F
------+------+----+----------------------------------
   523|      |    |DB 0, 0, 0
      |000309|0409|  00 00 00
------+------+----+----------------------------------
   525|      |    |DB 0, 0, 31
      |00030C|040C|  00 00 1F
------+------+----+----------------------------------
   526|      |    |DB 0, 0, 0
      |00030F|040F|  00 00 00
------+------+----+----------------------------------
   528|      |    |DB 0, 0, 31
      |000312|0412|  00 00 1F
------+------+----+----------------------------------
   529|      |    |DB 0, 0, 0
      |000315|0415|  00 00 00
------+------+----+----------------------------------
   531|      |    |COLOR_DATA2 ::
      |      |    |  global label [COLOR_DATA2] address: 0x000418
------+------+----+----------------------------------
   533|      |    |DB 15, 15, 15
      |000318|0418|  0F 0F 0F
------+------+----+----------------------------------
   535|      |    |DB 31, 31, 31
      |00031B|041B|  1F 1F 1F
------+------+----+----------------------------------
   540|      |    |SPRITE_ATTRIB ::
      |      |    |  global label [SPRITE_ATTRIB] address: 0x00041e
------+------+----+----------------------------------
   542|      |    |DW ( - 128 & 0x3FF ) | ( 3 << 14 )
      |00031E|041E|  80 C3
------+------+----+----------------------------------
   543|      |    |DB 128
      |000320|0420|  80
------+------+----+----------------------------------
   544|      |    |DB 0
      |000321|0421|  00
------+------+----+----------------------------------
   545|      |    |DW 0x0010
      |000322|0422|  10 00
------+------+----+----------------------------------
   546|      |    |DB 16
      |000324|0424|  10
------+------+----+----------------------------------
   547|      |    |DB 0
      |000325|0425|  00
------+------+----+----------------------------------
   549|      |    |DW ( - 128 & 0x3FF ) | ( 3 << 14 )
      |000326|0426|  80 C3
------+------+----+----------------------------------
   550|      |    |DB 128
      |000328|0428|  80
------+------+----+----------------------------------
   551|      |    |DB 0
      |000329|0429|  00
------+------+----+----------------------------------
   552|      |    |DW 0x0020
      |00032A|042A|  20 00
------+------+----+----------------------------------
   553|      |    |DB 16
      |00032C|042C|  10
------+------+----+----------------------------------
   554|      |    |DB 1
      |00032D|042D|  01
------+------+----+----------------------------------
   556|      |    |DW ( - 128 & 0x3FF ) | ( 3 << 14 )
      |00032E|042E|  80 C3
------+------+----+----------------------------------
   557|      |    |DB 128
      |000330|0430|  80
------+------+----+----------------------------------
   558|      |    |DB 0
      |000331|0431|  00
------+------+----+----------------------------------
   559|      |    |DW 0x0030
      |000332|0432|  30 00
------+------+----+----------------------------------
   560|      |    |DB 16
      |000334|0434|  10
------+------+----+----------------------------------
   561|      |    |DB 2
      |000335|0435|  02
------+------+----+----------------------------------
   563|      |    |DW ( - 128 & 0x3FF ) | ( 3 << 14 )
      |000336|0436|  80 C3
------+------+----+----------------------------------
   564|      |    |DB 128
      |000338|0438|  80
------+------+----+----------------------------------
   565|      |    |DB 0
      |000339|0439|  00
------+------+----+----------------------------------
   566|      |    |DW 0x0040
      |00033A|043A|  40 00
------+------+----+----------------------------------
   567|      |    |DB 16
      |00033C|043C|  10
------+------+----+----------------------------------
   568|      |    |DB 3
      |00033D|043D|  03
------+------+----+----------------------------------
   570|      |    |DW ( - 128 & 0x3FF ) | ( 3 << 14 )
      |00033E|043E|  80 C3
------+------+----+----------------------------------
   571|      |    |DB 128
      |000340|0440|  80
------+------+----+----------------------------------
   572|      |    |DB 0
      |000341|0441|  00
------+------+----+----------------------------------
   573|      |    |DW 0x0050
      |000342|0442|  50 00
------+------+----+----------------------------------
   574|      |    |DB 16
      |000344|0444|  10
------+------+----+----------------------------------
   575|      |    |DB 4
      |000345|0445|  04
------+------+----+----------------------------------
   577|      |    |DW ( - 128 & 0x3FF ) | ( 3 << 14 )
      |000346|0446|  80 C3
------+------+----+----------------------------------
   578|      |    |DB 128
      |000348|0448|  80
------+------+----+----------------------------------
   579|      |    |DB 0
      |000349|0449|  00
------+------+----+----------------------------------
   580|      |    |DW 0x0060
      |00034A|044A|  60 00
------+------+----+----------------------------------
   581|      |    |DB 16
      |00034C|044C|  10
------+------+----+----------------------------------
   582|      |    |DB 5
      |00034D|044D|  05
------+------+----+----------------------------------
   584|      |    |DW ( - 128 & 0x3FF ) | ( 3 << 14 )
      |00034E|044E|  80 C3
------+------+----+----------------------------------
   585|      |    |DB 128
      |000350|0450|  80
------+------+----+----------------------------------
   586|      |    |DB 0
      |000351|0451|  00
------+------+----+----------------------------------
   587|      |    |DW 0x0070
      |000352|0452|  70 00
------+------+----+----------------------------------
   588|      |    |DB 16
      |000354|0454|  10
------+------+----+----------------------------------
   589|      |    |DB 6
      |000355|0455|  06
------+------+----+----------------------------------
   591|      |    |DW ( - 128 & 0x3FF ) | ( 3 << 14 )
      |000356|0456|  80 C3
------+------+----+----------------------------------
   592|      |    |DB 128
      |000358|0458|  80
------+------+----+----------------------------------
   593|      |    |DB 0
      |000359|0459|  00
------+------+----+----------------------------------
   594|      |    |DW 0x0080
      |00035A|045A|  80 00
------+------+----+----------------------------------
   595|      |    |DB 16
      |00035C|045C|  10
------+------+----+----------------------------------
   596|      |    |DB 7
      |00035D|045D|  07
------+------+----+----------------------------------
   598|      |    |DW ( - 128 & 0x3FF ) | ( 3 << 14 )
      |00035E|045E|  80 C3
------+------+----+----------------------------------
   599|      |    |DB 128
      |000360|0460|  80
------+------+----+----------------------------------
   600|      |    |DB 0
      |000361|0461|  00
------+------+----+----------------------------------
   601|      |    |DW 0x0090
      |000362|0462|  90 00
------+------+----+----------------------------------
   602|      |    |DB 16
      |000364|0464|  10
------+------+----+----------------------------------
   603|      |    |DB 8
      |000365|0465|  08
------+------+----+----------------------------------
   605|      |    |DW ( - 128 & 0x3FF ) | ( 3 << 14 )
      |000366|0466|  80 C3
------+------+----+----------------------------------
   606|      |    |DB 128
      |000368|0468|  80
------+------+----+----------------------------------
   607|      |    |DB 0
      |000369|0469|  00
------+------+----+----------------------------------
   608|      |    |DW 0x00A0
      |00036A|046A|  A0 00
------+------+----+----------------------------------
   609|      |    |DB 16
      |00036C|046C|  10
------+------+----+----------------------------------
   610|      |    |DB 9
      |00036D|046D|  09
------+------+----+----------------------------------
   612|      |    |DW ( - 128 & 0x3FF ) | ( 3 << 14 )
      |00036E|046E|  80 C3
------+------+----+----------------------------------
   613|      |    |DB 128
      |000370|0470|  80
------+------+----+----------------------------------
   614|      |    |DB 0
      |000371|0471|  00
------+------+----+----------------------------------
   615|      |    |DW 0x00B0
      |000372|0472|  B0 00
------+------+----+----------------------------------
   616|      |    |DB 16
      |000374|0474|  10
------+------+----+----------------------------------
   617|      |    |DB 10
      |000375|0475|  0A
------+------+----+----------------------------------
   619|      |    |DW ( - 128 & 0x3FF ) | ( 3 << 14 )
      |000376|0476|  80 C3
------+------+----+----------------------------------
   620|      |    |DB 128
      |000378|0478|  80
------+------+----+----------------------------------
   621|      |    |DB 0
      |000379|0479|  00
------+------+----+----------------------------------
   622|      |    |DW 0x00C0
      |00037A|047A|  C0 00
------+------+----+----------------------------------
   623|      |    |DB 16
      |00037C|047C|  10
------+------+----+----------------------------------
   624|      |    |DB 11
      |00037D|047D|  0B
------+------+----+----------------------------------
   626|      |    |DW ( - 128 & 0x3FF ) | ( 3 << 14 )
      |00037E|047E|  80 C3
------+------+----+----------------------------------
   627|      |    |DB 128
      |000380|0480|  80
------+------+----+----------------------------------
   628|      |    |DB 0
      |000381|0481|  00
------+------+----+----------------------------------
   629|      |    |DW 0x00D0
      |000382|0482|  D0 00
------+------+----+----------------------------------
   630|      |    |DB 16
      |000384|0484|  10
------+------+----+----------------------------------
   631|      |    |DB 12
      |000385|0485|  0C
------+------+----+----------------------------------
   633|      |    |DW ( - 128 & 0x3FF ) | ( 3 << 14 )
      |000386|0486|  80 C3
------+------+----+----------------------------------
   634|      |    |DB 128
      |000388|0488|  80
------+------+----+----------------------------------
   635|      |    |DB 0
      |000389|0489|  00
------+------+----+----------------------------------
   636|      |    |DW 0x00E0
      |00038A|048A|  E0 00
------+------+----+----------------------------------
   637|      |    |DB 16
      |00038C|048C|  10
------+------+----+----------------------------------
   638|      |    |DB 13
      |00038D|048D|  0D
------+------+----+----------------------------------
   640|      |    |DW ( 216 & 0x3FF ) | ( 3 << 14 )
      |00038E|048E|  D8 C0
------+------+----+----------------------------------
   641|      |    |DB 128
      |000390|0490|  80
------+------+----+----------------------------------
   642|      |    |DB 0
      |000391|0491|  00
------+------+----+----------------------------------
   643|      |    |DW 0x00F0
      |000392|0492|  F0 00
------+------+----+----------------------------------
   644|      |    |DB 16
      |000394|0494|  10
------+------+----+----------------------------------
   645|      |    |DB 0
      |000395|0495|  00
------+------+----+----------------------------------
   646|      |    |SPRITE_ATTRIB_END ::
      |      |    |  global label [SPRITE_ATTRIB_END] address: 0x000496
------+------+----+----------------------------------
   648|      |    |SPRITE_ATTRIB_SIZE := SPRITE_ATTRIB_END - SPRITE_ATTRIB
      |      |    |  Global integer symbol [SPRITE_ATTRIB_SIZE] = 120 (0x78)
------+------+----+----------------------------------
   653|      |    |LOGO_DRAW_COMMAND ::
      |      |    |  global label [LOGO_DRAW_COMMAND] address: 0x000496
------+------+----+----------------------------------
   654|      |    |DW 19
      |000396|0496|  13 00
------+------+----+----------------------------------
   655|      |    |DW 256
      |000398|0498|  00 01
------+------+----+----------------------------------
   656|      |    |DW 422
      |00039A|049A|  A6 01
------+------+----+----------------------------------
   657|      |    |DW 80
      |00039C|049C|  50 00
------+------+----+----------------------------------
   658|      |    |DB 0
      |00039E|049E|  00
------+------+----+----------------------------------
   659|      |    |DB 0
      |00039F|049F|  00
------+------+----+----------------------------------
   660|      |    |DB 0b1011_0000
      |0003A0|04A0|  B0
------+------+----+----------------------------------
   661|      |    |LOGO_DRAW_COMMAND_END :
      |      |    |  label [LOGO_DRAW_COMMAND_END] address: 0x0004a1
------+------+----+----------------------------------
   663|      |    |LOGO_DRAW_COMMAND_SIZE := LOGO_DRAW_COMMAND_END - LOGO_DRAW_COMMAND
      |      |    |  Global integer symbol [LOGO_DRAW_COMMAND_SIZE] = 11 (0xb)
------+------+----+----------------------------------
   668|      |    |LOGO_DATA ::
      |      |    |  global label [LOGO_DATA] address: 0x0004a1
------+------+----+----------------------------------
   669|      |    |BINARY_LINK "logo_data/logo.bin"
      |0003A1|04A1|  7F 7F 7F 7F 7F 7F 7F 7F
      |0003A9|04A9|  7F 7F 7F 7F 7F 7F 7F 7F
      |0003B1|04B1|  7F 7F 7F 7F 7F 7F 7F 7F
      |0003B9|04B9|  7F 7F 7F 7F 7F 7F 7F 7F
      |0003C1|04C1|  7F 7F 7F 7F 7F 7F 7F 7F
      |0003C9|04C9|  7F 7F 7F 7F 7F 7F 7F 7F
      |0003D1|04D1|  7F 7F 7F 7F 7F 7F 7F 7F
      |0003D9|04D9|  7F 7F 7F 7F 56 80 DB 81
      |0003E1|04E1|  5A 80 DC 6E 80 FF E7 80
      |0003E9|04E9|  69 81 E7 80 7F 5E 81 DC
      |0003F1|04F1|  80 5A 80 DC 80 68 81 FF
      |0003F9|04F9|  EC 80 68 E9 7F 5F 80 DD
      |000401|0501|  80 59 80 DE 64 80 FF F3
      |000409|0509|  80 63 81 E7 81 7F 5F 81
      |000411|0511|  DE 59 80 DE 80 60 80 FF
      |000419|0519|  F7 80 62 E9 7F 61 80 DF
      |000421|0521|  80 57 80 E0 80 5C 80 FF
      |000429|0529|  FC 80 5D 81 E7 80 7F 63
      |000431|0531|  E1 80 56 80 E0 80 59 80
      |000439|0539|  FF FF C0 80 5B 80 E9 7F
      |000441|0541|  63 80 E1 81 54 80 E2 57
      |000449|0549|  80 FF FF C5 58 80 E7 80
      |000451|0551|  7F 64 81 E2 80 54 80 E2
      |000459|0559|  80 55 80 FF FF C6 80 55
      |000461|0561|  80 E8 80 7F 65 80 E3 80
      |000469|0569|  53 80 E4 53 80 FF FF CB
      |000471|0571|  52 80 E7 80 7F 66 81 E4
      |000479|0579|  53 80 E4 80 51 80 FF FF
      |000481|0581|  CC 81 4E 80 E8 80 7F 67
      |000489|0589|  80 E5 80 51 80 E6 80 4F
      |000491|0591|  80 FF FF D0 4C 80 E8 81
      |000499|0599|  7F 66 80 E7 80 50 80 E6
      |0004A1|05A1|  80 4E 80 FF FF D1 81 49
      |0004A9|05A9|  80 E7 80 7F 69 80 E7 81
      |0004B1|05B1|  4E 80 E8 4D 80 FF FF D5
      |0004B9|05B9|  80 45 80 E8 80 7F 69 80
      |0004C1|05C1|  E9 80 4D 80 E9 80 4B 80
      |0004C9|05C9|  FF FF D7 80 43 80 E7 80
      |0004D1|05D1|  7F 6B 80 EA 4D 80 EA 4B
      |0004D9|05D9|  FF FF DA 81 E8 80 7F 6B
      |0004E1|05E1|  81 EA 80 4B 80 EB 80 49
      |0004E9|05E9|  80 FF FF FF C3 80 7F 6D
      |0004F1|05F1|  80 EC 80 4A 80 EC 80 48
      |0004F9|05F9|  E5 80 7F 4A 81 FF CF 80
      |000501|0601|  7F 6D 80 ED 81 48 80 ED
      |000509|0609|  80 48 E2 80 7F 50 80 FF
      |000511|0611|  CB 80 7F 6F 80 EE 80 48
      |000519|0619|  80 EE 48 E0 80 7F 52 81
      |000521|0621|  FF C9 80 7F 6F 80 EF 81
      |000529|0629|  46 80 EF 80 47 DF 80 7F
      |000531|0631|  56 80 FF C5 80 7F 71 80
      |000539|0639|  F0 80 46 F1 47 E0 80 7F
      |000541|0641|  55 81 FF C3 80 7F 71 80
      |000549|0649|  F2 45 80 F1 81 45 E2 80
      |000551|0651|  7F 56 80 FF C0 80 7F 72
      |000559|0659|  80 F2 80 44 80 F2 80 45
      |000561|0661|  E5 80 7F 54 80 FD 80 7F
      |000569|0669|  73 80 F3 81 42 80 F3 80
      |000571|0671|  45 80 FF C5 80 75 80 FA
      |000579|0679|  80 7F 74 80 F4 80 42 80
      |000581|0681|  F4 46 FF CA 81 70 80 F7
      |000589|0689|  80 7F 75 80 F6 80 40 80
      |000591|0691|  F5 80 45 80 FF CE 6F 80
      |000599|0699|  F4 80 7F 76 80 F6 80 40
      |0005A1|06A1|  F7 80 45 80 FF D0 80 6C
      |0005A9|06A9|  80 F1 80 7F 77 80 FF F1
      |0005B1|06B1|  81 45 80 FF D2 80 6B 80
      |0005B9|06B9|  EE 80 7F 78 80 FF F2 80
      |0005C1|06C1|  46 80 FF D4 80 69 80 EB
      |0005C9|06C9|  80 7F 79 80 FF F3 80 47
      |0005D1|06D1|  80 FF D5 80 69 80 E8 80
      |0005D9|06D9|  7F 7A 80 FF F4 48 80 FF
      |0005E1|06E1|  D5 80 67 80 E9 80 7F 79
      |0005E9|06E9|  80 FF F5 80 49 80 FF D5
      |0005F1|06F1|  80 63 80 EC 80 7F 78 80
      |0005F9|06F9|  FF F6 80 49 80 FF D5 80
      |000601|0701|  61 80 EF 80 7F 75 80 DF
      |000609|0709|  40 F7 80 DD 81 4A 80 FF
      |000611|0711|  D4 80 5E 80 F2 80 7F 74
      |000619|0719|  80 DE 80 40 80 F5 82 DD
      |000621|0721|  80 4D 80 FF D2 80 5C 80
      |000629|0729|  F5 80 7F 71 80 DF 80 40
      |000631|0731|  80 F5 41 80 DD 80 50 80
      |000639|0739|  FF D0 80 59 80 F8 80 7F
      |000641|0741|  70 80 DE 80 42 80 F3 80
      |000649|0749|  42 80 DD 53 80 FF CE 80
      |000651|0751|  57 80 FB 80 7F 6D 80 DF
      |000659|0759|  44 F3 44 DD 80 56 81 FF
      |000661|0761|  CA 56 80 FD 80 7F 6C 80
      |000669|0769|  DE 80 44 80 F1 80 44 DE
      |000671|0771|  80 5A 80 FF C6 80 53 80
      |000679|0779|  FF C1 80 7F 69 80 DF 46
      |000681|0781|  F0 80 45 80 DD 81 7A 80
      |000689|0789|  E5 80 51 81 FF C3 80 7F
      |000691|0791|  68 80 DE 80 46 80 EF 80
      |000699|0799|  45 81 DD 80 7E 80 E1 80
      |0006A1|07A1|  50 80 FF C7 80 7F 65 80
      |0006A9|07A9|  DF 48 EF 47 80 DD 80 7F
      |0006B1|07B1|  40 80 DF 80 4E 81 FF C9
      |0006B9|07B9|  80 7F 64 DF 80 48 80 ED
      |0006C1|07C1|  80 48 80 DD 80 7F 40 DF
      |0006C9|07C9|  80 4D 80 FF CD 80 7F 61
      |0006D1|07D1|  80 DF 4A EC 80 4A DD 80
      |0006D9|07D9|  7F 80 DF 80 4B 81 E7 80
      |0006E1|07E1|  E6 80 7F 60 80 DE 80 4A
      |0006E9|07E9|  80 EB 80 4A 80 DD 80 7C
      |0006F1|07F1|  80 E1 80 4A 80 E7 81 41
      |0006F9|07F9|  80 E6 80 7F 5D 80 DF 4C
      |000701|0801|  EA 80 4C DD 81 77 80 E5
      |000709|0809|  80 48 81 E8 80 43 80 E6
      |000711|0811|  80 7F 5C 80 DE 80 4C 80
      |000719|0819|  E9 80 4C 80 FF FD 80 48
      |000721|0821|  80 E6 81 47 80 E6 80 7F
      |000729|0829|  59 80 DF 4E E9 4D 80 FF
      |000731|0831|  FD 46 81 E7 81 49 80 E6
      |000739|0839|  80 7F 58 DF 80 4E 80 E7
      |000741|0841|  80 4E 80 FF FB 80 46 E7
      |000749|0849|  81 4D 80 E6 80 7F 55 80
      |000751|0851|  DE 80 50 E6 80 50 FF FA
      |000759|0859|  80 44 81 E7 81 4F 81 E5
      |000761|0861|  81 7F 53 80 DE 51 80 E4
      |000769|0869|  80 51 80 FF F8 80 45 E7
      |000771|0871|  81 53 80 E6 80 7F 51 80
      |000779|0879|  DE 80 52 E4 80 52 FF F7
      |000781|0881|  80 43 81 E7 80 56 81 E5
      |000789|0889|  81 7F 4F 80 DE 53 80 E3
      |000791|0891|  53 80 FF F5 80 44 E7 81
      |000799|0899|  59 80 E6 80 7F 4D 80 DE
      |0007A1|08A1|  80 54 E2 80 53 80 FF F4
      |0007A9|08A9|  80 43 81 E5 80 5D 81 E5
      |0007B1|08B1|  81 7F 4B DF 55 80 E0 80
      |0007B9|08B9|  55 80 FF F1 80 43 80 E7
      |0007C1|08C1|  81 60 E6 80 7F 49 80 DE
      |0007C9|08C9|  80 56 E0 80 56 FF F0 80
      |0007D1|08D1|  43 80 E6 80 63 81 E5 81
      |0007D9|08D9|  7F 47 80 DE 57 80 DE 80
      |0007E1|08E1|  57 80 FF ED 80 43 80 E7
      |0007E9|08E9|  81 66 E6 81 7F 44 80 DE
      |0007F1|08F1|  80 58 DE 80 58 FF EA 80
      |0007F9|08F9|  45 80 E6 80 69 81 E5 81
      |000801|0901|  7F 43 80 DE 59 80 DD 59
      |000809|0909|  80 FF E6 80 46 80 E7 81
      |000811|0911|  6C 80 E5 81 7F 40 80 DE
      |000819|0919|  80 5A DC 80 59 80 FF E3
      |000821|0921|  49 80 E6 80 6F 81 E5 81
      |000829|0929|  7F DF 5B 80 DA 80 5B 80
      |000831|0931|  FF DF 4A 80 E7 81 72 80
      |000839|0939|  E6 80 7C 80 DE 80 5C DA
      |000841|0941|  80 5C FF D9 80 4E E7 80
      |000849|0949|  75 81 E6 80 7F 7F 7F 7F
      |000851|0951|  7F 7F 7F 7F 7F 7F 7F 7F
      |000859|0959|  7F 7F 7F 7F 7F 7F 7F 7F
      |000861|0961|  7F 7F 7F 7F 7F 7F 7F 7F
      |000869|0969|  7F 7F 7F 7F 7F 7F 7F 7F
      |000871|0971|  7F 7F 7F 7F 7F 7F 7F 7F
      |000879|0979|  7F 7F 7F 7F 7F 7F 7F 7F
      |000881|0981|  7F 7F 7F 7F 7F 7F 7F 6F
------+------+----+----------------------------------
   674|      |    |ANIMATION_STATE ::
      |      |    |  global label [ANIMATION_STATE] address: 0x000989
------+------+----+----------------------------------
   676|      |    |DW - 129
      |000889|0989|  7F FF
------+------+----+----------------------------------
   677|      |    |DB 0
      |00088B|098B|  00
------+------+----+----------------------------------
   678|      |    |DW 16 * 1
      |00088C|098C|  10 00
------+------+----+----------------------------------
   679|      |    |DB 0
      |00088E|098E|  00
------+------+----+----------------------------------
   681|      |    |DW - 135
      |00088F|098F|  79 FF
------+------+----+----------------------------------
   682|      |    |DB 0
      |000891|0991|  00
------+------+----+----------------------------------
   683|      |    |DW 16 * 2
      |000892|0992|  20 00
------+------+----+----------------------------------
   684|      |    |DB 1
      |000894|0994|  01
------+------+----+----------------------------------
   686|      |    |DW - 140
      |000895|0995|  74 FF
------+------+----+----------------------------------
   687|      |    |DB 0
      |000897|0997|  00
------+------+----+----------------------------------
   688|      |    |DW 16 * 3
      |000898|0998|  30 00
------+------+----+----------------------------------
   689|      |    |DB 2
      |00089A|099A|  02
------+------+----+----------------------------------
   691|      |    |DW - 141
      |00089B|099B|  73 FF
------+------+----+----------------------------------
   692|      |    |DB 0
      |00089D|099D|  00
------+------+----+----------------------------------
   693|      |    |DW 16 * 4
      |00089E|099E|  40 00
------+------+----+----------------------------------
   694|      |    |DB 3
      |0008A0|09A0|  03
------+------+----+----------------------------------
   696|      |    |DW - 144
      |0008A1|09A1|  70 FF
------+------+----+----------------------------------
   697|      |    |DB 0
      |0008A3|09A3|  00
------+------+----+----------------------------------
   698|      |    |DW 16 * 5
      |0008A4|09A4|  50 00
------+------+----+----------------------------------
   699|      |    |DB 4
      |0008A6|09A6|  04
------+------+----+----------------------------------
   701|      |    |DW - 150
      |0008A7|09A7|  6A FF
------+------+----+----------------------------------
   702|      |    |DB 0
      |0008A9|09A9|  00
------+------+----+----------------------------------
   703|      |    |DW 16 * 6
      |0008AA|09AA|  60 00
------+------+----+----------------------------------
   704|      |    |DB 5
      |0008AC|09AC|  05
------+------+----+----------------------------------
   706|      |    |DW - 165
      |0008AD|09AD|  5B FF
------+------+----+----------------------------------
   707|      |    |DB 0
      |0008AF|09AF|  00
------+------+----+----------------------------------
   708|      |    |DW 16 * 7
      |0008B0|09B0|  70 00
------+------+----+----------------------------------
   709|      |    |DB 6
      |0008B2|09B2|  06
------+------+----+----------------------------------
   711|      |    |DW - 155
      |0008B3|09B3|  65 FF
------+------+----+----------------------------------
   712|      |    |DB 0
      |0008B5|09B5|  00
------+------+----+----------------------------------
   713|      |    |DW 16 * 8
      |0008B6|09B6|  80 00
------+------+----+----------------------------------
   714|      |    |DB 7
      |0008B8|09B8|  07
------+------+----+----------------------------------
   716|      |    |DW - 143
      |0008B9|09B9|  71 FF
------+------+----+----------------------------------
   717|      |    |DB 0
      |0008BB|09BB|  00
------+------+----+----------------------------------
   718|      |    |DW 16 * 9
      |0008BC|09BC|  90 00
------+------+----+----------------------------------
   719|      |    |DB 8
      |0008BE|09BE|  08
------+------+----+----------------------------------
   721|      |    |DW - 139
      |0008BF|09BF|  75 FF
------+------+----+----------------------------------
   722|      |    |DB 0
      |0008C1|09C1|  00
------+------+----+----------------------------------
   723|      |    |DW 16 * 10
      |0008C2|09C2|  A0 00
------+------+----+----------------------------------
   724|      |    |DB 9
      |0008C4|09C4|  09
------+------+----+----------------------------------
   726|      |    |DW - 170
      |0008C5|09C5|  56 FF
------+------+----+----------------------------------
   727|      |    |DB 0
      |0008C7|09C7|  00
------+------+----+----------------------------------
   728|      |    |DW 16 * 11
      |0008C8|09C8|  B0 00
------+------+----+----------------------------------
   729|      |    |DB 10
      |0008CA|09CA|  0A
------+------+----+----------------------------------
   731|      |    |DW - 165
      |0008CB|09CB|  5B FF
------+------+----+----------------------------------
   732|      |    |DB 0
      |0008CD|09CD|  00
------+------+----+----------------------------------
   733|      |    |DW 16 * 12
      |0008CE|09CE|  C0 00
------+------+----+----------------------------------
   734|      |    |DB 11
      |0008D0|09D0|  0B
------+------+----+----------------------------------
   736|      |    |DW - 169
      |0008D1|09D1|  57 FF
------+------+----+----------------------------------
   737|      |    |DB 0
      |0008D3|09D3|  00
------+------+----+----------------------------------
   738|      |    |DW 16 * 13
      |0008D4|09D4|  D0 00
------+------+----+----------------------------------
   739|      |    |DB 12
      |0008D6|09D6|  0C
------+------+----+----------------------------------
   741|      |    |DW - 172
      |0008D7|09D7|  54 FF
------+------+----+----------------------------------
   742|      |    |DB 0
      |0008D9|09D9|  00
------+------+----+----------------------------------
   743|      |    |DW 16 * 14
      |0008DA|09DA|  E0 00
------+------+----+----------------------------------
   744|      |    |DB 13
      |0008DC|09DC|  0D
------+------+----+----------------------------------
   746|      |    |DW 255
      |0008DD|09DD|  FF 00
------+------+----+----------------------------------
   748|      |    |ANIMATION_POS_Y ::
      |      |    |  global label [ANIMATION_POS_Y] address: 0x0009df
------+------+----+----------------------------------
   749|      |    |DW - 248
      |0008DF|09DF|  08 FF
------+------+----+----------------------------------
   750|      |    |DB 0
      |0008E1|09E1|  00
------+------+----+----------------------------------
   751|      |    |DW - 246
      |0008E2|09E2|  0A FF
------+------+----+----------------------------------
   752|      |    |DB 255
      |0008E4|09E4|  FF
------+------+----+----------------------------------
   753|      |    |DW - 244
      |0008E5|09E5|  0C FF
------+------+----+----------------------------------
   754|      |    |DB 254
      |0008E7|09E7|  FE
------+------+----+----------------------------------
   755|      |    |DW - 241
      |0008E8|09E8|  0F FF
------+------+----+----------------------------------
   756|      |    |DB 252
      |0008EA|09EA|  FC
------+------+----+----------------------------------
   757|      |    |DW - 238
      |0008EB|09EB|  12 FF
------+------+----+----------------------------------
   758|      |    |DB 250
      |0008ED|09ED|  FA
------+------+----+----------------------------------
   759|      |    |DW - 233
      |0008EE|09EE|  17 FF
------+------+----+----------------------------------
   760|      |    |DB 247
      |0008F0|09F0|  F7
------+------+----+----------------------------------
   761|      |    |DW - 229
      |0008F1|09F1|  1B FF
------+------+----+----------------------------------
   762|      |    |DB 244
      |0008F3|09F3|  F4
------+------+----+----------------------------------
   763|      |    |DW - 223
      |0008F4|09F4|  21 FF
------+------+----+----------------------------------
   764|      |    |DB 240
      |0008F6|09F6|  F0
------+------+----+----------------------------------
   765|      |    |DW - 216
      |0008F7|09F7|  28 FF
------+------+----+----------------------------------
   766|      |    |DB 235
      |0008F9|09F9|  EB
------+------+----+----------------------------------
   767|      |    |DW - 209
      |0008FA|09FA|  2F FF
------+------+----+----------------------------------
   768|      |    |DB 230
      |0008FC|09FC|  E6
------+------+----+----------------------------------
   769|      |    |DW - 200
      |0008FD|09FD|  38 FF
------+------+----+----------------------------------
   770|      |    |DB 224
      |0008FF|09FF|  E0
------+------+----+----------------------------------
   771|      |    |DW - 191
      |000900|0A00|  41 FF
------+------+----+----------------------------------
   772|      |    |DB 218
      |000902|0A02|  DA
------+------+----+----------------------------------
   773|      |    |DW - 183
      |000903|0A03|  49 FF
------+------+----+----------------------------------
   774|      |    |DB 212
      |000905|0A05|  D4
------+------+----+----------------------------------
   775|      |    |DW - 174
      |000906|0A06|  52 FF
------+------+----+----------------------------------
   776|      |    |DB 206
      |000908|0A08|  CE
------+------+----+----------------------------------
   777|      |    |DW - 163
      |000909|0A09|  5D FF
------+------+----+----------------------------------
   778|      |    |DB 199
      |00090B|0A0B|  C7
------+------+----+----------------------------------
   779|      |    |DW - 153
      |00090C|0A0C|  67 FF
------+------+----+----------------------------------
   780|      |    |DB 192
      |00090E|0A0E|  C0
------+------+----+----------------------------------
   781|      |    |DW - 142
      |00090F|0A0F|  72 FF
------+------+----+----------------------------------
   782|      |    |DB 185
      |000911|0A11|  B9
------+------+----+----------------------------------
   783|      |    |DW - 131
      |000912|0A12|  7D FF
------+------+----+----------------------------------
   784|      |    |DB 178
      |000914|0A14|  B2
------+------+----+----------------------------------
   785|      |    |DW - 120
      |000915|0A15|  88 FF
------+------+----+----------------------------------
   786|      |    |DB 171
      |000917|0A17|  AB
------+------+----+----------------------------------
   787|      |    |DW - 108
      |000918|0A18|  94 FF
------+------+----+----------------------------------
   788|      |    |DB 164
      |00091A|0A1A|  A4
------+------+----+----------------------------------
   789|      |    |DW - 97
      |00091B|0A1B|  9F FF
------+------+----+----------------------------------
   790|      |    |DB 157
      |00091D|0A1D|  9D
------+------+----+----------------------------------
   791|      |    |DW - 86
      |00091E|0A1E|  AA FF
------+------+----+----------------------------------
   792|      |    |DB 151
      |000920|0A20|  97
------+------+----+----------------------------------
   793|      |    |DW - 75
      |000921|0A21|  B5 FF
------+------+----+----------------------------------
   794|      |    |DB 145
      |000923|0A23|  91
------+------+----+----------------------------------
   795|      |    |DW - 64
      |000924|0A24|  C0 FF
------+------+----+----------------------------------
   796|      |    |DB 139
      |000926|0A26|  8B
------+------+----+----------------------------------
   797|      |    |DW - 53
      |000927|0A27|  CB FF
------+------+----+----------------------------------
   798|      |    |DB 133
      |000929|0A29|  85
------+------+----+----------------------------------
   799|      |    |DW - 42
      |00092A|0A2A|  D6 FF
------+------+----+----------------------------------
   800|      |    |DB 128
      |00092C|0A2C|  80
------+------+----+----------------------------------
   801|      |    |DW - 32
      |00092D|0A2D|  E0 FF
------+------+----+----------------------------------
   802|      |    |DB 123
      |00092F|0A2F|  7B
------+------+----+----------------------------------
   803|      |    |DW - 22
      |000930|0A30|  EA FF
------+------+----+----------------------------------
   804|      |    |DB 118
      |000932|0A32|  76
------+------+----+----------------------------------
   805|      |    |DW - 13
      |000933|0A33|  F3 FF
------+------+----+----------------------------------
   806|      |    |DB 114
      |000935|0A35|  72
------+------+----+----------------------------------
   807|      |    |DW - 5
      |000936|0A36|  FB FF
------+------+----+----------------------------------
   808|      |    |DB 111
      |000938|0A38|  6F
------+------+----+----------------------------------
   809|      |    |DW 3
      |000939|0A39|  03 00
------+------+----+----------------------------------
   810|      |    |DB 108
      |00093B|0A3B|  6C
------+------+----+----------------------------------
   811|      |    |DW 10
      |00093C|0A3C|  0A 00
------+------+----+----------------------------------
   812|      |    |DB 105
      |00093E|0A3E|  69
------+------+----+----------------------------------
   813|      |    |DW 17
      |00093F|0A3F|  11 00
------+------+----+----------------------------------
   814|      |    |DB 103
      |000941|0A41|  67
------+------+----+----------------------------------
   815|      |    |DW 23
      |000942|0A42|  17 00
------+------+----+----------------------------------
   816|      |    |DB 101
      |000944|0A44|  65
------+------+----+----------------------------------
   817|      |    |DW 28
      |000945|0A45|  1C 00
------+------+----+----------------------------------
   818|      |    |DB 100
      |000947|0A47|  64
------+------+----+----------------------------------
   819|      |    |DW 32
      |000948|0A48|  20 00
------+------+----+----------------------------------
   820|      |    |DB 100
      |00094A|0A4A|  64
------+------+----+----------------------------------
   821|      |    |DW 35
      |00094B|0A4B|  23 00
------+------+----+----------------------------------
   822|      |    |DB 100
      |00094D|0A4D|  64
------+------+----+----------------------------------
   823|      |    |DW 39
      |00094E|0A4E|  27 00
------+------+----+----------------------------------
   824|      |    |DB 100
      |000950|0A50|  64
------+------+----+----------------------------------
   825|      |    |DW 41
      |000951|0A51|  29 00
------+------+----+----------------------------------
   826|      |    |DB 101
      |000953|0A53|  65
------+------+----+----------------------------------
   827|      |    |DW 42
      |000954|0A54|  2A 00
------+------+----+----------------------------------
   828|      |    |DB 102
      |000956|0A56|  66
------+------+----+----------------------------------
   829|      |    |DW 44
      |000957|0A57|  2C 00
------+------+----+----------------------------------
   830|      |    |DB 103
      |000959|0A59|  67
------+------+----+----------------------------------
   831|      |    |DW 45
      |00095A|0A5A|  2D 00
------+------+----+----------------------------------
   832|      |    |DB 105
      |00095C|0A5C|  69
------+------+----+----------------------------------
   833|      |    |DW 45
      |00095D|0A5D|  2D 00
------+------+----+----------------------------------
   834|      |    |DB 107
      |00095F|0A5F|  6B
------+------+----+----------------------------------
   835|      |    |DW 45
      |000960|0A60|  2D 00
------+------+----+----------------------------------
   836|      |    |DB 109
      |000962|0A62|  6D
------+------+----+----------------------------------
   837|      |    |DW 44
      |000963|0A63|  2C 00
------+------+----+----------------------------------
   838|      |    |DB 112
      |000965|0A65|  70
------+------+----+----------------------------------
   839|      |    |DW 43
      |000966|0A66|  2B 00
------+------+----+----------------------------------
   840|      |    |DB 114
      |000968|0A68|  72
------+------+----+----------------------------------
   841|      |    |DW 42
      |000969|0A69|  2A 00
------+------+----+----------------------------------
   842|      |    |DB 117
      |00096B|0A6B|  75
------+------+----+----------------------------------
   843|      |    |DW 40
      |00096C|0A6C|  28 00
------+------+----+----------------------------------
   844|      |    |DB 120
      |00096E|0A6E|  78
------+------+----+----------------------------------
   845|      |    |DW 39
      |00096F|0A6F|  27 00
------+------+----+----------------------------------
   846|      |    |DB 122
      |000971|0A71|  7A
------+------+----+----------------------------------
   847|      |    |DW 37
      |000972|0A72|  25 00
------+------+----+----------------------------------
   848|      |    |DB 125
      |000974|0A74|  7D
------+------+----+----------------------------------
   849|      |    |DW 35
      |000975|0A75|  23 00
------+------+----+----------------------------------
   850|      |    |DB 128
      |000977|0A77|  80
------+------+----+----------------------------------
   852|      |    |COMPLETE_COUNT :
      |      |    |  label [COMPLETE_COUNT] address: 0x000a78
------+------+----+----------------------------------
   853|      |    |DB 0
      |000978|0A78|  00
------+------+----+----------------------------------
   854|      |    |ATTRIBUTE_ADDRESS :
      |      |    |  label [ATTRIBUTE_ADDRESS] address: 0x000a79
------+------+----+----------------------------------
   855|      |    |DW 0x7600
      |000979|0A79|  00 76
------+------+----+----------------------------------
<< label >>
ANIMATION_POS_Y ........................... 2527 ( 0x9df )
ANIMATION_STATE ........................... 2441 ( 0x989 )
ATTRIBUTE_ADDRESS ......................... 2681 ( 0xa79 )
BDOS ...................................... 5 ( 0x5 )
CALSLT .................................... 28 ( 0x1c )
CHGMOD .................................... 95 ( 0x5f )
COLOR_DATA1 ............................... 1024 ( 0x400 )
COLOR_DATA2 ............................... 1048 ( 0x418 )
COMPLETE_COUNT ............................ 2680 ( 0xa78 )
DECOMPRESS_LOGO_IMAGE ..................... 369 ( 0x171 )
DECOMPRESS_LOGO_IMAGE:_DECOMPRESS_LOOP .... 386 ( 0x182 )
DECOMPRESS_LOGO_IMAGE:_RUN_LENGTH_LOOP .... 398 ( 0x18e )
DECOMPRESS_LOGO_IMAGE:_RUN_LMCM_COMMAND ... 372 ( 0x174 )
DECOMPRESS_LOGO_IMAGE:_RUN_LMMC_COMMAND ... 374 ( 0x176 )
FILL_VRAM ................................. 785 ( 0x311 )
FILL_VRAM:LOOP ............................ 789 ( 0x315 )
FINISH:EXIT_MAIN_LOOP ..................... 635 ( 0x27b )
FINISH:EXIT_SPRITE_LOOP ................... 619 ( 0x26b )
FINISH:H_KEYI_BASE ........................ 722 ( 0x2d2 )
FINISH:H_KEYI_END ......................... 16397 ( 0x400d )
FINISH:MAIN_LOOP .......................... 444 ( 0x1bc )
FINISH:OVER_M128 .......................... 554 ( 0x22a )
FINISH:SET_MGX ............................ 608 ( 0x260 )
FINISH:SET_MODE ........................... 597 ( 0x255 )
FINISH:SET_PATTERN ........................ 612 ( 0x264 )
FINISH:SET_X .............................. 600 ( 0x258 )
FINISH:SKIP1 .............................. 572 ( 0x23c )
FINISH:SKIP2 .............................. 575 ( 0x23f )
FINISH:SPRITE_LOOP ........................ 464 ( 0x1d0 )
FINISH:UNDER_M128 ......................... 497 ( 0x1f1 )
FINISH:WAIT_1SEC_LOOP ..................... 637 ( 0x27d )
FINISH:WAIT_LOOP1 ......................... 438 ( 0x1b6 )
FINISH:WAIT_VSYNC ......................... 626 ( 0x272 )
FINISH:WAIT_VSYNC2 ........................ 642 ( 0x282 )
H_KEYI .................................... 16384 ( 0x4000 )
INIT_PALETTE .............................. 318 ( 0x13e )
INIT_VDP .................................. 256 ( 0x100 )
INIT_VDP:WAIT_VDP_COMMAND ................. 313 ( 0x139 )
KILBUF .................................... 342 ( 0x156 )
LOGO_DATA ................................. 1185 ( 0x4a1 )
LOGO_DRAW_COMMAND ......................... 1174 ( 0x496 )
LOGO_DRAW_COMMAND_END ..................... 1185 ( 0x4a1 )
LOGO_DRAW_COMMAND_SIZE .................... 11 ( 0xb )
MAIN_ROM_SLOT ............................. 64705 ( 0xfcc1 )
OTIR_AND_WRITE_VDP_REGS ................... 735 ( 0x2df )
RANDOM .................................... 755 ( 0x2f3 )
RANDOM:RANDSEED1 .......................... 783 ( 0x30f )
RANDOM:RANDSEED2 .......................... 784 ( 0x310 )
RTC_ADDRESS ............................... 180 ( 0xb4 )
RTC_DATA .................................. 181 ( 0xb5 )
SET_WRITE_VRAM_ADDRESS .................... 797 ( 0x31d )
SPRITE_ATTRIB ............................. 1054 ( 0x41e )
SPRITE_ATTRIB_END ......................... 1174 ( 0x496 )
SPRITE_ATTRIB_SIZE ........................ 120 ( 0x78 )
VDP_INIT_DATA ............................. 260 ( 0x104 )
VDP_PORT0 ................................. 136 ( 0x88 )
VDP_PORT1 ................................. 137 ( 0x89 )
VDP_PORT2 ................................. 138 ( 0x8a )
VDP_PORT3 ................................. 139 ( 0x8b )
VDP_PORT4 ................................. 140 ( 0x8c )
WAIT_FLAG ................................. 16396 ( 0x400c )
WRITE_VDP_REGS ............................ 737 ( 0x2e1 )
WRITE_VDP_REGS:LOOP1 ...................... 740 ( 0x2e4 )
WRITE_VDP_REGS:START1 ..................... 748 ( 0x2ec )
_LMMC_END ................................. 410 ( 0x19a )
