GowinSynthesis start
Running parser ...
Analyzing Verilog file 'D:\github\HRA_product\TangCartMSX\RTL\Tang20kcartMSX\src\SDRAM_controller_top_SIP\temp\SDRC_EMBEDDED\sdrc_defines.v'
Analyzing Verilog file 'C:\Gowin\Gowin_V1.9.9_x64\IDE\ipcore\SDRC_EMB\data\GENERAL\SDRAM_controller_top_SIP.v'
Analyzing included file 'C:\Gowin\Gowin_V1.9.9_x64\IDE\ipcore\SDRC_EMB\data\GENERAL\top_defines.v'("C:\Gowin\Gowin_V1.9.9_x64\IDE\ipcore\SDRC_EMB\data\GENERAL\SDRAM_controller_top_SIP.v":2)
Analyzing included file 'sdrc_defines.v'("C:\Gowin\Gowin_V1.9.9_x64\IDE\ipcore\SDRC_EMB\data\GENERAL\top_defines.v":55)
Back to file 'C:\Gowin\Gowin_V1.9.9_x64\IDE\ipcore\SDRC_EMB\data\GENERAL\top_defines.v'("C:\Gowin\Gowin_V1.9.9_x64\IDE\ipcore\SDRC_EMB\data\GENERAL\top_defines.v":55)
Back to file 'C:\Gowin\Gowin_V1.9.9_x64\IDE\ipcore\SDRC_EMB\data\GENERAL\SDRAM_controller_top_SIP.v'("C:\Gowin\Gowin_V1.9.9_x64\IDE\ipcore\SDRC_EMB\data\GENERAL\SDRAM_controller_top_SIP.v":2)
Analyzing Verilog file 'C:\Gowin\Gowin_V1.9.9_x64\IDE\ipcore\SDRC_EMB\data\GENERAL\sdrc_control_fsm.v'
Analyzing included file 'C:\Gowin\Gowin_V1.9.9_x64\IDE\ipcore\SDRC_EMB\data\GENERAL\top_defines.v'("C:\Gowin\Gowin_V1.9.9_x64\IDE\ipcore\SDRC_EMB\data\GENERAL\sdrc_control_fsm.v":554)
Analyzing included file 'sdrc_defines.v'("C:\Gowin\Gowin_V1.9.9_x64\IDE\ipcore\SDRC_EMB\data\GENERAL\top_defines.v":55)
Back to file 'C:\Gowin\Gowin_V1.9.9_x64\IDE\ipcore\SDRC_EMB\data\GENERAL\top_defines.v'("C:\Gowin\Gowin_V1.9.9_x64\IDE\ipcore\SDRC_EMB\data\GENERAL\top_defines.v":55)
Back to file 'C:\Gowin\Gowin_V1.9.9_x64\IDE\ipcore\SDRC_EMB\data\GENERAL\sdrc_control_fsm.v'("C:\Gowin\Gowin_V1.9.9_x64\IDE\ipcore\SDRC_EMB\data\GENERAL\sdrc_control_fsm.v":554)
Analyzing Verilog file 'C:\Gowin\Gowin_V1.9.9_x64\IDE\ipcore\SDRC_EMB\data\GENERAL\sdrc_user_interface.v'
Analyzing included file 'C:\Gowin\Gowin_V1.9.9_x64\IDE\ipcore\SDRC_EMB\data\GENERAL\top_defines.v'("C:\Gowin\Gowin_V1.9.9_x64\IDE\ipcore\SDRC_EMB\data\GENERAL\sdrc_user_interface.v":268)
Analyzing included file 'sdrc_defines.v'("C:\Gowin\Gowin_V1.9.9_x64\IDE\ipcore\SDRC_EMB\data\GENERAL\top_defines.v":55)
Back to file 'C:\Gowin\Gowin_V1.9.9_x64\IDE\ipcore\SDRC_EMB\data\GENERAL\top_defines.v'("C:\Gowin\Gowin_V1.9.9_x64\IDE\ipcore\SDRC_EMB\data\GENERAL\top_defines.v":55)
Back to file 'C:\Gowin\Gowin_V1.9.9_x64\IDE\ipcore\SDRC_EMB\data\GENERAL\sdrc_user_interface.v'("C:\Gowin\Gowin_V1.9.9_x64\IDE\ipcore\SDRC_EMB\data\GENERAL\sdrc_user_interface.v":268)
Analyzing Verilog file 'C:\Gowin\Gowin_V1.9.9_x64\IDE\ipcore\SDRC_EMB\data\GENERAL\sdrc_autorefresh.v'
Analyzing included file 'C:\Gowin\Gowin_V1.9.9_x64\IDE\ipcore\SDRC_EMB\data\GENERAL\top_defines.v'("C:\Gowin\Gowin_V1.9.9_x64\IDE\ipcore\SDRC_EMB\data\GENERAL\sdrc_autorefresh.v":70)
Analyzing included file 'sdrc_defines.v'("C:\Gowin\Gowin_V1.9.9_x64\IDE\ipcore\SDRC_EMB\data\GENERAL\top_defines.v":55)
Back to file 'C:\Gowin\Gowin_V1.9.9_x64\IDE\ipcore\SDRC_EMB\data\GENERAL\top_defines.v'("C:\Gowin\Gowin_V1.9.9_x64\IDE\ipcore\SDRC_EMB\data\GENERAL\top_defines.v":55)
Back to file 'C:\Gowin\Gowin_V1.9.9_x64\IDE\ipcore\SDRC_EMB\data\GENERAL\sdrc_autorefresh.v'("C:\Gowin\Gowin_V1.9.9_x64\IDE\ipcore\SDRC_EMB\data\GENERAL\sdrc_autorefresh.v":70)
Analyzing Verilog file 'C:\Gowin\Gowin_V1.9.9_x64\IDE\ipcore\SDRC_EMB\data\GENERAL\sdrc_top.v'
Analyzing included file 'C:\Gowin\Gowin_V1.9.9_x64\IDE\ipcore\SDRC_EMB\data\GENERAL\top_defines.v'("C:\Gowin\Gowin_V1.9.9_x64\IDE\ipcore\SDRC_EMB\data\GENERAL\sdrc_top.v":236)
Analyzing included file 'sdrc_defines.v'("C:\Gowin\Gowin_V1.9.9_x64\IDE\ipcore\SDRC_EMB\data\GENERAL\top_defines.v":55)
Back to file 'C:\Gowin\Gowin_V1.9.9_x64\IDE\ipcore\SDRC_EMB\data\GENERAL\top_defines.v'("C:\Gowin\Gowin_V1.9.9_x64\IDE\ipcore\SDRC_EMB\data\GENERAL\top_defines.v":55)
Back to file 'C:\Gowin\Gowin_V1.9.9_x64\IDE\ipcore\SDRC_EMB\data\GENERAL\sdrc_top.v'("C:\Gowin\Gowin_V1.9.9_x64\IDE\ipcore\SDRC_EMB\data\GENERAL\sdrc_top.v":236)
Analyzing Verilog file 'C:\Gowin\Gowin_V1.9.9_x64\IDE\ipcore\SDRC_EMB\data\GENERAL\top_defines.v'
Analyzing included file 'sdrc_defines.v'("C:\Gowin\Gowin_V1.9.9_x64\IDE\ipcore\SDRC_EMB\data\GENERAL\top_defines.v":55)
Back to file 'C:\Gowin\Gowin_V1.9.9_x64\IDE\ipcore\SDRC_EMB\data\GENERAL\top_defines.v'("C:\Gowin\Gowin_V1.9.9_x64\IDE\ipcore\SDRC_EMB\data\GENERAL\top_defines.v":55)
Compiling module 'SDRAM_controller_top_SIP'("C:\Gowin\Gowin_V1.9.9_x64\IDE\ipcore\SDRC_EMB\data\GENERAL\SDRAM_controller_top_SIP.v":4)
Compiling module '**'("C:\Gowin\Gowin_V1.9.9_x64\IDE\ipcore\SDRC_EMB\data\GENERAL\sdrc_top.v":0)
Compiling module '**'("C:\Gowin\Gowin_V1.9.9_x64\IDE\ipcore\SDRC_EMB\data\GENERAL\sdrc_control_fsm.v":0)
WARN  (EX3791) : Expression size ** truncated to fit in target size **("C:\Gowin\Gowin_V1.9.9_x64\IDE\ipcore\SDRC_EMB\data\GENERAL\sdrc_control_fsm.v":0)
Compiling module '**'("C:\Gowin\Gowin_V1.9.9_x64\IDE\ipcore\SDRC_EMB\data\GENERAL\sdrc_user_interface.v":0)
Extracting RAM for identifier '**'("C:\Gowin\Gowin_V1.9.9_x64\IDE\ipcore\SDRC_EMB\data\GENERAL\sdrc_user_interface.v":0)
WARN  (EX3791) : Expression size ** truncated to fit in target size **("C:\Gowin\Gowin_V1.9.9_x64\IDE\ipcore\SDRC_EMB\data\GENERAL\sdrc_user_interface.v":0)
Compiling module '**'("C:\Gowin\Gowin_V1.9.9_x64\IDE\ipcore\SDRC_EMB\data\GENERAL\sdrc_autorefresh.v":0)
WARN  (EX3791) : Expression size ** truncated to fit in target size **("C:\Gowin\Gowin_V1.9.9_x64\IDE\ipcore\SDRC_EMB\data\GENERAL\sdrc_autorefresh.v":0)
NOTE  (EX0101) : Current top module is "SDRAM_controller_top_SIP"
[5%] Running netlist conversion ...
Running device independent optimization ...
[10%] Optimizing Phase 0 completed
[15%] Optimizing Phase 1 completed
[25%] Optimizing Phase 2 completed
Running inference ...
[30%] Inferring Phase 0 completed
[40%] Inferring Phase 1 completed
[50%] Inferring Phase 2 completed
[55%] Inferring Phase 3 completed
Running technical mapping ...
[60%] Tech-Mapping Phase 0 completed
[65%] Tech-Mapping Phase 1 completed
[75%] Tech-Mapping Phase 2 completed
[80%] Tech-Mapping Phase 3 completed
[90%] Tech-Mapping Phase 4 completed
[95%] Generate netlist file "D:\github\HRA_product\TangCartMSX\RTL\Tang20kcartMSX\src\SDRAM_controller_top_SIP\temp\SDRC_EMBEDDED\SDRAM_controller_top_SIP.vg" completed
Generate template file "D:\github\HRA_product\TangCartMSX\RTL\Tang20kcartMSX\src\SDRAM_controller_top_SIP\temp\SDRC_EMBEDDED\SDRAM_controller_top_SIP_tmp.v" completed
[100%] Generate report file "D:\github\HRA_product\TangCartMSX\RTL\Tang20kcartMSX\src\SDRAM_controller_top_SIP\temp\SDRC_EMBEDDED\SDRAM_controller_top_SIP_syn.rpt.html" completed
GowinSynthesis finish
