GowinSynthesis start
Running parser ...
Analyzing Verilog file 'D:\github\HRA_product\TangCartMSX\RTL\tangprimer20k_step3\src\ddr3_memory_interface\ddr3_memory_interface.v'
Analyzing Verilog file 'D:\github\HRA_product\TangCartMSX\RTL\tangprimer20k_step3\src\gowin_rpll\gowin_rpll.v'
Analyzing Verilog file 'D:\github\HRA_product\TangCartMSX\RTL\tangprimer20k_step3\src\sdram\ip_sdram_tangprimer20k.v'
Analyzing Verilog file 'D:\github\HRA_product\TangCartMSX\RTL\tangprimer20k_step3\src\tangprimer20k_step3.v'
Analyzing Verilog file 'D:\github\HRA_product\TangCartMSX\RTL\tangprimer20k_step3\src\test_controller\test_controller.v'
Analyzing Verilog file 'D:\github\HRA_product\TangCartMSX\RTL\tangprimer20k_step3\src\uart\ip_uart.v'
Analyzing Verilog file 'D:\github\HRA_product\TangCartMSX\RTL\tangprimer20k_step3\src\uart\ip_uart_inst.v'
Compiling module 'tangprimer20k_step3'("D:\github\HRA_product\TangCartMSX\RTL\tangprimer20k_step3\src\tangprimer20k_step3.v":24)
Compiling module 'Gowin_rPLL'("D:\github\HRA_product\TangCartMSX\RTL\tangprimer20k_step3\src\gowin_rpll\gowin_rpll.v":10)
Compiling module 'test_controller'("D:\github\HRA_product\TangCartMSX\RTL\tangprimer20k_step3\src\test_controller\test_controller.v":27)
Extracting RAM for identifier 'rom_data'("D:\github\HRA_product\TangCartMSX\RTL\tangprimer20k_step3\src\test_controller\test_controller.v":140)
Compiling module 'ip_uart_inst(clk_freq=74250000)'("D:\github\HRA_product\TangCartMSX\RTL\tangprimer20k_step3\src\uart\ip_uart_inst.v":27)
Compiling module 'ip_uart(clk_freq=74250000)'("D:\github\HRA_product\TangCartMSX\RTL\tangprimer20k_step3\src\uart\ip_uart.v":27)
WARN  (EX3791) : Expression size 32 truncated to fit in target size 12("D:\github\HRA_product\TangCartMSX\RTL\tangprimer20k_step3\src\uart\ip_uart.v":68)
Compiling module 'ip_sdram'("D:\github\HRA_product\TangCartMSX\RTL\tangprimer20k_step3\src\sdram\ip_sdram_tangprimer20k.v":57)
Compiling module 'DDR3_Memory_Interface_Top'("D:\github\HRA_product\TangCartMSX\RTL\tangprimer20k_step3\src\ddr3_memory_interface\ddr3_memory_interface.v":16733)
Compiling module '**'("D:\github\HRA_product\TangCartMSX\RTL\tangprimer20k_step3\src\ddr3_memory_interface\ddr3_memory_interface.v":16732)
NOTE  (EX0101) : Current top module is "tangprimer20k_step3"
[5%] Running netlist conversion ...
Running device independent optimization ...
[10%] Optimizing Phase 0 completed
[15%] Optimizing Phase 1 completed
[25%] Optimizing Phase 2 completed
Running inference ...
[30%] Inferring Phase 0 completed
[40%] Inferring Phase 1 completed
[50%] Inferring Phase 2 completed
[55%] Inferring Phase 3 completed
Running technical mapping ...
[60%] Tech-Mapping Phase 0 completed
[65%] Tech-Mapping Phase 1 completed
[75%] Tech-Mapping Phase 2 completed
[80%] Tech-Mapping Phase 3 completed
[90%] Tech-Mapping Phase 4 completed
[95%] Generate netlist file "D:\github\HRA_product\TangCartMSX\RTL\tangprimer20k_step3\impl\gwsynthesis\tangprimer20k_step3.vg" completed
[100%] Generate report file "D:\github\HRA_product\TangCartMSX\RTL\tangprimer20k_step3\impl\gwsynthesis\tangprimer20k_step3_syn.rpt.html" completed
GowinSynthesis finish
