Z80 Macro Assembler ZMA v1.0.18
=====================================================
Programmed by t.hara

  DEFS is DEFINE STRING (default).
  OUTPUT TYPE: BINARY

<< code >>
LINE# |OFFSET|ADDR|MNEMONIC
======+======+====+==================================
     7|      |    |ENASLT := 0x0024
      |      |    |  Global integer symbol [ENASLT] = 36 (0x24)
------+------+----+----------------------------------
     8|      |    |BANK0REG := 0x6000
      |      |    |  Global integer symbol [BANK0REG] = 24576 (0x6000)
------+------+----+----------------------------------
     9|      |    |BANK1REG := 0x6800
      |      |    |  Global integer symbol [BANK1REG] = 26624 (0x6800)
------+------+----+----------------------------------
    10|      |    |BANK2REG := 0x7000
      |      |    |  Global integer symbol [BANK2REG] = 28672 (0x7000)
------+------+----+----------------------------------
    11|      |    |BANK3REG := 0x7800
      |      |    |  Global integer symbol [BANK3REG] = 30720 (0x7800)
------+------+----+----------------------------------
    13|      |    |ORG 0x4000
------+------+----+----------------------------------
    15|      |    |DB "AB"
      |000000|4000|  41 42
------+------+----+----------------------------------
    16|      |    |DW ENTRY
      |000002|4002|  13 40
------+------+----+----------------------------------
    17|      |    |DW 0x0000
      |000004|4004|  00 00
------+------+----+----------------------------------
    18|      |    |DW 0x0000
      |000006|4006|  00 00
------+------+----+----------------------------------
    19|      |    |DW 0x0000
      |000008|4008|  00 00
------+------+----+----------------------------------
    20|      |    |DW 0x0000
      |00000A|400A|  00 00
------+------+----+----------------------------------
    21|      |    |DW 0x0000
      |00000C|400C|  00 00
------+------+----+----------------------------------
    22|      |    |DW 0x0000
      |00000E|400E|  00 00
------+------+----+----------------------------------
    24|      |    |JP ENTRY
      |      |    |  Z80:11cyc R800:5cyc
      |000010|4010|  C3 13 40
------+------+----+----------------------------------
    25|      |    |ENTRY :
      |      |    |  label [ENTRY] address: 0x004013
------+------+----+----------------------------------
    26|      |    |LD HL, MSG_TITLE
      |      |    |  Z80:11cyc R800:3cyc
      |000013|4013|  21 A9 40
------+------+----+----------------------------------
    27|      |    |CALL PUTS
      |      |    |  Z80:18cyc R800:5cyc
      |000016|4016|  CD CA 40
------+------+----+----------------------------------
    29|      |    |LD A, 29
      |      |    |  Z80:8cyc R800:2cyc
      |000019|4019|  3E 1D
------+------+----+----------------------------------
    30|      |    |CALL PUT_NUM
      |      |    |  Z80:18cyc R800:5cyc
      |00001B|401B|  CD 80 40
------+------+----+----------------------------------
    33|      |    |LD A, 0x01
      |      |    |  Z80:8cyc R800:2cyc
      |00001E|401E|  3E 01
------+------+----+----------------------------------
    34|      |    |LD H, 0x80
      |      |    |  Z80:8cyc R800:2cyc
      |000020|4020|  26 80
------+------+----+----------------------------------
    35|      |    |CALL ENASLT
      |      |    |  Z80:18cyc R800:5cyc
      |000022|4022|  CD 24 00
------+------+----+----------------------------------
    37|      |    |LD A, 37
      |      |    |  Z80:8cyc R800:2cyc
      |000025|4025|  3E 25
------+------+----+----------------------------------
    38|      |    |CALL PUT_NUM
      |      |    |  Z80:18cyc R800:5cyc
      |000027|4027|  CD 80 40
------+------+----+----------------------------------
    40|      |    |LD A, 1
      |      |    |  Z80:8cyc R800:2cyc
      |00002A|402A|  3E 01
------+------+----+----------------------------------
    41|      |    |LD [ BANK1REG ], A
      |      |    |  Z80:14cyc R800:6cyc
      |00002C|402C|  32 00 68
------+------+----+----------------------------------
    43|      |    |LD A, 43
      |      |    |  Z80:8cyc R800:2cyc
      |00002F|402F|  3E 2B
------+------+----+----------------------------------
    44|      |    |CALL PUT_NUM
      |      |    |  Z80:18cyc R800:5cyc
      |000031|4031|  CD 80 40
------+------+----+----------------------------------
    46|      |    |LD A, 2
      |      |    |  Z80:8cyc R800:2cyc
      |000034|4034|  3E 02
------+------+----+----------------------------------
    47|      |    |LD [ BANK2REG ], A
      |      |    |  Z80:14cyc R800:6cyc
      |000036|4036|  32 00 70
------+------+----+----------------------------------
    49|      |    |LD A, 49
      |      |    |  Z80:8cyc R800:2cyc
      |000039|4039|  3E 31
------+------+----+----------------------------------
    50|      |    |CALL PUT_NUM
      |      |    |  Z80:18cyc R800:5cyc
      |00003B|403B|  CD 80 40
------+------+----+----------------------------------
    52|      |    |LD A, 3
      |      |    |  Z80:8cyc R800:2cyc
      |00003E|403E|  3E 03
------+------+----+----------------------------------
    53|      |    |LD [ BANK3REG ], A
      |      |    |  Z80:14cyc R800:6cyc
      |000040|4040|  32 00 78
------+------+----+----------------------------------
    55|      |    |LD A, 55
      |      |    |  Z80:8cyc R800:2cyc
      |000043|4043|  3E 37
------+------+----+----------------------------------
    56|      |    |CALL PUT_NUM
      |      |    |  Z80:18cyc R800:5cyc
      |000045|4045|  CD 80 40
------+------+----+----------------------------------
    58|      |    |LD A, [ 0x6000 + 4 ]
      |      |    |  Z80:14cyc R800:6cyc
      |000048|4048|  3A 04 60
------+------+----+----------------------------------
    59|      |    |CP A, '1'
      |      |    |  Z80:8cyc R800:2cyc
      |00004B|404B|  FE 31
------+------+----+----------------------------------
    60|      |    |CALL PUT_OK_OR_NG
      |      |    |  Z80:18cyc R800:5cyc
      |00004D|404D|  CD 75 40
------+------+----+----------------------------------
    61|      |    |LD A, [ 0x8000 + 4 ]
      |      |    |  Z80:14cyc R800:6cyc
      |000050|4050|  3A 04 80
------+------+----+----------------------------------
    62|      |    |CP A, '2'
      |      |    |  Z80:8cyc R800:2cyc
      |000053|4053|  FE 32
------+------+----+----------------------------------
    63|      |    |CALL PUT_OK_OR_NG
      |      |    |  Z80:18cyc R800:5cyc
      |000055|4055|  CD 75 40
------+------+----+----------------------------------
    64|      |    |LD A, [ 0xA000 + 4 ]
      |      |    |  Z80:14cyc R800:6cyc
      |000058|4058|  3A 04 A0
------+------+----+----------------------------------
    65|      |    |CP A, '3'
      |      |    |  Z80:8cyc R800:2cyc
      |00005B|405B|  FE 33
------+------+----+----------------------------------
    66|      |    |CALL PUT_OK_OR_NG
      |      |    |  Z80:18cyc R800:5cyc
      |00005D|405D|  CD 75 40
------+------+----+----------------------------------
    68|      |    |LD HL, 0x6000
      |      |    |  Z80:11cyc R800:3cyc
      |000060|4060|  21 00 60
------+------+----+----------------------------------
    69|      |    |CALL PUTS
      |      |    |  Z80:18cyc R800:5cyc
      |000063|4063|  CD CA 40
------+------+----+----------------------------------
    70|      |    |LD HL, 0x8000
      |      |    |  Z80:11cyc R800:3cyc
      |000066|4066|  21 00 80
------+------+----+----------------------------------
    71|      |    |CALL PUTS
      |      |    |  Z80:18cyc R800:5cyc
      |000069|4069|  CD CA 40
------+------+----+----------------------------------
    72|      |    |LD HL, 0xA000
      |      |    |  Z80:11cyc R800:3cyc
      |00006C|406C|  21 00 A0
------+------+----+----------------------------------
    73|      |    |CALL PUTS
      |      |    |  Z80:18cyc R800:5cyc
      |00006F|406F|  CD CA 40
------+------+----+----------------------------------
    74|      |    |LOOP :
      |      |    |  label [LOOP] address: 0x004072
------+------+----+----------------------------------
    75|      |    |JP LOOP
      |      |    |  Z80:11cyc R800:5cyc
      |000072|4072|  C3 72 40
------+------+----+----------------------------------
    78|      |    |SCOPE PUT_OK_OR_NG
      |      |    |  Enter scope: PUT_OK_OR_NG:
------+------+----+----------------------------------
    79|      |    |PUT_OK_OR_NG ::
      |      |    |  global label [PUT_OK_OR_NG] address: 0x004075
------+------+----+----------------------------------
    80|      |    |LD HL, MSG_OK
      |      |    |  Z80:11cyc R800:3cyc
      |000075|4075|  21 C0 40
------+------+----+----------------------------------
    81|      |    |JR Z, SKIP
      |      |    |  Z80:13cyc/8cyc R800:3cyc/2cyc
      |000078|4078|  28 03
------+------+----+----------------------------------
    82|      |    |LD HL, MSG_NG
      |      |    |  Z80:11cyc R800:3cyc
      |00007A|407A|  21 C5 40
------+------+----+----------------------------------
    83|      |    |SKIP :
      |      |    |  label [PUT_OK_OR_NG:SKIP] address: 0x00407d
------+------+----+----------------------------------
    84|      |    |JP PUTS
      |      |    |  Z80:11cyc R800:5cyc
      |00007D|407D|  C3 CA 40
------+------+----+----------------------------------
    85|      |    |ENDSCOPE
      |      |    |  Exit scope: PUT_OK_OR_NG:
------+------+----+----------------------------------
    88|      |    |SCOPE PUT_NUM
      |      |    |  Enter scope: PUT_NUM:
------+------+----+----------------------------------
    89|      |    |PUT_NUM ::
      |      |    |  global label [PUT_NUM] address: 0x004080
------+------+----+----------------------------------
    90|      |    |LD B, 0
      |      |    |  Z80:8cyc R800:2cyc
      |000080|4080|  06 00
------+------+----+----------------------------------
    91|      |    |LOOP_100 :
      |      |    |  label [PUT_NUM:LOOP_100] address: 0x004082
------+------+----+----------------------------------
    92|      |    |SUB A, 100
      |      |    |  Z80:8cyc R800:2cyc
      |000082|4082|  D6 64
------+------+----+----------------------------------
    93|      |    |JR C, EXIT_100
      |      |    |  Z80:13cyc/8cyc R800:3cyc/2cyc
      |000084|4084|  38 03
------+------+----+----------------------------------
    94|      |    |INC B
      |      |    |  Z80:5cyc R800:1cyc
      |000086|4086|  04
------+------+----+----------------------------------
    95|      |    |JR LOOP_100
      |      |    |  Z80:13cyc R800:3cyc
      |000087|4087|  18 F9
------+------+----+----------------------------------
    96|      |    |EXIT_100 :
      |      |    |  label [PUT_NUM:EXIT_100] address: 0x004089
------+------+----+----------------------------------
    97|      |    |ADD A, 100
      |      |    |  Z80:8cyc R800:2cyc
      |000089|4089|  C6 64
------+------+----+----------------------------------
    98|      |    |PUSH AF
      |      |    |  Z80:12cyc R800:6cyc
      |00008B|408B|  F5
------+------+----+----------------------------------
    99|      |    |LD A, B
      |      |    |  Z80:5cyc R800:2cyc
      |00008C|408C|  78
------+------+----+----------------------------------
   100|      |    |ADD A, '0'
      |      |    |  Z80:8cyc R800:2cyc
      |00008D|408D|  C6 30
------+------+----+----------------------------------
   101|      |    |RST 0x18
      |      |    |  Z80:12cyc R800:6cyc/7cyc
      |00008F|408F|  DF
------+------+----+----------------------------------
   103|      |    |POP AF
      |      |    |  Z80:11cyc R800:5cyc
      |000090|4090|  F1
------+------+----+----------------------------------
   104|      |    |LD B, 0
      |      |    |  Z80:8cyc R800:2cyc
      |000091|4091|  06 00
------+------+----+----------------------------------
   105|      |    |LOOP_10 :
      |      |    |  label [PUT_NUM:LOOP_10] address: 0x004093
------+------+----+----------------------------------
   106|      |    |SUB A, 10
      |      |    |  Z80:8cyc R800:2cyc
      |000093|4093|  D6 0A
------+------+----+----------------------------------
   107|      |    |JR C, EXIT_10
      |      |    |  Z80:13cyc/8cyc R800:3cyc/2cyc
      |000095|4095|  38 03
------+------+----+----------------------------------
   108|      |    |INC B
      |      |    |  Z80:5cyc R800:1cyc
      |000097|4097|  04
------+------+----+----------------------------------
   109|      |    |JR LOOP_10
      |      |    |  Z80:13cyc R800:3cyc
      |000098|4098|  18 F9
------+------+----+----------------------------------
   110|      |    |EXIT_10 :
      |      |    |  label [PUT_NUM:EXIT_10] address: 0x00409a
------+------+----+----------------------------------
   111|      |    |ADD A, 10
      |      |    |  Z80:8cyc R800:2cyc
      |00009A|409A|  C6 0A
------+------+----+----------------------------------
   112|      |    |PUSH AF
      |      |    |  Z80:12cyc R800:6cyc
      |00009C|409C|  F5
------+------+----+----------------------------------
   113|      |    |LD A, B
      |      |    |  Z80:5cyc R800:2cyc
      |00009D|409D|  78
------+------+----+----------------------------------
   114|      |    |ADD A, '0'
      |      |    |  Z80:8cyc R800:2cyc
      |00009E|409E|  C6 30
------+------+----+----------------------------------
   115|      |    |RST 0x18
      |      |    |  Z80:12cyc R800:6cyc/7cyc
      |0000A0|40A0|  DF
------+------+----+----------------------------------
   117|      |    |POP AF
      |      |    |  Z80:11cyc R800:5cyc
      |0000A1|40A1|  F1
------+------+----+----------------------------------
   118|      |    |ADD A, '0'
      |      |    |  Z80:8cyc R800:2cyc
      |0000A2|40A2|  C6 30
------+------+----+----------------------------------
   119|      |    |RST 0x18
      |      |    |  Z80:12cyc R800:6cyc/7cyc
      |0000A4|40A4|  DF
------+------+----+----------------------------------
   121|      |    |LD A, ' '
      |      |    |  Z80:8cyc R800:2cyc
      |0000A5|40A5|  3E 20
------+------+----+----------------------------------
   122|      |    |RST 0x18
      |      |    |  Z80:12cyc R800:6cyc/7cyc
      |0000A7|40A7|  DF
------+------+----+----------------------------------
   123|      |    |RET
      |      |    |  Z80:11cyc R800:5cyc
      |0000A8|40A8|  C9
------+------+----+----------------------------------
   124|      |    |ENDSCOPE
      |      |    |  Exit scope: PUT_NUM:
------+------+----+----------------------------------
   127|      |    |MSG_TITLE ::
      |      |    |  global label [MSG_TITLE] address: 0x0040a9
------+------+----+----------------------------------
   128|      |    |DB "MegaROM ASC8 Checker", 0x0D, 0x0A, 0
      |0000A9|40A9|  4D 65 67 61 52 4F 4D 20
      |0000B1|40B1|  41 53 43 38 20 43 68 65
      |0000B9|40B9|  63 6B 65 72 0D 0A 00
------+------+----+----------------------------------
   129|      |    |MSG_OK ::
      |      |    |  global label [MSG_OK] address: 0x0040c0
------+------+----+----------------------------------
   130|      |    |DB "OK", 0x0D, 0x0A, 0
      |0000C0|40C0|  4F 4B 0D 0A 00
------+------+----+----------------------------------
   131|      |    |MSG_NG ::
      |      |    |  global label [MSG_NG] address: 0x0040c5
------+------+----+----------------------------------
   132|      |    |DB "NG", 0x0D, 0x0A, 0
      |0000C5|40C5|  4E 47 0D 0A 00
------+------+----+----------------------------------
   139|      |    |SCOPE PUTS
      |      |    |  Enter scope: PUTS:
------+------+----+----------------------------------
   140|      |    |PUTS ::
      |      |    |  global label [PUTS] address: 0x0040ca
------+------+----+----------------------------------
   141|      |    |LD A, [ HL ]
      |      |    |  Z80:8cyc R800:4cyc
      |0000CA|40CA|  7E
------+------+----+----------------------------------
   142|      |    |OR A, A
      |      |    |  Z80:5cyc R800:1cyc
      |0000CB|40CB|  B7
------+------+----+----------------------------------
   143|      |    |RET Z
      |      |    |  Z80:12cyc/6cyc R800:5cyc/1cyc
      |0000CC|40CC|  C8
------+------+----+----------------------------------
   144|      |    |RST 0x18
      |      |    |  Z80:12cyc R800:6cyc/7cyc
      |0000CD|40CD|  DF
------+------+----+----------------------------------
   145|      |    |INC HL
      |      |    |  Z80:7cyc R800:1cyc
      |0000CE|40CE|  23
------+------+----+----------------------------------
   146|      |    |JR PUTS
      |      |    |  Z80:13cyc R800:3cyc
      |0000CF|40CF|  18 F9
------+------+----+----------------------------------
   147|      |    |ENDSCOPE
      |      |    |  Exit scope: PUTS:
------+------+----+----------------------------------
   149|      |    |ALIGN 8192
      |      |    |  Padding: 7983byte(s)
------+------+----+----------------------------------
   150|      |    |DB "BANK1", 0x0D, 0x0A, 0
      |002000|6000|  42 41 4E 4B 31 0D 0A 00
------+------+----+----------------------------------
   152|      |    |ALIGN 8192
      |      |    |  Padding: 8184byte(s)
------+------+----+----------------------------------
   153|      |    |DB "BANK2", 0x0D, 0x0A, 0
      |004000|8000|  42 41 4E 4B 32 0D 0A 00
------+------+----+----------------------------------
   155|      |    |ALIGN 8192
      |      |    |  Padding: 8184byte(s)
------+------+----+----------------------------------
   156|      |    |DB "BANK3", 0x0D, 0x0A, 0
      |006000|A000|  42 41 4E 4B 33 0D 0A 00
------+------+----+----------------------------------
   158|      |    |ALIGN 8192
      |      |    |  Padding: 8184byte(s)
------+------+----+----------------------------------
   159|      |    |DB "BANK4", 0x0D, 0x0A, 0
      |008000|C000|  42 41 4E 4B 34 0D 0A 00
------+------+----+----------------------------------
   161|      |    |ALIGN 8192
      |      |    |  Padding: 8184byte(s)
------+------+----+----------------------------------
   162|      |    |DB "BANK5", 0x0D, 0x0A, 0
      |00A000|E000|  42 41 4E 4B 35 0D 0A 00
------+------+----+----------------------------------
   164|      |    |ALIGN 8192
      |      |    |  Padding: 8184byte(s)
------+------+----+----------------------------------
   165|      |    |DB "BANK6", 0x0D, 0x0A, 0
      |00C000|10000|  42 41 4E 4B 36 0D 0A 00
------+------+----+----------------------------------
   167|      |    |ALIGN 8192
      |      |    |  Padding: 8184byte(s)
------+------+----+----------------------------------
   168|      |    |DB "BANK7", 0x0D, 0x0A, 0
      |00E000|12000|  42 41 4E 4B 37 0D 0A 00
------+------+----+----------------------------------
<< label >>
BANK0REG ............ 24576 ( 0x6000 )
BANK1REG ............ 26624 ( 0x6800 )
BANK2REG ............ 28672 ( 0x7000 )
BANK3REG ............ 30720 ( 0x7800 )
ENASLT .............. 36 ( 0x24 )
ENTRY ............... 16403 ( 0x4013 )
LOOP ................ 16498 ( 0x4072 )
MSG_NG .............. 16581 ( 0x40c5 )
MSG_OK .............. 16576 ( 0x40c0 )
MSG_TITLE ........... 16553 ( 0x40a9 )
PUTS ................ 16586 ( 0x40ca )
PUT_NUM ............. 16512 ( 0x4080 )
PUT_NUM:EXIT_10 ..... 16538 ( 0x409a )
PUT_NUM:EXIT_100 .... 16521 ( 0x4089 )
PUT_NUM:LOOP_10 ..... 16531 ( 0x4093 )
PUT_NUM:LOOP_100 .... 16514 ( 0x4082 )
PUT_OK_OR_NG ........ 16501 ( 0x4075 )
PUT_OK_OR_NG:SKIP ... 16509 ( 0x407d )
