GowinSynthesis start
Running parser ...
Analyzing Verilog file 'D:\github\HRA_product\TangCartMSX\RTL\tangnano20k_vdp_cartridge_step5\src\gowin_clkdiv\gowin_clkdiv.v'
Analyzing Verilog file 'D:\github\HRA_product\TangCartMSX\RTL\tangnano20k_vdp_cartridge_step5\src\gowin_rpll\gowin_rpll.v'
Analyzing Verilog file 'D:\github\HRA_product\TangCartMSX\RTL\tangnano20k_vdp_cartridge_step5\src\gowin_rpll2\gowin_rpll2.v'
Analyzing Verilog file 'D:\github\HRA_product\TangCartMSX\RTL\tangnano20k_vdp_cartridge_step5\src\gpio\ip_gpio.v'
Analyzing Verilog file 'D:\github\HRA_product\TangCartMSX\RTL\tangnano20k_vdp_cartridge_step5\src\msx_slot\msx_slot.v'
Analyzing Verilog file 'D:\github\HRA_product\TangCartMSX\RTL\tangnano20k_vdp_cartridge_step5\src\tangnano20k_vdp_cartridge.v'
Undeclared symbol 'slot_int', assumed default net type 'wire'("D:\github\HRA_product\TangCartMSX\RTL\tangnano20k_vdp_cartridge_step5\src\tangnano20k_vdp_cartridge.v":144)
Analyzing Verilog file 'D:\github\HRA_product\TangCartMSX\RTL\tangnano20k_vdp_cartridge_step5\src\ws2812_led\ip_ws2812_led.v'
Analyzing Verilog file 'D:\github\HRA_product\TangCartMSX\RTL\tangnano20k_vdp_cartridge_step5\src\dvi_tx\dvi_tx.v'
Analyzing Verilog file 'D:\github\HRA_product\TangCartMSX\RTL\tangnano20k_vdp_cartridge_step5\src\v9918\vdp.v'
Analyzing Verilog file 'D:\github\HRA_product\TangCartMSX\RTL\tangnano20k_vdp_cartridge_step5\src\v9918\vdp_color_bus.v'
Analyzing Verilog file 'D:\github\HRA_product\TangCartMSX\RTL\tangnano20k_vdp_cartridge_step5\src\v9918\vdp_color_decoder.v'
Analyzing Verilog file 'D:\github\HRA_product\TangCartMSX\RTL\tangnano20k_vdp_cartridge_step5\src\v9918\vdp_graphic123m.v'
Analyzing Verilog file 'D:\github\HRA_product\TangCartMSX\RTL\tangnano20k_vdp_cartridge_step5\src\v9918\vdp_inst.v'
Undeclared symbol 'p_video_dh_clk', assumed default net type 'wire'("D:\github\HRA_product\TangCartMSX\RTL\tangnano20k_vdp_cartridge_step5\src\v9918\vdp_inst.v":207)
Undeclared symbol 'p_video_dl_clk', assumed default net type 'wire'("D:\github\HRA_product\TangCartMSX\RTL\tangnano20k_vdp_cartridge_step5\src\v9918\vdp_inst.v":208)
Analyzing Verilog file 'D:\github\HRA_product\TangCartMSX\RTL\tangnano20k_vdp_cartridge_step5\src\v9918\vdp_interrupt.v'
Analyzing Verilog file 'D:\github\HRA_product\TangCartMSX\RTL\tangnano20k_vdp_cartridge_step5\src\v9918\vdp_ram_256byte.v'
Analyzing Verilog file 'D:\github\HRA_product\TangCartMSX\RTL\tangnano20k_vdp_cartridge_step5\src\v9918\vdp_register.v'
Analyzing Verilog file 'D:\github\HRA_product\TangCartMSX\RTL\tangnano20k_vdp_cartridge_step5\src\v9918\vdp_spinforam.v'
Analyzing Verilog file 'D:\github\HRA_product\TangCartMSX\RTL\tangnano20k_vdp_cartridge_step5\src\v9918\vdp_sprite.v'
Analyzing Verilog file 'D:\github\HRA_product\TangCartMSX\RTL\tangnano20k_vdp_cartridge_step5\src\v9918\vdp_ssg.v'
Analyzing Verilog file 'D:\github\HRA_product\TangCartMSX\RTL\tangnano20k_vdp_cartridge_step5\src\v9918\vdp_text12.v'
Analyzing Verilog file 'D:\github\HRA_product\TangCartMSX\RTL\tangnano20k_vdp_cartridge_step5\src\v9918\vdp_wait_control.v'
Analyzing Verilog file 'D:\github\HRA_product\TangCartMSX\RTL\tangnano20k_vdp_cartridge_step5\src\ram\ip_ram.v'
Analyzing Verilog file 'D:\github\HRA_product\TangCartMSX\RTL\tangnano20k_vdp_cartridge_step5\src\video_out\video_double_buffer.v'
Analyzing Verilog file 'D:\github\HRA_product\TangCartMSX\RTL\tangnano20k_vdp_cartridge_step5\src\video_out\video_out.v'
Analyzing Verilog file 'D:\github\HRA_product\TangCartMSX\RTL\tangnano20k_vdp_cartridge_step5\src\video_out\video_out_bilinear.v'
Analyzing Verilog file 'D:\github\HRA_product\TangCartMSX\RTL\tangnano20k_vdp_cartridge_step5\src\video_out\video_out_hmag.v'
Analyzing Verilog file 'D:\github\HRA_product\TangCartMSX\RTL\tangnano20k_vdp_cartridge_step5\src\video_out\video_out_sigmoid.v'
Analyzing Verilog file 'D:\github\HRA_product\TangCartMSX\RTL\tangnano20k_vdp_cartridge_step5\src\video_out\video_ram_line_buffer.v'
Compiling module 'tangnano20k_vdp_cartridge'("D:\github\HRA_product\TangCartMSX\RTL\tangnano20k_vdp_cartridge_step5\src\tangnano20k_vdp_cartridge.v":24)
Compiling module 'Gowin_rPLL'("D:\github\HRA_product\TangCartMSX\RTL\tangnano20k_vdp_cartridge_step5\src\gowin_rpll\gowin_rpll.v":10)
Compiling module 'Gowin_rPLL2'("D:\github\HRA_product\TangCartMSX\RTL\tangnano20k_vdp_cartridge_step5\src\gowin_rpll2\gowin_rpll2.v":10)
Compiling module 'Gowin_CLKDIV'("D:\github\HRA_product\TangCartMSX\RTL\tangnano20k_vdp_cartridge_step5\src\gowin_clkdiv\gowin_clkdiv.v":10)
Compiling module 'msx_slot'("D:\github\HRA_product\TangCartMSX\RTL\tangnano20k_vdp_cartridge_step5\src\msx_slot\msx_slot.v":58)
Compiling module 'ip_gpio'("D:\github\HRA_product\TangCartMSX\RTL\tangnano20k_vdp_cartridge_step5\src\gpio\ip_gpio.v":57)
Compiling module 'ip_ws2812_led'("D:\github\HRA_product\TangCartMSX\RTL\tangnano20k_vdp_cartridge_step5\src\ws2812_led\ip_ws2812_led.v":57)
WARN  (EX3791) : Expression size 32 truncated to fit in target size 14("D:\github\HRA_product\TangCartMSX\RTL\tangnano20k_vdp_cartridge_step5\src\ws2812_led\ip_ws2812_led.v":155)
Compiling module 'vdp_inst'("D:\github\HRA_product\TangCartMSX\RTL\tangnano20k_vdp_cartridge_step5\src\v9918\vdp_inst.v":58)
Compiling module 'vdp'("D:\github\HRA_product\TangCartMSX\RTL\tangnano20k_vdp_cartridge_step5\src\v9918\vdp.v":58)
Compiling module 'vdp_color_bus'("D:\github\HRA_product\TangCartMSX\RTL\tangnano20k_vdp_cartridge_step5\src\v9918\vdp_color_bus.v":56)
Compiling module 'vdp_interrupt'("D:\github\HRA_product\TangCartMSX\RTL\tangnano20k_vdp_cartridge_step5\src\v9918\vdp_interrupt.v":57)
Compiling module 'vdp_ssg'("D:\github\HRA_product\TangCartMSX\RTL\tangnano20k_vdp_cartridge_step5\src\v9918\vdp_ssg.v":58)
WARN  (EX3791) : Expression size 12 truncated to fit in target size 11("D:\github\HRA_product\TangCartMSX\RTL\tangnano20k_vdp_cartridge_step5\src\v9918\vdp_ssg.v":146)
WARN  (EX3791) : Expression size 12 truncated to fit in target size 11("D:\github\HRA_product\TangCartMSX\RTL\tangnano20k_vdp_cartridge_step5\src\v9918\vdp_ssg.v":188)
WARN  (EX3791) : Expression size 4 truncated to fit in target size 3("D:\github\HRA_product\TangCartMSX\RTL\tangnano20k_vdp_cartridge_step5\src\v9918\vdp_ssg.v":340)
WARN  (EX3791) : Expression size 10 truncated to fit in target size 9("D:\github\HRA_product\TangCartMSX\RTL\tangnano20k_vdp_cartridge_step5\src\v9918\vdp_ssg.v":359)
WARN  (EX3791) : Expression size 10 truncated to fit in target size 9("D:\github\HRA_product\TangCartMSX\RTL\tangnano20k_vdp_cartridge_step5\src\v9918\vdp_ssg.v":379)
WARN  (EX3791) : Expression size 10 truncated to fit in target size 9("D:\github\HRA_product\TangCartMSX\RTL\tangnano20k_vdp_cartridge_step5\src\v9918\vdp_ssg.v":467)
Compiling module 'vdp_color_decoder'("D:\github\HRA_product\TangCartMSX\RTL\tangnano20k_vdp_cartridge_step5\src\v9918\vdp_color_decoder.v":56)
Compiling module 'vdp_text12'("D:\github\HRA_product\TangCartMSX\RTL\tangnano20k_vdp_cartridge_step5\src\v9918\vdp_text12.v":58)
WARN  (EX3791) : Expression size 3 truncated to fit in target size 2("D:\github\HRA_product\TangCartMSX\RTL\tangnano20k_vdp_cartridge_step5\src\v9918\vdp_text12.v":146)
WARN  (EX3791) : Expression size 4 truncated to fit in target size 3("D:\github\HRA_product\TangCartMSX\RTL\tangnano20k_vdp_cartridge_step5\src\v9918\vdp_text12.v":150)
WARN  (EX3791) : Expression size 8 truncated to fit in target size 7("D:\github\HRA_product\TangCartMSX\RTL\tangnano20k_vdp_cartridge_step5\src\v9918\vdp_text12.v":226)
Compiling module 'vdp_graphic123m'("D:\github\HRA_product\TangCartMSX\RTL\tangnano20k_vdp_cartridge_step5\src\v9918\vdp_graphic123m.v":62)
Compiling module 'vdp_sprite'("D:\github\HRA_product\TangCartMSX\RTL\tangnano20k_vdp_cartridge_step5\src\v9918\vdp_sprite.v":58)
Compiling module 'vdp_spinforam'("D:\github\HRA_product\TangCartMSX\RTL\tangnano20k_vdp_cartridge_step5\src\v9918\vdp_spinforam.v":58)
Extracting RAM for identifier 'ff_memory'("D:\github\HRA_product\TangCartMSX\RTL\tangnano20k_vdp_cartridge_step5\src\v9918\vdp_spinforam.v":66)
Compiling module 'vdp_ram_256byte'("D:\github\HRA_product\TangCartMSX\RTL\tangnano20k_vdp_cartridge_step5\src\v9918\vdp_ram_256byte.v":32)
Extracting RAM for identifier 'ff_block_ram'("D:\github\HRA_product\TangCartMSX\RTL\tangnano20k_vdp_cartridge_step5\src\v9918\vdp_ram_256byte.v":43)
WARN  (EX3791) : Expression size 10 truncated to fit in target size 9("D:\github\HRA_product\TangCartMSX\RTL\tangnano20k_vdp_cartridge_step5\src\v9918\vdp_sprite.v":780)
Compiling module 'vdp_register'("D:\github\HRA_product\TangCartMSX\RTL\tangnano20k_vdp_cartridge_step5\src\v9918\vdp_register.v":56)
Compiling module 'video_out'("D:\github\HRA_product\TangCartMSX\RTL\tangnano20k_vdp_cartridge_step5\src\video_out\video_out.v":60)
Compiling module 'video_out_hmag'("D:\github\HRA_product\TangCartMSX\RTL\tangnano20k_vdp_cartridge_step5\src\video_out\video_out_hmag.v":60)
WARN  (EX3791) : Expression size 32 truncated to fit in target size 10("D:\github\HRA_product\TangCartMSX\RTL\tangnano20k_vdp_cartridge_step5\src\video_out\video_out_hmag.v":112)
Compiling module 'video_out_sigmoid'("D:\github\HRA_product\TangCartMSX\RTL\tangnano20k_vdp_cartridge_step5\src\video_out\video_out_sigmoid.v":60)
Compiling module 'video_double_buffer'("D:\github\HRA_product\TangCartMSX\RTL\tangnano20k_vdp_cartridge_step5\src\video_out\video_double_buffer.v":58)
Compiling module 'video_ram_line_buffer'("D:\github\HRA_product\TangCartMSX\RTL\tangnano20k_vdp_cartridge_step5\src\video_out\video_ram_line_buffer.v":58)
Extracting RAM for identifier 'ff_imem'("D:\github\HRA_product\TangCartMSX\RTL\tangnano20k_vdp_cartridge_step5\src\video_out\video_ram_line_buffer.v":69)
Compiling module 'video_out_bilinear'("D:\github\HRA_product\TangCartMSX\RTL\tangnano20k_vdp_cartridge_step5\src\video_out\video_out_bilinear.v":60)
Compiling module 'DVI_TX_Top'("D:\github\HRA_product\TangCartMSX\RTL\tangnano20k_vdp_cartridge_step5\src\dvi_tx\dvi_tx.v":1072)
Compiling module '**'("D:\github\HRA_product\TangCartMSX\RTL\tangnano20k_vdp_cartridge_step5\src\dvi_tx\dvi_tx.v":1071)
Compiling module 'ip_ram'("D:\github\HRA_product\TangCartMSX\RTL\tangnano20k_vdp_cartridge_step5\src\ram\ip_ram.v":5)
Extracting RAM for identifier 'ff_ram'("D:\github\HRA_product\TangCartMSX\RTL\tangnano20k_vdp_cartridge_step5\src\ram\ip_ram.v":16)
NOTE  (EX0101) : Current top module is "tangnano20k_vdp_cartridge"
[5%] Running netlist conversion ...
WARN  (CV0016) : Input clk is unused("D:\github\HRA_product\TangCartMSX\RTL\tangnano20k_vdp_cartridge_step5\src\tangnano20k_vdp_cartridge.v":25)
WARN  (CV0016) : Input dipsw is unused("D:\github\HRA_product\TangCartMSX\RTL\tangnano20k_vdp_cartridge_step5\src\tangnano20k_vdp_cartridge.v":38)
WARN  (CV0016) : Input button is unused("D:\github\HRA_product\TangCartMSX\RTL\tangnano20k_vdp_cartridge_step5\src\tangnano20k_vdp_cartridge.v":40)
Running device independent optimization ...
[10%] Optimizing Phase 0 completed
[15%] Optimizing Phase 1 completed
[25%] Optimizing Phase 2 completed
Running inference ...
[30%] Inferring Phase 0 completed
[40%] Inferring Phase 1 completed
[50%] Inferring Phase 2 completed
[55%] Inferring Phase 3 completed
Running technical mapping ...
[60%] Tech-Mapping Phase 0 completed
[65%] Tech-Mapping Phase 1 completed
[75%] Tech-Mapping Phase 2 completed
[80%] Tech-Mapping Phase 3 completed
[90%] Tech-Mapping Phase 4 completed
WARN  (NL0002) : The module "Gowin_rPLL2" instantiated to "u_pll2" is swept in optimizing("D:\github\HRA_product\TangCartMSX\RTL\tangnano20k_vdp_cartridge_step5\src\tangnano20k_vdp_cartridge.v":120)
WARN  (NL0002) : The module "vdp_interrupt" instantiated to "u_vdp_interrupt" is swept in optimizing("D:\github\HRA_product\TangCartMSX\RTL\tangnano20k_vdp_cartridge_step5\src\v9918\vdp.v":372)
WARN  (NL0002) : The module "video_out_sigmoid" instantiated to "u_sigmoid" is swept in optimizing("D:\github\HRA_product\TangCartMSX\RTL\tangnano20k_vdp_cartridge_step5\src\video_out\video_out_hmag.v":173)
[95%] Generate netlist file "D:\github\HRA_product\TangCartMSX\RTL\tangnano20k_vdp_cartridge_step5\impl\gwsynthesis\tangnano20k_vdp_cartridge.vg" completed
[100%] Generate report file "D:\github\HRA_product\TangCartMSX\RTL\tangnano20k_vdp_cartridge_step5\impl\gwsynthesis\tangnano20k_vdp_cartridge_syn.rpt.html" completed
GowinSynthesis finish
