Z80 Macro Assembler ZMA v1.0.18
=====================================================
Programmed by t.hara

  DEFS is DEFINE STRING (default).
  OUTPUT TYPE: BINARY

<< code >>
LINE# |OFFSET|ADDR|MNEMONIC
======+======+====+==================================
     7|      |    |UART := 0x10
      |      |    |  Global integer symbol [UART] = 16 (0x10)
------+------+----+----------------------------------
     8|      |    |VDP_PORT0 := 0x98
      |      |    |  Global integer symbol [VDP_PORT0] = 152 (0x98)
------+------+----+----------------------------------
     9|      |    |VDP_PORT1 := 0x99
      |      |    |  Global integer symbol [VDP_PORT1] = 153 (0x99)
------+------+----+----------------------------------
    10|      |    |VDP_PORT2 := 0x9A
      |      |    |  Global integer symbol [VDP_PORT2] = 154 (0x9a)
------+------+----+----------------------------------
    11|      |    |VDP_PORT3 := 0x9B
      |      |    |  Global integer symbol [VDP_PORT3] = 155 (0x9b)
------+------+----+----------------------------------
    13|      |    |ORG 0x0000
------+------+----+----------------------------------
    15|      |    |DI
      |      |    |  Z80:5cyc R800:2cyc
      |000000|0000|  F3
------+------+----+----------------------------------
    16|      |    |JP ENTRY
      |      |    |  Z80:11cyc R800:5cyc
      |000001|0001|  C3 00 01
------+------+----+----------------------------------
    17|      |    |ALIGN 0x100
      |      |    |  Padding: 252byte(s)
------+------+----+----------------------------------
    18|      |    |ENTRY :
      |      |    |  label [ENTRY] address: 0x000100
------+------+----+----------------------------------
    19|      |    |LD SP, 0x8000
      |      |    |  Z80:11cyc R800:3cyc
      |000100|0100|  31 00 80
------+------+----+----------------------------------
    26|      |    |LD HL, S_START
      |      |    |  Z80:11cyc R800:3cyc
      |000103|0103|  21 CC 01
------+------+----+----------------------------------
    27|      |    |CALL PUTS
      |      |    |  Z80:18cyc R800:5cyc
      |000106|0106|  CD 8F 01
------+------+----+----------------------------------
    28|      |    |LD HL, S_SET_MODE
      |      |    |  Z80:11cyc R800:3cyc
      |000109|0109|  21 D9 01
------+------+----+----------------------------------
    29|      |    |CALL PUTS
      |      |    |  Z80:18cyc R800:5cyc
      |00010C|010C|  CD 8F 01
------+------+----+----------------------------------
    31|      |    |LD BC, 0x0000
      |      |    |  Z80:11cyc R800:3cyc
      |00010F|010F|  01 00 00
------+------+----+----------------------------------
    32|      |    |CALL WRTVDP
      |      |    |  Z80:18cyc R800:5cyc
      |000112|0112|  CD 98 01
------+------+----+----------------------------------
    34|      |    |LD BC, 0x6301
      |      |    |  Z80:11cyc R800:3cyc
      |000115|0115|  01 01 63
------+------+----+----------------------------------
    35|      |    |CALL WRTVDP
      |      |    |  Z80:18cyc R800:5cyc
      |000118|0118|  CD 98 01
------+------+----+----------------------------------
    37|      |    |LD BC, 0x0602
      |      |    |  Z80:11cyc R800:3cyc
      |00011B|011B|  01 02 06
------+------+----+----------------------------------
    38|      |    |CALL WRTVDP
      |      |    |  Z80:18cyc R800:5cyc
      |00011E|011E|  CD 98 01
------+------+----+----------------------------------
    40|      |    |LD BC, 0x8003
      |      |    |  Z80:11cyc R800:3cyc
      |000121|0121|  01 03 80
------+------+----+----------------------------------
    41|      |    |CALL WRTVDP
      |      |    |  Z80:18cyc R800:5cyc
      |000124|0124|  CD 98 01
------+------+----+----------------------------------
    43|      |    |LD BC, 0x0004
      |      |    |  Z80:11cyc R800:3cyc
      |000127|0127|  01 04 00
------+------+----+----------------------------------
    44|      |    |CALL WRTVDP
      |      |    |  Z80:18cyc R800:5cyc
      |00012A|012A|  CD 98 01
------+------+----+----------------------------------
    46|      |    |LD BC, 0x3605
      |      |    |  Z80:11cyc R800:3cyc
      |00012D|012D|  01 05 36
------+------+----+----------------------------------
    47|      |    |CALL WRTVDP
      |      |    |  Z80:18cyc R800:5cyc
      |000130|0130|  CD 98 01
------+------+----+----------------------------------
    49|      |    |LD BC, 0x0706
      |      |    |  Z80:11cyc R800:3cyc
      |000133|0133|  01 06 07
------+------+----+----------------------------------
    50|      |    |CALL WRTVDP
      |      |    |  Z80:18cyc R800:5cyc
      |000136|0136|  CD 98 01
------+------+----+----------------------------------
    52|      |    |LD BC, 0xF707
      |      |    |  Z80:11cyc R800:3cyc
      |000139|0139|  01 07 F7
------+------+----+----------------------------------
    53|      |    |CALL WRTVDP
      |      |    |  Z80:18cyc R800:5cyc
      |00013C|013C|  CD 98 01
------+------+----+----------------------------------
    55|      |    |LD HL, S_SET_COLOR_PALETTE
      |      |    |  Z80:11cyc R800:3cyc
      |00013F|013F|  21 EA 01
------+------+----+----------------------------------
    56|      |    |CALL PUTS
      |      |    |  Z80:18cyc R800:5cyc
      |000142|0142|  CD 8F 01
------+------+----+----------------------------------
    58|      |    |LD HL, S_CLEAR_VRAM
      |      |    |  Z80:11cyc R800:3cyc
      |000145|0145|  21 01 02
------+------+----+----------------------------------
    59|      |    |CALL PUTS
      |      |    |  Z80:18cyc R800:5cyc
      |000148|0148|  CD 8F 01
------+------+----+----------------------------------
    61|      |    |LD HL, 0x0000
      |      |    |  Z80:11cyc R800:3cyc
      |00014B|014B|  21 00 00
------+------+----+----------------------------------
    62|      |    |LD BC, 0x4000
      |      |    |  Z80:11cyc R800:3cyc
      |00014E|014E|  01 00 40
------+------+----+----------------------------------
    63|      |    |XOR A, A
      |      |    |  Z80:5cyc R800:1cyc
      |000151|0151|  AF
------+------+----+----------------------------------
    64|      |    |CALL FILVRM
      |      |    |  Z80:18cyc R800:5cyc
      |000152|0152|  CD AC 01
------+------+----+----------------------------------
    66|      |    |LD HL, 0x2000
      |      |    |  Z80:11cyc R800:3cyc
      |000155|0155|  21 00 20
------+------+----+----------------------------------
    67|      |    |LD BC, 32
      |      |    |  Z80:11cyc R800:3cyc
      |000158|0158|  01 20 00
------+------+----+----------------------------------
    68|      |    |LD A, 0xF4
      |      |    |  Z80:8cyc R800:2cyc
      |00015B|015B|  3E F4
------+------+----+----------------------------------
    69|      |    |CALL FILVRM
      |      |    |  Z80:18cyc R800:5cyc
      |00015D|015D|  CD AC 01
------+------+----+----------------------------------
    71|      |    |LD HL, MSXFONT
      |      |    |  Z80:11cyc R800:3cyc
      |000160|0160|  21 FE 02
------+------+----+----------------------------------
    72|      |    |LD DE, 0x0000
      |      |    |  Z80:11cyc R800:3cyc
      |000163|0163|  11 00 00
------+------+----+----------------------------------
    73|      |    |LD BC, 256 * 8
      |      |    |  Z80:11cyc R800:3cyc
      |000166|0166|  01 00 08
------+------+----+----------------------------------
    74|      |    |CALL LDIRVM
      |      |    |  Z80:18cyc R800:5cyc
      |000169|0169|  CD BD 01
------+------+----+----------------------------------
    76|      |    |LD HL, NAME_TABLE
      |      |    |  Z80:11cyc R800:3cyc
      |00016C|016C|  21 1B 02
------+------+----+----------------------------------
    77|      |    |LD DE, 0x1800
      |      |    |  Z80:11cyc R800:3cyc
      |00016F|016F|  11 00 18
------+------+----+----------------------------------
    78|      |    |LD BC, NAME_TABLE_END - NAME_TABLE
      |      |    |  Z80:11cyc R800:3cyc
      |000172|0172|  01 E3 00
------+------+----+----------------------------------
    79|      |    |CALL LDIRVM
      |      |    |  Z80:18cyc R800:5cyc
      |000175|0175|  CD BD 01
------+------+----+----------------------------------
    81|      |    |LD HL, S_FINISH
      |      |    |  Z80:11cyc R800:3cyc
      |000178|0178|  21 11 02
------+------+----+----------------------------------
    82|      |    |CALL PUTS
      |      |    |  Z80:18cyc R800:5cyc
      |00017B|017B|  CD 8F 01
------+------+----+----------------------------------
    83|      |    |HALT
      |      |    |  Z80:5cyc R800:2cycAnd wait interrupt.
      |00017E|017E|  76
------+------+----+----------------------------------
    96|      |    |SCOPE GETKEY
      |      |    |  Enter scope: GETKEY:
------+------+----+----------------------------------
    97|      |    |GETKEY ::
      |      |    |  global label [GETKEY] address: 0x00017f
------+------+----+----------------------------------
    98|      |    |IN A, [ UART ]
      |      |    |  Z80:12cyc R800:10cyc/9cyc
      |00017F|017F|  DB 10
------+------+----+----------------------------------
    99|      |    |RLCA
      |      |    |  Z80:5cyc R800:1cyc
      |000181|0181|  07
------+------+----+----------------------------------
   100|      |    |RLCA
      |      |    |  Z80:5cyc R800:1cyc
      |000182|0182|  07
------+------+----+----------------------------------
   101|      |    |RET
      |      |    |  Z80:11cyc R800:5cyc
      |000183|0183|  C9
------+------+----+----------------------------------
   102|      |    |ENDSCOPE
      |      |    |  Exit scope: GETKEY:
------+------+----+----------------------------------
   113|      |    |SCOPE PUTC
      |      |    |  Enter scope: PUTC:
------+------+----+----------------------------------
   114|      |    |PUTC ::
      |      |    |  global label [PUTC] address: 0x000184
------+------+----+----------------------------------
   115|      |    |LD C, UART
      |      |    |  Z80:8cyc R800:2cyc
      |000184|0184|  0E 10
------+------+----+----------------------------------
   116|      |    |WAIT_LOOP :
      |      |    |  label [PUTC:WAIT_LOOP] address: 0x000186
------+------+----+----------------------------------
   117|      |    |IN B, [ C ]
      |      |    |  Z80:14cyc R800:10cyc/9cyc
      |000186|0186|  ED 40
------+------+----+----------------------------------
   118|      |    |RR B
      |      |    |  Z80:10cyc R800:2cyc
      |000188|0188|  CB 18
------+------+----+----------------------------------
   119|      |    |JR C, WAIT_LOOP
      |      |    |  Z80:13cyc/8cyc R800:3cyc/2cyc
      |00018A|018A|  38 FA
------+------+----+----------------------------------
   120|      |    |OUT [ C ], A
      |      |    |  Z80:14cyc R800:10cyc/9cyc
      |00018C|018C|  ED 79
------+------+----+----------------------------------
   121|      |    |RET
      |      |    |  Z80:11cyc R800:5cyc
      |00018E|018E|  C9
------+------+----+----------------------------------
   122|      |    |ENDSCOPE
      |      |    |  Exit scope: PUTC:
------+------+----+----------------------------------
   133|      |    |SCOPE PUTS
      |      |    |  Enter scope: PUTS:
------+------+----+----------------------------------
   134|      |    |PUTS ::
      |      |    |  global label [PUTS] address: 0x00018f
------+------+----+----------------------------------
   135|      |    |LD A, [ HL ]
      |      |    |  Z80:8cyc R800:4cyc
      |00018F|018F|  7E
------+------+----+----------------------------------
   136|      |    |INC HL
      |      |    |  Z80:7cyc R800:1cyc
      |000190|0190|  23
------+------+----+----------------------------------
   137|      |    |OR A, A
      |      |    |  Z80:5cyc R800:1cyc
      |000191|0191|  B7
------+------+----+----------------------------------
   138|      |    |RET Z
      |      |    |  Z80:12cyc/6cyc R800:5cyc/1cyc
      |000192|0192|  C8
------+------+----+----------------------------------
   139|      |    |CALL PUTC
      |      |    |  Z80:18cyc R800:5cyc
      |000193|0193|  CD 84 01
------+------+----+----------------------------------
   140|      |    |JR PUTS
      |      |    |  Z80:13cyc R800:3cyc
      |000196|0196|  18 F7
------+------+----+----------------------------------
   141|      |    |ENDSCOPE
      |      |    |  Exit scope: PUTS:
------+------+----+----------------------------------
   151|      |    |SCOPE WRTVDP
      |      |    |  Enter scope: WRTVDP:
------+------+----+----------------------------------
   152|      |    |WRTVDP ::
      |      |    |  global label [WRTVDP] address: 0x000198
------+------+----+----------------------------------
   153|      |    |LD A, B
      |      |    |  Z80:5cyc R800:2cyc
      |000198|0198|  78
------+------+----+----------------------------------
   154|      |    |OUT [ VDP_PORT1 ], A
      |      |    |  Z80:12cyc R800:10cyc/9cyc
      |000199|0199|  D3 99
------+------+----+----------------------------------
   155|      |    |LD A, C
      |      |    |  Z80:5cyc R800:2cyc
      |00019B|019B|  79
------+------+----+----------------------------------
   156|      |    |OR A, 0x80
      |      |    |  Z80:8cyc R800:2cyc
      |00019C|019C|  F6 80
------+------+----+----------------------------------
   157|      |    |OUT [ VDP_PORT1 ], A
      |      |    |  Z80:12cyc R800:10cyc/9cyc
      |00019E|019E|  D3 99
------+------+----+----------------------------------
   158|      |    |RET
      |      |    |  Z80:11cyc R800:5cyc
      |0001A0|01A0|  C9
------+------+----+----------------------------------
   159|      |    |ENDSCOPE
      |      |    |  Exit scope: WRTVDP:
------+------+----+----------------------------------
   168|      |    |SCOPE SETWRT
      |      |    |  Enter scope: SETWRT:
------+------+----+----------------------------------
   169|      |    |SETWRT ::
      |      |    |  global label [SETWRT] address: 0x0001a1
------+------+----+----------------------------------
   170|      |    |LD A, L
      |      |    |  Z80:5cyc R800:2cyc
      |0001A1|01A1|  7D
------+------+----+----------------------------------
   171|      |    |OUT [ VDP_PORT1 ], A
      |      |    |  Z80:12cyc R800:10cyc/9cyc
      |0001A2|01A2|  D3 99
------+------+----+----------------------------------
   172|      |    |LD A, H
      |      |    |  Z80:5cyc R800:2cyc
      |0001A4|01A4|  7C
------+------+----+----------------------------------
   173|      |    |AND A, 0x3F
      |      |    |  Z80:8cyc R800:2cyc
      |0001A5|01A5|  E6 3F
------+------+----+----------------------------------
   174|      |    |OR A, 0x40
      |      |    |  Z80:8cyc R800:2cyc
      |0001A7|01A7|  F6 40
------+------+----+----------------------------------
   175|      |    |OUT [ VDP_PORT1 ], A
      |      |    |  Z80:12cyc R800:10cyc/9cyc
      |0001A9|01A9|  D3 99
------+------+----+----------------------------------
   176|      |    |RET
      |      |    |  Z80:11cyc R800:5cyc
      |0001AB|01AB|  C9
------+------+----+----------------------------------
   177|      |    |ENDSCOPE
      |      |    |  Exit scope: SETWRT:
------+------+----+----------------------------------
   188|      |    |SCOPE FILVRM
      |      |    |  Enter scope: FILVRM:
------+------+----+----------------------------------
   189|      |    |FILVRM ::
      |      |    |  global label [FILVRM] address: 0x0001ac
------+------+----+----------------------------------
   190|      |    |PUSH AF
      |      |    |  Z80:12cyc R800:6cyc
      |0001AC|01AC|  F5
------+------+----+----------------------------------
   191|      |    |CALL SETWRT
      |      |    |  Z80:18cyc R800:5cyc
      |0001AD|01AD|  CD A1 01
------+------+----+----------------------------------
   192|      |    |POP AF
      |      |    |  Z80:11cyc R800:5cyc
      |0001B0|01B0|  F1
------+------+----+----------------------------------
   193|      |    |PUSH HL
      |      |    |  Z80:12cyc R800:6cyc
      |0001B1|01B1|  E5
------+------+----+----------------------------------
   194|      |    |LD L, A
      |      |    |  Z80:5cyc R800:2cyc
      |0001B2|01B2|  6F
------+------+----+----------------------------------
   195|      |    |LOOP :
      |      |    |  label [FILVRM:LOOP] address: 0x0001b3
------+------+----+----------------------------------
   196|      |    |LD A, L
      |      |    |  Z80:5cyc R800:2cyc
      |0001B3|01B3|  7D
------+------+----+----------------------------------
   197|      |    |OUT [ VDP_PORT0 ], A
      |      |    |  Z80:12cyc R800:10cyc/9cyc
      |0001B4|01B4|  D3 98
------+------+----+----------------------------------
   198|      |    |DEC BC
      |      |    |  Z80:7cyc R800:1cyc
      |0001B6|01B6|  0B
------+------+----+----------------------------------
   199|      |    |LD A, C
      |      |    |  Z80:5cyc R800:2cyc
      |0001B7|01B7|  79
------+------+----+----------------------------------
   200|      |    |OR A, B
      |      |    |  Z80:5cyc R800:1cyc
      |0001B8|01B8|  B0
------+------+----+----------------------------------
   201|      |    |JR NZ, LOOP
      |      |    |  Z80:13cyc/8cyc R800:3cyc/2cyc
      |0001B9|01B9|  20 F8
------+------+----+----------------------------------
   202|      |    |POP HL
      |      |    |  Z80:11cyc R800:5cyc
      |0001BB|01BB|  E1
------+------+----+----------------------------------
   203|      |    |RET
      |      |    |  Z80:11cyc R800:5cyc
      |0001BC|01BC|  C9
------+------+----+----------------------------------
   204|      |    |ENDSCOPE
      |      |    |  Exit scope: FILVRM:
------+------+----+----------------------------------
   215|      |    |SCOPE LDIRVM
      |      |    |  Enter scope: LDIRVM:
------+------+----+----------------------------------
   216|      |    |LDIRVM ::
      |      |    |  global label [LDIRVM] address: 0x0001bd
------+------+----+----------------------------------
   217|      |    |EX DE, HL
      |      |    |  Z80:5cyc R800:1cyc
      |0001BD|01BD|  EB
------+------+----+----------------------------------
   218|      |    |CALL SETWRT
      |      |    |  Z80:18cyc R800:5cyc
      |0001BE|01BE|  CD A1 01
------+------+----+----------------------------------
   219|      |    |EX DE, HL
      |      |    |  Z80:5cyc R800:1cyc
      |0001C1|01C1|  EB
------+------+----+----------------------------------
   220|      |    |LOOP :
      |      |    |  label [LDIRVM:LOOP] address: 0x0001c2
------+------+----+----------------------------------
   221|      |    |LD A, [ HL ]
      |      |    |  Z80:8cyc R800:4cyc
      |0001C2|01C2|  7E
------+------+----+----------------------------------
   222|      |    |INC HL
      |      |    |  Z80:7cyc R800:1cyc
      |0001C3|01C3|  23
------+------+----+----------------------------------
   223|      |    |OUT [ VDP_PORT0 ], A
      |      |    |  Z80:12cyc R800:10cyc/9cyc
      |0001C4|01C4|  D3 98
------+------+----+----------------------------------
   224|      |    |DEC BC
      |      |    |  Z80:7cyc R800:1cyc
      |0001C6|01C6|  0B
------+------+----+----------------------------------
   225|      |    |LD A, C
      |      |    |  Z80:5cyc R800:2cyc
      |0001C7|01C7|  79
------+------+----+----------------------------------
   226|      |    |OR A, B
      |      |    |  Z80:5cyc R800:1cyc
      |0001C8|01C8|  B0
------+------+----+----------------------------------
   227|      |    |JR NZ, LOOP
      |      |    |  Z80:13cyc/8cyc R800:3cyc/2cyc
      |0001C9|01C9|  20 F7
------+------+----+----------------------------------
   228|      |    |RET
      |      |    |  Z80:11cyc R800:5cyc
      |0001CB|01CB|  C9
------+------+----+----------------------------------
   229|      |    |ENDSCOPE
      |      |    |  Exit scope: LDIRVM:
------+------+----+----------------------------------
   231|      |    |S_START :
      |      |    |  label [S_START] address: 0x0001cc
------+------+----+----------------------------------
   232|      |    |DB "Start DEMO", 0x0D, 0x0A, 0
      |0001CC|01CC|  53 74 61 72 74 20 44 45
      |0001D4|01D4|  4D 4F 0D 0A 00
------+------+----+----------------------------------
   233|      |    |S_SET_MODE :
      |      |    |  label [S_SET_MODE] address: 0x0001d9
------+------+----+----------------------------------
   234|      |    |DB "-- set SCREEN1", 0x0D, 0x0A, 0
      |0001D9|01D9|  2D 2D 20 73 65 74 20 53
      |0001E1|01E1|  43 52 45 45 4E 31 0D 0A
      |0001E9|01E9|  00
------+------+----+----------------------------------
   235|      |    |S_SET_COLOR_PALETTE :
      |      |    |  label [S_SET_COLOR_PALETTE] address: 0x0001ea
------+------+----+----------------------------------
   236|      |    |DB "-- set COLOR PALETTE", 0x0D, 0x0A, 0
      |0001EA|01EA|  2D 2D 20 73 65 74 20 43
      |0001F2|01F2|  4F 4C 4F 52 20 50 41 4C
      |0001FA|01FA|  45 54 54 45 0D 0A 00
------+------+----+----------------------------------
   237|      |    |S_CLEAR_VRAM :
      |      |    |  label [S_CLEAR_VRAM] address: 0x000201
------+------+----+----------------------------------
   238|      |    |DB "-- clear VRAM", 0x0D, 0x0A, 0
      |000201|0201|  2D 2D 20 63 6C 65 61 72
      |000209|0209|  20 56 52 41 4D 0D 0A 00
------+------+----+----------------------------------
   239|      |    |S_FINISH :
      |      |    |  label [S_FINISH] address: 0x000211
------+------+----+----------------------------------
   240|      |    |DB "Finish.", 0x0D, 0x0A, 0
      |000211|0211|  46 69 6E 69 73 68 2E 0D
      |000219|0219|  0A 00
------+------+----+----------------------------------
   242|      |    |NAME_TABLE ::
      |      |    |  global label [NAME_TABLE] address: 0x00021b
------+------+----+----------------------------------
   243|      |    |DB "  MSX-BASIC version 5.0         "
      |00021B|021B|  20 20 4D 53 58 2D 42 41
      |000223|0223|  53 49 43 20 76 65 72 73
      |00022B|022B|  69 6F 6E 20 35 2E 30 20
      |000233|0233|  20 20 20 20 20 20 20 20
------+------+----+----------------------------------
   244|      |    |DB "  Copyright 2025 by Microsoft   "
      |00023B|023B|  20 20 43 6F 70 79 72 69
      |000243|0243|  67 68 74 20 32 30 32 35
      |00024B|024B|  20 62 79 20 4D 69 63 72
      |000253|0253|  6F 73 6F 66 74 20 20 20
------+------+----+----------------------------------
   245|      |    |DB "  IoT Media Lab 2025            "
      |00025B|025B|  20 20 49 6F 54 20 4D 65
      |000263|0263|  64 69 61 20 4C 61 62 20
      |00026B|026B|  32 30 32 35 20 20 20 20
      |000273|0273|  20 20 20 20 20 20 20 20
------+------+----+----------------------------------
   246|      |    |DB "  MSX Licensing Corp 2025       "
      |00027B|027B|  20 20 4D 53 58 20 4C 69
      |000283|0283|  63 65 6E 73 69 6E 67 20
      |00028B|028B|  43 6F 72 70 20 32 30 32
      |000293|0293|  35 20 20 20 20 20 20 20
------+------+----+----------------------------------
   247|      |    |DB "  25271 Bytes free              "
      |00029B|029B|  20 20 32 35 32 37 31 20
      |0002A3|02A3|  42 79 74 65 73 20 66 72
      |0002AB|02AB|  65 65 20 20 20 20 20 20
      |0002B3|02B3|  20 20 20 20 20 20 20 20
------+------+----+----------------------------------
   248|      |    |DB "  Disk BASIC version 3.00       "
      |0002BB|02BB|  20 20 44 69 73 6B 20 42
      |0002C3|02C3|  41 53 49 43 20 76 65 72
      |0002CB|02CB|  73 69 6F 6E 20 33 2E 30
      |0002D3|02D3|  30 20 20 20 20 20 20 20
------+------+----+----------------------------------
   249|      |    |DB "  Ok                            "
      |0002DB|02DB|  20 20 4F 6B 20 20 20 20
      |0002E3|02E3|  20 20 20 20 20 20 20 20
      |0002EB|02EB|  20 20 20 20 20 20 20 20
      |0002F3|02F3|  20 20 20 20 20 20 20 20
------+------+----+----------------------------------
   250|      |    |DB "  ", 255
      |0002FB|02FB|  20 20 FF
------+------+----+----------------------------------
   251|      |    |NAME_TABLE_END ::
      |      |    |  global label [NAME_TABLE_END] address: 0x0002fe
------+------+----+----------------------------------
   253|      |    |MSXFONT ::
      |      |    |  global label [MSXFONT] address: 0x0002fe
------+------+----+----------------------------------
   254|      |    |BINARY_LINK "msxfont.rom"
      |0002FE|02FE|  00 00 00 00 00 00 00 00
      |000306|0306|  7E 42 7E 42 7E 42 82 00
      |00030E|030E|  10 92 54 10 28 44 82 00
      |000316|0316|  12 14 F8 14 34 52 92 00
      |00031E|031E|  10 10 FE 10 38 54 92 00
      |000326|0326|  10 28 7C 92 38 54 FE 00
      |00032E|032E|  10 10 10 7C 10 10 FE 00
      |000336|0336|  7E 42 42 7E 42 42 7E 00
      |00033E|033E|  40 7E 48 3C 28 7E 08 00
      |000346|0346|  FE 92 92 FE 82 82 86 00
      |00034E|034E|  04 EE A4 EF A2 EA 06 00
      |000356|0356|  28 44 82 3C 14 24 4C 00
      |00035E|035E|  28 C8 5C EA 6C C8 50 00
      |000366|0366|  7C 20 7C 44 7C 44 7C 00
      |00036E|036E|  0C 70 10 FE 10 10 10 00
      |000376|0376|  7E 10 1E 12 22 44 08 00
      |00037E|037E|  00 7C 28 28 28 4E 00 00
      |000386|0386|  10 10 10 FF 00 00 00 00
      |00038E|038E|  00 00 00 FF 10 10 10 10
      |000396|0396|  10 10 10 F0 10 10 10 10
      |00039E|039E|  10 10 10 1F 10 10 10 10
      |0003A6|03A6|  10 10 10 FF 10 10 10 10
      |0003AE|03AE|  10 10 10 10 10 10 10 10
      |0003B6|03B6|  00 00 00 FF 00 00 00 00
      |0003BE|03BE|  00 00 00 1F 10 10 10 10
      |0003C6|03C6|  00 00 00 F0 10 10 10 10
      |0003CE|03CE|  10 10 10 1F 00 00 00 00
      |0003D6|03D6|  10 10 10 F0 00 00 00 00
      |0003DE|03DE|  81 42 24 18 18 24 42 81
      |0003E6|03E6|  10 7C 10 10 28 44 82 00
      |0003EE|03EE|  10 10 FE 92 FE 10 10 00
      |0003F6|03F6|  10 10 54 54 92 10 30 00
      |0003FE|03FE|  00 00 00 00 00 00 00 00
      |000406|0406|  20 20 20 20 00 00 20 00
      |00040E|040E|  50 50 50 00 00 00 00 00
      |000416|0416|  50 50 F8 50 F8 50 50 00
      |00041E|041E|  20 78 A0 70 28 F0 20 00
      |000426|0426|  C0 C8 10 20 40 98 18 00
      |00042E|042E|  40 A0 40 A8 90 98 60 00
      |000436|0436|  10 20 40 00 00 00 00 00
      |00043E|043E|  10 20 40 40 40 20 10 00
      |000446|0446|  40 20 10 10 10 20 40 00
      |00044E|044E|  20 A8 70 20 70 A8 20 00
      |000456|0456|  00 20 20 F8 20 20 00 00
      |00045E|045E|  00 00 00 00 00 20 20 40
      |000466|0466|  00 00 00 78 00 00 00 00
      |00046E|046E|  00 00 00 00 00 60 60 00
      |000476|0476|  00 00 08 10 20 40 80 00
      |00047E|047E|  70 88 98 A8 C8 88 70 00
      |000486|0486|  20 60 A0 20 20 20 F8 00
      |00048E|048E|  70 88 08 10 60 80 F8 00
      |000496|0496|  70 88 08 30 08 88 70 00
      |00049E|049E|  10 30 50 90 F8 10 10 00
      |0004A6|04A6|  F8 80 E0 10 08 10 E0 00
      |0004AE|04AE|  30 40 80 F0 88 88 70 00
      |0004B6|04B6|  F8 88 10 20 20 20 20 00
      |0004BE|04BE|  70 88 88 70 88 88 70 00
      |0004C6|04C6|  70 88 88 78 08 10 60 00
      |0004CE|04CE|  00 00 20 00 00 20 00 00
      |0004D6|04D6|  00 00 20 00 00 20 20 40
      |0004DE|04DE|  18 30 60 C0 60 30 18 00
      |0004E6|04E6|  00 00 F8 00 F8 00 00 00
      |0004EE|04EE|  C0 60 30 18 30 60 C0 00
      |0004F6|04F6|  70 88 08 10 20 00 20 00
      |0004FE|04FE|  70 88 08 68 A8 A8 70 00
      |000506|0506|  20 50 88 88 F8 88 88 00
      |00050E|050E|  F0 48 48 70 48 48 F0 00
      |000516|0516|  30 48 80 80 80 48 30 00
      |00051E|051E|  E0 50 48 48 48 50 E0 00
      |000526|0526|  F8 80 80 F0 80 80 F8 00
      |00052E|052E|  F8 80 80 F0 80 80 80 00
      |000536|0536|  70 88 80 B8 88 88 70 00
      |00053E|053E|  88 88 88 F8 88 88 88 00
      |000546|0546|  70 20 20 20 20 20 70 00
      |00054E|054E|  38 10 10 10 90 90 60 00
      |000556|0556|  88 90 A0 C0 A0 90 88 00
      |00055E|055E|  80 80 80 80 80 80 F8 00
      |000566|0566|  88 D8 A8 A8 88 88 88 00
      |00056E|056E|  88 C8 C8 A8 98 98 88 00
      |000576|0576|  70 88 88 88 88 88 70 00
      |00057E|057E|  F0 88 88 F0 80 80 80 00
      |000586|0586|  70 88 88 88 A8 90 68 00
      |00058E|058E|  F0 88 88 F0 A0 90 88 00
      |000596|0596|  70 88 80 70 08 88 70 00
      |00059E|059E|  F8 20 20 20 20 20 20 00
      |0005A6|05A6|  88 88 88 88 88 88 70 00
      |0005AE|05AE|  88 88 88 88 50 50 20 00
      |0005B6|05B6|  88 88 88 A8 A8 D8 88 00
      |0005BE|05BE|  88 88 50 20 50 88 88 00
      |0005C6|05C6|  88 88 88 70 20 20 20 00
      |0005CE|05CE|  F8 08 10 20 40 80 F8 00
      |0005D6|05D6|  70 40 40 40 40 40 70 00
      |0005DE|05DE|  88 50 20 70 20 70 20 00
      |0005E6|05E6|  70 10 10 10 10 10 70 00
      |0005EE|05EE|  20 50 88 00 00 00 00 00
      |0005F6|05F6|  00 00 00 00 00 00 F8 00
      |0005FE|05FE|  40 20 10 00 00 00 00 00
      |000606|0606|  00 00 70 08 78 88 78 00
      |00060E|060E|  80 80 B0 C8 88 C8 B0 00
      |000616|0616|  00 00 70 88 80 88 70 00
      |00061E|061E|  08 08 68 98 88 98 68 00
      |000626|0626|  00 00 70 88 F8 80 70 00
      |00062E|062E|  10 28 20 F8 20 20 20 00
      |000636|0636|  00 00 68 98 98 68 08 70
      |00063E|063E|  80 80 F0 88 88 88 88 00
      |000646|0646|  20 00 60 20 20 20 70 00
      |00064E|064E|  10 00 30 10 10 10 90 60
      |000656|0656|  40 40 48 50 60 50 48 00
      |00065E|065E|  60 20 20 20 20 20 70 00
      |000666|0666|  00 00 D0 A8 A8 A8 A8 00
      |00066E|066E|  00 00 B0 C8 88 88 88 00
      |000676|0676|  00 00 70 88 88 88 70 00
      |00067E|067E|  00 00 B0 C8 C8 B0 80 80
      |000686|0686|  00 00 68 98 98 68 08 08
      |00068E|068E|  00 00 B0 C8 80 80 80 00
      |000696|0696|  00 00 78 80 F0 08 F0 00
      |00069E|069E|  40 40 F0 40 40 48 30 00
      |0006A6|06A6|  00 00 90 90 90 90 68 00
      |0006AE|06AE|  00 00 88 88 88 50 20 00
      |0006B6|06B6|  00 00 88 A8 A8 A8 50 00
      |0006BE|06BE|  00 00 88 50 20 50 88 00
      |0006C6|06C6|  00 00 88 88 98 68 08 70
      |0006CE|06CE|  00 00 F8 10 20 40 F8 00
      |0006D6|06D6|  18 20 20 40 20 20 18 00
      |0006DE|06DE|  20 20 20 00 20 20 20 00
      |0006E6|06E6|  C0 20 20 10 20 20 C0 00
      |0006EE|06EE|  40 A8 10 00 00 00 00 00
      |0006F6|06F6|  00 00 00 00 00 00 00 00
      |0006FE|06FE|  10 38 7C FE FE 38 7C 00
      |000706|0706|  6C FE FE FE 7C 38 10 00
      |00070E|070E|  38 38 FE FE D6 10 7C 00
      |000716|0716|  10 38 7C FE 7C 38 10 00
      |00071E|071E|  00 78 84 84 84 84 78 00
      |000726|0726|  00 78 FC FC FC FC 78 00
      |00072E|072E|  20 F0 4C 70 A8 40 3C 00
      |000736|0736|  00 20 78 20 78 B4 64 00
      |00073E|073E|  00 00 88 84 84 84 40 00
      |000746|0746|  00 70 00 70 88 08 30 00
      |00074E|074E|  00 70 00 F0 20 60 98 00
      |000756|0756|  00 20 F8 24 78 A4 68 00
      |00075E|075E|  00 90 58 64 A8 20 10 00
      |000766|0766|  00 10 B8 D4 94 18 20 00
      |00076E|076E|  00 10 1C 10 70 98 74 00
      |000776|0776|  00 00 00 78 04 04 38 00
      |00077E|077E|  00 00 00 00 00 00 00 00
      |000786|0786|  20 7C 20 7C AA 92 64 00
      |00078E|078E|  00 84 82 82 82 80 40 00
      |000796|0796|  38 00 38 44 04 08 30 00
      |00079E|079E|  70 00 F8 10 20 60 9C 00
      |0007A6|07A6|  24 FA 20 7C A2 A2 44 00
      |0007AE|07AE|  40 44 F2 4A 48 88 30 00
      |0007B6|07B6|  20 FC 10 FC 08 80 78 00
      |0007BE|07BE|  08 10 20 40 20 10 08 00
      |0007C6|07C6|  04 84 9E 84 84 84 48 00
      |0007CE|07CE|  78 04 00 00 00 80 7C 00
      |0007D6|07D6|  10 FE 08 04 04 80 78 00
      |0007DE|07DE|  80 80 80 80 84 88 70 00
      |0007E6|07E6|  08 FE 38 48 38 08 10 00
      |0007EE|07EE|  44 44 FE 44 48 40 3C 00
      |0007F6|07F6|  44 28 FE 20 40 40 3C 00
      |0007FE|07FE|  00 00 00 00 00 00 00 00
      |000806|0806|  00 00 00 00 60 90 60 00
      |00080E|080E|  38 20 20 20 00 00 00 00
      |000816|0816|  00 00 00 20 20 20 E0 00
      |00081E|081E|  00 00 00 00 80 40 20 00
      |000826|0826|  00 00 00 30 30 00 00 00
      |00082E|082E|  F8 08 F8 08 10 20 40 00
      |000836|0836|  00 00 F0 10 60 40 80 00
      |00083E|083E|  00 10 20 60 A0 20 20 00
      |000846|0846|  00 20 F0 90 10 20 40 00
      |00084E|084E|  00 00 F0 20 20 20 F0 00
      |000856|0856|  00 20 F0 60 A0 A0 20 00
      |00085E|085E|  00 40 F8 48 50 40 40 00
      |000866|0866|  00 00 70 10 10 10 F8 00
      |00086E|086E|  00 00 F0 10 F0 10 F0 00
      |000876|0876|  00 00 A8 A8 08 10 20 00
      |00087E|087E|  00 00 80 7C 00 00 00 00
      |000886|0886|  F8 08 28 30 20 20 40 00
      |00088E|088E|  08 10 20 60 A0 20 20 00
      |000896|0896|  20 F8 88 88 08 10 20 00
      |00089E|089E|  00 F8 20 20 20 20 F8 00
      |0008A6|08A6|  10 F8 10 30 50 90 10 00
      |0008AE|08AE|  20 F8 28 28 28 48 88 00
      |0008B6|08B6|  20 F8 20 F8 20 20 20 00
      |0008BE|08BE|  78 48 88 08 08 10 20 00
      |0008C6|08C6|  40 78 50 90 10 10 20 00
      |0008CE|08CE|  00 F8 08 08 08 08 F8 00
      |0008D6|08D6|  50 F8 50 50 10 10 20 00
      |0008DE|08DE|  00 C0 08 C8 08 10 E0 00
      |0008E6|08E6|  00 F8 08 10 20 50 88 00
      |0008EE|08EE|  40 F8 48 50 40 40 38 00
      |0008F6|08F6|  88 88 48 08 10 20 40 00
      |0008FE|08FE|  78 48 78 88 08 10 20 00
      |000906|0906|  10 E0 20 F8 20 20 40 00
      |00090E|090E|  A8 A8 A8 08 08 10 20 00
      |000916|0916|  70 00 F8 20 20 20 40 00
      |00091E|091E|  40 40 60 50 48 40 40 00
      |000926|0926|  20 F8 20 20 20 20 40 00
      |00092E|092E|  00 70 00 00 00 00 F8 00
      |000936|0936|  00 F8 08 D0 20 50 88 00
      |00093E|093E|  20 F8 08 30 E8 20 20 00
      |000946|0946|  08 08 08 10 20 40 80 00
      |00094E|094E|  20 10 48 48 48 48 88 00
      |000956|0956|  80 80 F8 80 80 80 78 00
      |00095E|095E|  F8 08 08 08 10 20 40 00
      |000966|0966|  00 40 A0 10 08 08 00 00
      |00096E|096E|  20 F8 20 20 A8 A8 20 00
      |000976|0976|  00 F8 08 08 50 20 10 00
      |00097E|097E|  F0 00 60 00 00 F0 08 00
      |000986|0986|  10 20 40 80 90 88 F8 00
      |00098E|098E|  08 08 08 50 20 50 80 00
      |000996|0996|  78 20 F8 20 20 20 18 00
      |00099E|099E|  40 F8 48 48 50 40 40 00
      |0009A6|09A6|  00 70 10 10 10 10 F8 00
      |0009AE|09AE|  00 F8 08 F8 08 08 F8 00
      |0009B6|09B6|  70 00 F8 08 08 10 20 00
      |0009BE|09BE|  48 48 48 48 48 10 20 00
      |0009C6|09C6|  10 50 50 50 50 58 90 00
      |0009CE|09CE|  40 40 40 48 48 50 60 00
      |0009D6|09D6|  00 F8 88 88 88 88 F8 00
      |0009DE|09DE|  F8 88 88 08 08 10 20 00
      |0009E6|09E6|  00 C0 00 08 08 10 E0 00
      |0009EE|09EE|  90 48 00 00 00 00 00 00
      |0009F6|09F6|  60 90 60 00 00 00 00 00
      |0009FE|09FE|  20 F8 20 4E 40 90 8E 00
      |000A06|0A06|  10 FE 20 78 04 04 78 00
      |000A0E|0A0E|  00 FC 02 02 02 04 18 00
      |000A16|0A16|  FE 08 10 20 20 20 1C 00
      |000A1E|0A1E|  20 24 38 60 80 80 7C 00
      |000A26|0A26|  2C F2 44 44 9C 26 1C 00
      |000A2E|0A2E|  00 9E 80 80 80 90 4E 00
      |000A36|0A36|  48 48 7C D2 B6 AA 4C 00
      |000A3E|0A3E|  40 4C D2 62 4E D2 4E 00
      |000A46|0A46|  00 38 54 92 A2 A2 44 00
      |000A4E|0A4E|  04 9E 84 84 8C 96 4C 00
      |000A56|0A56|  10 E4 26 44 44 48 30 00
      |000A5E|0A5E|  20 10 00 20 14 52 B2 00
      |000A66|0A66|  00 00 20 50 88 04 02 00
      |000A6E|0A6E|  1E 84 9E 84 8C 96 4C 00
      |000A76|0A76|  10 FC 10 FC 70 98 74 00
      |000A7E|0A7E|  70 10 14 7E A4 A4 48 00
      |000A86|0A86|  20 F4 22 60 A2 62 1C 00
      |000A8E|0A8E|  48 48 7C AA 92 A2 44 00
      |000A96|0A96|  20 F8 20 F8 20 24 18 00
      |000A9E|0A9E|  48 5C 6A E2 24 10 10 00
      |000AA6|0AA6|  10 9C B2 D2 92 1C 20 00
      |000AAE|0AAE|  10 1C 10 10 78 94 70 00
      |000AB6|0AB6|  60 10 80 B8 C4 84 38 00
      |000ABE|0ABE|  08 84 84 84 44 08 30 00
      |000AC6|0AC6|  78 10 38 44 B4 4C 38 00
      |000ACE|0ACE|  20 2C F4 24 64 A4 26 00
      |000AD6|0AD6|  78 10 20 78 84 04 38 00
      |000ADE|0ADE|  40 40 DC 62 42 C2 44 00
      |000AE6|0AE6|  10 10 20 20 60 52 8C 00
      |000AEE|0AEE|  00 00 00 00 00 00 00 00
      |000AF6|0AF6|  FF FF FF FF FF FF FF FF
------+------+----+----------------------------------
<< label >>
ENTRY ................. 256 ( 0x100 )
FILVRM ................ 428 ( 0x1ac )
FILVRM:LOOP ........... 435 ( 0x1b3 )
GETKEY ................ 383 ( 0x17f )
LDIRVM ................ 445 ( 0x1bd )
LDIRVM:LOOP ........... 450 ( 0x1c2 )
MSXFONT ............... 766 ( 0x2fe )
NAME_TABLE ............ 539 ( 0x21b )
NAME_TABLE_END ........ 766 ( 0x2fe )
PUTC .................. 388 ( 0x184 )
PUTC:WAIT_LOOP ........ 390 ( 0x186 )
PUTS .................. 399 ( 0x18f )
SETWRT ................ 417 ( 0x1a1 )
S_CLEAR_VRAM .......... 513 ( 0x201 )
S_FINISH .............. 529 ( 0x211 )
S_SET_COLOR_PALETTE ... 490 ( 0x1ea )
S_SET_MODE ............ 473 ( 0x1d9 )
S_START ............... 460 ( 0x1cc )
UART .................. 16 ( 0x10 )
VDP_PORT0 ............. 152 ( 0x98 )
VDP_PORT1 ............. 153 ( 0x99 )
VDP_PORT2 ............. 154 ( 0x9a )
VDP_PORT3 ............. 155 ( 0x9b )
WRTVDP ................ 408 ( 0x198 )
