Z80 Macro Assembler ZMA v1.0.18
=====================================================
Programmed by t.hara

  DEFS is DEFINE STRING (default).
  OUTPUT TYPE: BINARY

<< code >>
LINE# |OFFSET|ADDR|MNEMONIC
======+======+====+==================================
     7|      |    |LED_PORT := 0x10
      |      |    |  Global integer symbol [LED_PORT] = 16 (0x10)
------+------+----+----------------------------------
     8|      |    |END_MARK := 0b11101001
      |      |    |  Global integer symbol [END_MARK] = 233 (0xe9)
------+------+----+----------------------------------
    10|      |    |ORG 0x0000
------+------+----+----------------------------------
    12|      |    |DI
      |      |    |  Z80:5cyc R800:2cyc
      |000000|0000|  F3
------+------+----+----------------------------------
    13|      |    |LD SP, 0x8000
      |      |    |  Z80:11cyc R800:3cyc
      |000001|0001|  31 00 80
------+------+----+----------------------------------
    14|      |    |START :
      |      |    |  label [START] address: 0x000004
------+------+----+----------------------------------
    15|      |    |LD HL, LED_DATA
      |      |    |  Z80:11cyc R800:3cyc
      |000004|0004|  21 1F 00
------+------+----+----------------------------------
    16|      |    |MAIN_LOOP :
      |      |    |  label [MAIN_LOOP] address: 0x000007
------+------+----+----------------------------------
    17|      |    |LD A, [ HL ]
      |      |    |  Z80:8cyc R800:4cyc
      |000007|0007|  7E
------+------+----+----------------------------------
    18|      |    |CP A, END_MARK
      |      |    |  Z80:8cyc R800:2cyc
      |000008|0008|  FE E9
------+------+----+----------------------------------
    19|      |    |JR Z, START
      |      |    |  Z80:13cyc/8cyc R800:3cyc/2cyc
      |00000A|000A|  28 F8
------+------+----+----------------------------------
    20|      |    |OUT [ LED_PORT ], A
      |      |    |  Z80:12cyc R800:10cyc/9cyc
      |00000C|000C|  D3 10
------+------+----+----------------------------------
    21|      |    |INC HL
      |      |    |  Z80:7cyc R800:1cyc
      |00000E|000E|  23
------+------+----+----------------------------------
    22|      |    |CALL WAIT_TIME
      |      |    |  Z80:18cyc R800:5cyc
      |00000F|000F|  CD 14 00
------+------+----+----------------------------------
    23|      |    |JR MAIN_LOOP
      |      |    |  Z80:13cyc R800:3cyc
      |000012|0012|  18 F3
------+------+----+----------------------------------
    26|      |    |WAIT_TIME :
      |      |    |  label [WAIT_TIME] address: 0x000014
------+------+----+----------------------------------
    27|      |    |LD HL, 0xFFFF
      |      |    |  Z80:11cyc R800:3cyc
      |000014|0014|  21 FF FF
------+------+----+----------------------------------
    28|      |    |WAIT_LOOP :
      |      |    |  label [WAIT_LOOP] address: 0x000017
------+------+----+----------------------------------
    29|      |    |PUSH HL
      |      |    |  Z80:12cyc R800:6cyc
      |000017|0017|  E5
------+------+----+----------------------------------
    30|      |    |DEC HL
      |      |    |  Z80:7cyc R800:1cyc
      |000018|0018|  2B
------+------+----+----------------------------------
    31|      |    |LD A, L
      |      |    |  Z80:5cyc R800:2cyc
      |000019|0019|  7D
------+------+----+----------------------------------
    32|      |    |OR A, H
      |      |    |  Z80:5cyc R800:1cyc
      |00001A|001A|  B4
------+------+----+----------------------------------
    33|      |    |POP HL
      |      |    |  Z80:11cyc R800:5cyc
      |00001B|001B|  E1
------+------+----+----------------------------------
    34|      |    |JR NZ, WAIT_LOOP
      |      |    |  Z80:13cyc/8cyc R800:3cyc/2cyc
      |00001C|001C|  20 F9
------+------+----+----------------------------------
    35|      |    |RET
      |      |    |  Z80:11cyc R800:5cyc
      |00001E|001E|  C9
------+------+----+----------------------------------
    38|      |    |LED_DATA :
      |      |    |  label [LED_DATA] address: 0x00001f
------+------+----+----------------------------------
    39|      |    |DB 0b00000001
      |00001F|001F|  01
------+------+----+----------------------------------
    40|      |    |DB 0b00000010
      |000020|0020|  02
------+------+----+----------------------------------
    41|      |    |DB 0b00000100
      |000021|0021|  04
------+------+----+----------------------------------
    42|      |    |DB 0b00001000
      |000022|0022|  08
------+------+----+----------------------------------
    43|      |    |DB 0b00010000
      |000023|0023|  10
------+------+----+----------------------------------
    44|      |    |DB 0b00100000
      |000024|0024|  20
------+------+----+----------------------------------
    45|      |    |DB 0b01000000
      |000025|0025|  40
------+------+----+----------------------------------
    46|      |    |DB 0b10000000
      |000026|0026|  80
------+------+----+----------------------------------
    47|      |    |DB 0b01000000
      |000027|0027|  40
------+------+----+----------------------------------
    48|      |    |DB 0b00100000
      |000028|0028|  20
------+------+----+----------------------------------
    49|      |    |DB 0b00010000
      |000029|0029|  10
------+------+----+----------------------------------
    50|      |    |DB 0b00001000
      |00002A|002A|  08
------+------+----+----------------------------------
    51|      |    |DB 0b00000100
      |00002B|002B|  04
------+------+----+----------------------------------
    52|      |    |DB 0b00000010
      |00002C|002C|  02
------+------+----+----------------------------------
    53|      |    |DB 0b00000001
      |00002D|002D|  01
------+------+----+----------------------------------
    54|      |    |DB 0b10000001
      |00002E|002E|  81
------+------+----+----------------------------------
    55|      |    |DB 0b01000010
      |00002F|002F|  42
------+------+----+----------------------------------
    56|      |    |DB 0b00100100
      |000030|0030|  24
------+------+----+----------------------------------
    57|      |    |DB 0b00011000
      |000031|0031|  18
------+------+----+----------------------------------
    58|      |    |DB 0b00011000
      |000032|0032|  18
------+------+----+----------------------------------
    59|      |    |DB 0b00100100
      |000033|0033|  24
------+------+----+----------------------------------
    60|      |    |DB 0b01000010
      |000034|0034|  42
------+------+----+----------------------------------
    61|      |    |DB 0b10000001
      |000035|0035|  81
------+------+----+----------------------------------
    62|      |    |DB END_MARK
      |000036|0036|  E9
------+------+----+----------------------------------
<< label >>
END_MARK .... 233 ( 0xe9 )
LED_DATA .... 31 ( 0x1f )
LED_PORT .... 16 ( 0x10 )
MAIN_LOOP ... 7 ( 0x7 )
START ....... 4 ( 0x4 )
WAIT_LOOP ... 23 ( 0x17 )
WAIT_TIME ... 20 ( 0x14 )
