Reading netlist file: "D:\github\HRA_product\TangCartMSX\RTL\tangconsole_step3\impl\gwsynthesis\tangconsole_step3.vg"
Parsing netlist file "D:\github\HRA_product\TangCartMSX\RTL\tangconsole_step3\impl\gwsynthesis\tangconsole_step3.vg" completed
Processing netlist completed
Reading constraint file: "D:\github\HRA_product\TangCartMSX\RTL\tangconsole_step3\src\tangconsole.cst"
Physical Constraint parsed completed
Running placement......
[10%] Placement Phase 0 completed
[20%] Placement Phase 1 completed
[30%] Placement Phase 2 completed
[50%] Placement Phase 3 completed
Running routing......
[60%] Routing Phase 0 completed
[70%] Routing Phase 1 completed
[80%] Routing Phase 2 completed
WARN  (PR1014) : Generic routing resource will be used to clock signal 'clk_d' by the specified constraint. And then it may lead to the excessive delay or skew
[90%] Routing Phase 3 completed
Running timing analysis......
[95%] Timing analysis completed
Placement and routing completed
Bitstream generation in progress......
Bitstream generation completed
Running power analysis......
[100%] Power analysis completed
Generate file "D:\github\HRA_product\TangCartMSX\RTL\tangconsole_step3\impl\pnr\tangconsole_step3.power.html" completed
Generate file "D:\github\HRA_product\TangCartMSX\RTL\tangconsole_step3\impl\pnr\tangconsole_step3.pin.html" completed
Generate file "D:\github\HRA_product\TangCartMSX\RTL\tangconsole_step3\impl\pnr\tangconsole_step3.rpt.html" completed
Generate file "D:\github\HRA_product\TangCartMSX\RTL\tangconsole_step3\impl\pnr\tangconsole_step3.rpt.txt" completed
Generate file "D:\github\HRA_product\TangCartMSX\RTL\tangconsole_step3\impl\pnr\tangconsole_step3.tr.html" completed
Fri Jun 13 07:03:29 2025

