Z80 Macro Assembler ZMA v1.0.18
=====================================================
Programmed by t.hara

  DEFS is DEFINE STRING (default).
  OUTPUT TYPE: BINARY

<< code >>
LINE# |OFFSET|ADDR|MNEMONIC
======+======+====+==================================
     7|      |    |UART := 0x10
      |      |    |  Global integer symbol [UART] = 16 (0x10)
------+------+----+----------------------------------
     8|      |    |VDP_PORT0 := 0x98
      |      |    |  Global integer symbol [VDP_PORT0] = 152 (0x98)
------+------+----+----------------------------------
     9|      |    |VDP_PORT1 := 0x99
      |      |    |  Global integer symbol [VDP_PORT1] = 153 (0x99)
------+------+----+----------------------------------
    10|      |    |VDP_PORT2 := 0x9A
      |      |    |  Global integer symbol [VDP_PORT2] = 154 (0x9a)
------+------+----+----------------------------------
    11|      |    |VDP_PORT3 := 0x9B
      |      |    |  Global integer symbol [VDP_PORT3] = 155 (0x9b)
------+------+----+----------------------------------
    13|      |    |ORG 0x0000
------+------+----+----------------------------------
    15|      |    |DI
      |      |    |  Z80:5cyc R800:2cyc
      |000000|0000|  F3
------+------+----+----------------------------------
    16|      |    |JP ENTRY
      |      |    |  Z80:11cyc R800:5cyc
      |000001|0001|  C3 00 01
------+------+----+----------------------------------
    17|      |    |ALIGN 0x100
      |      |    |  Padding: 252byte(s)
------+------+----+----------------------------------
    18|      |    |ENTRY :
      |      |    |  label [ENTRY] address: 0x000100
------+------+----+----------------------------------
    19|      |    |LD SP, 0x8000
      |      |    |  Z80:11cyc R800:3cyc
      |000100|0100|  31 00 80
------+------+----+----------------------------------
    21|      |    |WAIT_KEY :
      |      |    |  label [WAIT_KEY] address: 0x000103
------+------+----+----------------------------------
    22|      |    |CALL GETKEY
      |      |    |  Z80:18cyc R800:5cyc
      |000103|0103|  CD 1A 02
------+------+----+----------------------------------
    23|      |    |AND A, 1
      |      |    |  Z80:8cyc R800:2cyc
      |000106|0106|  E6 01
------+------+----+----------------------------------
    24|      |    |JR Z, WAIT_KEY
      |      |    |  Z80:13cyc/8cyc R800:3cyc/2cyc
      |000108|0108|  28 F9
------+------+----+----------------------------------
    26|      |    |LD HL, S_START
      |      |    |  Z80:11cyc R800:3cyc
      |00010A|010A|  21 67 02
------+------+----+----------------------------------
    27|      |    |CALL PUTS
      |      |    |  Z80:18cyc R800:5cyc
      |00010D|010D|  CD 2A 02
------+------+----+----------------------------------
    28|      |    |LD HL, S_SET_MODE
      |      |    |  Z80:11cyc R800:3cyc
      |000110|0110|  21 74 02
------+------+----+----------------------------------
    29|      |    |CALL PUTS
      |      |    |  Z80:18cyc R800:5cyc
      |000113|0113|  CD 2A 02
------+------+----+----------------------------------
    31|      |    |LD BC, 0x0000
      |      |    |  Z80:11cyc R800:3cyc
      |000116|0116|  01 00 00
------+------+----+----------------------------------
    32|      |    |CALL WRTVDP
      |      |    |  Z80:18cyc R800:5cyc
      |000119|0119|  CD 33 02
------+------+----+----------------------------------
    34|      |    |LD BC, 0x6301
      |      |    |  Z80:11cyc R800:3cyc
      |00011C|011C|  01 01 63
------+------+----+----------------------------------
    35|      |    |CALL WRTVDP
      |      |    |  Z80:18cyc R800:5cyc
      |00011F|011F|  CD 33 02
------+------+----+----------------------------------
    37|      |    |LD BC, 0x0602
      |      |    |  Z80:11cyc R800:3cyc
      |000122|0122|  01 02 06
------+------+----+----------------------------------
    38|      |    |CALL WRTVDP
      |      |    |  Z80:18cyc R800:5cyc
      |000125|0125|  CD 33 02
------+------+----+----------------------------------
    40|      |    |LD BC, 0x8003
      |      |    |  Z80:11cyc R800:3cyc
      |000128|0128|  01 03 80
------+------+----+----------------------------------
    41|      |    |CALL WRTVDP
      |      |    |  Z80:18cyc R800:5cyc
      |00012B|012B|  CD 33 02
------+------+----+----------------------------------
    43|      |    |LD BC, 0x0004
      |      |    |  Z80:11cyc R800:3cyc
      |00012E|012E|  01 04 00
------+------+----+----------------------------------
    44|      |    |CALL WRTVDP
      |      |    |  Z80:18cyc R800:5cyc
      |000131|0131|  CD 33 02
------+------+----+----------------------------------
    46|      |    |LD BC, 0x3605
      |      |    |  Z80:11cyc R800:3cyc
      |000134|0134|  01 05 36
------+------+----+----------------------------------
    47|      |    |CALL WRTVDP
      |      |    |  Z80:18cyc R800:5cyc
      |000137|0137|  CD 33 02
------+------+----+----------------------------------
    49|      |    |LD BC, 0x0706
      |      |    |  Z80:11cyc R800:3cyc
      |00013A|013A|  01 06 07
------+------+----+----------------------------------
    50|      |    |CALL WRTVDP
      |      |    |  Z80:18cyc R800:5cyc
      |00013D|013D|  CD 33 02
------+------+----+----------------------------------
    52|      |    |LD BC, 0xF707
      |      |    |  Z80:11cyc R800:3cyc
      |000140|0140|  01 07 F7
------+------+----+----------------------------------
    53|      |    |CALL WRTVDP
      |      |    |  Z80:18cyc R800:5cyc
      |000143|0143|  CD 33 02
------+------+----+----------------------------------
    55|      |    |LD BC, 0x0808
      |      |    |  Z80:11cyc R800:3cyc
      |000146|0146|  01 08 08
------+------+----+----------------------------------
    56|      |    |CALL WRTVDP
      |      |    |  Z80:18cyc R800:5cyc
      |000149|0149|  CD 33 02
------+------+----+----------------------------------
    58|      |    |LD BC, 0x0009
      |      |    |  Z80:11cyc R800:3cyc
      |00014C|014C|  01 09 00
------+------+----+----------------------------------
    59|      |    |CALL WRTVDP
      |      |    |  Z80:18cyc R800:5cyc
      |00014F|014F|  CD 33 02
------+------+----+----------------------------------
    61|      |    |LD BC, 0x0010
      |      |    |  Z80:11cyc R800:3cyc
      |000152|0152|  01 10 00
------+------+----+----------------------------------
    62|      |    |CALL WRTVDP
      |      |    |  Z80:18cyc R800:5cyc
      |000155|0155|  CD 33 02
------+------+----+----------------------------------
    64|      |    |LD HL, S_SET_COLOR_PALETTE
      |      |    |  Z80:11cyc R800:3cyc
      |000158|0158|  21 85 02
------+------+----+----------------------------------
    65|      |    |CALL PUTS
      |      |    |  Z80:18cyc R800:5cyc
      |00015B|015B|  CD 2A 02
------+------+----+----------------------------------
    67|      |    |LD C, VDP_PORT2
      |      |    |  Z80:8cyc R800:2cyc
      |00015E|015E|  0E 9A
------+------+----+----------------------------------
    68|      |    |LD A, 0x00
      |      |    |  Z80:8cyc R800:2cyc
      |000160|0160|  3E 00
------+------+----+----------------------------------
    69|      |    |OUT [ C ], A
      |      |    |  Z80:14cyc R800:10cyc/9cyc
      |000162|0162|  ED 79
------+------+----+----------------------------------
    70|      |    |LD A, 0x00
      |      |    |  Z80:8cyc R800:2cyc
      |000164|0164|  3E 00
------+------+----+----------------------------------
    71|      |    |OUT [ C ], A
      |      |    |  Z80:14cyc R800:10cyc/9cyc
      |000166|0166|  ED 79
------+------+----+----------------------------------
    72|      |    |LD A, 0x00
      |      |    |  Z80:8cyc R800:2cyc
      |000168|0168|  3E 00
------+------+----+----------------------------------
    73|      |    |OUT [ C ], A
      |      |    |  Z80:14cyc R800:10cyc/9cyc
      |00016A|016A|  ED 79
------+------+----+----------------------------------
    74|      |    |LD A, 0x00
      |      |    |  Z80:8cyc R800:2cyc
      |00016C|016C|  3E 00
------+------+----+----------------------------------
    75|      |    |OUT [ C ], A
      |      |    |  Z80:14cyc R800:10cyc/9cyc
      |00016E|016E|  ED 79
------+------+----+----------------------------------
    76|      |    |LD A, 0x11
      |      |    |  Z80:8cyc R800:2cyc
      |000170|0170|  3E 11
------+------+----+----------------------------------
    77|      |    |OUT [ C ], A
      |      |    |  Z80:14cyc R800:10cyc/9cyc
      |000172|0172|  ED 79
------+------+----+----------------------------------
    78|      |    |LD A, 0x06
      |      |    |  Z80:8cyc R800:2cyc
      |000174|0174|  3E 06
------+------+----+----------------------------------
    79|      |    |OUT [ C ], A
      |      |    |  Z80:14cyc R800:10cyc/9cyc
      |000176|0176|  ED 79
------+------+----+----------------------------------
    80|      |    |LD A, 0x33
      |      |    |  Z80:8cyc R800:2cyc
      |000178|0178|  3E 33
------+------+----+----------------------------------
    81|      |    |OUT [ C ], A
      |      |    |  Z80:14cyc R800:10cyc/9cyc
      |00017A|017A|  ED 79
------+------+----+----------------------------------
    82|      |    |LD A, 0x07
      |      |    |  Z80:8cyc R800:2cyc
      |00017C|017C|  3E 07
------+------+----+----------------------------------
    83|      |    |OUT [ C ], A
      |      |    |  Z80:14cyc R800:10cyc/9cyc
      |00017E|017E|  ED 79
------+------+----+----------------------------------
    84|      |    |LD A, 0x17
      |      |    |  Z80:8cyc R800:2cyc
      |000180|0180|  3E 17
------+------+----+----------------------------------
    85|      |    |OUT [ C ], A
      |      |    |  Z80:14cyc R800:10cyc/9cyc
      |000182|0182|  ED 79
------+------+----+----------------------------------
    86|      |    |LD A, 0x01
      |      |    |  Z80:8cyc R800:2cyc
      |000184|0184|  3E 01
------+------+----+----------------------------------
    87|      |    |OUT [ C ], A
      |      |    |  Z80:14cyc R800:10cyc/9cyc
      |000186|0186|  ED 79
------+------+----+----------------------------------
    88|      |    |LD A, 0x27
      |      |    |  Z80:8cyc R800:2cyc
      |000188|0188|  3E 27
------+------+----+----------------------------------
    89|      |    |OUT [ C ], A
      |      |    |  Z80:14cyc R800:10cyc/9cyc
      |00018A|018A|  ED 79
------+------+----+----------------------------------
    90|      |    |LD A, 0x03
      |      |    |  Z80:8cyc R800:2cyc
      |00018C|018C|  3E 03
------+------+----+----------------------------------
    91|      |    |OUT [ C ], A
      |      |    |  Z80:14cyc R800:10cyc/9cyc
      |00018E|018E|  ED 79
------+------+----+----------------------------------
    92|      |    |LD A, 0x51
      |      |    |  Z80:8cyc R800:2cyc
      |000190|0190|  3E 51
------+------+----+----------------------------------
    93|      |    |OUT [ C ], A
      |      |    |  Z80:14cyc R800:10cyc/9cyc
      |000192|0192|  ED 79
------+------+----+----------------------------------
    94|      |    |LD A, 0x01
      |      |    |  Z80:8cyc R800:2cyc
      |000194|0194|  3E 01
------+------+----+----------------------------------
    95|      |    |OUT [ C ], A
      |      |    |  Z80:14cyc R800:10cyc/9cyc
      |000196|0196|  ED 79
------+------+----+----------------------------------
    96|      |    |LD A, 0x27
      |      |    |  Z80:8cyc R800:2cyc
      |000198|0198|  3E 27
------+------+----+----------------------------------
    97|      |    |OUT [ C ], A
      |      |    |  Z80:14cyc R800:10cyc/9cyc
      |00019A|019A|  ED 79
------+------+----+----------------------------------
    98|      |    |LD A, 0x06
      |      |    |  Z80:8cyc R800:2cyc
      |00019C|019C|  3E 06
------+------+----+----------------------------------
    99|      |    |OUT [ C ], A
      |      |    |  Z80:14cyc R800:10cyc/9cyc
      |00019E|019E|  ED 79
------+------+----+----------------------------------
   100|      |    |LD A, 0x71
      |      |    |  Z80:8cyc R800:2cyc
      |0001A0|01A0|  3E 71
------+------+----+----------------------------------
   101|      |    |OUT [ C ], A
      |      |    |  Z80:14cyc R800:10cyc/9cyc
      |0001A2|01A2|  ED 79
------+------+----+----------------------------------
   102|      |    |LD A, 0x01
      |      |    |  Z80:8cyc R800:2cyc
      |0001A4|01A4|  3E 01
------+------+----+----------------------------------
   103|      |    |OUT [ C ], A
      |      |    |  Z80:14cyc R800:10cyc/9cyc
      |0001A6|01A6|  ED 79
------+------+----+----------------------------------
   104|      |    |LD A, 0x73
      |      |    |  Z80:8cyc R800:2cyc
      |0001A8|01A8|  3E 73
------+------+----+----------------------------------
   105|      |    |OUT [ C ], A
      |      |    |  Z80:14cyc R800:10cyc/9cyc
      |0001AA|01AA|  ED 79
------+------+----+----------------------------------
   106|      |    |LD A, 0x03
      |      |    |  Z80:8cyc R800:2cyc
      |0001AC|01AC|  3E 03
------+------+----+----------------------------------
   107|      |    |OUT [ C ], A
      |      |    |  Z80:14cyc R800:10cyc/9cyc
      |0001AE|01AE|  ED 79
------+------+----+----------------------------------
   108|      |    |LD A, 0x61
      |      |    |  Z80:8cyc R800:2cyc
      |0001B0|01B0|  3E 61
------+------+----+----------------------------------
   109|      |    |OUT [ C ], A
      |      |    |  Z80:14cyc R800:10cyc/9cyc
      |0001B2|01B2|  ED 79
------+------+----+----------------------------------
   110|      |    |LD A, 0x06
      |      |    |  Z80:8cyc R800:2cyc
      |0001B4|01B4|  3E 06
------+------+----+----------------------------------
   111|      |    |OUT [ C ], A
      |      |    |  Z80:14cyc R800:10cyc/9cyc
      |0001B6|01B6|  ED 79
------+------+----+----------------------------------
   112|      |    |LD A, 0x64
      |      |    |  Z80:8cyc R800:2cyc
      |0001B8|01B8|  3E 64
------+------+----+----------------------------------
   113|      |    |OUT [ C ], A
      |      |    |  Z80:14cyc R800:10cyc/9cyc
      |0001BA|01BA|  ED 79
------+------+----+----------------------------------
   114|      |    |LD A, 0x06
      |      |    |  Z80:8cyc R800:2cyc
      |0001BC|01BC|  3E 06
------+------+----+----------------------------------
   115|      |    |OUT [ C ], A
      |      |    |  Z80:14cyc R800:10cyc/9cyc
      |0001BE|01BE|  ED 79
------+------+----+----------------------------------
   116|      |    |LD A, 0x11
      |      |    |  Z80:8cyc R800:2cyc
      |0001C0|01C0|  3E 11
------+------+----+----------------------------------
   117|      |    |OUT [ C ], A
      |      |    |  Z80:14cyc R800:10cyc/9cyc
      |0001C2|01C2|  ED 79
------+------+----+----------------------------------
   118|      |    |LD A, 0x04
      |      |    |  Z80:8cyc R800:2cyc
      |0001C4|01C4|  3E 04
------+------+----+----------------------------------
   119|      |    |OUT [ C ], A
      |      |    |  Z80:14cyc R800:10cyc/9cyc
      |0001C6|01C6|  ED 79
------+------+----+----------------------------------
   120|      |    |LD A, 0x65
      |      |    |  Z80:8cyc R800:2cyc
      |0001C8|01C8|  3E 65
------+------+----+----------------------------------
   121|      |    |OUT [ C ], A
      |      |    |  Z80:14cyc R800:10cyc/9cyc
      |0001CA|01CA|  ED 79
------+------+----+----------------------------------
   122|      |    |LD A, 0x02
      |      |    |  Z80:8cyc R800:2cyc
      |0001CC|01CC|  3E 02
------+------+----+----------------------------------
   123|      |    |OUT [ C ], A
      |      |    |  Z80:14cyc R800:10cyc/9cyc
      |0001CE|01CE|  ED 79
------+------+----+----------------------------------
   124|      |    |LD A, 0x55
      |      |    |  Z80:8cyc R800:2cyc
      |0001D0|01D0|  3E 55
------+------+----+----------------------------------
   125|      |    |OUT [ C ], A
      |      |    |  Z80:14cyc R800:10cyc/9cyc
      |0001D2|01D2|  ED 79
------+------+----+----------------------------------
   126|      |    |LD A, 0x05
      |      |    |  Z80:8cyc R800:2cyc
      |0001D4|01D4|  3E 05
------+------+----+----------------------------------
   127|      |    |OUT [ C ], A
      |      |    |  Z80:14cyc R800:10cyc/9cyc
      |0001D6|01D6|  ED 79
------+------+----+----------------------------------
   128|      |    |LD A, 0x77
      |      |    |  Z80:8cyc R800:2cyc
      |0001D8|01D8|  3E 77
------+------+----+----------------------------------
   129|      |    |OUT [ C ], A
      |      |    |  Z80:14cyc R800:10cyc/9cyc
      |0001DA|01DA|  ED 79
------+------+----+----------------------------------
   130|      |    |LD A, 0x07
      |      |    |  Z80:8cyc R800:2cyc
      |0001DC|01DC|  3E 07
------+------+----+----------------------------------
   131|      |    |OUT [ C ], A
      |      |    |  Z80:14cyc R800:10cyc/9cyc
      |0001DE|01DE|  ED 79
------+------+----+----------------------------------
   133|      |    |LD HL, S_CLEAR_VRAM
      |      |    |  Z80:11cyc R800:3cyc
      |0001E0|01E0|  21 9C 02
------+------+----+----------------------------------
   134|      |    |CALL PUTS
      |      |    |  Z80:18cyc R800:5cyc
      |0001E3|01E3|  CD 2A 02
------+------+----+----------------------------------
   136|      |    |LD HL, 0x0000
      |      |    |  Z80:11cyc R800:3cyc
      |0001E6|01E6|  21 00 00
------+------+----+----------------------------------
   137|      |    |LD BC, 0x4000
      |      |    |  Z80:11cyc R800:3cyc
      |0001E9|01E9|  01 00 40
------+------+----+----------------------------------
   138|      |    |XOR A, A
      |      |    |  Z80:5cyc R800:1cyc
      |0001EC|01EC|  AF
------+------+----+----------------------------------
   139|      |    |CALL FILVRM
      |      |    |  Z80:18cyc R800:5cyc
      |0001ED|01ED|  CD 47 02
------+------+----+----------------------------------
   141|      |    |LD HL, 0x2000
      |      |    |  Z80:11cyc R800:3cyc
      |0001F0|01F0|  21 00 20
------+------+----+----------------------------------
   142|      |    |LD BC, 32
      |      |    |  Z80:11cyc R800:3cyc
      |0001F3|01F3|  01 20 00
------+------+----+----------------------------------
   143|      |    |LD A, 0xF4
      |      |    |  Z80:8cyc R800:2cyc
      |0001F6|01F6|  3E F4
------+------+----+----------------------------------
   144|      |    |CALL FILVRM
      |      |    |  Z80:18cyc R800:5cyc
      |0001F8|01F8|  CD 47 02
------+------+----+----------------------------------
   146|      |    |LD HL, MSXFONT
      |      |    |  Z80:11cyc R800:3cyc
      |0001FB|01FB|  21 99 03
------+------+----+----------------------------------
   147|      |    |LD DE, 0x0000
      |      |    |  Z80:11cyc R800:3cyc
      |0001FE|01FE|  11 00 00
------+------+----+----------------------------------
   148|      |    |LD BC, 256 * 8
      |      |    |  Z80:11cyc R800:3cyc
      |000201|0201|  01 00 08
------+------+----+----------------------------------
   149|      |    |CALL LDIRVM
      |      |    |  Z80:18cyc R800:5cyc
      |000204|0204|  CD 58 02
------+------+----+----------------------------------
   151|      |    |LD HL, NAME_TABLE
      |      |    |  Z80:11cyc R800:3cyc
      |000207|0207|  21 B6 02
------+------+----+----------------------------------
   152|      |    |LD DE, 0x1800
      |      |    |  Z80:11cyc R800:3cyc
      |00020A|020A|  11 00 18
------+------+----+----------------------------------
   153|      |    |LD BC, NAME_TABLE_END - NAME_TABLE
      |      |    |  Z80:11cyc R800:3cyc
      |00020D|020D|  01 E3 00
------+------+----+----------------------------------
   154|      |    |CALL LDIRVM
      |      |    |  Z80:18cyc R800:5cyc
      |000210|0210|  CD 58 02
------+------+----+----------------------------------
   156|      |    |LD HL, S_FINISH
      |      |    |  Z80:11cyc R800:3cyc
      |000213|0213|  21 AC 02
------+------+----+----------------------------------
   157|      |    |CALL PUTS
      |      |    |  Z80:18cyc R800:5cyc
      |000216|0216|  CD 2A 02
------+------+----+----------------------------------
   158|      |    |HALT
      |      |    |  Z80:5cyc R800:2cycAnd wait interrupt.
      |000219|0219|  76
------+------+----+----------------------------------
   171|      |    |SCOPE GETKEY
      |      |    |  Enter scope: GETKEY:
------+------+----+----------------------------------
   172|      |    |GETKEY ::
      |      |    |  global label [GETKEY] address: 0x00021a
------+------+----+----------------------------------
   173|      |    |IN A, [ UART ]
      |      |    |  Z80:12cyc R800:10cyc/9cyc
      |00021A|021A|  DB 10
------+------+----+----------------------------------
   174|      |    |RLCA
      |      |    |  Z80:5cyc R800:1cyc
      |00021C|021C|  07
------+------+----+----------------------------------
   175|      |    |RLCA
      |      |    |  Z80:5cyc R800:1cyc
      |00021D|021D|  07
------+------+----+----------------------------------
   176|      |    |RET
      |      |    |  Z80:11cyc R800:5cyc
      |00021E|021E|  C9
------+------+----+----------------------------------
   177|      |    |ENDSCOPE
      |      |    |  Exit scope: GETKEY:
------+------+----+----------------------------------
   188|      |    |SCOPE PUTC
      |      |    |  Enter scope: PUTC:
------+------+----+----------------------------------
   189|      |    |PUTC ::
      |      |    |  global label [PUTC] address: 0x00021f
------+------+----+----------------------------------
   190|      |    |LD C, UART
      |      |    |  Z80:8cyc R800:2cyc
      |00021F|021F|  0E 10
------+------+----+----------------------------------
   191|      |    |WAIT_LOOP :
      |      |    |  label [PUTC:WAIT_LOOP] address: 0x000221
------+------+----+----------------------------------
   192|      |    |IN B, [ C ]
      |      |    |  Z80:14cyc R800:10cyc/9cyc
      |000221|0221|  ED 40
------+------+----+----------------------------------
   193|      |    |RR B
      |      |    |  Z80:10cyc R800:2cyc
      |000223|0223|  CB 18
------+------+----+----------------------------------
   194|      |    |JR C, WAIT_LOOP
      |      |    |  Z80:13cyc/8cyc R800:3cyc/2cyc
      |000225|0225|  38 FA
------+------+----+----------------------------------
   195|      |    |OUT [ C ], A
      |      |    |  Z80:14cyc R800:10cyc/9cyc
      |000227|0227|  ED 79
------+------+----+----------------------------------
   196|      |    |RET
      |      |    |  Z80:11cyc R800:5cyc
      |000229|0229|  C9
------+------+----+----------------------------------
   197|      |    |ENDSCOPE
      |      |    |  Exit scope: PUTC:
------+------+----+----------------------------------
   208|      |    |SCOPE PUTS
      |      |    |  Enter scope: PUTS:
------+------+----+----------------------------------
   209|      |    |PUTS ::
      |      |    |  global label [PUTS] address: 0x00022a
------+------+----+----------------------------------
   210|      |    |LD A, [ HL ]
      |      |    |  Z80:8cyc R800:4cyc
      |00022A|022A|  7E
------+------+----+----------------------------------
   211|      |    |INC HL
      |      |    |  Z80:7cyc R800:1cyc
      |00022B|022B|  23
------+------+----+----------------------------------
   212|      |    |OR A, A
      |      |    |  Z80:5cyc R800:1cyc
      |00022C|022C|  B7
------+------+----+----------------------------------
   213|      |    |RET Z
      |      |    |  Z80:12cyc/6cyc R800:5cyc/1cyc
      |00022D|022D|  C8
------+------+----+----------------------------------
   214|      |    |CALL PUTC
      |      |    |  Z80:18cyc R800:5cyc
      |00022E|022E|  CD 1F 02
------+------+----+----------------------------------
   215|      |    |JR PUTS
      |      |    |  Z80:13cyc R800:3cyc
      |000231|0231|  18 F7
------+------+----+----------------------------------
   216|      |    |ENDSCOPE
      |      |    |  Exit scope: PUTS:
------+------+----+----------------------------------
   226|      |    |SCOPE WRTVDP
      |      |    |  Enter scope: WRTVDP:
------+------+----+----------------------------------
   227|      |    |WRTVDP ::
      |      |    |  global label [WRTVDP] address: 0x000233
------+------+----+----------------------------------
   228|      |    |LD A, B
      |      |    |  Z80:5cyc R800:2cyc
      |000233|0233|  78
------+------+----+----------------------------------
   229|      |    |OUT [ VDP_PORT1 ], A
      |      |    |  Z80:12cyc R800:10cyc/9cyc
      |000234|0234|  D3 99
------+------+----+----------------------------------
   230|      |    |LD A, C
      |      |    |  Z80:5cyc R800:2cyc
      |000236|0236|  79
------+------+----+----------------------------------
   231|      |    |OR A, 0x80
      |      |    |  Z80:8cyc R800:2cyc
      |000237|0237|  F6 80
------+------+----+----------------------------------
   232|      |    |OUT [ VDP_PORT1 ], A
      |      |    |  Z80:12cyc R800:10cyc/9cyc
      |000239|0239|  D3 99
------+------+----+----------------------------------
   233|      |    |RET
      |      |    |  Z80:11cyc R800:5cyc
      |00023B|023B|  C9
------+------+----+----------------------------------
   234|      |    |ENDSCOPE
      |      |    |  Exit scope: WRTVDP:
------+------+----+----------------------------------
   243|      |    |SCOPE SETWRT
      |      |    |  Enter scope: SETWRT:
------+------+----+----------------------------------
   244|      |    |SETWRT ::
      |      |    |  global label [SETWRT] address: 0x00023c
------+------+----+----------------------------------
   245|      |    |LD A, L
      |      |    |  Z80:5cyc R800:2cyc
      |00023C|023C|  7D
------+------+----+----------------------------------
   246|      |    |OUT [ VDP_PORT1 ], A
      |      |    |  Z80:12cyc R800:10cyc/9cyc
      |00023D|023D|  D3 99
------+------+----+----------------------------------
   247|      |    |LD A, H
      |      |    |  Z80:5cyc R800:2cyc
      |00023F|023F|  7C
------+------+----+----------------------------------
   248|      |    |AND A, 0x3F
      |      |    |  Z80:8cyc R800:2cyc
      |000240|0240|  E6 3F
------+------+----+----------------------------------
   249|      |    |OR A, 0x40
      |      |    |  Z80:8cyc R800:2cyc
      |000242|0242|  F6 40
------+------+----+----------------------------------
   250|      |    |OUT [ VDP_PORT1 ], A
      |      |    |  Z80:12cyc R800:10cyc/9cyc
      |000244|0244|  D3 99
------+------+----+----------------------------------
   251|      |    |RET
      |      |    |  Z80:11cyc R800:5cyc
      |000246|0246|  C9
------+------+----+----------------------------------
   252|      |    |ENDSCOPE
      |      |    |  Exit scope: SETWRT:
------+------+----+----------------------------------
   263|      |    |SCOPE FILVRM
      |      |    |  Enter scope: FILVRM:
------+------+----+----------------------------------
   264|      |    |FILVRM ::
      |      |    |  global label [FILVRM] address: 0x000247
------+------+----+----------------------------------
   265|      |    |PUSH AF
      |      |    |  Z80:12cyc R800:6cyc
      |000247|0247|  F5
------+------+----+----------------------------------
   266|      |    |CALL SETWRT
      |      |    |  Z80:18cyc R800:5cyc
      |000248|0248|  CD 3C 02
------+------+----+----------------------------------
   267|      |    |POP AF
      |      |    |  Z80:11cyc R800:5cyc
      |00024B|024B|  F1
------+------+----+----------------------------------
   268|      |    |PUSH HL
      |      |    |  Z80:12cyc R800:6cyc
      |00024C|024C|  E5
------+------+----+----------------------------------
   269|      |    |LD L, A
      |      |    |  Z80:5cyc R800:2cyc
      |00024D|024D|  6F
------+------+----+----------------------------------
   270|      |    |LOOP :
      |      |    |  label [FILVRM:LOOP] address: 0x00024e
------+------+----+----------------------------------
   271|      |    |LD A, L
      |      |    |  Z80:5cyc R800:2cyc
      |00024E|024E|  7D
------+------+----+----------------------------------
   272|      |    |OUT [ VDP_PORT0 ], A
      |      |    |  Z80:12cyc R800:10cyc/9cyc
      |00024F|024F|  D3 98
------+------+----+----------------------------------
   273|      |    |DEC BC
      |      |    |  Z80:7cyc R800:1cyc
      |000251|0251|  0B
------+------+----+----------------------------------
   274|      |    |LD A, C
      |      |    |  Z80:5cyc R800:2cyc
      |000252|0252|  79
------+------+----+----------------------------------
   275|      |    |OR A, B
      |      |    |  Z80:5cyc R800:1cyc
      |000253|0253|  B0
------+------+----+----------------------------------
   276|      |    |JR NZ, LOOP
      |      |    |  Z80:13cyc/8cyc R800:3cyc/2cyc
      |000254|0254|  20 F8
------+------+----+----------------------------------
   277|      |    |POP HL
      |      |    |  Z80:11cyc R800:5cyc
      |000256|0256|  E1
------+------+----+----------------------------------
   278|      |    |RET
      |      |    |  Z80:11cyc R800:5cyc
      |000257|0257|  C9
------+------+----+----------------------------------
   279|      |    |ENDSCOPE
      |      |    |  Exit scope: FILVRM:
------+------+----+----------------------------------
   290|      |    |SCOPE LDIRVM
      |      |    |  Enter scope: LDIRVM:
------+------+----+----------------------------------
   291|      |    |LDIRVM ::
      |      |    |  global label [LDIRVM] address: 0x000258
------+------+----+----------------------------------
   292|      |    |EX DE, HL
      |      |    |  Z80:5cyc R800:1cyc
      |000258|0258|  EB
------+------+----+----------------------------------
   293|      |    |CALL SETWRT
      |      |    |  Z80:18cyc R800:5cyc
      |000259|0259|  CD 3C 02
------+------+----+----------------------------------
   294|      |    |EX DE, HL
      |      |    |  Z80:5cyc R800:1cyc
      |00025C|025C|  EB
------+------+----+----------------------------------
   295|      |    |LOOP :
      |      |    |  label [LDIRVM:LOOP] address: 0x00025d
------+------+----+----------------------------------
   296|      |    |LD A, [ HL ]
      |      |    |  Z80:8cyc R800:4cyc
      |00025D|025D|  7E
------+------+----+----------------------------------
   297|      |    |INC HL
      |      |    |  Z80:7cyc R800:1cyc
      |00025E|025E|  23
------+------+----+----------------------------------
   298|      |    |OUT [ VDP_PORT0 ], A
      |      |    |  Z80:12cyc R800:10cyc/9cyc
      |00025F|025F|  D3 98
------+------+----+----------------------------------
   299|      |    |DEC BC
      |      |    |  Z80:7cyc R800:1cyc
      |000261|0261|  0B
------+------+----+----------------------------------
   300|      |    |LD A, C
      |      |    |  Z80:5cyc R800:2cyc
      |000262|0262|  79
------+------+----+----------------------------------
   301|      |    |OR A, B
      |      |    |  Z80:5cyc R800:1cyc
      |000263|0263|  B0
------+------+----+----------------------------------
   302|      |    |JR NZ, LOOP
      |      |    |  Z80:13cyc/8cyc R800:3cyc/2cyc
      |000264|0264|  20 F7
------+------+----+----------------------------------
   303|      |    |RET
      |      |    |  Z80:11cyc R800:5cyc
      |000266|0266|  C9
------+------+----+----------------------------------
   304|      |    |ENDSCOPE
      |      |    |  Exit scope: LDIRVM:
------+------+----+----------------------------------
   306|      |    |S_START :
      |      |    |  label [S_START] address: 0x000267
------+------+----+----------------------------------
   307|      |    |DB "Start DEMO", 0x0D, 0x0A, 0
      |000267|0267|  53 74 61 72 74 20 44 45
      |00026F|026F|  4D 4F 0D 0A 00
------+------+----+----------------------------------
   308|      |    |S_SET_MODE :
      |      |    |  label [S_SET_MODE] address: 0x000274
------+------+----+----------------------------------
   309|      |    |DB "-- set SCREEN1", 0x0D, 0x0A, 0
      |000274|0274|  2D 2D 20 73 65 74 20 53
      |00027C|027C|  43 52 45 45 4E 31 0D 0A
      |000284|0284|  00
------+------+----+----------------------------------
   310|      |    |S_SET_COLOR_PALETTE :
      |      |    |  label [S_SET_COLOR_PALETTE] address: 0x000285
------+------+----+----------------------------------
   311|      |    |DB "-- set COLOR PALETTE", 0x0D, 0x0A, 0
      |000285|0285|  2D 2D 20 73 65 74 20 43
      |00028D|028D|  4F 4C 4F 52 20 50 41 4C
      |000295|0295|  45 54 54 45 0D 0A 00
------+------+----+----------------------------------
   312|      |    |S_CLEAR_VRAM :
      |      |    |  label [S_CLEAR_VRAM] address: 0x00029c
------+------+----+----------------------------------
   313|      |    |DB "-- clear VRAM", 0x0D, 0x0A, 0
      |00029C|029C|  2D 2D 20 63 6C 65 61 72
      |0002A4|02A4|  20 56 52 41 4D 0D 0A 00
------+------+----+----------------------------------
   314|      |    |S_FINISH :
      |      |    |  label [S_FINISH] address: 0x0002ac
------+------+----+----------------------------------
   315|      |    |DB "Finish.", 0x0D, 0x0A, 0
      |0002AC|02AC|  46 69 6E 69 73 68 2E 0D
      |0002B4|02B4|  0A 00
------+------+----+----------------------------------
   317|      |    |NAME_TABLE ::
      |      |    |  global label [NAME_TABLE] address: 0x0002b6
------+------+----+----------------------------------
   318|      |    |DB "  MSX-BASIC version 5.0         "
      |0002B6|02B6|  20 20 4D 53 58 2D 42 41
      |0002BE|02BE|  53 49 43 20 76 65 72 73
      |0002C6|02C6|  69 6F 6E 20 35 2E 30 20
      |0002CE|02CE|  20 20 20 20 20 20 20 20
------+------+----+----------------------------------
   319|      |    |DB "  Copyright 2025 by Microsoft   "
      |0002D6|02D6|  20 20 43 6F 70 79 72 69
      |0002DE|02DE|  67 68 74 20 32 30 32 35
      |0002E6|02E6|  20 62 79 20 4D 69 63 72
      |0002EE|02EE|  6F 73 6F 66 74 20 20 20
------+------+----+----------------------------------
   320|      |    |DB "  IoT Media Lab 2025            "
      |0002F6|02F6|  20 20 49 6F 54 20 4D 65
      |0002FE|02FE|  64 69 61 20 4C 61 62 20
      |000306|0306|  32 30 32 35 20 20 20 20
      |00030E|030E|  20 20 20 20 20 20 20 20
------+------+----+----------------------------------
   321|      |    |DB "  MSX Licensing Corp 2025       "
      |000316|0316|  20 20 4D 53 58 20 4C 69
      |00031E|031E|  63 65 6E 73 69 6E 67 20
      |000326|0326|  43 6F 72 70 20 32 30 32
      |00032E|032E|  35 20 20 20 20 20 20 20
------+------+----+----------------------------------
   322|      |    |DB "  25271 Bytes free              "
      |000336|0336|  20 20 32 35 32 37 31 20
      |00033E|033E|  42 79 74 65 73 20 66 72
      |000346|0346|  65 65 20 20 20 20 20 20
      |00034E|034E|  20 20 20 20 20 20 20 20
------+------+----+----------------------------------
   323|      |    |DB "  Disk BASIC version 3.00       "
      |000356|0356|  20 20 44 69 73 6B 20 42
      |00035E|035E|  41 53 49 43 20 76 65 72
      |000366|0366|  73 69 6F 6E 20 33 2E 30
      |00036E|036E|  30 20 20 20 20 20 20 20
------+------+----+----------------------------------
   324|      |    |DB "  Ok                            "
      |000376|0376|  20 20 4F 6B 20 20 20 20
      |00037E|037E|  20 20 20 20 20 20 20 20
      |000386|0386|  20 20 20 20 20 20 20 20
      |00038E|038E|  20 20 20 20 20 20 20 20
------+------+----+----------------------------------
   325|      |    |DB "  ", 255
      |000396|0396|  20 20 FF
------+------+----+----------------------------------
   326|      |    |NAME_TABLE_END ::
      |      |    |  global label [NAME_TABLE_END] address: 0x000399
------+------+----+----------------------------------
   328|      |    |MSXFONT ::
      |      |    |  global label [MSXFONT] address: 0x000399
------+------+----+----------------------------------
   329|      |    |BINARY_LINK "msxfont.rom"
      |000399|0399|  00 00 00 00 00 00 00 00
      |0003A1|03A1|  7E 42 7E 42 7E 42 82 00
      |0003A9|03A9|  10 92 54 10 28 44 82 00
      |0003B1|03B1|  12 14 F8 14 34 52 92 00
      |0003B9|03B9|  10 10 FE 10 38 54 92 00
      |0003C1|03C1|  10 28 7C 92 38 54 FE 00
      |0003C9|03C9|  10 10 10 7C 10 10 FE 00
      |0003D1|03D1|  7E 42 42 7E 42 42 7E 00
      |0003D9|03D9|  40 7E 48 3C 28 7E 08 00
      |0003E1|03E1|  FE 92 92 FE 82 82 86 00
      |0003E9|03E9|  04 EE A4 EF A2 EA 06 00
      |0003F1|03F1|  28 44 82 3C 14 24 4C 00
      |0003F9|03F9|  28 C8 5C EA 6C C8 50 00
      |000401|0401|  7C 20 7C 44 7C 44 7C 00
      |000409|0409|  0C 70 10 FE 10 10 10 00
      |000411|0411|  7E 10 1E 12 22 44 08 00
      |000419|0419|  00 7C 28 28 28 4E 00 00
      |000421|0421|  10 10 10 FF 00 00 00 00
      |000429|0429|  00 00 00 FF 10 10 10 10
      |000431|0431|  10 10 10 F0 10 10 10 10
      |000439|0439|  10 10 10 1F 10 10 10 10
      |000441|0441|  10 10 10 FF 10 10 10 10
      |000449|0449|  10 10 10 10 10 10 10 10
      |000451|0451|  00 00 00 FF 00 00 00 00
      |000459|0459|  00 00 00 1F 10 10 10 10
      |000461|0461|  00 00 00 F0 10 10 10 10
      |000469|0469|  10 10 10 1F 00 00 00 00
      |000471|0471|  10 10 10 F0 00 00 00 00
      |000479|0479|  81 42 24 18 18 24 42 81
      |000481|0481|  10 7C 10 10 28 44 82 00
      |000489|0489|  10 10 FE 92 FE 10 10 00
      |000491|0491|  10 10 54 54 92 10 30 00
      |000499|0499|  00 00 00 00 00 00 00 00
      |0004A1|04A1|  20 20 20 20 00 00 20 00
      |0004A9|04A9|  50 50 50 00 00 00 00 00
      |0004B1|04B1|  50 50 F8 50 F8 50 50 00
      |0004B9|04B9|  20 78 A0 70 28 F0 20 00
      |0004C1|04C1|  C0 C8 10 20 40 98 18 00
      |0004C9|04C9|  40 A0 40 A8 90 98 60 00
      |0004D1|04D1|  10 20 40 00 00 00 00 00
      |0004D9|04D9|  10 20 40 40 40 20 10 00
      |0004E1|04E1|  40 20 10 10 10 20 40 00
      |0004E9|04E9|  20 A8 70 20 70 A8 20 00
      |0004F1|04F1|  00 20 20 F8 20 20 00 00
      |0004F9|04F9|  00 00 00 00 00 20 20 40
      |000501|0501|  00 00 00 78 00 00 00 00
      |000509|0509|  00 00 00 00 00 60 60 00
      |000511|0511|  00 00 08 10 20 40 80 00
      |000519|0519|  70 88 98 A8 C8 88 70 00
      |000521|0521|  20 60 A0 20 20 20 F8 00
      |000529|0529|  70 88 08 10 60 80 F8 00
      |000531|0531|  70 88 08 30 08 88 70 00
      |000539|0539|  10 30 50 90 F8 10 10 00
      |000541|0541|  F8 80 E0 10 08 10 E0 00
      |000549|0549|  30 40 80 F0 88 88 70 00
      |000551|0551|  F8 88 10 20 20 20 20 00
      |000559|0559|  70 88 88 70 88 88 70 00
      |000561|0561|  70 88 88 78 08 10 60 00
      |000569|0569|  00 00 20 00 00 20 00 00
      |000571|0571|  00 00 20 00 00 20 20 40
      |000579|0579|  18 30 60 C0 60 30 18 00
      |000581|0581|  00 00 F8 00 F8 00 00 00
      |000589|0589|  C0 60 30 18 30 60 C0 00
      |000591|0591|  70 88 08 10 20 00 20 00
      |000599|0599|  70 88 08 68 A8 A8 70 00
      |0005A1|05A1|  20 50 88 88 F8 88 88 00
      |0005A9|05A9|  F0 48 48 70 48 48 F0 00
      |0005B1|05B1|  30 48 80 80 80 48 30 00
      |0005B9|05B9|  E0 50 48 48 48 50 E0 00
      |0005C1|05C1|  F8 80 80 F0 80 80 F8 00
      |0005C9|05C9|  F8 80 80 F0 80 80 80 00
      |0005D1|05D1|  70 88 80 B8 88 88 70 00
      |0005D9|05D9|  88 88 88 F8 88 88 88 00
      |0005E1|05E1|  70 20 20 20 20 20 70 00
      |0005E9|05E9|  38 10 10 10 90 90 60 00
      |0005F1|05F1|  88 90 A0 C0 A0 90 88 00
      |0005F9|05F9|  80 80 80 80 80 80 F8 00
      |000601|0601|  88 D8 A8 A8 88 88 88 00
      |000609|0609|  88 C8 C8 A8 98 98 88 00
      |000611|0611|  70 88 88 88 88 88 70 00
      |000619|0619|  F0 88 88 F0 80 80 80 00
      |000621|0621|  70 88 88 88 A8 90 68 00
      |000629|0629|  F0 88 88 F0 A0 90 88 00
      |000631|0631|  70 88 80 70 08 88 70 00
      |000639|0639|  F8 20 20 20 20 20 20 00
      |000641|0641|  88 88 88 88 88 88 70 00
      |000649|0649|  88 88 88 88 50 50 20 00
      |000651|0651|  88 88 88 A8 A8 D8 88 00
      |000659|0659|  88 88 50 20 50 88 88 00
      |000661|0661|  88 88 88 70 20 20 20 00
      |000669|0669|  F8 08 10 20 40 80 F8 00
      |000671|0671|  70 40 40 40 40 40 70 00
      |000679|0679|  88 50 20 70 20 70 20 00
      |000681|0681|  70 10 10 10 10 10 70 00
      |000689|0689|  20 50 88 00 00 00 00 00
      |000691|0691|  00 00 00 00 00 00 F8 00
      |000699|0699|  40 20 10 00 00 00 00 00
      |0006A1|06A1|  00 00 70 08 78 88 78 00
      |0006A9|06A9|  80 80 B0 C8 88 C8 B0 00
      |0006B1|06B1|  00 00 70 88 80 88 70 00
      |0006B9|06B9|  08 08 68 98 88 98 68 00
      |0006C1|06C1|  00 00 70 88 F8 80 70 00
      |0006C9|06C9|  10 28 20 F8 20 20 20 00
      |0006D1|06D1|  00 00 68 98 98 68 08 70
      |0006D9|06D9|  80 80 F0 88 88 88 88 00
      |0006E1|06E1|  20 00 60 20 20 20 70 00
      |0006E9|06E9|  10 00 30 10 10 10 90 60
      |0006F1|06F1|  40 40 48 50 60 50 48 00
      |0006F9|06F9|  60 20 20 20 20 20 70 00
      |000701|0701|  00 00 D0 A8 A8 A8 A8 00
      |000709|0709|  00 00 B0 C8 88 88 88 00
      |000711|0711|  00 00 70 88 88 88 70 00
      |000719|0719|  00 00 B0 C8 C8 B0 80 80
      |000721|0721|  00 00 68 98 98 68 08 08
      |000729|0729|  00 00 B0 C8 80 80 80 00
      |000731|0731|  00 00 78 80 F0 08 F0 00
      |000739|0739|  40 40 F0 40 40 48 30 00
      |000741|0741|  00 00 90 90 90 90 68 00
      |000749|0749|  00 00 88 88 88 50 20 00
      |000751|0751|  00 00 88 A8 A8 A8 50 00
      |000759|0759|  00 00 88 50 20 50 88 00
      |000761|0761|  00 00 88 88 98 68 08 70
      |000769|0769|  00 00 F8 10 20 40 F8 00
      |000771|0771|  18 20 20 40 20 20 18 00
      |000779|0779|  20 20 20 00 20 20 20 00
      |000781|0781|  C0 20 20 10 20 20 C0 00
      |000789|0789|  40 A8 10 00 00 00 00 00
      |000791|0791|  00 00 00 00 00 00 00 00
      |000799|0799|  10 38 7C FE FE 38 7C 00
      |0007A1|07A1|  6C FE FE FE 7C 38 10 00
      |0007A9|07A9|  38 38 FE FE D6 10 7C 00
      |0007B1|07B1|  10 38 7C FE 7C 38 10 00
      |0007B9|07B9|  00 78 84 84 84 84 78 00
      |0007C1|07C1|  00 78 FC FC FC FC 78 00
      |0007C9|07C9|  20 F0 4C 70 A8 40 3C 00
      |0007D1|07D1|  00 20 78 20 78 B4 64 00
      |0007D9|07D9|  00 00 88 84 84 84 40 00
      |0007E1|07E1|  00 70 00 70 88 08 30 00
      |0007E9|07E9|  00 70 00 F0 20 60 98 00
      |0007F1|07F1|  00 20 F8 24 78 A4 68 00
      |0007F9|07F9|  00 90 58 64 A8 20 10 00
      |000801|0801|  00 10 B8 D4 94 18 20 00
      |000809|0809|  00 10 1C 10 70 98 74 00
      |000811|0811|  00 00 00 78 04 04 38 00
      |000819|0819|  00 00 00 00 00 00 00 00
      |000821|0821|  20 7C 20 7C AA 92 64 00
      |000829|0829|  00 84 82 82 82 80 40 00
      |000831|0831|  38 00 38 44 04 08 30 00
      |000839|0839|  70 00 F8 10 20 60 9C 00
      |000841|0841|  24 FA 20 7C A2 A2 44 00
      |000849|0849|  40 44 F2 4A 48 88 30 00
      |000851|0851|  20 FC 10 FC 08 80 78 00
      |000859|0859|  08 10 20 40 20 10 08 00
      |000861|0861|  04 84 9E 84 84 84 48 00
      |000869|0869|  78 04 00 00 00 80 7C 00
      |000871|0871|  10 FE 08 04 04 80 78 00
      |000879|0879|  80 80 80 80 84 88 70 00
      |000881|0881|  08 FE 38 48 38 08 10 00
      |000889|0889|  44 44 FE 44 48 40 3C 00
      |000891|0891|  44 28 FE 20 40 40 3C 00
      |000899|0899|  00 00 00 00 00 00 00 00
      |0008A1|08A1|  00 00 00 00 60 90 60 00
      |0008A9|08A9|  38 20 20 20 00 00 00 00
      |0008B1|08B1|  00 00 00 20 20 20 E0 00
      |0008B9|08B9|  00 00 00 00 80 40 20 00
      |0008C1|08C1|  00 00 00 30 30 00 00 00
      |0008C9|08C9|  F8 08 F8 08 10 20 40 00
      |0008D1|08D1|  00 00 F0 10 60 40 80 00
      |0008D9|08D9|  00 10 20 60 A0 20 20 00
      |0008E1|08E1|  00 20 F0 90 10 20 40 00
      |0008E9|08E9|  00 00 F0 20 20 20 F0 00
      |0008F1|08F1|  00 20 F0 60 A0 A0 20 00
      |0008F9|08F9|  00 40 F8 48 50 40 40 00
      |000901|0901|  00 00 70 10 10 10 F8 00
      |000909|0909|  00 00 F0 10 F0 10 F0 00
      |000911|0911|  00 00 A8 A8 08 10 20 00
      |000919|0919|  00 00 80 7C 00 00 00 00
      |000921|0921|  F8 08 28 30 20 20 40 00
      |000929|0929|  08 10 20 60 A0 20 20 00
      |000931|0931|  20 F8 88 88 08 10 20 00
      |000939|0939|  00 F8 20 20 20 20 F8 00
      |000941|0941|  10 F8 10 30 50 90 10 00
      |000949|0949|  20 F8 28 28 28 48 88 00
      |000951|0951|  20 F8 20 F8 20 20 20 00
      |000959|0959|  78 48 88 08 08 10 20 00
      |000961|0961|  40 78 50 90 10 10 20 00
      |000969|0969|  00 F8 08 08 08 08 F8 00
      |000971|0971|  50 F8 50 50 10 10 20 00
      |000979|0979|  00 C0 08 C8 08 10 E0 00
      |000981|0981|  00 F8 08 10 20 50 88 00
      |000989|0989|  40 F8 48 50 40 40 38 00
      |000991|0991|  88 88 48 08 10 20 40 00
      |000999|0999|  78 48 78 88 08 10 20 00
      |0009A1|09A1|  10 E0 20 F8 20 20 40 00
      |0009A9|09A9|  A8 A8 A8 08 08 10 20 00
      |0009B1|09B1|  70 00 F8 20 20 20 40 00
      |0009B9|09B9|  40 40 60 50 48 40 40 00
      |0009C1|09C1|  20 F8 20 20 20 20 40 00
      |0009C9|09C9|  00 70 00 00 00 00 F8 00
      |0009D1|09D1|  00 F8 08 D0 20 50 88 00
      |0009D9|09D9|  20 F8 08 30 E8 20 20 00
      |0009E1|09E1|  08 08 08 10 20 40 80 00
      |0009E9|09E9|  20 10 48 48 48 48 88 00
      |0009F1|09F1|  80 80 F8 80 80 80 78 00
      |0009F9|09F9|  F8 08 08 08 10 20 40 00
      |000A01|0A01|  00 40 A0 10 08 08 00 00
      |000A09|0A09|  20 F8 20 20 A8 A8 20 00
      |000A11|0A11|  00 F8 08 08 50 20 10 00
      |000A19|0A19|  F0 00 60 00 00 F0 08 00
      |000A21|0A21|  10 20 40 80 90 88 F8 00
      |000A29|0A29|  08 08 08 50 20 50 80 00
      |000A31|0A31|  78 20 F8 20 20 20 18 00
      |000A39|0A39|  40 F8 48 48 50 40 40 00
      |000A41|0A41|  00 70 10 10 10 10 F8 00
      |000A49|0A49|  00 F8 08 F8 08 08 F8 00
      |000A51|0A51|  70 00 F8 08 08 10 20 00
      |000A59|0A59|  48 48 48 48 48 10 20 00
      |000A61|0A61|  10 50 50 50 50 58 90 00
      |000A69|0A69|  40 40 40 48 48 50 60 00
      |000A71|0A71|  00 F8 88 88 88 88 F8 00
      |000A79|0A79|  F8 88 88 08 08 10 20 00
      |000A81|0A81|  00 C0 00 08 08 10 E0 00
      |000A89|0A89|  90 48 00 00 00 00 00 00
      |000A91|0A91|  60 90 60 00 00 00 00 00
      |000A99|0A99|  20 F8 20 4E 40 90 8E 00
      |000AA1|0AA1|  10 FE 20 78 04 04 78 00
      |000AA9|0AA9|  00 FC 02 02 02 04 18 00
      |000AB1|0AB1|  FE 08 10 20 20 20 1C 00
      |000AB9|0AB9|  20 24 38 60 80 80 7C 00
      |000AC1|0AC1|  2C F2 44 44 9C 26 1C 00
      |000AC9|0AC9|  00 9E 80 80 80 90 4E 00
      |000AD1|0AD1|  48 48 7C D2 B6 AA 4C 00
      |000AD9|0AD9|  40 4C D2 62 4E D2 4E 00
      |000AE1|0AE1|  00 38 54 92 A2 A2 44 00
      |000AE9|0AE9|  04 9E 84 84 8C 96 4C 00
      |000AF1|0AF1|  10 E4 26 44 44 48 30 00
      |000AF9|0AF9|  20 10 00 20 14 52 B2 00
      |000B01|0B01|  00 00 20 50 88 04 02 00
      |000B09|0B09|  1E 84 9E 84 8C 96 4C 00
      |000B11|0B11|  10 FC 10 FC 70 98 74 00
      |000B19|0B19|  70 10 14 7E A4 A4 48 00
      |000B21|0B21|  20 F4 22 60 A2 62 1C 00
      |000B29|0B29|  48 48 7C AA 92 A2 44 00
      |000B31|0B31|  20 F8 20 F8 20 24 18 00
      |000B39|0B39|  48 5C 6A E2 24 10 10 00
      |000B41|0B41|  10 9C B2 D2 92 1C 20 00
      |000B49|0B49|  10 1C 10 10 78 94 70 00
      |000B51|0B51|  60 10 80 B8 C4 84 38 00
      |000B59|0B59|  08 84 84 84 44 08 30 00
      |000B61|0B61|  78 10 38 44 B4 4C 38 00
      |000B69|0B69|  20 2C F4 24 64 A4 26 00
      |000B71|0B71|  78 10 20 78 84 04 38 00
      |000B79|0B79|  40 40 DC 62 42 C2 44 00
      |000B81|0B81|  10 10 20 20 60 52 8C 00
      |000B89|0B89|  00 00 00 00 00 00 00 00
      |000B91|0B91|  FF FF FF FF FF FF FF FF
------+------+----+----------------------------------
<< label >>
ENTRY ................. 256 ( 0x100 )
FILVRM ................ 583 ( 0x247 )
FILVRM:LOOP ........... 590 ( 0x24e )
GETKEY ................ 538 ( 0x21a )
LDIRVM ................ 600 ( 0x258 )
LDIRVM:LOOP ........... 605 ( 0x25d )
MSXFONT ............... 921 ( 0x399 )
NAME_TABLE ............ 694 ( 0x2b6 )
NAME_TABLE_END ........ 921 ( 0x399 )
PUTC .................. 543 ( 0x21f )
PUTC:WAIT_LOOP ........ 545 ( 0x221 )
PUTS .................. 554 ( 0x22a )
SETWRT ................ 572 ( 0x23c )
S_CLEAR_VRAM .......... 668 ( 0x29c )
S_FINISH .............. 684 ( 0x2ac )
S_SET_COLOR_PALETTE ... 645 ( 0x285 )
S_SET_MODE ............ 628 ( 0x274 )
S_START ............... 615 ( 0x267 )
UART .................. 16 ( 0x10 )
VDP_PORT0 ............. 152 ( 0x98 )
VDP_PORT1 ............. 153 ( 0x99 )
VDP_PORT2 ............. 154 ( 0x9a )
VDP_PORT3 ............. 155 ( 0x9b )
WAIT_KEY .............. 259 ( 0x103 )
WRTVDP ................ 563 ( 0x233 )
