Z80 Macro Assembler ZMA v1.0.19
=====================================================
Programmed by t.hara

  DEFS is DEFINE STRING (default).
  OUTPUT TYPE: BINARY

<< code >>
LINE# |OFFSET|ADDR|MNEMONIC
======+======+====+==================================
     7|      |    |BDOS := 0x0005
      |      |    |  Global integer symbol [BDOS] = 5 (0x5)
------+------+----+----------------------------------
     8|      |    |RDSLT := 0x000C
      |      |    |  Global integer symbol [RDSLT] = 12 (0xc)
------+------+----+----------------------------------
    10|      |    |MAINROM := 0xFCC1
      |      |    |  Global integer symbol [MAINROM] = 64705 (0xfcc1)
------+------+----+----------------------------------
    12|      |    |ORG 0x0100
------+------+----+----------------------------------
    13|      |    |START :
      |      |    |  label [START] address: 0x000100
------+------+----+----------------------------------
    15|      |    |LD C, 9
      |      |    |  Z80:8cyc R800:2cyc
      |000000|0100|  0E 09
------+------+----+----------------------------------
    16|      |    |LD DE, S_TITLE
      |      |    |  Z80:11cyc R800:3cyc
      |000002|0102|  11 C7 01
------+------+----+----------------------------------
    17|      |    |CALL BDOS
      |      |    |  Z80:18cyc R800:5cyc
      |000005|0105|  CD 05 00
------+------+----+----------------------------------
    19|      |    |LD HL, [ 0x0006 ]
      |      |    |  Z80:17cyc R800:7cyc
      |000008|0108|  2A 06 00
------+------+----+----------------------------------
    20|      |    |LD [ BACKUP ], HL
      |      |    |  Z80:17cyc R800:7cyc
      |00000B|010B|  22 80 01
------+------+----+----------------------------------
    22|      |    |LD A, [ MAINROM ]
      |      |    |  Z80:14cyc R800:6cyc
      |00000E|010E|  3A C1 FC
------+------+----+----------------------------------
    23|      |    |LD HL, 0x0006
      |      |    |  Z80:11cyc R800:3cyc
      |000011|0111|  21 06 00
------+------+----+----------------------------------
    24|      |    |CALL RDSLT
      |      |    |  Z80:18cyc R800:5cyc
      |000014|0114|  CD 0C 00
------+------+----+----------------------------------
    25|      |    |LD [ HL ], A
      |      |    |  Z80:8cyc R800:4cyc
      |000017|0117|  77
------+------+----+----------------------------------
    26|      |    |LD [ VDP1ST + 0 ], A
      |      |    |  Z80:14cyc R800:6cyc
      |000018|0118|  32 7E 01
------+------+----+----------------------------------
    28|      |    |LD A, [ MAINROM ]
      |      |    |  Z80:14cyc R800:6cyc
      |00001B|011B|  3A C1 FC
------+------+----+----------------------------------
    29|      |    |LD HL, 0x0007
      |      |    |  Z80:11cyc R800:3cyc
      |00001E|011E|  21 07 00
------+------+----+----------------------------------
    30|      |    |CALL RDSLT
      |      |    |  Z80:18cyc R800:5cyc
      |000021|0121|  CD 0C 00
------+------+----+----------------------------------
    31|      |    |LD [ HL ], A
      |      |    |  Z80:8cyc R800:4cyc
      |000024|0124|  77
------+------+----+----------------------------------
    32|      |    |LD [ VDP1ST + 1 ], A
      |      |    |  Z80:14cyc R800:6cyc
      |000025|0125|  32 7F 01
------+------+----+----------------------------------
    34|      |    |CALL CHECK_VDP_TYPE
      |      |    |  Z80:18cyc R800:5cyc
      |000028|0128|  CD 15 02
------+------+----+----------------------------------
    36|      |    |LD HL, [ BACKUP ]
      |      |    |  Z80:17cyc R800:7cyc
      |00002B|012B|  2A 80 01
------+------+----+----------------------------------
    37|      |    |LD [ 0x0006 ], HL
      |      |    |  Z80:17cyc R800:7cyc
      |00002E|012E|  22 06 00
------+------+----+----------------------------------
    39|      |    |CP A, 5
      |      |    |  Z80:8cyc R800:2cyc
      |000031|0131|  FE 05
------+------+----+----------------------------------
    40|      |    |JR C, VALID_VDP
      |      |    |  Z80:13cyc/8cyc R800:3cyc/2cyc
      |000033|0133|  38 02
------+------+----+----------------------------------
    41|      |    |LD A, 5
      |      |    |  Z80:8cyc R800:2cyc
      |000035|0135|  3E 05
------+------+----+----------------------------------
    42|      |    |VALID_VDP :
      |      |    |  label [VALID_VDP] address: 0x000137
------+------+----+----------------------------------
    43|      |    |LD L, A
      |      |    |  Z80:5cyc R800:2cyc
      |000037|0137|  6F
------+------+----+----------------------------------
    44|      |    |LD H, 0
      |      |    |  Z80:8cyc R800:2cyc
      |000038|0138|  26 00
------+------+----+----------------------------------
    45|      |    |ADD HL, HL
      |      |    |  Z80:12cyc R800:1cyc
      |00003A|013A|  29
------+------+----+----------------------------------
    46|      |    |LD DE, A_TABLE
      |      |    |  Z80:11cyc R800:3cyc
      |00003B|013B|  11 82 01
------+------+----+----------------------------------
    47|      |    |ADD HL, DE
      |      |    |  Z80:12cyc R800:1cyc
      |00003E|013E|  19
------+------+----+----------------------------------
    48|      |    |LD E, [ HL ]
      |      |    |  Z80:8cyc R800:4cyc
      |00003F|013F|  5E
------+------+----+----------------------------------
    49|      |    |INC HL
      |      |    |  Z80:7cyc R800:1cyc
      |000040|0140|  23
------+------+----+----------------------------------
    50|      |    |LD D, [ HL ]
      |      |    |  Z80:8cyc R800:4cyc
      |000041|0141|  56
------+------+----+----------------------------------
    52|      |    |LD C, 9
      |      |    |  Z80:8cyc R800:2cyc
      |000042|0142|  0E 09
------+------+----+----------------------------------
    53|      |    |CALL BDOS
      |      |    |  Z80:18cyc R800:5cyc
      |000044|0144|  CD 05 00
------+------+----+----------------------------------
    55|      |    |LD HL, S_NONE
      |      |    |  Z80:11cyc R800:3cyc
      |000047|0147|  21 C0 01
------+------+----+----------------------------------
    56|      |    |LD [ A_TABLE + 0 * 2 ], HL
      |      |    |  Z80:17cyc R800:7cyc
      |00004A|014A|  22 82 01
------+------+----+----------------------------------
    58|      |    |LD C, 9
      |      |    |  Z80:8cyc R800:2cyc
      |00004D|014D|  0E 09
------+------+----+----------------------------------
    59|      |    |LD DE, S_2ND
      |      |    |  Z80:11cyc R800:3cyc
      |00004F|014F|  11 09 02
------+------+----+----------------------------------
    60|      |    |CALL BDOS
      |      |    |  Z80:18cyc R800:5cyc
      |000052|0152|  CD 05 00
------+------+----+----------------------------------
    62|      |    |LD A, [ VDP1ST ]
      |      |    |  Z80:14cyc R800:6cyc
      |000055|0155|  3A 7E 01
------+------+----+----------------------------------
    63|      |    |AND A, 0xF0
      |      |    |  Z80:8cyc R800:2cyc
      |000058|0158|  E6 F0
------+------+----+----------------------------------
    64|      |    |CP A, 0x80
      |      |    |  Z80:8cyc R800:2cyc
      |00005A|015A|  FE 80
------+------+----+----------------------------------
    65|      |    |LD A, 0
      |      |    |  Z80:8cyc R800:2cyc
      |00005C|015C|  3E 00
------+------+----+----------------------------------
    66|      |    |JP Z, VALID_VDP2
      |      |    |  Z80:11cyc R800:5cyc/3cyc
      |00005E|015E|  CA 69 01
------+------+----+----------------------------------
    68|      |    |CALL CHECK_2ND_VDP_TYPE
      |      |    |  Z80:18cyc R800:5cyc
      |000061|0161|  CD 7C 02
------+------+----+----------------------------------
    69|      |    |CP A, 5
      |      |    |  Z80:8cyc R800:2cyc
      |000064|0164|  FE 05
------+------+----+----------------------------------
    70|      |    |JR C, VALID_VDP2
      |      |    |  Z80:13cyc/8cyc R800:3cyc/2cyc
      |000066|0166|  38 01
------+------+----+----------------------------------
    71|      |    |XOR A, A
      |      |    |  Z80:5cyc R800:1cyc
      |000068|0168|  AF
------+------+----+----------------------------------
    72|      |    |VALID_VDP2 :
      |      |    |  label [VALID_VDP2] address: 0x000169
------+------+----+----------------------------------
    73|      |    |LD L, A
      |      |    |  Z80:5cyc R800:2cyc
      |000069|0169|  6F
------+------+----+----------------------------------
    74|      |    |LD H, 0
      |      |    |  Z80:8cyc R800:2cyc
      |00006A|016A|  26 00
------+------+----+----------------------------------
    75|      |    |ADD HL, HL
      |      |    |  Z80:12cyc R800:1cyc
      |00006C|016C|  29
------+------+----+----------------------------------
    76|      |    |LD DE, A_TABLE
      |      |    |  Z80:11cyc R800:3cyc
      |00006D|016D|  11 82 01
------+------+----+----------------------------------
    77|      |    |ADD HL, DE
      |      |    |  Z80:12cyc R800:1cyc
      |000070|0170|  19
------+------+----+----------------------------------
    78|      |    |LD E, [ HL ]
      |      |    |  Z80:8cyc R800:4cyc
      |000071|0171|  5E
------+------+----+----------------------------------
    79|      |    |INC HL
      |      |    |  Z80:7cyc R800:1cyc
      |000072|0172|  23
------+------+----+----------------------------------
    80|      |    |LD D, [ HL ]
      |      |    |  Z80:8cyc R800:4cyc
      |000073|0173|  56
------+------+----+----------------------------------
    82|      |    |LD C, 9
      |      |    |  Z80:8cyc R800:2cyc
      |000074|0174|  0E 09
------+------+----+----------------------------------
    83|      |    |CALL BDOS
      |      |    |  Z80:18cyc R800:5cyc
      |000076|0176|  CD 05 00
------+------+----+----------------------------------
    85|      |    |LD C, 0
      |      |    |  Z80:8cyc R800:2cyc
      |000079|0179|  0E 00
------+------+----+----------------------------------
    86|      |    |JP BDOS
      |      |    |  Z80:11cyc R800:5cyc
      |00007B|017B|  C3 05 00
------+------+----+----------------------------------
    87|      |    |VDP1ST :
      |      |    |  label [VDP1ST] address: 0x00017e
------+------+----+----------------------------------
    88|      |    |DW 0
      |00007E|017E|  00 00
------+------+----+----------------------------------
    89|      |    |BACKUP :
      |      |    |  label [BACKUP] address: 0x000180
------+------+----+----------------------------------
    90|      |    |DW 0
      |000080|0180|  00 00
------+------+----+----------------------------------
    91|      |    |A_TABLE :
      |      |    |  label [A_TABLE] address: 0x000182
------+------+----+----------------------------------
    92|      |    |DW S_TMS9918
      |000082|0182|  8E 01
------+------+----+----------------------------------
    93|      |    |DW S_V9938
      |000084|0184|  98 01
------+------+----+----------------------------------
    94|      |    |DW S_V9958
      |000086|0186|  A0 01
------+------+----+----------------------------------
    95|      |    |DW S_V9968
      |000088|0188|  A8 01
------+------+----+----------------------------------
    96|      |    |DW S_V9978
      |00008A|018A|  B0 01
------+------+----+----------------------------------
    97|      |    |DW S_UNKOWN
      |00008C|018C|  B8 01
------+------+----+----------------------------------
    98|      |    |S_TMS9918 :
      |      |    |  label [S_TMS9918] address: 0x00018e
------+------+----+----------------------------------
    99|      |    |DB "TMS9918", 13, 10, '$'
      |00008E|018E|  54 4D 53 39 39 31 38 0D
      |000096|0196|  0A 24
------+------+----+----------------------------------
   100|      |    |S_V9938 :
      |      |    |  label [S_V9938] address: 0x000198
------+------+----+----------------------------------
   101|      |    |DB "V9938", 13, 10, '$'
      |000098|0198|  56 39 39 33 38 0D 0A 24
------+------+----+----------------------------------
   102|      |    |S_V9958 :
      |      |    |  label [S_V9958] address: 0x0001a0
------+------+----+----------------------------------
   103|      |    |DB "V9958", 13, 10, '$'
      |0000A0|01A0|  56 39 39 35 38 0D 0A 24
------+------+----+----------------------------------
   104|      |    |S_V9968 :
      |      |    |  label [S_V9968] address: 0x0001a8
------+------+----+----------------------------------
   105|      |    |DB "V9968", 13, 10, '$'
      |0000A8|01A8|  56 39 39 36 38 0D 0A 24
------+------+----+----------------------------------
   106|      |    |S_V9978 :
      |      |    |  label [S_V9978] address: 0x0001b0
------+------+----+----------------------------------
   107|      |    |DB "V9978", 13, 10, '$'
      |0000B0|01B0|  56 39 39 37 38 0D 0A 24
------+------+----+----------------------------------
   108|      |    |S_UNKOWN :
      |      |    |  label [S_UNKOWN] address: 0x0001b8
------+------+----+----------------------------------
   109|      |    |DB "?????", 13, 10, '$'
      |0000B8|01B8|  3F 3F 3F 3F 3F 0D 0A 24
------+------+----+----------------------------------
   110|      |    |S_NONE :
      |      |    |  label [S_NONE] address: 0x0001c0
------+------+----+----------------------------------
   111|      |    |DB "NONE", 13, 10, '$'
      |0000C0|01C0|  4E 4F 4E 45 0D 0A 24
------+------+----+----------------------------------
   112|      |    |S_TITLE :
      |      |    |  label [S_TITLE] address: 0x0001c7
------+------+----+----------------------------------
   113|      |    |DB "VDP Checker", 13, 10
      |0000C7|01C7|  56 44 50 20 43 68 65 63
      |0000CF|01CF|  6B 65 72 0D 0A
------+------+----+----------------------------------
   114|      |    |DB "Programmed by t.hara", 13, 10
      |0000D4|01D4|  50 72 6F 67 72 61 6D 6D
      |0000DC|01DC|  65 64 20 62 79 20 74 2E
      |0000E4|01E4|  68 61 72 61 0D 0A
------+------+----+----------------------------------
   115|      |    |DB "--------------------", 13, 10
      |0000EA|01EA|  2D 2D 2D 2D 2D 2D 2D 2D
      |0000F2|01F2|  2D 2D 2D 2D 2D 2D 2D 2D
      |0000FA|01FA|  2D 2D 2D 2D 0D 0A
------+------+----+----------------------------------
   116|      |    |DB "1st VDP:", '$'
      |000100|0200|  31 73 74 20 56 44 50 3A
      |000108|0208|  24
------+------+----+----------------------------------
   117|      |    |S_2ND :
      |      |    |  label [S_2ND] address: 0x000209
------+------+----+----------------------------------
   118|      |    |DB "2nd VDP:", '$'
      |000109|0209|  32 6E 64 20 56 44 50 3A
      |000111|0211|  24
------+------+----+----------------------------------
   119|      |    |S_CRLF :
      |      |    |  label [S_CRLF] address: 0x000212
------+------+----+----------------------------------
   120|      |    |DB 13, 10, '$'
      |000112|0212|  0D 0A 24
------+------+----+----------------------------------
   121|      |    |INCLUDE "check_vdp_type.asm" begin
     8|      |    |VDP_READ_PORT := 0x0006
      |      |    |  Global integer symbol [VDP_READ_PORT] = 6 (0x6)
------+------+----+----------------------------------
     9|      |    |VDP_WRITE_PORT := 0x0007
      |      |    |  Global integer symbol [VDP_WRITE_PORT] = 7 (0x7)
------+------+----+----------------------------------
    10|      |    |RG7SAV := 0xF3E6
      |      |    |  Global integer symbol [RG7SAV] = 62438 (0xf3e6)
------+------+----+----------------------------------
    25|      |    |SCOPE CHECK_VDP_TYPE
      |      |    |  Enter scope: CHECK_VDP_TYPE:
------+------+----+----------------------------------
    26|      |    |CHECK_VDP_TYPE ::
      |      |    |  global label [CHECK_VDP_TYPE] address: 0x000215
------+------+----+----------------------------------
    28|      |    |LD DE, [ VDP_READ_PORT ]
      |      |    |  Z80:22cyc R800:8cyc
      |000115|0215|  ED 5B 06 00
------+------+----+----------------------------------
    29|      |    |INC D
      |      |    |  Z80:5cyc R800:1cyc
      |000119|0219|  14
------+------+----+----------------------------------
    30|      |    |INC E
      |      |    |  Z80:5cyc R800:1cyc
      |00011A|021A|  1C
------+------+----+----------------------------------
    31|      |    |LD C, D
      |      |    |  Z80:5cyc R800:2cyc
      |00011B|021B|  4A
------+------+----+----------------------------------
    32|      |    |LD B, 0x80 + 15
      |      |    |  Z80:8cyc R800:2cyc
      |00011C|021C|  06 8F
------+------+----+----------------------------------
    33|      |    |DI
      |      |    |  Z80:5cyc R800:2cyc
      |00011E|021E|  F3
------+------+----+----------------------------------
    35|      |    |LOOP :
      |      |    |  label [CHECK_VDP_TYPE:LOOP] address: 0x00021f
------+------+----+----------------------------------
    36|      |    |IN A, [ C ]
      |      |    |  Z80:14cyc R800:10cyc/9cyc
      |00011F|021F|  ED 78
------+------+----+----------------------------------
    37|      |    |JP P, LOOP
      |      |    |  Z80:11cyc R800:5cyc/3cyc
      |000121|0221|  F2 1F 02
------+------+----+----------------------------------
    39|      |    |LD A, 4
      |      |    |  Z80:8cyc R800:2cyc
      |000124|0224|  3E 04
------+------+----+----------------------------------
    40|      |    |OUT [ C ], A
      |      |    |  Z80:14cyc R800:10cyc/9cyc
      |000126|0226|  ED 79
------+------+----+----------------------------------
    41|      |    |OUT [ C ], B
      |      |    |  Z80:14cyc R800:10cyc/9cyc
      |000128|0228|  ED 41
------+------+----+----------------------------------
    42|      |    |LD C, E
      |      |    |  Z80:5cyc R800:2cyc
      |00012A|022A|  4B
------+------+----+----------------------------------
    43|      |    |IN A, [ C ]
      |      |    |  Z80:14cyc R800:10cyc/9cyc
      |00012B|022B|  ED 78
------+------+----+----------------------------------
    44|      |    |IN A, [ C ]
      |      |    |  Z80:14cyc R800:10cyc/9cyc
      |00012D|022D|  ED 78
------+------+----+----------------------------------
    45|      |    |EX AF, AF'
      |      |    |  Z80:5cyc R800:1cyc
      |00012F|022F|  08
------+------+----+----------------------------------
    46|      |    |LD C, D
      |      |    |  Z80:5cyc R800:2cyc
      |000130|0230|  4A
------+------+----+----------------------------------
    47|      |    |XOR A, A
      |      |    |  Z80:5cyc R800:1cyc
      |000131|0231|  AF
------+------+----+----------------------------------
    48|      |    |OUT [ C ], A
      |      |    |  Z80:14cyc R800:10cyc/9cyc
      |000132|0232|  ED 79
------+------+----+----------------------------------
    49|      |    |OUT [ C ], B
      |      |    |  Z80:14cyc R800:10cyc/9cyc
      |000134|0234|  ED 41
------+------+----+----------------------------------
    51|      |    |LD A, [ RG7SAV ]
      |      |    |  Z80:14cyc R800:6cyc
      |000136|0236|  3A E6 F3
------+------+----+----------------------------------
    52|      |    |OUT [ C ], A
      |      |    |  Z80:14cyc R800:10cyc/9cyc
      |000139|0239|  ED 79
------+------+----+----------------------------------
    53|      |    |LD A, 0x80 + 7
      |      |    |  Z80:8cyc R800:2cyc
      |00013B|023B|  3E 87
------+------+----+----------------------------------
    54|      |    |EI
      |      |    |  Z80:5cyc R800:1cyc
      |00013D|023D|  FB
------+------+----+----------------------------------
    55|      |    |OUT [ C ], A
      |      |    |  Z80:14cyc R800:10cyc/9cyc
      |00013E|023E|  ED 79
------+------+----+----------------------------------
    56|      |    |EX AF, AF'
      |      |    |  Z80:5cyc R800:1cyc
      |000140|0240|  08
------+------+----+----------------------------------
    58|      |    |AND A, 0x80
      |      |    |  Z80:8cyc R800:2cyc
      |000141|0241|  E6 80
------+------+----+----------------------------------
    59|      |    |RET Z
      |      |    |  Z80:12cyc/6cyc R800:5cyc/1cyc
      |000143|0243|  C8
------+------+----+----------------------------------
    60|      |    |DI
      |      |    |  Z80:5cyc R800:2cyc
      |000144|0244|  F3
------+------+----+----------------------------------
    62|      |    |LD A, 0b00111011
      |      |    |  Z80:8cyc R800:2cyc
      |000145|0245|  3E 3B
------+------+----+----------------------------------
    63|      |    |OUT [ C ], A
      |      |    |  Z80:14cyc R800:10cyc/9cyc
      |000147|0247|  ED 79
------+------+----+----------------------------------
    64|      |    |LD A, 0x80 + 21
      |      |    |  Z80:8cyc R800:2cyc
      |000149|0249|  3E 95
------+------+----+----------------------------------
    65|      |    |OUT [ C ], A
      |      |    |  Z80:14cyc R800:10cyc/9cyc
      |00014B|024B|  ED 79
------+------+----+----------------------------------
    67|      |    |LD A, 1
      |      |    |  Z80:8cyc R800:2cyc
      |00014D|024D|  3E 01
------+------+----+----------------------------------
    68|      |    |OUT [ C ], A
      |      |    |  Z80:14cyc R800:10cyc/9cyc
      |00014F|024F|  ED 79
------+------+----+----------------------------------
    69|      |    |OUT [ C ], B
      |      |    |  Z80:14cyc R800:10cyc/9cyc
      |000151|0251|  ED 41
------+------+----+----------------------------------
    70|      |    |LD C, E
      |      |    |  Z80:5cyc R800:2cyc
      |000153|0253|  4B
------+------+----+----------------------------------
    71|      |    |IN A, [ C ]
      |      |    |  Z80:14cyc R800:10cyc/9cyc
      |000154|0254|  ED 78
------+------+----+----------------------------------
    73|      |    |LD C, D
      |      |    |  Z80:5cyc R800:2cyc
      |000156|0256|  4A
------+------+----+----------------------------------
    74|      |    |RRCA
      |      |    |  Z80:5cyc R800:1cyc
      |000157|0257|  0F
------+------+----+----------------------------------
    75|      |    |AND A, 0x1F
      |      |    |  Z80:8cyc R800:2cyc
      |000158|0258|  E6 1F
------+------+----+----------------------------------
    76|      |    |JR Z, SKIP
      |      |    |  Z80:13cyc/8cyc R800:3cyc/2cyc
      |00015A|025A|  28 15
------+------+----+----------------------------------
    78|      |    |LD A, 0b00111010
      |      |    |  Z80:8cyc R800:2cyc
      |00015C|025C|  3E 3A
------+------+----+----------------------------------
    79|      |    |OUT [ C ], A
      |      |    |  Z80:14cyc R800:10cyc/9cyc
      |00015E|025E|  ED 79
------+------+----+----------------------------------
    80|      |    |LD A, 0x80 + 21
      |      |    |  Z80:8cyc R800:2cyc
      |000160|0260|  3E 95
------+------+----+----------------------------------
    81|      |    |OUT [ C ], A
      |      |    |  Z80:14cyc R800:10cyc/9cyc
      |000162|0262|  ED 79
------+------+----+----------------------------------
    83|      |    |LD A, 1
      |      |    |  Z80:8cyc R800:2cyc
      |000164|0264|  3E 01
------+------+----+----------------------------------
    84|      |    |OUT [ C ], A
      |      |    |  Z80:14cyc R800:10cyc/9cyc
      |000166|0266|  ED 79
------+------+----+----------------------------------
    85|      |    |OUT [ C ], B
      |      |    |  Z80:14cyc R800:10cyc/9cyc
      |000168|0268|  ED 41
------+------+----+----------------------------------
    86|      |    |LD C, E
      |      |    |  Z80:5cyc R800:2cyc
      |00016A|026A|  4B
------+------+----+----------------------------------
    87|      |    |IN A, [ C ]
      |      |    |  Z80:14cyc R800:10cyc/9cyc
      |00016B|026B|  ED 78
------+------+----+----------------------------------
    89|      |    |RRCA
      |      |    |  Z80:5cyc R800:1cyc
      |00016D|026D|  0F
------+------+----+----------------------------------
    90|      |    |AND A, 0x1F
      |      |    |  Z80:8cyc R800:2cyc
      |00016E|026E|  E6 1F
------+------+----+----------------------------------
    91|      |    |DEC A
      |      |    |  Z80:5cyc R800:1cyc
      |000170|0270|  3D
------+------+----+----------------------------------
    92|      |    |SKIP :
      |      |    |  label [CHECK_VDP_TYPE:SKIP] address: 0x000271
------+------+----+----------------------------------
    93|      |    |INC A
      |      |    |  Z80:5cyc R800:1cyc
      |000171|0271|  3C
------+------+----+----------------------------------
    94|      |    |LD E, A
      |      |    |  Z80:5cyc R800:2cyc
      |000172|0272|  5F
------+------+----+----------------------------------
    96|      |    |LD C, D
      |      |    |  Z80:5cyc R800:2cyc
      |000173|0273|  4A
------+------+----+----------------------------------
    97|      |    |XOR A, A
      |      |    |  Z80:5cyc R800:1cyc
      |000174|0274|  AF
------+------+----+----------------------------------
    98|      |    |OUT [ C ], A
      |      |    |  Z80:14cyc R800:10cyc/9cyc
      |000175|0275|  ED 79
------+------+----+----------------------------------
    99|      |    |EI
      |      |    |  Z80:5cyc R800:1cyc
      |000177|0277|  FB
------+------+----+----------------------------------
   100|      |    |OUT [ C ], B
      |      |    |  Z80:14cyc R800:10cyc/9cyc
      |000178|0278|  ED 41
------+------+----+----------------------------------
   101|      |    |LD A, E
      |      |    |  Z80:5cyc R800:2cyc
      |00017A|027A|  7B
------+------+----+----------------------------------
   102|      |    |RET
      |      |    |  Z80:11cyc R800:5cyc
      |00017B|027B|  C9
------+------+----+----------------------------------
   103|      |    |ENDSCOPE
      |      |    |  Exit scope: CHECK_VDP_TYPE:
------+------+----+----------------------------------
   120|      |    |SCOPE CHECK_2ND_VDP_TYPE
      |      |    |  Enter scope: CHECK_2ND_VDP_TYPE:
------+------+----+----------------------------------
   121|      |    |CHECK_2ND_VDP_TYPE ::
      |      |    |  global label [CHECK_2ND_VDP_TYPE] address: 0x00027c
------+------+----+----------------------------------
   122|      |    |LD DE, 0x8989
      |      |    |  Z80:11cyc R800:3cyc
      |00017C|027C|  11 89 89
------+------+----+----------------------------------
   123|      |    |LD C, E
      |      |    |  Z80:5cyc R800:2cyc
      |00017F|027F|  4B
------+------+----+----------------------------------
   124|      |    |LD B, 0x80 + 15
      |      |    |  Z80:8cyc R800:2cyc
      |000180|0280|  06 8F
------+------+----+----------------------------------
   125|      |    |DI
      |      |    |  Z80:5cyc R800:2cyc
      |000182|0282|  F3
------+------+----+----------------------------------
   126|      |    |IN A, [ C ]
      |      |    |  Z80:14cyc R800:10cyc/9cyc
      |000183|0283|  ED 78
------+------+----+----------------------------------
   127|      |    |IN A, [ C ]
      |      |    |  Z80:14cyc R800:10cyc/9cyc
      |000185|0285|  ED 78
------+------+----+----------------------------------
   128|      |    |LD C, D
      |      |    |  Z80:5cyc R800:2cyc
      |000187|0287|  4A
------+------+----+----------------------------------
   130|      |    |AND A, 0x80
      |      |    |  Z80:8cyc R800:2cyc
      |000188|0288|  E6 80
------+------+----+----------------------------------
   131|      |    |RET Z
      |      |    |  Z80:12cyc/6cyc R800:5cyc/1cyc
      |00018A|028A|  C8
------+------+----+----------------------------------
   132|      |    |DI
      |      |    |  Z80:5cyc R800:2cyc
      |00018B|028B|  F3
------+------+----+----------------------------------
   134|      |    |LD A, 0b00111011
      |      |    |  Z80:8cyc R800:2cyc
      |00018C|028C|  3E 3B
------+------+----+----------------------------------
   135|      |    |OUT [ C ], A
      |      |    |  Z80:14cyc R800:10cyc/9cyc
      |00018E|028E|  ED 79
------+------+----+----------------------------------
   136|      |    |LD A, 0x80 + 21
      |      |    |  Z80:8cyc R800:2cyc
      |000190|0290|  3E 95
------+------+----+----------------------------------
   137|      |    |OUT [ C ], A
      |      |    |  Z80:14cyc R800:10cyc/9cyc
      |000192|0292|  ED 79
------+------+----+----------------------------------
   139|      |    |LD A, 1
      |      |    |  Z80:8cyc R800:2cyc
      |000194|0294|  3E 01
------+------+----+----------------------------------
   140|      |    |OUT [ C ], A
      |      |    |  Z80:14cyc R800:10cyc/9cyc
      |000196|0296|  ED 79
------+------+----+----------------------------------
   141|      |    |OUT [ C ], B
      |      |    |  Z80:14cyc R800:10cyc/9cyc
      |000198|0298|  ED 41
------+------+----+----------------------------------
   142|      |    |LD C, E
      |      |    |  Z80:5cyc R800:2cyc
      |00019A|029A|  4B
------+------+----+----------------------------------
   143|      |    |IN A, [ C ]
      |      |    |  Z80:14cyc R800:10cyc/9cyc
      |00019B|029B|  ED 78
------+------+----+----------------------------------
   145|      |    |LD C, D
      |      |    |  Z80:5cyc R800:2cyc
      |00019D|029D|  4A
------+------+----+----------------------------------
   146|      |    |RRCA
      |      |    |  Z80:5cyc R800:1cyc
      |00019E|029E|  0F
------+------+----+----------------------------------
   147|      |    |AND A, 0x1F
      |      |    |  Z80:8cyc R800:2cyc
      |00019F|029F|  E6 1F
------+------+----+----------------------------------
   148|      |    |JR Z, SKIP
      |      |    |  Z80:13cyc/8cyc R800:3cyc/2cyc
      |0001A1|02A1|  28 15
------+------+----+----------------------------------
   150|      |    |LD A, 0b00111010
      |      |    |  Z80:8cyc R800:2cyc
      |0001A3|02A3|  3E 3A
------+------+----+----------------------------------
   151|      |    |OUT [ C ], A
      |      |    |  Z80:14cyc R800:10cyc/9cyc
      |0001A5|02A5|  ED 79
------+------+----+----------------------------------
   152|      |    |LD A, 0x80 + 21
      |      |    |  Z80:8cyc R800:2cyc
      |0001A7|02A7|  3E 95
------+------+----+----------------------------------
   153|      |    |OUT [ C ], A
      |      |    |  Z80:14cyc R800:10cyc/9cyc
      |0001A9|02A9|  ED 79
------+------+----+----------------------------------
   155|      |    |LD A, 1
      |      |    |  Z80:8cyc R800:2cyc
      |0001AB|02AB|  3E 01
------+------+----+----------------------------------
   156|      |    |OUT [ C ], A
      |      |    |  Z80:14cyc R800:10cyc/9cyc
      |0001AD|02AD|  ED 79
------+------+----+----------------------------------
   157|      |    |OUT [ C ], B
      |      |    |  Z80:14cyc R800:10cyc/9cyc
      |0001AF|02AF|  ED 41
------+------+----+----------------------------------
   158|      |    |LD C, E
      |      |    |  Z80:5cyc R800:2cyc
      |0001B1|02B1|  4B
------+------+----+----------------------------------
   159|      |    |IN A, [ C ]
      |      |    |  Z80:14cyc R800:10cyc/9cyc
      |0001B2|02B2|  ED 78
------+------+----+----------------------------------
   161|      |    |RRCA
      |      |    |  Z80:5cyc R800:1cyc
      |0001B4|02B4|  0F
------+------+----+----------------------------------
   162|      |    |AND A, 0x1F
      |      |    |  Z80:8cyc R800:2cyc
      |0001B5|02B5|  E6 1F
------+------+----+----------------------------------
   163|      |    |DEC A
      |      |    |  Z80:5cyc R800:1cyc
      |0001B7|02B7|  3D
------+------+----+----------------------------------
   164|      |    |SKIP :
      |      |    |  label [CHECK_2ND_VDP_TYPE:SKIP] address: 0x0002b8
------+------+----+----------------------------------
   165|      |    |INC A
      |      |    |  Z80:5cyc R800:1cyc
      |0001B8|02B8|  3C
------+------+----+----------------------------------
   166|      |    |LD E, A
      |      |    |  Z80:5cyc R800:2cyc
      |0001B9|02B9|  5F
------+------+----+----------------------------------
   168|      |    |LD C, D
      |      |    |  Z80:5cyc R800:2cyc
      |0001BA|02BA|  4A
------+------+----+----------------------------------
   169|      |    |XOR A, A
      |      |    |  Z80:5cyc R800:1cyc
      |0001BB|02BB|  AF
------+------+----+----------------------------------
   170|      |    |OUT [ C ], A
      |      |    |  Z80:14cyc R800:10cyc/9cyc
      |0001BC|02BC|  ED 79
------+------+----+----------------------------------
   171|      |    |EI
      |      |    |  Z80:5cyc R800:1cyc
      |0001BE|02BE|  FB
------+------+----+----------------------------------
   172|      |    |OUT [ C ], B
      |      |    |  Z80:14cyc R800:10cyc/9cyc
      |0001BF|02BF|  ED 41
------+------+----+----------------------------------
   173|      |    |LD A, E
      |      |    |  Z80:5cyc R800:2cyc
      |0001C1|02C1|  7B
------+------+----+----------------------------------
   174|      |    |RET
      |      |    |  Z80:11cyc R800:5cyc
      |0001C2|02C2|  C9
------+------+----+----------------------------------
   175|      |    |ENDSCOPE
      |      |    |  Exit scope: CHECK_2ND_VDP_TYPE:
------+------+----+----------------------------------
   121|      |    |INCLUDE "check_vdp_type.asm" end
<< label >>
A_TABLE ................... 386 ( 0x182 )
BACKUP .................... 384 ( 0x180 )
BDOS ...................... 5 ( 0x5 )
CHECK_2ND_VDP_TYPE ........ 636 ( 0x27c )
CHECK_2ND_VDP_TYPE:SKIP ... 696 ( 0x2b8 )
CHECK_VDP_TYPE ............ 533 ( 0x215 )
CHECK_VDP_TYPE:LOOP ....... 543 ( 0x21f )
CHECK_VDP_TYPE:SKIP ....... 625 ( 0x271 )
MAINROM ................... 64705 ( 0xfcc1 )
RDSLT ..................... 12 ( 0xc )
RG7SAV .................... 62438 ( 0xf3e6 )
START ..................... 256 ( 0x100 )
S_2ND ..................... 521 ( 0x209 )
S_CRLF .................... 530 ( 0x212 )
S_NONE .................... 448 ( 0x1c0 )
S_TITLE ................... 455 ( 0x1c7 )
S_TMS9918 ................. 398 ( 0x18e )
S_UNKOWN .................. 440 ( 0x1b8 )
S_V9938 ................... 408 ( 0x198 )
S_V9958 ................... 416 ( 0x1a0 )
S_V9968 ................... 424 ( 0x1a8 )
S_V9978 ................... 432 ( 0x1b0 )
VALID_VDP ................. 311 ( 0x137 )
VALID_VDP2 ................ 361 ( 0x169 )
VDP1ST .................... 382 ( 0x17e )
VDP_READ_PORT ............. 6 ( 0x6 )
VDP_WRITE_PORT ............ 7 ( 0x7 )
