GowinSynthesis start
Running parser ...
Analyzing Verilog file 'D:\github\HRA_product\TangCartMSX\RTL\TangcartMSX\src\tangcart_msx.v'
Analyzing Verilog file 'D:\github\HRA_product\TangCartMSX\RTL\TangcartMSX\src\uart\ip_uart.v'
Compiling module 'tangcart_msx'("D:\github\HRA_product\TangCartMSX\RTL\TangcartMSX\src\tangcart_msx.v":27)
Compiling module 'ip_uart(clk_freq=27000000)'("D:\github\HRA_product\TangCartMSX\RTL\TangcartMSX\src\uart\ip_uart.v":27)
WARN  (EX3791) : Expression size 32 truncated to fit in target size 10("D:\github\HRA_product\TangCartMSX\RTL\TangcartMSX\src\uart\ip_uart.v":68)
NOTE  (EX0101) : Current top module is "tangcart_msx"
[5%] Running netlist conversion ...
WARN  (CV0016) : Input tf_miso is unused("D:\github\HRA_product\TangCartMSX\RTL\TangcartMSX\src\tangcart_msx.v":33)
WARN  (CV0016) : Input n_tiorq is unused("D:\github\HRA_product\TangCartMSX\RTL\TangcartMSX\src\tangcart_msx.v":36)
WARN  (CV0016) : Input n_tmerq is unused("D:\github\HRA_product\TangCartMSX\RTL\TangcartMSX\src\tangcart_msx.v":37)
WARN  (CV0016) : Input n_twr is unused("D:\github\HRA_product\TangCartMSX\RTL\TangcartMSX\src\tangcart_msx.v":38)
WARN  (CV0016) : Input n_trd is unused("D:\github\HRA_product\TangCartMSX\RTL\TangcartMSX\src\tangcart_msx.v":39)
WARN  (CV0016) : Input n_treset is unused("D:\github\HRA_product\TangCartMSX\RTL\TangcartMSX\src\tangcart_msx.v":40)
WARN  (CV0016) : Input ta is unused("D:\github\HRA_product\TangCartMSX\RTL\TangcartMSX\src\tangcart_msx.v":41)
WARN  (CV0016) : Input n_tsltsl is unused("D:\github\HRA_product\TangCartMSX\RTL\TangcartMSX\src\tangcart_msx.v":45)
Running device independent optimization ...
[10%] Optimizing Phase 0 completed
[15%] Optimizing Phase 1 completed
[25%] Optimizing Phase 2 completed
Running inference ...
[30%] Inferring Phase 0 completed
[40%] Inferring Phase 1 completed
[50%] Inferring Phase 2 completed
[55%] Inferring Phase 3 completed
Running technical mapping ...
[60%] Tech-Mapping Phase 0 completed
[65%] Tech-Mapping Phase 1 completed
[75%] Tech-Mapping Phase 2 completed
[80%] Tech-Mapping Phase 3 completed
[90%] Tech-Mapping Phase 4 completed
[95%] Generate netlist file "D:\github\HRA_product\TangCartMSX\RTL\TangcartMSX\impl\gwsynthesis\TangcartMSX.vg" completed
[100%] Generate report file "D:\github\HRA_product\TangCartMSX\RTL\TangcartMSX\impl\gwsynthesis\TangcartMSX_syn.rpt.html" completed
GowinSynthesis finish
