GowinSynthesis start
Running parser ...
Analyzing Verilog file 'D:\github\HRA_product\TangCartMSX\RTL\tangnano20k_vdp_cartridge_step7\src\debugger\ip_debugger.v'
Analyzing Verilog file 'D:\github\HRA_product\TangCartMSX\RTL\tangnano20k_vdp_cartridge_step7\src\dvi_tx\dvi_tx.v'
Analyzing Verilog file 'D:\github\HRA_product\TangCartMSX\RTL\tangnano20k_vdp_cartridge_step7\src\gowin_clkdiv\gowin_clkdiv.v'
Analyzing Verilog file 'D:\github\HRA_product\TangCartMSX\RTL\tangnano20k_vdp_cartridge_step7\src\gowin_rpll\gowin_rpll.v'
Analyzing Verilog file 'D:\github\HRA_product\TangCartMSX\RTL\tangnano20k_vdp_cartridge_step7\src\gowin_rpll2\gowin_rpll2.v'
Analyzing Verilog file 'D:\github\HRA_product\TangCartMSX\RTL\tangnano20k_vdp_cartridge_step7\src\msx_slot\msx_slot.v'
Analyzing Verilog file 'D:\github\HRA_product\TangCartMSX\RTL\tangnano20k_vdp_cartridge_step7\src\ram\ip_ram.v'
Analyzing Verilog file 'D:\github\HRA_product\TangCartMSX\RTL\tangnano20k_vdp_cartridge_step7\src\sdram\ip_sdram_tangnano20k_c.v'
Analyzing Verilog file 'D:\github\HRA_product\TangCartMSX\RTL\tangnano20k_vdp_cartridge_step7\src\tangnano20k_vdp_cartridge.v'
Analyzing Verilog file 'D:\github\HRA_product\TangCartMSX\RTL\tangnano20k_vdp_cartridge_step7\src\th9958\vdp.v'
Undeclared symbol 'w_cpu_vram_ready', assumed default net type 'wire'("D:\github\HRA_product\TangCartMSX\RTL\tangnano20k_vdp_cartridge_step7\src\th9958\vdp.v":236)
Undeclared symbol 'w_vram_interleave', assumed default net type 'wire'("D:\github\HRA_product\TangCartMSX\RTL\tangnano20k_vdp_cartridge_step7\src\th9958\vdp.v":331)
Analyzing Verilog file 'D:\github\HRA_product\TangCartMSX\RTL\tangnano20k_vdp_cartridge_step7\src\th9958\vdp_color_palette.v'
Analyzing Verilog file 'D:\github\HRA_product\TangCartMSX\RTL\tangnano20k_vdp_cartridge_step7\src\th9958\vdp_color_palette_ram.v'
Analyzing Verilog file 'D:\github\HRA_product\TangCartMSX\RTL\tangnano20k_vdp_cartridge_step7\src\th9958\vdp_command.v'
Analyzing Verilog file 'D:\github\HRA_product\TangCartMSX\RTL\tangnano20k_vdp_cartridge_step7\src\th9958\vdp_command_cache.v'
Analyzing Verilog file 'D:\github\HRA_product\TangCartMSX\RTL\tangnano20k_vdp_cartridge_step7\src\th9958\vdp_cpu_interface.v'
Analyzing Verilog file 'D:\github\HRA_product\TangCartMSX\RTL\tangnano20k_vdp_cartridge_step7\src\th9958\vdp_sprite_divide_table.v'
Analyzing Verilog file 'D:\github\HRA_product\TangCartMSX\RTL\tangnano20k_vdp_cartridge_step7\src\th9958\vdp_sprite_info_collect.v'
Analyzing Verilog file 'D:\github\HRA_product\TangCartMSX\RTL\tangnano20k_vdp_cartridge_step7\src\th9958\vdp_sprite_makeup_pixel.v'
Analyzing Verilog file 'D:\github\HRA_product\TangCartMSX\RTL\tangnano20k_vdp_cartridge_step7\src\th9958\vdp_sprite_select_visible_planes.v'
Analyzing Verilog file 'D:\github\HRA_product\TangCartMSX\RTL\tangnano20k_vdp_cartridge_step7\src\th9958\vdp_timing_control.v'
Analyzing Verilog file 'D:\github\HRA_product\TangCartMSX\RTL\tangnano20k_vdp_cartridge_step7\src\th9958\vdp_timing_control_screen_mode.v'
Analyzing Verilog file 'D:\github\HRA_product\TangCartMSX\RTL\tangnano20k_vdp_cartridge_step7\src\th9958\vdp_timing_control_sprite.v'
Analyzing Verilog file 'D:\github\HRA_product\TangCartMSX\RTL\tangnano20k_vdp_cartridge_step7\src\th9958\vdp_timing_control_ssg.v'
Undeclared symbol 'dot_phase', assumed default net type 'wire'("D:\github\HRA_product\TangCartMSX\RTL\tangnano20k_vdp_cartridge_step7\src\th9958\vdp_timing_control_ssg.v":421)
Analyzing Verilog file 'D:\github\HRA_product\TangCartMSX\RTL\tangnano20k_vdp_cartridge_step7\src\th9958\vdp_upscan.v'
Analyzing Verilog file 'D:\github\HRA_product\TangCartMSX\RTL\tangnano20k_vdp_cartridge_step7\src\th9958\vdp_upscan_line_buffer.v'
Analyzing Verilog file 'D:\github\HRA_product\TangCartMSX\RTL\tangnano20k_vdp_cartridge_step7\src\th9958\vdp_video_double_buffer.v'
Analyzing Verilog file 'D:\github\HRA_product\TangCartMSX\RTL\tangnano20k_vdp_cartridge_step7\src\th9958\vdp_video_out.v'
Undeclared symbol 'w_display_en', assumed default net type 'wire'("D:\github\HRA_product\TangCartMSX\RTL\tangnano20k_vdp_cartridge_step7\src\th9958\vdp_video_out.v":380)
Analyzing Verilog file 'D:\github\HRA_product\TangCartMSX\RTL\tangnano20k_vdp_cartridge_step7\src\th9958\vdp_video_out_bilinear.v'
Analyzing Verilog file 'D:\github\HRA_product\TangCartMSX\RTL\tangnano20k_vdp_cartridge_step7\src\th9958\vdp_video_ram_line_buffer.v'
Analyzing Verilog file 'D:\github\HRA_product\TangCartMSX\RTL\tangnano20k_vdp_cartridge_step7\src\th9958\vdp_vram_interface.v'
Analyzing Verilog file 'D:\github\HRA_product\TangCartMSX\RTL\tangnano20k_vdp_cartridge_step7\src\ws2812_led\ip_ws2812_led.v'
Compiling module 'tangnano20k_vdp_cartridge'("D:\github\HRA_product\TangCartMSX\RTL\tangnano20k_vdp_cartridge_step7\src\tangnano20k_vdp_cartridge.v":24)
Compiling module 'Gowin_rPLL'("D:\github\HRA_product\TangCartMSX\RTL\tangnano20k_vdp_cartridge_step7\src\gowin_rpll\gowin_rpll.v":10)
Compiling module 'Gowin_rPLL2'("D:\github\HRA_product\TangCartMSX\RTL\tangnano20k_vdp_cartridge_step7\src\gowin_rpll2\gowin_rpll2.v":10)
Compiling module 'Gowin_CLKDIV'("D:\github\HRA_product\TangCartMSX\RTL\tangnano20k_vdp_cartridge_step7\src\gowin_clkdiv\gowin_clkdiv.v":10)
Compiling module 'msx_slot'("D:\github\HRA_product\TangCartMSX\RTL\tangnano20k_vdp_cartridge_step7\src\msx_slot\msx_slot.v":58)
Compiling module 'vdp'("D:\github\HRA_product\TangCartMSX\RTL\tangnano20k_vdp_cartridge_step7\src\th9958\vdp.v":58)
Compiling module 'vdp_cpu_interface'("D:\github\HRA_product\TangCartMSX\RTL\tangnano20k_vdp_cartridge_step7\src\th9958\vdp_cpu_interface.v":58)
Compiling module 'vdp_timing_control'("D:\github\HRA_product\TangCartMSX\RTL\tangnano20k_vdp_cartridge_step7\src\th9958\vdp_timing_control.v":57)
Compiling module 'vdp_timing_control_ssg'("D:\github\HRA_product\TangCartMSX\RTL\tangnano20k_vdp_cartridge_step7\src\th9958\vdp_timing_control_ssg.v":58)
Compiling module 'vdp_timing_control_screen_mode'("D:\github\HRA_product\TangCartMSX\RTL\tangnano20k_vdp_cartridge_step7\src\th9958\vdp_timing_control_screen_mode.v":58)
Compiling module 'vdp_timing_control_sprite'("D:\github\HRA_product\TangCartMSX\RTL\tangnano20k_vdp_cartridge_step7\src\th9958\vdp_timing_control_sprite.v":58)
Compiling module 'vdp_sprite_select_visible_planes'("D:\github\HRA_product\TangCartMSX\RTL\tangnano20k_vdp_cartridge_step7\src\th9958\vdp_sprite_select_visible_planes.v":58)
Compiling module 'vdp_sprite_info_collect'("D:\github\HRA_product\TangCartMSX\RTL\tangnano20k_vdp_cartridge_step7\src\th9958\vdp_sprite_info_collect.v":58)
Compiling module 'vdp_sprite_makeup_pixel'("D:\github\HRA_product\TangCartMSX\RTL\tangnano20k_vdp_cartridge_step7\src\th9958\vdp_sprite_makeup_pixel.v":58)
Compiling module 'vdp_sprite_divide_table'("D:\github\HRA_product\TangCartMSX\RTL\tangnano20k_vdp_cartridge_step7\src\th9958\vdp_sprite_divide_table.v":58)
Compiling module 'vdp_command'("D:\github\HRA_product\TangCartMSX\RTL\tangnano20k_vdp_cartridge_step7\src\th9958\vdp_command.v":57)
Compiling module 'vdp_command_cache'("D:\github\HRA_product\TangCartMSX\RTL\tangnano20k_vdp_cartridge_step7\src\th9958\vdp_command_cache.v":57)
Compiling module 'vdp_vram_interface'("D:\github\HRA_product\TangCartMSX\RTL\tangnano20k_vdp_cartridge_step7\src\th9958\vdp_vram_interface.v":58)
Compiling module 'vdp_color_palette'("D:\github\HRA_product\TangCartMSX\RTL\tangnano20k_vdp_cartridge_step7\src\th9958\vdp_color_palette.v":58)
Compiling module 'vdp_color_palette_ram'("D:\github\HRA_product\TangCartMSX\RTL\tangnano20k_vdp_cartridge_step7\src\th9958\vdp_color_palette_ram.v":58)
Extracting RAM for identifier 'ram_r'("D:\github\HRA_product\TangCartMSX\RTL\tangnano20k_vdp_cartridge_step7\src\th9958\vdp_color_palette_ram.v":73)
Extracting RAM for identifier 'ram_g'("D:\github\HRA_product\TangCartMSX\RTL\tangnano20k_vdp_cartridge_step7\src\th9958\vdp_color_palette_ram.v":74)
Extracting RAM for identifier 'ram_b'("D:\github\HRA_product\TangCartMSX\RTL\tangnano20k_vdp_cartridge_step7\src\th9958\vdp_color_palette_ram.v":75)
Compiling module 'vdp_upscan'("D:\github\HRA_product\TangCartMSX\RTL\tangnano20k_vdp_cartridge_step7\src\th9958\vdp_upscan.v":60)
Compiling module 'vdp_upscan_line_buffer'("D:\github\HRA_product\TangCartMSX\RTL\tangnano20k_vdp_cartridge_step7\src\th9958\vdp_upscan_line_buffer.v":58)
Extracting RAM for identifier 'ff_imem'("D:\github\HRA_product\TangCartMSX\RTL\tangnano20k_vdp_cartridge_step7\src\th9958\vdp_upscan_line_buffer.v":66)
Compiling module 'vdp_video_out'("D:\github\HRA_product\TangCartMSX\RTL\tangnano20k_vdp_cartridge_step7\src\th9958\vdp_video_out.v":60)
Compiling module 'vdp_video_double_buffer'("D:\github\HRA_product\TangCartMSX\RTL\tangnano20k_vdp_cartridge_step7\src\th9958\vdp_video_double_buffer.v":58)
Compiling module 'vdp_video_ram_line_buffer'("D:\github\HRA_product\TangCartMSX\RTL\tangnano20k_vdp_cartridge_step7\src\th9958\vdp_video_ram_line_buffer.v":58)
Extracting RAM for identifier 'ff_imem'("D:\github\HRA_product\TangCartMSX\RTL\tangnano20k_vdp_cartridge_step7\src\th9958\vdp_video_ram_line_buffer.v":66)
Compiling module 'vdp_video_out_bilinear'("D:\github\HRA_product\TangCartMSX\RTL\tangnano20k_vdp_cartridge_step7\src\th9958\vdp_video_out_bilinear.v":60)
Compiling module 'DVI_TX_Top'("D:\github\HRA_product\TangCartMSX\RTL\tangnano20k_vdp_cartridge_step7\src\dvi_tx\dvi_tx.v":1072)
Compiling module '**'("D:\github\HRA_product\TangCartMSX\RTL\tangnano20k_vdp_cartridge_step7\src\dvi_tx\dvi_tx.v":1071)
Compiling module 'ip_sdram'("D:\github\HRA_product\TangCartMSX\RTL\tangnano20k_vdp_cartridge_step7\src\sdram\ip_sdram_tangnano20k_c.v":57)
WARN  (EX3791) : Expression size 32 truncated to fit in target size 15("D:\github\HRA_product\TangCartMSX\RTL\tangnano20k_vdp_cartridge_step7\src\sdram\ip_sdram_tangnano20k_c.v":285)
Compiling module 'ip_ws2812_led'("D:\github\HRA_product\TangCartMSX\RTL\tangnano20k_vdp_cartridge_step7\src\ws2812_led\ip_ws2812_led.v":57)
Compiling module 'ip_debugger'("D:\github\HRA_product\TangCartMSX\RTL\tangnano20k_vdp_cartridge_step7\src\debugger\ip_debugger.v":57)
NOTE  (EX0101) : Current top module is "tangnano20k_vdp_cartridge"
[5%] Running netlist conversion ...
WARN  (CV0016) : Input clk is unused("D:\github\HRA_product\TangCartMSX\RTL\tangnano20k_vdp_cartridge_step7\src\tangnano20k_vdp_cartridge.v":25)
WARN  (CV0016) : Input button is unused("D:\github\HRA_product\TangCartMSX\RTL\tangnano20k_vdp_cartridge_step7\src\tangnano20k_vdp_cartridge.v":40)
Running device independent optimization ...
[10%] Optimizing Phase 0 completed
[15%] Optimizing Phase 1 completed
[25%] Optimizing Phase 2 completed
Running inference ...
[30%] Inferring Phase 0 completed
[40%] Inferring Phase 1 completed
[50%] Inferring Phase 2 completed
[55%] Inferring Phase 3 completed
Running technical mapping ...
[60%] Tech-Mapping Phase 0 completed
[65%] Tech-Mapping Phase 1 completed
[75%] Tech-Mapping Phase 2 completed
[80%] Tech-Mapping Phase 3 completed
[90%] Tech-Mapping Phase 4 completed
[95%] Generate netlist file "D:\github\HRA_product\TangCartMSX\RTL\tangnano20k_vdp_cartridge_step7\impl\gwsynthesis\tangnano20k_vdp_cartridge.vg" completed
[100%] Generate report file "D:\github\HRA_product\TangCartMSX\RTL\tangnano20k_vdp_cartridge_step7\impl\gwsynthesis\tangnano20k_vdp_cartridge_syn.rpt.html" completed
GowinSynthesis finish
