Z80 Macro Assembler ZMA v1.0.19
=====================================================
Programmed by t.hara

  DEFS is DEFINE STRING (default).
  OUTPUT TYPE: BINARY

<< code >>
LINE# |OFFSET|ADDR|MNEMONIC
======+======+====+==================================
     8|      |    |ORG 0x0100
------+------+----+----------------------------------
    10|      |    |BDOS := 0x0005
      |      |    |  Global integer symbol [BDOS] = 5 (0x5)
------+------+----+----------------------------------
    12|      |    |VDP_PORT0 := 0x98
      |      |    |  Global integer symbol [VDP_PORT0] = 152 (0x98)
------+------+----+----------------------------------
    13|      |    |VDP_PORT1 := 0x99
      |      |    |  Global integer symbol [VDP_PORT1] = 153 (0x99)
------+------+----+----------------------------------
    14|      |    |VDP_PORT2 := 0x9A
      |      |    |  Global integer symbol [VDP_PORT2] = 154 (0x9a)
------+------+----+----------------------------------
    15|      |    |VDP_PORT3 := 0x9B
      |      |    |  Global integer symbol [VDP_PORT3] = 155 (0x9b)
------+------+----+----------------------------------
    16|      |    |VDP_PORT4 := 0x9C
      |      |    |  Global integer symbol [VDP_PORT4] = 156 (0x9c)
------+------+----+----------------------------------
    18|      |    |RTC_ADDRESS := 0xB4
      |      |    |  Global integer symbol [RTC_ADDRESS] = 180 (0xb4)
------+------+----+----------------------------------
    19|      |    |RTC_DATA := 0xB5
      |      |    |  Global integer symbol [RTC_DATA] = 181 (0xb5)
------+------+----+----------------------------------
    21|      |    |CALSLT := 0x001C
      |      |    |  Global integer symbol [CALSLT] = 28 (0x1c)
------+------+----+----------------------------------
    22|      |    |MAIN_ROM_SLOT := 0xFCC1
      |      |    |  Global integer symbol [MAIN_ROM_SLOT] = 64705 (0xfcc1)
------+------+----+----------------------------------
    23|      |    |KILBUF := 0x0156
      |      |    |  Global integer symbol [KILBUF] = 342 (0x156)
------+------+----+----------------------------------
    24|      |    |CHGMOD := 0x005F
      |      |    |  Global integer symbol [CHGMOD] = 95 (0x5f)
------+------+----+----------------------------------
    29|      |    |SCOPE INIT_VDP
      |      |    |  Enter scope: INIT_VDP:
------+------+----+----------------------------------
    30|      |    |INIT_VDP ::
      |      |    |  global label [INIT_VDP] address: 0x000100
------+------+----+----------------------------------
    31|      |    |DI
      |      |    |  Z80:5cyc R800:2cyc
      |000000|0100|  F3
------+------+----+----------------------------------
    32|      |    |CALL WRITE_VDP_REGS
      |      |    |  Z80:18cyc R800:5cyc
      |000001|0101|  CD 38 02
------+------+----+----------------------------------
    34|      |    |VDP_INIT_DATA ::
      |      |    |  global label [VDP_INIT_DATA] address: 0x000104
------+------+----+----------------------------------
    35|      |    |DB 0x80 | 1, 0x63
      |000004|0104|  81 63
------+------+----+----------------------------------
    36|      |    |DB 0x80 | 0, 0x08
      |000006|0106|  80 08
------+------+----+----------------------------------
    37|      |    |DB 0x80 | 2, 0x1F | ( 0 << 5 )
      |000008|0108|  82 1F
------+------+----+----------------------------------
    38|      |    |DB 0x80 | 5, 0x7600 >> 7
      |00000A|010A|  85 EC
------+------+----+----------------------------------
    39|      |    |DB 0x80 | 6, 0x8000 >> 11
      |00000C|010C|  86 10
------+------+----+----------------------------------
    40|      |    |DB 0x80 | 7, 0x00
      |00000E|010E|  87 00
------+------+----+----------------------------------
    41|      |    |DB 0x80 | 8, 0x2A
      |000010|0110|  88 2A
------+------+----+----------------------------------
    42|      |    |DB 0x80 | 9, 0x00
      |000012|0112|  89 00
------+------+----+----------------------------------
    43|      |    |DB 0x80 | 11, 0x00
      |000014|0114|  8B 00
------+------+----+----------------------------------
    44|      |    |DB 0x80 | 15, 2
      |000016|0116|  8F 02
------+------+----+----------------------------------
    45|      |    |DB 0x80 | 16, 0
      |000018|0118|  90 00
------+------+----+----------------------------------
    46|      |    |DB 0x80 | 20, 0xFF
      |00001A|011A|  94 FF
------+------+----+----------------------------------
    47|      |    |DB 0x80 | 25, 3
      |00001C|011C|  99 03
------+------+----+----------------------------------
    48|      |    |DB 0x80 | 26, 0
      |00001E|011E|  9A 00
------+------+----+----------------------------------
    49|      |    |DB 0x80 | 27, 0
      |000020|0120|  9B 00
------+------+----+----------------------------------
    50|      |    |DB 0x80 | 36, 0
      |000022|0122|  A4 00
------+------+----+----------------------------------
    51|      |    |DB 0x80 | 37, 0
      |000024|0124|  A5 00
------+------+----+----------------------------------
    52|      |    |DB 0x80 | 38, 0
      |000026|0126|  A6 00
------+------+----+----------------------------------
    53|      |    |DB 0x80 | 39, 0
      |000028|0128|  A7 00
------+------+----+----------------------------------
    54|      |    |DB 0x80 | 40, 0
      |00002A|012A|  A8 00
------+------+----+----------------------------------
    55|      |    |DB 0x80 | 41, 2
      |00002C|012C|  A9 02
------+------+----+----------------------------------
    56|      |    |DB 0x80 | 42, 0
      |00002E|012E|  AA 00
------+------+----+----------------------------------
    57|      |    |DB 0x80 | 43, 2
      |000030|0130|  AB 02
------+------+----+----------------------------------
    58|      |    |DB 0x80 | 44, 0x00
      |000032|0132|  AC 00
------+------+----+----------------------------------
    59|      |    |DB 0x80 | 45, 0
      |000034|0134|  AD 00
------+------+----+----------------------------------
    60|      |    |DB 0x80 | 46, 0b11000000
      |000036|0136|  AE C0
------+------+----+----------------------------------
    61|      |    |DB 0x80 | 51, 0
      |000038|0138|  B3 00
------+------+----+----------------------------------
    62|      |    |DB 0x80 | 52, 0
      |00003A|013A|  B4 00
------+------+----+----------------------------------
    63|      |    |DB 0x80 | 53, 192
      |00003C|013C|  B5 C0
------+------+----+----------------------------------
    64|      |    |DB 0x80 | 54, 0
      |00003E|013E|  B6 00
------+------+----+----------------------------------
    65|      |    |DB 0x80 | 55, 511 & 255
      |000040|0140|  B7 FF
------+------+----+----------------------------------
    66|      |    |DB 0x80 | 56, 511 >> 8
      |000042|0142|  B8 01
------+------+----+----------------------------------
    67|      |    |DB 0x80 | 57, 307 & 255
      |000044|0144|  B9 33
------+------+----+----------------------------------
    68|      |    |DB 0x80 | 58, 307 >> 8
      |000046|0146|  BA 01
------+------+----+----------------------------------
    69|      |    |DB 0x00
      |000048|0148|  00
------+------+----+----------------------------------
    71|      |    |WAIT_VDP_COMMAND :
      |      |    |  label [INIT_VDP:WAIT_VDP_COMMAND] address: 0x000149
------+------+----+----------------------------------
    72|      |    |IN A, [ VDP_PORT1 ]
      |      |    |  Z80:12cyc R800:10cyc/9cyc
      |000049|0149|  DB 99
------+------+----+----------------------------------
    73|      |    |RRCA
      |      |    |  Z80:5cyc R800:1cyc
      |00004B|014B|  0F
------+------+----+----------------------------------
    74|      |    |JR C, WAIT_VDP_COMMAND
      |      |    |  Z80:13cyc/8cyc R800:3cyc/2cyc
      |00004C|014C|  38 FB
------+------+----+----------------------------------
    75|      |    |ENDSCOPE
      |      |    |  Exit scope: INIT_VDP:
------+------+----+----------------------------------
    81|      |    |SCOPE INIT_PALETTE
      |      |    |  Enter scope: INIT_PALETTE:
------+------+----+----------------------------------
    82|      |    |INIT_PALETTE ::
      |      |    |  global label [INIT_PALETTE] address: 0x00014e
------+------+----+----------------------------------
    83|      |    |LD A, 13
      |      |    |  Z80:8cyc R800:2cyc
      |00004E|014E|  3E 0D
------+------+----+----------------------------------
    84|      |    |OUT [ RTC_ADDRESS ], A
      |      |    |  Z80:12cyc R800:10cyc/9cyc
      |000050|0150|  D3 B4
------+------+----+----------------------------------
    85|      |    |IN A, [ RTC_DATA ]
      |      |    |  Z80:12cyc R800:10cyc/9cyc
      |000052|0152|  DB B5
------+------+----+----------------------------------
    86|      |    |AND A, 0x0C
      |      |    |  Z80:8cyc R800:2cyc
      |000054|0154|  E6 0C
------+------+----+----------------------------------
    87|      |    |OR A, 0x02
      |      |    |  Z80:8cyc R800:2cyc
      |000056|0156|  F6 02
------+------+----+----------------------------------
    88|      |    |OUT [ RTC_DATA ], A
      |      |    |  Z80:12cyc R800:10cyc/9cyc
      |000058|0158|  D3 B5
------+------+----+----------------------------------
    90|      |    |LD A, 0x0B
      |      |    |  Z80:8cyc R800:2cyc
      |00005A|015A|  3E 0B
------+------+----+----------------------------------
    91|      |    |OUT [ RTC_ADDRESS ], A
      |      |    |  Z80:12cyc R800:10cyc/9cyc
      |00005C|015C|  D3 B4
------+------+----+----------------------------------
    92|      |    |IN A, [ RTC_DATA ]
      |      |    |  Z80:12cyc R800:10cyc/9cyc
      |00005E|015E|  DB B5
------+------+----+----------------------------------
    93|      |    |AND A, 0x03
      |      |    |  Z80:8cyc R800:2cyc
      |000060|0160|  E6 03
------+------+----+----------------------------------
    94|      |    |ADD A, A
      |      |    |  Z80:5cyc R800:1cyc
      |000062|0162|  87
------+------+----+----------------------------------
    95|      |    |LD B, A
      |      |    |  Z80:5cyc R800:2cyc
      |000063|0163|  47
------+------+----+----------------------------------
    96|      |    |ADD A, A
      |      |    |  Z80:5cyc R800:1cyc
      |000064|0164|  87
------+------+----+----------------------------------
    97|      |    |ADD A, B
      |      |    |  Z80:5cyc R800:1cyc
      |000065|0165|  80
------+------+----+----------------------------------
    99|      |    |LD H, 0xFF & ( COLOR_DATA1 >> 8 )
      |      |    |  Z80:8cyc R800:2cyc
      |000066|0166|  26 03
------+------+----+----------------------------------
   100|      |    |ADD A, 0xFF & COLOR_DATA1
      |      |    |  Z80:8cyc R800:2cyc
      |000068|0168|  C6 00
------+------+----+----------------------------------
   101|      |    |LD L, A
      |      |    |  Z80:5cyc R800:2cyc
      |00006A|016A|  6F
------+------+----+----------------------------------
   103|      |    |LD BC, ( ( 3 * 2 ) << 8 ) | VDP_PORT2
      |      |    |  Z80:11cyc R800:3cyc
      |00006B|016B|  01 9A 06
------+------+----+----------------------------------
   104|      |    |OTIR
      |      |    |  Z80:23cyc/18cyc R800:12cyc/11cyc
      |00006E|016E|  ED B3
------+------+----+----------------------------------
   106|      |    |LD L, 0xFF & COLOR_DATA2
      |      |    |  Z80:8cyc R800:2cyc
      |000070|0170|  2E 18
------+------+----+----------------------------------
   107|      |    |LD B, 3 * 2
      |      |    |  Z80:8cyc R800:2cyc
      |000072|0172|  06 06
------+------+----+----------------------------------
   108|      |    |ENDSCOPE
      |      |    |  Exit scope: INIT_PALETTE:
------+------+----+----------------------------------
   113|      |    |SCOPE DECOMPRESS_LOGO_IMAGE
      |      |    |  Enter scope: DECOMPRESS_LOGO_IMAGE:
------+------+----+----------------------------------
   114|      |    |DECOMPRESS_LOGO_IMAGE ::
      |      |    |  global label [DECOMPRESS_LOGO_IMAGE] address: 0x000174
------+------+----+----------------------------------
   115|      |    |CALL OTIR_AND_WRITE_VDP_REGS
      |      |    |  Z80:18cyc R800:5cyc
      |000074|0174|  CD 36 02
------+------+----+----------------------------------
   116|      |    |_RUN_LMCM_COMMAND :
      |      |    |  label [DECOMPRESS_LOGO_IMAGE:_RUN_LMCM_COMMAND] address: 0x000177
------+------+----+----------------------------------
   117|      |    |DB 0x80 | 46, 0xA0
      |000077|0177|  AE A0
------+------+----+----------------------------------
   118|      |    |_RUN_LMMC_COMMAND :
      |      |    |  label [DECOMPRESS_LOGO_IMAGE:_RUN_LMMC_COMMAND] address: 0x000179
------+------+----+----------------------------------
   119|      |    |DB 0x80 | 17, 36
      |000079|0179|  91 24
------+------+----+----------------------------------
   120|      |    |DB 0x00
      |00007B|017B|  00
------+------+----+----------------------------------
   122|      |    |LD BC, ( LOGO_DRAW_COMMAND_SIZE << 8 ) | VDP_PORT3
      |      |    |  Z80:11cyc R800:3cyc
      |00007C|017C|  01 9B 0B
------+------+----+----------------------------------
   124|      |    |CALL OTIR_AND_WRITE_VDP_REGS
      |      |    |  Z80:18cyc R800:5cyc
      |00007F|017F|  CD 36 02
------+------+----+----------------------------------
   126|      |    |DB 0x80 | 17, 0x80 | 44
      |000082|0182|  91 AC
------+------+----+----------------------------------
   127|      |    |DB 0x00
      |000084|0184|  00
------+------+----+----------------------------------
   133|      |    |_DECOMPRESS_LOOP :
      |      |    |  label [DECOMPRESS_LOGO_IMAGE:_DECOMPRESS_LOOP] address: 0x000185
------+------+----+----------------------------------
   135|      |    |LD A, [ HL ]
      |      |    |  Z80:8cyc R800:4cyc
      |000085|0185|  7E
------+------+----+----------------------------------
   136|      |    |LD B, A
      |      |    |  Z80:5cyc R800:2cyc
      |000086|0186|  47
------+------+----+----------------------------------
   138|      |    |RLCA
      |      |    |  Z80:5cyc R800:1cyc
      |000087|0187|  07
------+------+----+----------------------------------
   139|      |    |RLCA
      |      |    |  Z80:5cyc R800:1cyc
      |000088|0188|  07
------+------+----+----------------------------------
   140|      |    |AND A, 3
      |      |    |  Z80:8cyc R800:2cyc
      |000089|0189|  E6 03
------+------+----+----------------------------------
   141|      |    |LD E, A
      |      |    |  Z80:5cyc R800:2cyc
      |00008B|018B|  5F
------+------+----+----------------------------------
   143|      |    |LD A, B
      |      |    |  Z80:5cyc R800:2cyc
      |00008C|018C|  78
------+------+----+----------------------------------
   144|      |    |AND A, 0x3F
      |      |    |  Z80:8cyc R800:2cyc
      |00008D|018D|  E6 3F
------+------+----+----------------------------------
   145|      |    |INC A
      |      |    |  Z80:5cyc R800:1cyc
      |00008F|018F|  3C
------+------+----+----------------------------------
   146|      |    |LD B, A
      |      |    |  Z80:5cyc R800:2cyc
      |000090|0190|  47
------+------+----+----------------------------------
   148|      |    |_RUN_LENGTH_LOOP :
      |      |    |  label [DECOMPRESS_LOGO_IMAGE:_RUN_LENGTH_LOOP] address: 0x000191
------+------+----+----------------------------------
   149|      |    |IN A, [ VDP_PORT1 ]
      |      |    |  Z80:12cyc R800:10cyc/9cyc
      |000091|0191|  DB 99
------+------+----+----------------------------------
   150|      |    |RRCA
      |      |    |  Z80:5cyc R800:1cyc
      |000093|0193|  0F
------+------+----+----------------------------------
   151|      |    |JR NC, _LMMC_END
      |      |    |  Z80:13cyc/8cyc R800:3cyc/2cyc
      |000094|0194|  30 07
------+------+----+----------------------------------
   152|      |    |OUT [ C ], E
      |      |    |  Z80:14cyc R800:10cyc/9cyc
      |000096|0196|  ED 59
------+------+----+----------------------------------
   153|      |    |DJNZ _RUN_LENGTH_LOOP
      |      |    |  Z80:14cyc/9cyc R800:3cyc/2cyc
      |000098|0198|  10 F7
------+------+----+----------------------------------
   154|      |    |INC HL
      |      |    |  Z80:7cyc R800:1cyc
      |00009A|019A|  23
------+------+----+----------------------------------
   155|      |    |JR _DECOMPRESS_LOOP
      |      |    |  Z80:13cyc R800:3cyc
      |00009B|019B|  18 E8
------+------+----+----------------------------------
   156|      |    |ENDSCOPE
      |      |    |  Exit scope: DECOMPRESS_LOGO_IMAGE:
------+------+----+----------------------------------
   158|      |    |SCOPE FINISH
      |      |    |  Enter scope: FINISH:
------+------+----+----------------------------------
   159|      |    |_LMMC_END ::
      |      |    |  global label [_LMMC_END] address: 0x00019d
------+------+----+----------------------------------
   161|      |    |LD HL, H_KEYI_BASE
      |      |    |  Z80:11cyc R800:3cyc
      |00009D|019D|  21 29 02
------+------+----+----------------------------------
   162|      |    |LD DE, H_KEYI
      |      |    |  Z80:11cyc R800:3cyc
      |0000A0|01A0|  11 00 40
------+------+----+----------------------------------
   163|      |    |LD BC, H_KEYI_END - H_KEYI
      |      |    |  Z80:11cyc R800:3cyc
      |0000A3|01A3|  01 0D 00
------+------+----+----------------------------------
   164|      |    |LDIR
      |      |    |  Z80:23cyc/18cyc R800:7cyc
      |0000A6|01A6|  ED B0
------+------+----+----------------------------------
   166|      |    |LD A, 0xC3
      |      |    |  Z80:8cyc R800:2cyc
      |0000A8|01A8|  3E C3
------+------+----+----------------------------------
   167|      |    |LD HL, H_KEYI
      |      |    |  Z80:11cyc R800:3cyc
      |0000AA|01AA|  21 00 40
------+------+----+----------------------------------
   168|      |    |LD [ 0xFD9A + 0 ], A
      |      |    |  Z80:14cyc R800:6cyc
      |0000AD|01AD|  32 9A FD
------+------+----+----------------------------------
   169|      |    |LD [ 0xFD9A + 1 ], HL
      |      |    |  Z80:17cyc R800:7cyc
      |0000B0|01B0|  22 9B FD
------+------+----+----------------------------------
   170|      |    |EI
      |      |    |  Z80:5cyc R800:1cyc
      |0000B3|01B3|  FB
------+------+----+----------------------------------
   172|      |    |LD A, 1
      |      |    |  Z80:8cyc R800:2cyc
      |0000B4|01B4|  3E 01
------+------+----+----------------------------------
   173|      |    |LD [ WAIT_FLAG ], A
      |      |    |  Z80:14cyc R800:6cyc
      |0000B6|01B6|  32 0C 40
------+------+----+----------------------------------
   174|      |    |WAIT_LOOP1 :
      |      |    |  label [FINISH:WAIT_LOOP1] address: 0x0001b9
------+------+----+----------------------------------
   175|      |    |LD A, [ WAIT_FLAG ]
      |      |    |  Z80:14cyc R800:6cyc
      |0000B9|01B9|  3A 0C 40
------+------+----+----------------------------------
   176|      |    |OR A, A
      |      |    |  Z80:5cyc R800:1cyc
      |0000BC|01BC|  B7
------+------+----+----------------------------------
   177|      |    |JR NZ, WAIT_LOOP1
      |      |    |  Z80:13cyc/8cyc R800:3cyc/2cyc
      |0000BD|01BD|  20 FA
------+------+----+----------------------------------
   182|      |    |START_MAIN :
      |      |    |  label [FINISH:START_MAIN] address: 0x0001bf
------+------+----+----------------------------------
   184|      |    |LD HL, ANIMATION_DATA
      |      |    |  Z80:11cyc R800:3cyc
      |0000BF|01BF|  21 1D 08
------+------+----+----------------------------------
   185|      |    |MAIN_LOOP :
      |      |    |  label [FINISH:MAIN_LOOP] address: 0x0001c2
------+------+----+----------------------------------
   187|      |    |LD A, 1
      |      |    |  Z80:8cyc R800:2cyc
      |0000C2|01C2|  3E 01
------+------+----+----------------------------------
   188|      |    |LD [ WAIT_FLAG ], A
      |      |    |  Z80:14cyc R800:6cyc
      |0000C4|01C4|  32 0C 40
------+------+----+----------------------------------
   191|      |    |LD BC, VDP_PORT1 | ( 4 << 8 )
      |      |    |  Z80:11cyc R800:3cyc
      |0000C7|01C7|  01 99 04
------+------+----+----------------------------------
   192|      |    |LD A, 47
      |      |    |  Z80:8cyc R800:2cyc
      |0000CA|01CA|  3E 2F
------+------+----+----------------------------------
   193|      |    |OUT [ C ], A
      |      |    |  Z80:14cyc R800:10cyc/9cyc
      |0000CC|01CC|  ED 79
------+------+----+----------------------------------
   194|      |    |LD A, 0x80 + 17
      |      |    |  Z80:8cyc R800:2cyc
      |0000CE|01CE|  3E 91
------+------+----+----------------------------------
   195|      |    |OUT [ C ], A
      |      |    |  Z80:14cyc R800:10cyc/9cyc
      |0000D0|01D0|  ED 79
------+------+----+----------------------------------
   196|      |    |INC C
      |      |    |  Z80:5cyc R800:1cyc
      |0000D2|01D2|  0C
------+------+----+----------------------------------
   197|      |    |INC C
      |      |    |  Z80:5cyc R800:1cyc
      |0000D3|01D3|  0C
------+------+----+----------------------------------
   198|      |    |OTIR
      |      |    |  Z80:23cyc/18cyc R800:12cyc/11cyc
      |0000D4|01D4|  ED B3
------+------+----+----------------------------------
   199|      |    |DEC C
      |      |    |  Z80:5cyc R800:1cyc
      |0000D6|01D6|  0D
------+------+----+----------------------------------
   200|      |    |DEC C
      |      |    |  Z80:5cyc R800:1cyc
      |0000D7|01D7|  0D
------+------+----+----------------------------------
   202|      |    |LD B, 4
      |      |    |  Z80:8cyc R800:2cyc
      |0000D8|01D8|  06 04
------+------+----+----------------------------------
   203|      |    |LD A, 32
      |      |    |  Z80:8cyc R800:2cyc
      |0000DA|01DA|  3E 20
------+------+----+----------------------------------
   204|      |    |OUT [ C ], A
      |      |    |  Z80:14cyc R800:10cyc/9cyc
      |0000DC|01DC|  ED 79
------+------+----+----------------------------------
   205|      |    |LD A, 0x80 + 17
      |      |    |  Z80:8cyc R800:2cyc
      |0000DE|01DE|  3E 91
------+------+----+----------------------------------
   206|      |    |OUT [ C ], A
      |      |    |  Z80:14cyc R800:10cyc/9cyc
      |0000E0|01E0|  ED 79
------+------+----+----------------------------------
   207|      |    |INC C
      |      |    |  Z80:5cyc R800:1cyc
      |0000E2|01E2|  0C
------+------+----+----------------------------------
   208|      |    |INC C
      |      |    |  Z80:5cyc R800:1cyc
      |0000E3|01E3|  0C
------+------+----+----------------------------------
   209|      |    |OTIR
      |      |    |  Z80:23cyc/18cyc R800:12cyc/11cyc
      |0000E4|01E4|  ED B3
------+------+----+----------------------------------
   211|      |    |PUSH HL
      |      |    |  Z80:12cyc R800:6cyc
      |0000E6|01E6|  E5
------+------+----+----------------------------------
   212|      |    |LD B, 11
      |      |    |  Z80:8cyc R800:2cyc
      |0000E7|01E7|  06 0B
------+------+----+----------------------------------
   213|      |    |LD HL, LRMM_COMMAND
      |      |    |  Z80:11cyc R800:3cyc
      |0000E9|01E9|  21 12 08
------+------+----+----------------------------------
   214|      |    |OTIR
      |      |    |  Z80:23cyc/18cyc R800:12cyc/11cyc
      |0000EC|01EC|  ED B3
------+------+----+----------------------------------
   215|      |    |POP HL
      |      |    |  Z80:11cyc R800:5cyc
      |0000EE|01EE|  E1
------+------+----+----------------------------------
   217|      |    |WAIT_VSYNC :
      |      |    |  label [FINISH:WAIT_VSYNC] address: 0x0001ef
------+------+----+----------------------------------
   218|      |    |LD A, [ WAIT_FLAG ]
      |      |    |  Z80:14cyc R800:6cyc
      |0000EF|01EF|  3A 0C 40
------+------+----+----------------------------------
   219|      |    |OR A, A
      |      |    |  Z80:5cyc R800:1cyc
      |0000F2|01F2|  B7
------+------+----+----------------------------------
   220|      |    |JR NZ, WAIT_VSYNC
      |      |    |  Z80:13cyc/8cyc R800:3cyc/2cyc
      |0000F3|01F3|  20 FA
------+------+----+----------------------------------
   222|      |    |LD A, [ FRAME_COUNT ]
      |      |    |  Z80:14cyc R800:6cyc
      |0000F5|01F5|  3A 11 08
------+------+----+----------------------------------
   223|      |    |DEC A
      |      |    |  Z80:5cyc R800:1cyc
      |0000F8|01F8|  3D
------+------+----+----------------------------------
   224|      |    |LD [ FRAME_COUNT ], A
      |      |    |  Z80:14cyc R800:6cyc
      |0000F9|01F9|  32 11 08
------+------+----+----------------------------------
   225|      |    |JP NZ, MAIN_LOOP
      |      |    |  Z80:11cyc R800:5cyc/3cyc
      |0000FC|01FC|  C2 C2 01
------+------+----+----------------------------------
   228|      |    |LD B, 120
      |      |    |  Z80:8cyc R800:2cyc
      |0000FF|01FF|  06 78
------+------+----+----------------------------------
   229|      |    |WAIT_TIME1 :
      |      |    |  label [FINISH:WAIT_TIME1] address: 0x000201
------+------+----+----------------------------------
   230|      |    |LD A, 1
      |      |    |  Z80:8cyc R800:2cyc
      |000101|0201|  3E 01
------+------+----+----------------------------------
   231|      |    |LD [ WAIT_FLAG ], A
      |      |    |  Z80:14cyc R800:6cyc
      |000103|0203|  32 0C 40
------+------+----+----------------------------------
   232|      |    |WAIT_TIME2 :
      |      |    |  label [FINISH:WAIT_TIME2] address: 0x000206
------+------+----+----------------------------------
   233|      |    |LD A, [ WAIT_FLAG ]
      |      |    |  Z80:14cyc R800:6cyc
      |000106|0206|  3A 0C 40
------+------+----+----------------------------------
   234|      |    |OR A, A
      |      |    |  Z80:5cyc R800:1cyc
      |000109|0209|  B7
------+------+----+----------------------------------
   235|      |    |JR NZ, WAIT_TIME2
      |      |    |  Z80:13cyc/8cyc R800:3cyc/2cyc
      |00010A|020A|  20 FA
------+------+----+----------------------------------
   236|      |    |DJNZ WAIT_TIME1
      |      |    |  Z80:14cyc/9cyc R800:3cyc/2cyc
      |00010C|020C|  10 F3
------+------+----+----------------------------------
   238|      |    |EXIT_MAIN_LOOP :
      |      |    |  label [FINISH:EXIT_MAIN_LOOP] address: 0x00020e
------+------+----+----------------------------------
   240|      |    |DI
      |      |    |  Z80:5cyc R800:2cyc
      |00010E|020E|  F3
------+------+----+----------------------------------
   241|      |    |LD A, 0x43
      |      |    |  Z80:8cyc R800:2cyc
      |00010F|020F|  3E 43
------+------+----+----------------------------------
   242|      |    |OUT [ VDP_PORT1 ], A
      |      |    |  Z80:12cyc R800:10cyc/9cyc
      |000111|0211|  D3 99
------+------+----+----------------------------------
   243|      |    |LD A, 0x81
      |      |    |  Z80:8cyc R800:2cyc
      |000113|0213|  3E 81
------+------+----+----------------------------------
   244|      |    |OUT [ VDP_PORT1 ], A
      |      |    |  Z80:12cyc R800:10cyc/9cyc
      |000115|0215|  D3 99
------+------+----+----------------------------------
   246|      |    |LD HL, 0xC9C9
      |      |    |  Z80:11cyc R800:3cyc
      |000117|0217|  21 C9 C9
------+------+----+----------------------------------
   247|      |    |LD [ 0xFD9A + 0 ], HL
      |      |    |  Z80:17cyc R800:7cyc
      |00011A|021A|  22 9A FD
------+------+----+----------------------------------
   248|      |    |LD [ 0xFD9A + 2 ], HL
      |      |    |  Z80:17cyc R800:7cyc
      |00011D|021D|  22 9C FD
------+------+----+----------------------------------
   249|      |    |EI
      |      |    |  Z80:5cyc R800:1cyc
      |000120|0220|  FB
------+------+----+----------------------------------
   251|      |    |CALL CLEAR_KEY_BUFFER
      |      |    |  Z80:18cyc R800:5cyc
      |000121|0221|  CD 6E 02
------+------+----+----------------------------------
   253|      |    |LD C, 0
      |      |    |  Z80:8cyc R800:2cyc
      |000124|0224|  0E 00
------+------+----+----------------------------------
   254|      |    |CALL 5
      |      |    |  Z80:18cyc R800:5cyc
      |000126|0226|  CD 05 00
------+------+----+----------------------------------
   259|      |    |H_KEYI_BASE :
      |      |    |  label [FINISH:H_KEYI_BASE] address: 0x000229
------+------+----+----------------------------------
   260|      |    |ORG 0x4000
------+------+----+----------------------------------
   261|      |    |H_KEYI ::
      |      |    |  global label [H_KEYI] address: 0x004000
------+------+----+----------------------------------
   263|      |    |IN A, [ VDP_PORT4 ]
      |      |    |  Z80:12cyc R800:10cyc/9cyc
      |000129|4000|  DB 9C
------+------+----+----------------------------------
   264|      |    |AND A, 1
      |      |    |  Z80:8cyc R800:2cyc
      |00012B|4002|  E6 01
------+------+----+----------------------------------
   265|      |    |RET Z
      |      |    |  Z80:12cyc/6cyc R800:5cyc/1cyc
      |00012D|4004|  C8
------+------+----+----------------------------------
   266|      |    |OUT [ VDP_PORT4 ], A
      |      |    |  Z80:12cyc R800:10cyc/9cyc
      |00012E|4005|  D3 9C
------+------+----+----------------------------------
   268|      |    |XOR A, A
      |      |    |  Z80:5cyc R800:1cyc
      |000130|4007|  AF
------+------+----+----------------------------------
   269|      |    |LD [ WAIT_FLAG ], A
      |      |    |  Z80:14cyc R800:6cyc
      |000131|4008|  32 0C 40
------+------+----+----------------------------------
   270|      |    |RET
      |      |    |  Z80:11cyc R800:5cyc
      |000134|400B|  C9
------+------+----+----------------------------------
   271|      |    |WAIT_FLAG ::
      |      |    |  global label [WAIT_FLAG] address: 0x00400c
------+------+----+----------------------------------
   272|      |    |DB 0
      |000135|400C|  00
------+------+----+----------------------------------
   273|      |    |H_KEYI_END :
      |      |    |  label [FINISH:H_KEYI_END] address: 0x00400d
------+------+----+----------------------------------
   274|      |    |ORG H_KEYI_BASE + H_KEYI_END - H_KEYI
------+------+----+----------------------------------
   275|      |    |ENDSCOPE
      |      |    |  Exit scope: FINISH:
------+------+----+----------------------------------
   287|      |    |SCOPE WRITE_VDP_REGS
      |      |    |  Enter scope: WRITE_VDP_REGS:
------+------+----+----------------------------------
   288|      |    |OTIR_AND_WRITE_VDP_REGS ::
      |      |    |  global label [OTIR_AND_WRITE_VDP_REGS] address: 0x000236
------+------+----+----------------------------------
   289|      |    |OTIR
      |      |    |  Z80:23cyc/18cyc R800:12cyc/11cyc
      |000136|0236|  ED B3
------+------+----+----------------------------------
   290|      |    |WRITE_VDP_REGS ::
      |      |    |  global label [WRITE_VDP_REGS] address: 0x000238
------+------+----+----------------------------------
   291|      |    |EX [ SP ], HL
      |      |    |  Z80:20cyc R800:7cyc
      |000138|0238|  E3
------+------+----+----------------------------------
   292|      |    |JR START1
      |      |    |  Z80:13cyc R800:3cyc
      |000139|0239|  18 08
------+------+----+----------------------------------
   293|      |    |LOOP1 :
      |      |    |  label [WRITE_VDP_REGS:LOOP1] address: 0x00023b
------+------+----+----------------------------------
   294|      |    |LD E, A
      |      |    |  Z80:5cyc R800:2cyc
      |00013B|023B|  5F
------+------+----+----------------------------------
   295|      |    |LD A, [ HL ]
      |      |    |  Z80:8cyc R800:4cyc
      |00013C|023C|  7E
------+------+----+----------------------------------
   296|      |    |INC HL
      |      |    |  Z80:7cyc R800:1cyc
      |00013D|023D|  23
------+------+----+----------------------------------
   297|      |    |OUT [ VDP_PORT1 ], A
      |      |    |  Z80:12cyc R800:10cyc/9cyc
      |00013E|023E|  D3 99
------+------+----+----------------------------------
   298|      |    |LD A, E
      |      |    |  Z80:5cyc R800:2cyc
      |000140|0240|  7B
------+------+----+----------------------------------
   299|      |    |OUT [ VDP_PORT1 ], A
      |      |    |  Z80:12cyc R800:10cyc/9cyc
      |000141|0241|  D3 99
------+------+----+----------------------------------
   300|      |    |START1 :
      |      |    |  label [WRITE_VDP_REGS:START1] address: 0x000243
------+------+----+----------------------------------
   301|      |    |LD A, [ HL ]
      |      |    |  Z80:8cyc R800:4cyc
      |000143|0243|  7E
------+------+----+----------------------------------
   302|      |    |INC HL
      |      |    |  Z80:7cyc R800:1cyc
      |000144|0244|  23
------+------+----+----------------------------------
   303|      |    |OR A, A
      |      |    |  Z80:5cyc R800:1cyc
      |000145|0245|  B7
------+------+----+----------------------------------
   304|      |    |JR NZ, LOOP1
      |      |    |  Z80:13cyc/8cyc R800:3cyc/2cyc
      |000146|0246|  20 F3
------+------+----+----------------------------------
   305|      |    |EX [ SP ], HL
      |      |    |  Z80:20cyc R800:7cyc
      |000148|0248|  E3
------+------+----+----------------------------------
   306|      |    |RET
      |      |    |  Z80:11cyc R800:5cyc
      |000149|0249|  C9
------+------+----+----------------------------------
   307|      |    |ENDSCOPE
      |      |    |  Exit scope: WRITE_VDP_REGS:
------+------+----+----------------------------------
   323|      |    |SCOPE FILL_VRAM
      |      |    |  Enter scope: FILL_VRAM:
------+------+----+----------------------------------
   324|      |    |FILL_VRAM ::
      |      |    |  global label [FILL_VRAM] address: 0x00024a
------+------+----+----------------------------------
   325|      |    |CALL SET_WRITE_VRAM_ADDRESS
      |      |    |  Z80:18cyc R800:5cyc
      |00014A|024A|  CD 56 02
------+------+----+----------------------------------
   327|      |    |LD A, E
      |      |    |  Z80:5cyc R800:2cyc
      |00014D|024D|  7B
------+------+----+----------------------------------
   328|      |    |LOOP :
      |      |    |  label [FILL_VRAM:LOOP] address: 0x00024e
------+------+----+----------------------------------
   329|      |    |OUT [ VDP_PORT0 ], A
      |      |    |  Z80:12cyc R800:10cyc/9cyc
      |00014E|024E|  D3 98
------+------+----+----------------------------------
   330|      |    |DEC C
      |      |    |  Z80:5cyc R800:1cyc
      |000150|0250|  0D
------+------+----+----------------------------------
   331|      |    |JR NZ, LOOP
      |      |    |  Z80:13cyc/8cyc R800:3cyc/2cyc
      |000151|0251|  20 FB
------+------+----+----------------------------------
   332|      |    |DJNZ LOOP
      |      |    |  Z80:14cyc/9cyc R800:3cyc/2cyc
      |000153|0253|  10 F9
------+------+----+----------------------------------
   333|      |    |RET
      |      |    |  Z80:11cyc R800:5cyc
      |000155|0255|  C9
------+------+----+----------------------------------
   334|      |    |ENDSCOPE
      |      |    |  Exit scope: FILL_VRAM:
------+------+----+----------------------------------
   349|      |    |SCOPE SET_WRITE_VRAM_ADDRESS
      |      |    |  Enter scope: SET_WRITE_VRAM_ADDRESS:
------+------+----+----------------------------------
   350|      |    |SET_WRITE_VRAM_ADDRESS ::
      |      |    |  global label [SET_WRITE_VRAM_ADDRESS] address: 0x000256
------+------+----+----------------------------------
   351|      |    |LD A, H
      |      |    |  Z80:5cyc R800:2cyc
      |000156|0256|  7C
------+------+----+----------------------------------
   352|      |    |AND A, 0x3F
      |      |    |  Z80:8cyc R800:2cyc
      |000157|0257|  E6 3F
------+------+----+----------------------------------
   353|      |    |OR A, 0x40
      |      |    |  Z80:8cyc R800:2cyc
      |000159|0259|  F6 40
------+------+----+----------------------------------
   354|      |    |EX AF, AF'
      |      |    |  Z80:5cyc R800:1cyc
      |00015B|025B|  08
------+------+----+----------------------------------
   355|      |    |LD A, H
      |      |    |  Z80:5cyc R800:2cyc
      |00015C|025C|  7C
------+------+----+----------------------------------
   356|      |    |RLCA
      |      |    |  Z80:5cyc R800:1cyc
      |00015D|025D|  07
------+------+----+----------------------------------
   357|      |    |RLCA
      |      |    |  Z80:5cyc R800:1cyc
      |00015E|025E|  07
------+------+----+----------------------------------
   358|      |    |AND A, 0x03
      |      |    |  Z80:8cyc R800:2cyc
      |00015F|025F|  E6 03
------+------+----+----------------------------------
   359|      |    |OUT [ VDP_PORT1 ], A
      |      |    |  Z80:12cyc R800:10cyc/9cyc
      |000161|0261|  D3 99
------+------+----+----------------------------------
   360|      |    |LD A, 0x80 | 14
      |      |    |  Z80:8cyc R800:2cyc
      |000163|0263|  3E 8E
------+------+----+----------------------------------
   361|      |    |OUT [ VDP_PORT1 ], A
      |      |    |  Z80:12cyc R800:10cyc/9cyc
      |000165|0265|  D3 99
------+------+----+----------------------------------
   362|      |    |LD A, L
      |      |    |  Z80:5cyc R800:2cyc
      |000167|0267|  7D
------+------+----+----------------------------------
   363|      |    |OUT [ VDP_PORT1 ], A
      |      |    |  Z80:12cyc R800:10cyc/9cyc
      |000168|0268|  D3 99
------+------+----+----------------------------------
   364|      |    |EX AF, AF'
      |      |    |  Z80:5cyc R800:1cyc
      |00016A|026A|  08
------+------+----+----------------------------------
   365|      |    |OUT [ VDP_PORT1 ], A
      |      |    |  Z80:12cyc R800:10cyc/9cyc
      |00016B|026B|  D3 99
------+------+----+----------------------------------
   366|      |    |RET
      |      |    |  Z80:11cyc R800:5cyc
      |00016D|026D|  C9
------+------+----+----------------------------------
   367|      |    |ENDSCOPE
      |      |    |  Exit scope: SET_WRITE_VRAM_ADDRESS:
------+------+----+----------------------------------
   380|      |    |SCOPE CLEAR_KEY_BUFFER
      |      |    |  Enter scope: CLEAR_KEY_BUFFER:
------+------+----+----------------------------------
   381|      |    |CLEAR_KEY_BUFFER ::
      |      |    |  global label [CLEAR_KEY_BUFFER] address: 0x00026e
------+------+----+----------------------------------
   382|      |    |DI
      |      |    |  Z80:5cyc R800:2cyc
      |00016E|026E|  F3
------+------+----+----------------------------------
   383|      |    |XOR A, A
      |      |    |  Z80:5cyc R800:1cyc
      |00016F|026F|  AF
------+------+----+----------------------------------
   384|      |    |OUT [ VDP_PORT1 ], A
      |      |    |  Z80:12cyc R800:10cyc/9cyc
      |000170|0270|  D3 99
------+------+----+----------------------------------
   385|      |    |LD A, 0x80 | 20
      |      |    |  Z80:8cyc R800:2cyc
      |000172|0272|  3E 94
------+------+----+----------------------------------
   386|      |    |OUT [ VDP_PORT1 ], A
      |      |    |  Z80:12cyc R800:10cyc/9cyc
      |000174|0274|  D3 99
------+------+----+----------------------------------
   388|      |    |XOR A, A
      |      |    |  Z80:5cyc R800:1cyc
      |000176|0276|  AF
------+------+----+----------------------------------
   389|      |    |OUT [ VDP_PORT1 ], A
      |      |    |  Z80:12cyc R800:10cyc/9cyc
      |000177|0277|  D3 99
------+------+----+----------------------------------
   390|      |    |LD A, 0x80 | 14
      |      |    |  Z80:8cyc R800:2cyc
      |000179|0279|  3E 8E
------+------+----+----------------------------------
   391|      |    |OUT [ VDP_PORT1 ], A
      |      |    |  Z80:12cyc R800:10cyc/9cyc
      |00017B|027B|  D3 99
------+------+----+----------------------------------
   393|      |    |LD IY, [ MAIN_ROM_SLOT - 1 ]
      |      |    |  Z80:22cyc R800:8cyc
      |00017D|027D|  FD 2A C0 FC
------+------+----+----------------------------------
   394|      |    |LD IX, KILBUF
      |      |    |  Z80:16cyc R800:4cyc
      |000181|0281|  DD 21 56 01
------+------+----+----------------------------------
   395|      |    |CALL CALSLT
      |      |    |  Z80:18cyc R800:5cyc
      |000185|0285|  CD 1C 00
------+------+----+----------------------------------
   396|      |    |LD IY, [ MAIN_ROM_SLOT - 1 ]
      |      |    |  Z80:22cyc R800:8cyc
      |000188|0288|  FD 2A C0 FC
------+------+----+----------------------------------
   397|      |    |LD IX, CHGMOD
      |      |    |  Z80:16cyc R800:4cyc
      |00018C|028C|  DD 21 5F 00
------+------+----+----------------------------------
   398|      |    |LD A, 1
      |      |    |  Z80:8cyc R800:2cyc
      |000190|0290|  3E 01
------+------+----+----------------------------------
   399|      |    |CALL CALSLT
      |      |    |  Z80:18cyc R800:5cyc
      |000192|0292|  CD 1C 00
------+------+----+----------------------------------
   400|      |    |LD IY, [ MAIN_ROM_SLOT - 1 ]
      |      |    |  Z80:22cyc R800:8cyc
      |000195|0295|  FD 2A C0 FC
------+------+----+----------------------------------
   401|      |    |LD IX, CHGMOD
      |      |    |  Z80:16cyc R800:4cyc
      |000199|0299|  DD 21 5F 00
------+------+----+----------------------------------
   402|      |    |LD A, 0
      |      |    |  Z80:8cyc R800:2cyc
      |00019D|029D|  3E 00
------+------+----+----------------------------------
   403|      |    |CALL CALSLT
      |      |    |  Z80:18cyc R800:5cyc
      |00019F|029F|  CD 1C 00
------+------+----+----------------------------------
   404|      |    |EI
      |      |    |  Z80:5cyc R800:1cyc
      |0001A2|02A2|  FB
------+------+----+----------------------------------
   405|      |    |RET
      |      |    |  Z80:11cyc R800:5cyc
      |0001A3|02A3|  C9
------+------+----+----------------------------------
   406|      |    |ENDSCOPE
      |      |    |  Exit scope: CLEAR_KEY_BUFFER:
------+------+----+----------------------------------
   413|      |    |ALIGN 256
      |      |    |  Padding: 92byte(s)
------+------+----+----------------------------------
   414|      |    |COLOR_DATA1 ::
      |      |    |  global label [COLOR_DATA1] address: 0x000300
------+------+----+----------------------------------
   416|      |    |DB 0, 0, 31
      |000200|0300|  00 00 1F
------+------+----+----------------------------------
   417|      |    |DB 0, 0, 0
      |000203|0303|  00 00 00
------+------+----+----------------------------------
   419|      |    |DB 0, 0, 31
      |000206|0306|  00 00 1F
------+------+----+----------------------------------
   420|      |    |DB 0, 0, 0
      |000209|0309|  00 00 00
------+------+----+----------------------------------
   422|      |    |DB 0, 0, 31
      |00020C|030C|  00 00 1F
------+------+----+----------------------------------
   423|      |    |DB 0, 0, 0
      |00020F|030F|  00 00 00
------+------+----+----------------------------------
   425|      |    |DB 0, 0, 31
      |000212|0312|  00 00 1F
------+------+----+----------------------------------
   426|      |    |DB 0, 0, 0
      |000215|0315|  00 00 00
------+------+----+----------------------------------
   428|      |    |COLOR_DATA2 ::
      |      |    |  global label [COLOR_DATA2] address: 0x000318
------+------+----+----------------------------------
   430|      |    |DB 15, 15, 15
      |000218|0318|  0F 0F 0F
------+------+----+----------------------------------
   432|      |    |DB 31, 31, 31
      |00021B|031B|  1F 1F 1F
------+------+----+----------------------------------
   437|      |    |LOGO_DRAW_COMMAND ::
      |      |    |  global label [LOGO_DRAW_COMMAND] address: 0x00031e
------+------+----+----------------------------------
   438|      |    |DW 19
      |00021E|031E|  13 00
------+------+----+----------------------------------
   439|      |    |DW 192
      |000220|0320|  C0 00
------+------+----+----------------------------------
   440|      |    |DW 422
      |000222|0322|  A6 01
------+------+----+----------------------------------
   441|      |    |DW 80
      |000224|0324|  50 00
------+------+----+----------------------------------
   442|      |    |DB 0
      |000226|0326|  00
------+------+----+----------------------------------
   443|      |    |DB 0
      |000227|0327|  00
------+------+----+----------------------------------
   444|      |    |DB 0b1011_0000
      |000228|0328|  B0
------+------+----+----------------------------------
   445|      |    |LOGO_DRAW_COMMAND_END :
      |      |    |  label [LOGO_DRAW_COMMAND_END] address: 0x000329
------+------+----+----------------------------------
   447|      |    |LOGO_DRAW_COMMAND_SIZE := LOGO_DRAW_COMMAND_END - LOGO_DRAW_COMMAND
      |      |    |  Global integer symbol [LOGO_DRAW_COMMAND_SIZE] = 11 (0xb)
------+------+----+----------------------------------
   452|      |    |LOGO_DATA ::
      |      |    |  global label [LOGO_DATA] address: 0x000329
------+------+----+----------------------------------
   453|      |    |BINARY_LINK "logo_data/logo.bin"
      |000229|0329|  7F 7F 7F 7F 7F 7F 7F 7F
      |000231|0331|  7F 7F 7F 7F 7F 7F 7F 7F
      |000239|0339|  7F 7F 7F 7F 7F 7F 7F 7F
      |000241|0341|  7F 7F 7F 7F 7F 7F 7F 7F
      |000249|0349|  7F 7F 7F 7F 7F 7F 7F 7F
      |000251|0351|  7F 7F 7F 7F 7F 7F 7F 7F
      |000259|0359|  7F 7F 7F 7F 7F 7F 7F 7F
      |000261|0361|  7F 7F 7F 7F 56 80 DB 81
      |000269|0369|  5A 80 DC 6E 80 FF E7 80
      |000271|0371|  69 81 E7 80 7F 5E 81 DC
      |000279|0379|  80 5A 80 DC 80 68 81 FF
      |000281|0381|  EC 80 68 E9 7F 5F 80 DD
      |000289|0389|  80 59 80 DE 64 80 FF F3
      |000291|0391|  80 63 81 E7 81 7F 5F 81
      |000299|0399|  DE 59 80 DE 80 60 80 FF
      |0002A1|03A1|  F7 80 62 E9 7F 61 80 DF
      |0002A9|03A9|  80 57 80 E0 80 5C 80 FF
      |0002B1|03B1|  FC 80 5D 81 E7 80 7F 63
      |0002B9|03B9|  E1 80 56 80 E0 80 59 80
      |0002C1|03C1|  FF FF C0 80 5B 80 E9 7F
      |0002C9|03C9|  63 80 E1 81 54 80 E2 57
      |0002D1|03D1|  80 FF FF C5 58 80 E7 80
      |0002D9|03D9|  7F 64 81 E2 80 54 80 E2
      |0002E1|03E1|  80 55 80 FF FF C6 80 55
      |0002E9|03E9|  80 E8 80 7F 65 80 E3 80
      |0002F1|03F1|  53 80 E4 53 80 FF FF CB
      |0002F9|03F9|  52 80 E7 80 7F 66 81 E4
      |000301|0401|  53 80 E4 80 51 80 FF FF
      |000309|0409|  CC 81 4E 80 E8 80 7F 67
      |000311|0411|  80 E5 80 51 80 E6 80 4F
      |000319|0419|  80 FF FF D0 4C 80 E8 81
      |000321|0421|  7F 66 80 E7 80 50 80 E6
      |000329|0429|  80 4E 80 FF FF D1 81 49
      |000331|0431|  80 E7 80 7F 69 80 E7 81
      |000339|0439|  4E 80 E8 4D 80 FF FF D5
      |000341|0441|  80 45 80 E8 80 7F 69 80
      |000349|0449|  E9 80 4D 80 E9 80 4B 80
      |000351|0451|  FF FF D7 80 43 80 E7 80
      |000359|0459|  7F 6B 80 EA 4D 80 EA 4B
      |000361|0461|  FF FF DA 81 E8 80 7F 6B
      |000369|0469|  81 EA 80 4B 80 EB 80 49
      |000371|0471|  80 FF FF FF C3 80 7F 6D
      |000379|0479|  80 EC 80 4A 80 EC 80 48
      |000381|0481|  E5 80 7F 4A 81 FF CF 80
      |000389|0489|  7F 6D 80 ED 81 48 80 ED
      |000391|0491|  80 48 E2 80 7F 50 80 FF
      |000399|0499|  CB 80 7F 6F 80 EE 80 48
      |0003A1|04A1|  80 EE 48 E0 80 7F 52 81
      |0003A9|04A9|  FF C9 80 7F 6F 80 EF 81
      |0003B1|04B1|  46 80 EF 80 47 DF 80 7F
      |0003B9|04B9|  56 80 FF C5 80 7F 71 80
      |0003C1|04C1|  F0 80 46 F1 47 E0 80 7F
      |0003C9|04C9|  55 81 FF C3 80 7F 71 80
      |0003D1|04D1|  F2 45 80 F1 81 45 E2 80
      |0003D9|04D9|  7F 56 80 FF C0 80 7F 72
      |0003E1|04E1|  80 F2 80 44 80 F2 80 45
      |0003E9|04E9|  E5 80 7F 54 80 FD 80 7F
      |0003F1|04F1|  73 80 F3 81 42 80 F3 80
      |0003F9|04F9|  45 80 FF C5 80 75 80 FA
      |000401|0501|  80 7F 74 80 F4 80 42 80
      |000409|0509|  F4 46 FF CA 81 70 80 F7
      |000411|0511|  80 7F 75 80 F6 80 40 80
      |000419|0519|  F5 80 45 80 FF CE 6F 80
      |000421|0521|  F4 80 7F 76 80 F6 80 40
      |000429|0529|  F7 80 45 80 FF D0 80 6C
      |000431|0531|  80 F1 80 7F 77 80 FF F1
      |000439|0539|  81 45 80 FF D2 80 6B 80
      |000441|0541|  EE 80 7F 78 80 FF F2 80
      |000449|0549|  46 80 FF D4 80 69 80 EB
      |000451|0551|  80 7F 79 80 FF F3 80 47
      |000459|0559|  80 FF D5 80 69 80 E8 80
      |000461|0561|  7F 7A 80 FF F4 48 80 FF
      |000469|0569|  D5 80 67 80 E9 80 7F 79
      |000471|0571|  80 FF F5 80 49 80 FF D5
      |000479|0579|  80 63 80 EC 80 7F 78 80
      |000481|0581|  FF F6 80 49 80 FF D5 80
      |000489|0589|  61 80 EF 80 7F 75 80 DF
      |000491|0591|  40 F7 80 DD 81 4A 80 FF
      |000499|0599|  D4 80 5E 80 F2 80 7F 74
      |0004A1|05A1|  80 DE 80 40 80 F5 82 DD
      |0004A9|05A9|  80 4D 80 FF D2 80 5C 80
      |0004B1|05B1|  F5 80 7F 71 80 DF 80 40
      |0004B9|05B9|  80 F5 41 80 DD 80 50 80
      |0004C1|05C1|  FF D0 80 59 80 F8 80 7F
      |0004C9|05C9|  70 80 DE 80 42 80 F3 80
      |0004D1|05D1|  42 80 DD 53 80 FF CE 80
      |0004D9|05D9|  57 80 FB 80 7F 6D 80 DF
      |0004E1|05E1|  44 F3 44 DD 80 56 81 FF
      |0004E9|05E9|  CA 56 80 FD 80 7F 6C 80
      |0004F1|05F1|  DE 80 44 80 F1 80 44 DE
      |0004F9|05F9|  80 5A 80 FF C6 80 53 80
      |000501|0601|  FF C1 80 7F 69 80 DF 46
      |000509|0609|  F0 80 45 80 DD 81 7A 80
      |000511|0611|  E5 80 51 81 FF C3 80 7F
      |000519|0619|  68 80 DE 80 46 80 EF 80
      |000521|0621|  45 81 DD 80 7E 80 E1 80
      |000529|0629|  50 80 FF C7 80 7F 65 80
      |000531|0631|  DF 48 EF 47 80 DD 80 7F
      |000539|0639|  40 80 DF 80 4E 81 FF C9
      |000541|0641|  80 7F 64 DF 80 48 80 ED
      |000549|0649|  80 48 80 DD 80 7F 40 DF
      |000551|0651|  80 4D 80 FF CD 80 7F 61
      |000559|0659|  80 DF 4A EC 80 4A DD 80
      |000561|0661|  7F 80 DF 80 4B 81 E7 80
      |000569|0669|  E6 80 7F 60 80 DE 80 4A
      |000571|0671|  80 EB 80 4A 80 DD 80 7C
      |000579|0679|  80 E1 80 4A 80 E7 81 41
      |000581|0681|  80 E6 80 7F 5D 80 DF 4C
      |000589|0689|  EA 80 4C DD 81 77 80 E5
      |000591|0691|  80 48 81 E8 80 43 80 E6
      |000599|0699|  80 7F 5C 80 DE 80 4C 80
      |0005A1|06A1|  E9 80 4C 80 FF FD 80 48
      |0005A9|06A9|  80 E6 81 47 80 E6 80 7F
      |0005B1|06B1|  59 80 DF 4E E9 4D 80 FF
      |0005B9|06B9|  FD 46 81 E7 81 49 80 E6
      |0005C1|06C1|  80 7F 58 DF 80 4E 80 E7
      |0005C9|06C9|  80 4E 80 FF FB 80 46 E7
      |0005D1|06D1|  81 4D 80 E6 80 7F 55 80
      |0005D9|06D9|  DE 80 50 E6 80 50 FF FA
      |0005E1|06E1|  80 44 81 E7 81 4F 81 E5
      |0005E9|06E9|  81 7F 53 80 DE 51 80 E4
      |0005F1|06F1|  80 51 80 FF F8 80 45 E7
      |0005F9|06F9|  81 53 80 E6 80 7F 51 80
      |000601|0701|  DE 80 52 E4 80 52 FF F7
      |000609|0709|  80 43 81 E7 80 56 81 E5
      |000611|0711|  81 7F 4F 80 DE 53 80 E3
      |000619|0719|  53 80 FF F5 80 44 E7 81
      |000621|0721|  59 80 E6 80 7F 4D 80 DE
      |000629|0729|  80 54 E2 80 53 80 FF F4
      |000631|0731|  80 43 81 E5 80 5D 81 E5
      |000639|0739|  81 7F 4B DF 55 80 E0 80
      |000641|0741|  55 80 FF F1 80 43 80 E7
      |000649|0749|  81 60 E6 80 7F 49 80 DE
      |000651|0751|  80 56 E0 80 56 FF F0 80
      |000659|0759|  43 80 E6 80 63 81 E5 81
      |000661|0761|  7F 47 80 DE 57 80 DE 80
      |000669|0769|  57 80 FF ED 80 43 80 E7
      |000671|0771|  81 66 E6 81 7F 44 80 DE
      |000679|0779|  80 58 DE 80 58 FF EA 80
      |000681|0781|  45 80 E6 80 69 81 E5 81
      |000689|0789|  7F 43 80 DE 59 80 DD 59
      |000691|0791|  80 FF E6 80 46 80 E7 81
      |000699|0799|  6C 80 E5 81 7F 40 80 DE
      |0006A1|07A1|  80 5A DC 80 59 80 FF E3
      |0006A9|07A9|  49 80 E6 80 6F 81 E5 81
      |0006B1|07B1|  7F DF 5B 80 DA 80 5B 80
      |0006B9|07B9|  FF DF 4A 80 E7 81 72 80
      |0006C1|07C1|  E6 80 7C 80 DE 80 5C DA
      |0006C9|07C9|  80 5C FF D9 80 4E E7 80
      |0006D1|07D1|  75 81 E6 80 7F 7F 7F 7F
      |0006D9|07D9|  7F 7F 7F 7F 7F 7F 7F 7F
      |0006E1|07E1|  7F 7F 7F 7F 7F 7F 7F 7F
      |0006E9|07E9|  7F 7F 7F 7F 7F 7F 7F 7F
      |0006F1|07F1|  7F 7F 7F 7F 7F 7F 7F 7F
      |0006F9|07F9|  7F 7F 7F 7F 7F 7F 7F 7F
      |000701|0801|  7F 7F 7F 7F 7F 7F 7F 7F
      |000709|0809|  7F 7F 7F 7F 7F 7F 7F 6F
------+------+----+----------------------------------
   458|      |    |FRAME_COUNT :
      |      |    |  label [FRAME_COUNT] address: 0x000811
------+------+----+----------------------------------
   459|      |    |DB 61
      |000711|0811|  3D
------+------+----+----------------------------------
   460|      |    |LRMM_COMMAND ::
      |      |    |  global label [LRMM_COMMAND] address: 0x000812
------+------+----+----------------------------------
   461|      |    |DW 45
      |000712|0812|  2D 00
------+------+----+----------------------------------
   462|      |    |DW 32
      |000714|0814|  20 00
------+------+----+----------------------------------
   463|      |    |DW 422
      |000716|0816|  A6 01
------+------+----+----------------------------------
   464|      |    |DW 80
      |000718|0818|  50 00
------+------+----+----------------------------------
   465|      |    |DB 0
      |00071A|081A|  00
------+------+----+----------------------------------
   466|      |    |DB 0b0100000
      |00071B|081B|  20
------+------+----+----------------------------------
   467|      |    |DB 0x30
      |00071C|081C|  30
------+------+----+----------------------------------
   470|      |    |ANIMATION_DATA ::
      |      |    |  global label [ANIMATION_DATA] address: 0x00081d
------+------+----+----------------------------------
   471|      |    |DW 1792, 0, - 630, 320
      |00071D|081D|  00 07 00 00 8A FD 40 01
------+------+----+----------------------------------
   472|      |    |DW 1623, 133, - 581, 238
      |000725|0825|  57 06 85 00 BB FD EE 00
------+------+----+----------------------------------
   473|      |    |DW 1473, 240, - 536, 170
      |00072D|082D|  C1 05 F0 00 E8 FD AA 00
------+------+----+----------------------------------
   474|      |    |DW 1339, 324, - 494, 115
      |000735|0835|  3B 05 44 01 12 FE 73 00
------+------+----+----------------------------------
   475|      |    |DW 1219, 387, - 454, 70
      |00073D|083D|  C3 04 83 01 3A FE 46 00
------+------+----+----------------------------------
   476|      |    |DW 1113, 432, - 417, 35
      |000745|0845|  59 04 B0 01 5F FE 23 00
------+------+----+----------------------------------
   477|      |    |DW 1021, 460, - 383, 9
      |00074D|084D|  FD 03 CC 01 81 FE 09 00
------+------+----+----------------------------------
   478|      |    |DW 941, 474, - 352, - 10
      |000755|0855|  AD 03 DA 01 A0 FE F6 FF
------+------+----+----------------------------------
   479|      |    |DW 874, 475, - 325, - 21
      |00075D|085D|  6A 03 DB 01 BB FE EB FF
------+------+----+----------------------------------
   480|      |    |DW 819, 466, - 300, - 25
      |000765|0865|  33 03 D2 01 D4 FE E7 FF
------+------+----+----------------------------------
   481|      |    |DW 775, 448, - 279, - 25
      |00076D|086D|  07 03 C0 01 E9 FE E7 FF
------+------+----+----------------------------------
   482|      |    |DW 741, 421, - 261, - 19
      |000775|0875|  E5 02 A5 01 FB FE ED FF
------+------+----+----------------------------------
   483|      |    |DW 715, 389, - 245, - 10
      |00077D|087D|  CB 02 85 01 0B FF F6 FF
------+------+----+----------------------------------
   484|      |    |DW 695, 350, - 231, 3
      |000785|0885|  B7 02 5E 01 19 FF 03 00
------+------+----+----------------------------------
   485|      |    |DW 680, 306, - 218, 19
      |00078D|088D|  A8 02 32 01 26 FF 13 00
------+------+----+----------------------------------
   486|      |    |DW 668, 259, - 206, 37
      |000795|0895|  9C 02 03 01 32 FF 25 00
------+------+----+----------------------------------
   487|      |    |DW 656, 208, - 193, 56
      |00079D|089D|  90 02 D0 00 3F FF 38 00
------+------+----+----------------------------------
   488|      |    |DW 645, 156, - 180, 76
      |0007A5|08A5|  85 02 9C 00 4C FF 4C 00
------+------+----+----------------------------------
   489|      |    |DW 631, 103, - 166, 95
      |0007AD|08AD|  77 02 67 00 5A FF 5F 00
------+------+----+----------------------------------
   490|      |    |DW 615, 50, - 151, 115
      |0007B5|08B5|  67 02 32 00 69 FF 73 00
------+------+----+----------------------------------
   491|      |    |DW 597, 0, - 136, 133
      |0007BD|08BD|  55 02 00 00 78 FF 85 00
------+------+----+----------------------------------
   492|      |    |DW 576, - 48, - 119, 149
      |0007C5|08C5|  40 02 D0 FF 89 FF 95 00
------+------+----+----------------------------------
   493|      |    |DW 552, - 91, - 103, 163
      |0007CD|08CD|  28 02 A5 FF 99 FF A3 00
------+------+----+----------------------------------
   494|      |    |DW 527, - 128, - 87, 175
      |0007D5|08D5|  0F 02 80 FF A9 FF AF 00
------+------+----+----------------------------------
   495|      |    |DW 502, - 160, - 71, 184
      |0007DD|08DD|  F6 01 60 FF B9 FF B8 00
------+------+----+----------------------------------
   496|      |    |DW 477, - 186, - 57, 191
      |0007E5|08E5|  DD 01 46 FF C7 FF BF 00
------+------+----+----------------------------------
   497|      |    |DW 453, - 205, - 44, 195
      |0007ED|08ED|  C5 01 33 FF D4 FF C3 00
------+------+----+----------------------------------
   498|      |    |DW 432, - 218, - 33, 197
      |0007F5|08F5|  B0 01 26 FF DF FF C5 00
------+------+----+----------------------------------
   499|      |    |DW 414, - 226, - 25, 198
      |0007FD|08FD|  9E 01 1E FF E7 FF C6 00
------+------+----+----------------------------------
   500|      |    |DW 399, - 228, - 18, 196
      |000805|0905|  8F 01 1C FF EE FF C4 00
------+------+----+----------------------------------
   501|      |    |DW 387, - 224, - 14, 193
      |00080D|090D|  83 01 20 FF F2 FF C1 00
------+------+----+----------------------------------
   502|      |    |DW 379, - 217, - 12, 189
      |000815|0915|  7B 01 27 FF F4 FF BD 00
------+------+----+----------------------------------
   503|      |    |DW 374, - 204, - 11, 182
      |00081D|091D|  76 01 34 FF F5 FF B6 00
------+------+----+----------------------------------
   504|      |    |DW 372, - 188, - 13, 175
      |000825|0925|  74 01 44 FF F3 FF AF 00
------+------+----+----------------------------------
   505|      |    |DW 371, - 168, - 16, 167
      |00082D|092D|  73 01 58 FF F0 FF A7 00
------+------+----+----------------------------------
   506|      |    |DW 371, - 145, - 19, 158
      |000835|0935|  73 01 6F FF ED FF 9E 00
------+------+----+----------------------------------
   507|      |    |DW 371, - 119, - 24, 147
      |00083D|093D|  73 01 89 FF E8 FF 93 00
------+------+----+----------------------------------
   508|      |    |DW 370, - 90, - 28, 135
      |000845|0945|  72 01 A6 FF E4 FF 87 00
------+------+----+----------------------------------
   509|      |    |DW 368, - 61, - 31, 122
      |00084D|094D|  70 01 C3 FF E1 FF 7A 00
------+------+----+----------------------------------
   510|      |    |DW 364, - 30, - 35, 109
      |000855|0955|  6C 01 E2 FF DD FF 6D 00
------+------+----+----------------------------------
   511|      |    |DW 358, - 1, - 37, 96
      |00085D|095D|  66 01 FF FF DB FF 60 00
------+------+----+----------------------------------
   512|      |    |DW 350, 28, - 38, 83
      |000865|0965|  5E 01 1C 00 DA FF 53 00
------+------+----+----------------------------------
   513|      |    |DW 340, 55, - 38, 70
      |00086D|096D|  54 01 37 00 DA FF 46 00
------+------+----+----------------------------------
   514|      |    |DW 328, 79, - 37, 58
      |000875|0975|  48 01 4F 00 DB FF 3A 00
------+------+----+----------------------------------
   515|      |    |DW 316, 100, - 35, 47
      |00087D|097D|  3C 01 64 00 DD FF 2F 00
------+------+----+----------------------------------
   516|      |    |DW 303, 117, - 32, 38
      |000885|0985|  2F 01 75 00 E0 FF 26 00
------+------+----+----------------------------------
   517|      |    |DW 291, 131, - 29, 31
      |00088D|098D|  23 01 83 00 E3 FF 1F 00
------+------+----+----------------------------------
   518|      |    |DW 280, 141, - 26, 25
      |000895|0995|  18 01 8D 00 E6 FF 19 00
------+------+----+----------------------------------
   519|      |    |DW 271, 147, - 24, 21
      |00089D|099D|  0F 01 93 00 E8 FF 15 00
------+------+----+----------------------------------
   520|      |    |DW 264, 150, - 21, 19
      |0008A5|09A5|  08 01 96 00 EB FF 13 00
------+------+----+----------------------------------
   521|      |    |DW 258, 149, - 19, 18
      |0008AD|09AD|  02 01 95 00 ED FF 12 00
------+------+----+----------------------------------
   522|      |    |DW 255, 145, - 17, 19
      |0008B5|09B5|  FF 00 91 00 EF FF 13 00
------+------+----+----------------------------------
   523|      |    |DW 253, 138, - 15, 22
      |0008BD|09BD|  FD 00 8A 00 F1 FF 16 00
------+------+----+----------------------------------
   524|      |    |DW 254, 127, - 14, 27
      |0008C5|09C5|  FE 00 7F 00 F2 FF 1B 00
------+------+----+----------------------------------
   525|      |    |DW 255, 115, - 12, 32
      |0008CD|09CD|  FF 00 73 00 F4 FF 20 00
------+------+----+----------------------------------
   526|      |    |DW 257, 99, - 10, 39
      |0008D5|09D5|  01 01 63 00 F6 FF 27 00
------+------+----+----------------------------------
   527|      |    |DW 258, 82, - 8, 46
      |0008DD|09DD|  02 01 52 00 F8 FF 2E 00
------+------+----+----------------------------------
   528|      |    |DW 259, 62, - 5, 54
      |0008E5|09E5|  03 01 3E 00 FB FF 36 00
------+------+----+----------------------------------
   529|      |    |DW 260, 42, - 3, 63
      |0008ED|09ED|  04 01 2A 00 FD FF 3F 00
------+------+----+----------------------------------
   530|      |    |DW 258, 21, 1, 71
      |0008F5|09F5|  02 01 15 00 01 00 47 00
------+------+----+----------------------------------
   531|      |    |DW 256, 0, 6, 80
      |0008FD|09FD|  00 01 00 00 06 00 50 00
------+------+----+----------------------------------
<< label >>
ANIMATION_DATA ............................ 2077 ( 0x81d )
BDOS ...................................... 5 ( 0x5 )
CALSLT .................................... 28 ( 0x1c )
CHGMOD .................................... 95 ( 0x5f )
CLEAR_KEY_BUFFER .......................... 622 ( 0x26e )
COLOR_DATA1 ............................... 768 ( 0x300 )
COLOR_DATA2 ............................... 792 ( 0x318 )
DECOMPRESS_LOGO_IMAGE ..................... 372 ( 0x174 )
DECOMPRESS_LOGO_IMAGE:_DECOMPRESS_LOOP .... 389 ( 0x185 )
DECOMPRESS_LOGO_IMAGE:_RUN_LENGTH_LOOP .... 401 ( 0x191 )
DECOMPRESS_LOGO_IMAGE:_RUN_LMCM_COMMAND ... 375 ( 0x177 )
DECOMPRESS_LOGO_IMAGE:_RUN_LMMC_COMMAND ... 377 ( 0x179 )
FILL_VRAM ................................. 586 ( 0x24a )
FILL_VRAM:LOOP ............................ 590 ( 0x24e )
FINISH:EXIT_MAIN_LOOP ..................... 526 ( 0x20e )
FINISH:H_KEYI_BASE ........................ 553 ( 0x229 )
FINISH:H_KEYI_END ......................... 16397 ( 0x400d )
FINISH:MAIN_LOOP .......................... 450 ( 0x1c2 )
FINISH:START_MAIN ......................... 447 ( 0x1bf )
FINISH:WAIT_LOOP1 ......................... 441 ( 0x1b9 )
FINISH:WAIT_TIME1 ......................... 513 ( 0x201 )
FINISH:WAIT_TIME2 ......................... 518 ( 0x206 )
FINISH:WAIT_VSYNC ......................... 495 ( 0x1ef )
FRAME_COUNT ............................... 2065 ( 0x811 )
H_KEYI .................................... 16384 ( 0x4000 )
INIT_PALETTE .............................. 334 ( 0x14e )
INIT_VDP .................................. 256 ( 0x100 )
INIT_VDP:WAIT_VDP_COMMAND ................. 329 ( 0x149 )
KILBUF .................................... 342 ( 0x156 )
LOGO_DATA ................................. 809 ( 0x329 )
LOGO_DRAW_COMMAND ......................... 798 ( 0x31e )
LOGO_DRAW_COMMAND_END ..................... 809 ( 0x329 )
LOGO_DRAW_COMMAND_SIZE .................... 11 ( 0xb )
LRMM_COMMAND .............................. 2066 ( 0x812 )
MAIN_ROM_SLOT ............................. 64705 ( 0xfcc1 )
OTIR_AND_WRITE_VDP_REGS ................... 566 ( 0x236 )
RTC_ADDRESS ............................... 180 ( 0xb4 )
RTC_DATA .................................. 181 ( 0xb5 )
SET_WRITE_VRAM_ADDRESS .................... 598 ( 0x256 )
VDP_INIT_DATA ............................. 260 ( 0x104 )
VDP_PORT0 ................................. 152 ( 0x98 )
VDP_PORT1 ................................. 153 ( 0x99 )
VDP_PORT2 ................................. 154 ( 0x9a )
VDP_PORT3 ................................. 155 ( 0x9b )
VDP_PORT4 ................................. 156 ( 0x9c )
WAIT_FLAG ................................. 16396 ( 0x400c )
WRITE_VDP_REGS ............................ 568 ( 0x238 )
WRITE_VDP_REGS:LOOP1 ...................... 571 ( 0x23b )
WRITE_VDP_REGS:START1 ..................... 579 ( 0x243 )
_LMMC_END ................................. 413 ( 0x19d )
