Z80 Macro Assembler ZMA v1.0.18
=====================================================
Programmed by t.hara

  DEFS is DEFINE STRING (default).
  OUTPUT TYPE: BINARY

<< code >>
LINE# |OFFSET|ADDR|MNEMONIC
======+======+====+==================================
     7|      |    |UART := 0x10
      |      |    |  Global integer symbol [UART] = 16 (0x10)
------+------+----+----------------------------------
     8|      |    |VDP_PORT0 := 0x98
      |      |    |  Global integer symbol [VDP_PORT0] = 152 (0x98)
------+------+----+----------------------------------
     9|      |    |VDP_PORT1 := 0x99
      |      |    |  Global integer symbol [VDP_PORT1] = 153 (0x99)
------+------+----+----------------------------------
    10|      |    |VDP_PORT2 := 0x9A
      |      |    |  Global integer symbol [VDP_PORT2] = 154 (0x9a)
------+------+----+----------------------------------
    11|      |    |VDP_PORT3 := 0x9B
      |      |    |  Global integer symbol [VDP_PORT3] = 155 (0x9b)
------+------+----+----------------------------------
    12|      |    |PPI_PORT := 0xA8
      |      |    |  Global integer symbol [PPI_PORT] = 168 (0xa8)
------+------+----+----------------------------------
    14|      |    |ORG 0x0000
------+------+----+----------------------------------
    16|      |    |DI
      |      |    |  Z80:5cyc R800:2cyc
      |000000|0000|  F3
------+------+----+----------------------------------
    17|      |    |JP ENTRY
      |      |    |  Z80:11cyc R800:5cyc
      |000001|0001|  C3 00 01
------+------+----+----------------------------------
    18|      |    |ALIGN 0x100
      |      |    |  Padding: 252byte(s)
------+------+----+----------------------------------
    19|      |    |ENTRY :
      |      |    |  label [ENTRY] address: 0x000100
------+------+----+----------------------------------
    21|      |    |LD A, 0b11111100
      |      |    |  Z80:8cyc R800:2cyc
      |000100|0100|  3E FC
------+------+----+----------------------------------
    22|      |    |OUT [ PPI_PORT ], A
      |      |    |  Z80:12cyc R800:10cyc/9cyc
      |000102|0102|  D3 A8
------+------+----+----------------------------------
    23|      |    |XOR A, A
      |      |    |  Z80:5cyc R800:1cyc
      |000104|0104|  AF
------+------+----+----------------------------------
    24|      |    |LD [ 0xFFFF ], A
      |      |    |  Z80:14cyc R800:6cyc
      |000105|0105|  32 FF FF
------+------+----+----------------------------------
    27|      |    |LD SP, 0x8000
      |      |    |  Z80:11cyc R800:3cyc
      |000108|0108|  31 00 80
------+------+----+----------------------------------
    30|      |    |LD HL, S_START
      |      |    |  Z80:11cyc R800:3cyc
      |00010B|010B|  21 D4 01
------+------+----+----------------------------------
    31|      |    |CALL PUTS
      |      |    |  Z80:18cyc R800:5cyc
      |00010E|010E|  CD 97 01
------+------+----+----------------------------------
    32|      |    |LD HL, S_SET_MODE
      |      |    |  Z80:11cyc R800:3cyc
      |000111|0111|  21 E1 01
------+------+----+----------------------------------
    33|      |    |CALL PUTS
      |      |    |  Z80:18cyc R800:5cyc
      |000114|0114|  CD 97 01
------+------+----+----------------------------------
    35|      |    |LD BC, 0x0000
      |      |    |  Z80:11cyc R800:3cyc
      |000117|0117|  01 00 00
------+------+----+----------------------------------
    36|      |    |CALL WRTVDP
      |      |    |  Z80:18cyc R800:5cyc
      |00011A|011A|  CD A0 01
------+------+----+----------------------------------
    38|      |    |LD BC, 0x6301
      |      |    |  Z80:11cyc R800:3cyc
      |00011D|011D|  01 01 63
------+------+----+----------------------------------
    39|      |    |CALL WRTVDP
      |      |    |  Z80:18cyc R800:5cyc
      |000120|0120|  CD A0 01
------+------+----+----------------------------------
    41|      |    |LD BC, 0x0602
      |      |    |  Z80:11cyc R800:3cyc
      |000123|0123|  01 02 06
------+------+----+----------------------------------
    42|      |    |CALL WRTVDP
      |      |    |  Z80:18cyc R800:5cyc
      |000126|0126|  CD A0 01
------+------+----+----------------------------------
    44|      |    |LD BC, 0x8003
      |      |    |  Z80:11cyc R800:3cyc
      |000129|0129|  01 03 80
------+------+----+----------------------------------
    45|      |    |CALL WRTVDP
      |      |    |  Z80:18cyc R800:5cyc
      |00012C|012C|  CD A0 01
------+------+----+----------------------------------
    47|      |    |LD BC, 0x0004
      |      |    |  Z80:11cyc R800:3cyc
      |00012F|012F|  01 04 00
------+------+----+----------------------------------
    48|      |    |CALL WRTVDP
      |      |    |  Z80:18cyc R800:5cyc
      |000132|0132|  CD A0 01
------+------+----+----------------------------------
    50|      |    |LD BC, 0x3605
      |      |    |  Z80:11cyc R800:3cyc
      |000135|0135|  01 05 36
------+------+----+----------------------------------
    51|      |    |CALL WRTVDP
      |      |    |  Z80:18cyc R800:5cyc
      |000138|0138|  CD A0 01
------+------+----+----------------------------------
    53|      |    |LD BC, 0x0706
      |      |    |  Z80:11cyc R800:3cyc
      |00013B|013B|  01 06 07
------+------+----+----------------------------------
    54|      |    |CALL WRTVDP
      |      |    |  Z80:18cyc R800:5cyc
      |00013E|013E|  CD A0 01
------+------+----+----------------------------------
    56|      |    |LD BC, 0xF707
      |      |    |  Z80:11cyc R800:3cyc
      |000141|0141|  01 07 F7
------+------+----+----------------------------------
    57|      |    |CALL WRTVDP
      |      |    |  Z80:18cyc R800:5cyc
      |000144|0144|  CD A0 01
------+------+----+----------------------------------
    59|      |    |LD HL, S_SET_COLOR_PALETTE
      |      |    |  Z80:11cyc R800:3cyc
      |000147|0147|  21 F2 01
------+------+----+----------------------------------
    60|      |    |CALL PUTS
      |      |    |  Z80:18cyc R800:5cyc
      |00014A|014A|  CD 97 01
------+------+----+----------------------------------
    62|      |    |LD HL, S_CLEAR_VRAM
      |      |    |  Z80:11cyc R800:3cyc
      |00014D|014D|  21 09 02
------+------+----+----------------------------------
    63|      |    |CALL PUTS
      |      |    |  Z80:18cyc R800:5cyc
      |000150|0150|  CD 97 01
------+------+----+----------------------------------
    65|      |    |LD HL, 0x0000
      |      |    |  Z80:11cyc R800:3cyc
      |000153|0153|  21 00 00
------+------+----+----------------------------------
    66|      |    |LD BC, 0x4000
      |      |    |  Z80:11cyc R800:3cyc
      |000156|0156|  01 00 40
------+------+----+----------------------------------
    67|      |    |XOR A, A
      |      |    |  Z80:5cyc R800:1cyc
      |000159|0159|  AF
------+------+----+----------------------------------
    68|      |    |CALL FILVRM
      |      |    |  Z80:18cyc R800:5cyc
      |00015A|015A|  CD B4 01
------+------+----+----------------------------------
    70|      |    |LD HL, 0x2000
      |      |    |  Z80:11cyc R800:3cyc
      |00015D|015D|  21 00 20
------+------+----+----------------------------------
    71|      |    |LD BC, 32
      |      |    |  Z80:11cyc R800:3cyc
      |000160|0160|  01 20 00
------+------+----+----------------------------------
    72|      |    |LD A, 0xF4
      |      |    |  Z80:8cyc R800:2cyc
      |000163|0163|  3E F4
------+------+----+----------------------------------
    73|      |    |CALL FILVRM
      |      |    |  Z80:18cyc R800:5cyc
      |000165|0165|  CD B4 01
------+------+----+----------------------------------
    75|      |    |LD HL, MSXFONT
      |      |    |  Z80:11cyc R800:3cyc
      |000168|0168|  21 06 03
------+------+----+----------------------------------
    76|      |    |LD DE, 0x0000
      |      |    |  Z80:11cyc R800:3cyc
      |00016B|016B|  11 00 00
------+------+----+----------------------------------
    77|      |    |LD BC, 256 * 8
      |      |    |  Z80:11cyc R800:3cyc
      |00016E|016E|  01 00 08
------+------+----+----------------------------------
    78|      |    |CALL LDIRVM
      |      |    |  Z80:18cyc R800:5cyc
      |000171|0171|  CD C5 01
------+------+----+----------------------------------
    80|      |    |LD HL, NAME_TABLE
      |      |    |  Z80:11cyc R800:3cyc
      |000174|0174|  21 23 02
------+------+----+----------------------------------
    81|      |    |LD DE, 0x1800
      |      |    |  Z80:11cyc R800:3cyc
      |000177|0177|  11 00 18
------+------+----+----------------------------------
    82|      |    |LD BC, NAME_TABLE_END - NAME_TABLE
      |      |    |  Z80:11cyc R800:3cyc
      |00017A|017A|  01 E3 00
------+------+----+----------------------------------
    83|      |    |CALL LDIRVM
      |      |    |  Z80:18cyc R800:5cyc
      |00017D|017D|  CD C5 01
------+------+----+----------------------------------
    85|      |    |LD HL, S_FINISH
      |      |    |  Z80:11cyc R800:3cyc
      |000180|0180|  21 19 02
------+------+----+----------------------------------
    86|      |    |CALL PUTS
      |      |    |  Z80:18cyc R800:5cyc
      |000183|0183|  CD 97 01
------+------+----+----------------------------------
    87|      |    |HALT
      |      |    |  Z80:5cyc R800:2cycAnd wait interrupt.
      |000186|0186|  76
------+------+----+----------------------------------
   100|      |    |SCOPE GETKEY
      |      |    |  Enter scope: GETKEY:
------+------+----+----------------------------------
   101|      |    |GETKEY ::
      |      |    |  global label [GETKEY] address: 0x000187
------+------+----+----------------------------------
   102|      |    |IN A, [ UART ]
      |      |    |  Z80:12cyc R800:10cyc/9cyc
      |000187|0187|  DB 10
------+------+----+----------------------------------
   103|      |    |RLCA
      |      |    |  Z80:5cyc R800:1cyc
      |000189|0189|  07
------+------+----+----------------------------------
   104|      |    |RLCA
      |      |    |  Z80:5cyc R800:1cyc
      |00018A|018A|  07
------+------+----+----------------------------------
   105|      |    |RET
      |      |    |  Z80:11cyc R800:5cyc
      |00018B|018B|  C9
------+------+----+----------------------------------
   106|      |    |ENDSCOPE
      |      |    |  Exit scope: GETKEY:
------+------+----+----------------------------------
   117|      |    |SCOPE PUTC
      |      |    |  Enter scope: PUTC:
------+------+----+----------------------------------
   118|      |    |PUTC ::
      |      |    |  global label [PUTC] address: 0x00018c
------+------+----+----------------------------------
   119|      |    |LD C, UART
      |      |    |  Z80:8cyc R800:2cyc
      |00018C|018C|  0E 10
------+------+----+----------------------------------
   120|      |    |WAIT_LOOP :
      |      |    |  label [PUTC:WAIT_LOOP] address: 0x00018e
------+------+----+----------------------------------
   121|      |    |IN B, [ C ]
      |      |    |  Z80:14cyc R800:10cyc/9cyc
      |00018E|018E|  ED 40
------+------+----+----------------------------------
   122|      |    |RR B
      |      |    |  Z80:10cyc R800:2cyc
      |000190|0190|  CB 18
------+------+----+----------------------------------
   123|      |    |JR C, WAIT_LOOP
      |      |    |  Z80:13cyc/8cyc R800:3cyc/2cyc
      |000192|0192|  38 FA
------+------+----+----------------------------------
   124|      |    |OUT [ C ], A
      |      |    |  Z80:14cyc R800:10cyc/9cyc
      |000194|0194|  ED 79
------+------+----+----------------------------------
   125|      |    |RET
      |      |    |  Z80:11cyc R800:5cyc
      |000196|0196|  C9
------+------+----+----------------------------------
   126|      |    |ENDSCOPE
      |      |    |  Exit scope: PUTC:
------+------+----+----------------------------------
   137|      |    |SCOPE PUTS
      |      |    |  Enter scope: PUTS:
------+------+----+----------------------------------
   138|      |    |PUTS ::
      |      |    |  global label [PUTS] address: 0x000197
------+------+----+----------------------------------
   139|      |    |LD A, [ HL ]
      |      |    |  Z80:8cyc R800:4cyc
      |000197|0197|  7E
------+------+----+----------------------------------
   140|      |    |INC HL
      |      |    |  Z80:7cyc R800:1cyc
      |000198|0198|  23
------+------+----+----------------------------------
   141|      |    |OR A, A
      |      |    |  Z80:5cyc R800:1cyc
      |000199|0199|  B7
------+------+----+----------------------------------
   142|      |    |RET Z
      |      |    |  Z80:12cyc/6cyc R800:5cyc/1cyc
      |00019A|019A|  C8
------+------+----+----------------------------------
   143|      |    |CALL PUTC
      |      |    |  Z80:18cyc R800:5cyc
      |00019B|019B|  CD 8C 01
------+------+----+----------------------------------
   144|      |    |JR PUTS
      |      |    |  Z80:13cyc R800:3cyc
      |00019E|019E|  18 F7
------+------+----+----------------------------------
   145|      |    |ENDSCOPE
      |      |    |  Exit scope: PUTS:
------+------+----+----------------------------------
   155|      |    |SCOPE WRTVDP
      |      |    |  Enter scope: WRTVDP:
------+------+----+----------------------------------
   156|      |    |WRTVDP ::
      |      |    |  global label [WRTVDP] address: 0x0001a0
------+------+----+----------------------------------
   157|      |    |LD A, B
      |      |    |  Z80:5cyc R800:2cyc
      |0001A0|01A0|  78
------+------+----+----------------------------------
   158|      |    |OUT [ VDP_PORT1 ], A
      |      |    |  Z80:12cyc R800:10cyc/9cyc
      |0001A1|01A1|  D3 99
------+------+----+----------------------------------
   159|      |    |LD A, C
      |      |    |  Z80:5cyc R800:2cyc
      |0001A3|01A3|  79
------+------+----+----------------------------------
   160|      |    |OR A, 0x80
      |      |    |  Z80:8cyc R800:2cyc
      |0001A4|01A4|  F6 80
------+------+----+----------------------------------
   161|      |    |OUT [ VDP_PORT1 ], A
      |      |    |  Z80:12cyc R800:10cyc/9cyc
      |0001A6|01A6|  D3 99
------+------+----+----------------------------------
   162|      |    |RET
      |      |    |  Z80:11cyc R800:5cyc
      |0001A8|01A8|  C9
------+------+----+----------------------------------
   163|      |    |ENDSCOPE
      |      |    |  Exit scope: WRTVDP:
------+------+----+----------------------------------
   172|      |    |SCOPE SETWRT
      |      |    |  Enter scope: SETWRT:
------+------+----+----------------------------------
   173|      |    |SETWRT ::
      |      |    |  global label [SETWRT] address: 0x0001a9
------+------+----+----------------------------------
   174|      |    |LD A, L
      |      |    |  Z80:5cyc R800:2cyc
      |0001A9|01A9|  7D
------+------+----+----------------------------------
   175|      |    |OUT [ VDP_PORT1 ], A
      |      |    |  Z80:12cyc R800:10cyc/9cyc
      |0001AA|01AA|  D3 99
------+------+----+----------------------------------
   176|      |    |LD A, H
      |      |    |  Z80:5cyc R800:2cyc
      |0001AC|01AC|  7C
------+------+----+----------------------------------
   177|      |    |AND A, 0x3F
      |      |    |  Z80:8cyc R800:2cyc
      |0001AD|01AD|  E6 3F
------+------+----+----------------------------------
   178|      |    |OR A, 0x40
      |      |    |  Z80:8cyc R800:2cyc
      |0001AF|01AF|  F6 40
------+------+----+----------------------------------
   179|      |    |OUT [ VDP_PORT1 ], A
      |      |    |  Z80:12cyc R800:10cyc/9cyc
      |0001B1|01B1|  D3 99
------+------+----+----------------------------------
   180|      |    |RET
      |      |    |  Z80:11cyc R800:5cyc
      |0001B3|01B3|  C9
------+------+----+----------------------------------
   181|      |    |ENDSCOPE
      |      |    |  Exit scope: SETWRT:
------+------+----+----------------------------------
   192|      |    |SCOPE FILVRM
      |      |    |  Enter scope: FILVRM:
------+------+----+----------------------------------
   193|      |    |FILVRM ::
      |      |    |  global label [FILVRM] address: 0x0001b4
------+------+----+----------------------------------
   194|      |    |PUSH AF
      |      |    |  Z80:12cyc R800:6cyc
      |0001B4|01B4|  F5
------+------+----+----------------------------------
   195|      |    |CALL SETWRT
      |      |    |  Z80:18cyc R800:5cyc
      |0001B5|01B5|  CD A9 01
------+------+----+----------------------------------
   196|      |    |POP AF
      |      |    |  Z80:11cyc R800:5cyc
      |0001B8|01B8|  F1
------+------+----+----------------------------------
   197|      |    |PUSH HL
      |      |    |  Z80:12cyc R800:6cyc
      |0001B9|01B9|  E5
------+------+----+----------------------------------
   198|      |    |LD L, A
      |      |    |  Z80:5cyc R800:2cyc
      |0001BA|01BA|  6F
------+------+----+----------------------------------
   199|      |    |LOOP :
      |      |    |  label [FILVRM:LOOP] address: 0x0001bb
------+------+----+----------------------------------
   200|      |    |LD A, L
      |      |    |  Z80:5cyc R800:2cyc
      |0001BB|01BB|  7D
------+------+----+----------------------------------
   201|      |    |OUT [ VDP_PORT0 ], A
      |      |    |  Z80:12cyc R800:10cyc/9cyc
      |0001BC|01BC|  D3 98
------+------+----+----------------------------------
   202|      |    |DEC BC
      |      |    |  Z80:7cyc R800:1cyc
      |0001BE|01BE|  0B
------+------+----+----------------------------------
   203|      |    |LD A, C
      |      |    |  Z80:5cyc R800:2cyc
      |0001BF|01BF|  79
------+------+----+----------------------------------
   204|      |    |OR A, B
      |      |    |  Z80:5cyc R800:1cyc
      |0001C0|01C0|  B0
------+------+----+----------------------------------
   205|      |    |JR NZ, LOOP
      |      |    |  Z80:13cyc/8cyc R800:3cyc/2cyc
      |0001C1|01C1|  20 F8
------+------+----+----------------------------------
   206|      |    |POP HL
      |      |    |  Z80:11cyc R800:5cyc
      |0001C3|01C3|  E1
------+------+----+----------------------------------
   207|      |    |RET
      |      |    |  Z80:11cyc R800:5cyc
      |0001C4|01C4|  C9
------+------+----+----------------------------------
   208|      |    |ENDSCOPE
      |      |    |  Exit scope: FILVRM:
------+------+----+----------------------------------
   219|      |    |SCOPE LDIRVM
      |      |    |  Enter scope: LDIRVM:
------+------+----+----------------------------------
   220|      |    |LDIRVM ::
      |      |    |  global label [LDIRVM] address: 0x0001c5
------+------+----+----------------------------------
   221|      |    |EX DE, HL
      |      |    |  Z80:5cyc R800:1cyc
      |0001C5|01C5|  EB
------+------+----+----------------------------------
   222|      |    |CALL SETWRT
      |      |    |  Z80:18cyc R800:5cyc
      |0001C6|01C6|  CD A9 01
------+------+----+----------------------------------
   223|      |    |EX DE, HL
      |      |    |  Z80:5cyc R800:1cyc
      |0001C9|01C9|  EB
------+------+----+----------------------------------
   224|      |    |LOOP :
      |      |    |  label [LDIRVM:LOOP] address: 0x0001ca
------+------+----+----------------------------------
   225|      |    |LD A, [ HL ]
      |      |    |  Z80:8cyc R800:4cyc
      |0001CA|01CA|  7E
------+------+----+----------------------------------
   226|      |    |INC HL
      |      |    |  Z80:7cyc R800:1cyc
      |0001CB|01CB|  23
------+------+----+----------------------------------
   227|      |    |OUT [ VDP_PORT0 ], A
      |      |    |  Z80:12cyc R800:10cyc/9cyc
      |0001CC|01CC|  D3 98
------+------+----+----------------------------------
   228|      |    |DEC BC
      |      |    |  Z80:7cyc R800:1cyc
      |0001CE|01CE|  0B
------+------+----+----------------------------------
   229|      |    |LD A, C
      |      |    |  Z80:5cyc R800:2cyc
      |0001CF|01CF|  79
------+------+----+----------------------------------
   230|      |    |OR A, B
      |      |    |  Z80:5cyc R800:1cyc
      |0001D0|01D0|  B0
------+------+----+----------------------------------
   231|      |    |JR NZ, LOOP
      |      |    |  Z80:13cyc/8cyc R800:3cyc/2cyc
      |0001D1|01D1|  20 F7
------+------+----+----------------------------------
   232|      |    |RET
      |      |    |  Z80:11cyc R800:5cyc
      |0001D3|01D3|  C9
------+------+----+----------------------------------
   233|      |    |ENDSCOPE
      |      |    |  Exit scope: LDIRVM:
------+------+----+----------------------------------
   235|      |    |S_START :
      |      |    |  label [S_START] address: 0x0001d4
------+------+----+----------------------------------
   236|      |    |DB "Start DEMO", 0x0D, 0x0A, 0
      |0001D4|01D4|  53 74 61 72 74 20 44 45
      |0001DC|01DC|  4D 4F 0D 0A 00
------+------+----+----------------------------------
   237|      |    |S_SET_MODE :
      |      |    |  label [S_SET_MODE] address: 0x0001e1
------+------+----+----------------------------------
   238|      |    |DB "-- set SCREEN1", 0x0D, 0x0A, 0
      |0001E1|01E1|  2D 2D 20 73 65 74 20 53
      |0001E9|01E9|  43 52 45 45 4E 31 0D 0A
      |0001F1|01F1|  00
------+------+----+----------------------------------
   239|      |    |S_SET_COLOR_PALETTE :
      |      |    |  label [S_SET_COLOR_PALETTE] address: 0x0001f2
------+------+----+----------------------------------
   240|      |    |DB "-- set COLOR PALETTE", 0x0D, 0x0A, 0
      |0001F2|01F2|  2D 2D 20 73 65 74 20 43
      |0001FA|01FA|  4F 4C 4F 52 20 50 41 4C
      |000202|0202|  45 54 54 45 0D 0A 00
------+------+----+----------------------------------
   241|      |    |S_CLEAR_VRAM :
      |      |    |  label [S_CLEAR_VRAM] address: 0x000209
------+------+----+----------------------------------
   242|      |    |DB "-- clear VRAM", 0x0D, 0x0A, 0
      |000209|0209|  2D 2D 20 63 6C 65 61 72
      |000211|0211|  20 56 52 41 4D 0D 0A 00
------+------+----+----------------------------------
   243|      |    |S_FINISH :
      |      |    |  label [S_FINISH] address: 0x000219
------+------+----+----------------------------------
   244|      |    |DB "Finish.", 0x0D, 0x0A, 0
      |000219|0219|  46 69 6E 69 73 68 2E 0D
      |000221|0221|  0A 00
------+------+----+----------------------------------
   246|      |    |NAME_TABLE ::
      |      |    |  global label [NAME_TABLE] address: 0x000223
------+------+----+----------------------------------
   247|      |    |DB "  MSX-BASIC version 5.0         "
      |000223|0223|  20 20 4D 53 58 2D 42 41
      |00022B|022B|  53 49 43 20 76 65 72 73
      |000233|0233|  69 6F 6E 20 35 2E 30 20
      |00023B|023B|  20 20 20 20 20 20 20 20
------+------+----+----------------------------------
   248|      |    |DB "  Copyright 2025 by Microsoft   "
      |000243|0243|  20 20 43 6F 70 79 72 69
      |00024B|024B|  67 68 74 20 32 30 32 35
      |000253|0253|  20 62 79 20 4D 69 63 72
      |00025B|025B|  6F 73 6F 66 74 20 20 20
------+------+----+----------------------------------
   249|      |    |DB "  IoT Media Lab 2025            "
      |000263|0263|  20 20 49 6F 54 20 4D 65
      |00026B|026B|  64 69 61 20 4C 61 62 20
      |000273|0273|  32 30 32 35 20 20 20 20
      |00027B|027B|  20 20 20 20 20 20 20 20
------+------+----+----------------------------------
   250|      |    |DB "  MSX Licensing Corp 2025       "
      |000283|0283|  20 20 4D 53 58 20 4C 69
      |00028B|028B|  63 65 6E 73 69 6E 67 20
      |000293|0293|  43 6F 72 70 20 32 30 32
      |00029B|029B|  35 20 20 20 20 20 20 20
------+------+----+----------------------------------
   251|      |    |DB "  25271 Bytes free              "
      |0002A3|02A3|  20 20 32 35 32 37 31 20
      |0002AB|02AB|  42 79 74 65 73 20 66 72
      |0002B3|02B3|  65 65 20 20 20 20 20 20
      |0002BB|02BB|  20 20 20 20 20 20 20 20
------+------+----+----------------------------------
   252|      |    |DB "  Disk BASIC version 3.00       "
      |0002C3|02C3|  20 20 44 69 73 6B 20 42
      |0002CB|02CB|  41 53 49 43 20 76 65 72
      |0002D3|02D3|  73 69 6F 6E 20 33 2E 30
      |0002DB|02DB|  30 20 20 20 20 20 20 20
------+------+----+----------------------------------
   253|      |    |DB "  Ok                            "
      |0002E3|02E3|  20 20 4F 6B 20 20 20 20
      |0002EB|02EB|  20 20 20 20 20 20 20 20
      |0002F3|02F3|  20 20 20 20 20 20 20 20
      |0002FB|02FB|  20 20 20 20 20 20 20 20
------+------+----+----------------------------------
   254|      |    |DB "  ", 255
      |000303|0303|  20 20 FF
------+------+----+----------------------------------
   255|      |    |NAME_TABLE_END ::
      |      |    |  global label [NAME_TABLE_END] address: 0x000306
------+------+----+----------------------------------
   257|      |    |MSXFONT ::
      |      |    |  global label [MSXFONT] address: 0x000306
------+------+----+----------------------------------
   258|      |    |BINARY_LINK "msxfont.rom"
      |000306|0306|  00 00 00 00 00 00 00 00
      |00030E|030E|  7E 42 7E 42 7E 42 82 00
      |000316|0316|  10 92 54 10 28 44 82 00
      |00031E|031E|  12 14 F8 14 34 52 92 00
      |000326|0326|  10 10 FE 10 38 54 92 00
      |00032E|032E|  10 28 7C 92 38 54 FE 00
      |000336|0336|  10 10 10 7C 10 10 FE 00
      |00033E|033E|  7E 42 42 7E 42 42 7E 00
      |000346|0346|  40 7E 48 3C 28 7E 08 00
      |00034E|034E|  FE 92 92 FE 82 82 86 00
      |000356|0356|  04 EE A4 EF A2 EA 06 00
      |00035E|035E|  28 44 82 3C 14 24 4C 00
      |000366|0366|  28 C8 5C EA 6C C8 50 00
      |00036E|036E|  7C 20 7C 44 7C 44 7C 00
      |000376|0376|  0C 70 10 FE 10 10 10 00
      |00037E|037E|  7E 10 1E 12 22 44 08 00
      |000386|0386|  00 7C 28 28 28 4E 00 00
      |00038E|038E|  10 10 10 FF 00 00 00 00
      |000396|0396|  00 00 00 FF 10 10 10 10
      |00039E|039E|  10 10 10 F0 10 10 10 10
      |0003A6|03A6|  10 10 10 1F 10 10 10 10
      |0003AE|03AE|  10 10 10 FF 10 10 10 10
      |0003B6|03B6|  10 10 10 10 10 10 10 10
      |0003BE|03BE|  00 00 00 FF 00 00 00 00
      |0003C6|03C6|  00 00 00 1F 10 10 10 10
      |0003CE|03CE|  00 00 00 F0 10 10 10 10
      |0003D6|03D6|  10 10 10 1F 00 00 00 00
      |0003DE|03DE|  10 10 10 F0 00 00 00 00
      |0003E6|03E6|  81 42 24 18 18 24 42 81
      |0003EE|03EE|  10 7C 10 10 28 44 82 00
      |0003F6|03F6|  10 10 FE 92 FE 10 10 00
      |0003FE|03FE|  10 10 54 54 92 10 30 00
      |000406|0406|  00 00 00 00 00 00 00 00
      |00040E|040E|  20 20 20 20 00 00 20 00
      |000416|0416|  50 50 50 00 00 00 00 00
      |00041E|041E|  50 50 F8 50 F8 50 50 00
      |000426|0426|  20 78 A0 70 28 F0 20 00
      |00042E|042E|  C0 C8 10 20 40 98 18 00
      |000436|0436|  40 A0 40 A8 90 98 60 00
      |00043E|043E|  10 20 40 00 00 00 00 00
      |000446|0446|  10 20 40 40 40 20 10 00
      |00044E|044E|  40 20 10 10 10 20 40 00
      |000456|0456|  20 A8 70 20 70 A8 20 00
      |00045E|045E|  00 20 20 F8 20 20 00 00
      |000466|0466|  00 00 00 00 00 20 20 40
      |00046E|046E|  00 00 00 78 00 00 00 00
      |000476|0476|  00 00 00 00 00 60 60 00
      |00047E|047E|  00 00 08 10 20 40 80 00
      |000486|0486|  70 88 98 A8 C8 88 70 00
      |00048E|048E|  20 60 A0 20 20 20 F8 00
      |000496|0496|  70 88 08 10 60 80 F8 00
      |00049E|049E|  70 88 08 30 08 88 70 00
      |0004A6|04A6|  10 30 50 90 F8 10 10 00
      |0004AE|04AE|  F8 80 E0 10 08 10 E0 00
      |0004B6|04B6|  30 40 80 F0 88 88 70 00
      |0004BE|04BE|  F8 88 10 20 20 20 20 00
      |0004C6|04C6|  70 88 88 70 88 88 70 00
      |0004CE|04CE|  70 88 88 78 08 10 60 00
      |0004D6|04D6|  00 00 20 00 00 20 00 00
      |0004DE|04DE|  00 00 20 00 00 20 20 40
      |0004E6|04E6|  18 30 60 C0 60 30 18 00
      |0004EE|04EE|  00 00 F8 00 F8 00 00 00
      |0004F6|04F6|  C0 60 30 18 30 60 C0 00
      |0004FE|04FE|  70 88 08 10 20 00 20 00
      |000506|0506|  70 88 08 68 A8 A8 70 00
      |00050E|050E|  20 50 88 88 F8 88 88 00
      |000516|0516|  F0 48 48 70 48 48 F0 00
      |00051E|051E|  30 48 80 80 80 48 30 00
      |000526|0526|  E0 50 48 48 48 50 E0 00
      |00052E|052E|  F8 80 80 F0 80 80 F8 00
      |000536|0536|  F8 80 80 F0 80 80 80 00
      |00053E|053E|  70 88 80 B8 88 88 70 00
      |000546|0546|  88 88 88 F8 88 88 88 00
      |00054E|054E|  70 20 20 20 20 20 70 00
      |000556|0556|  38 10 10 10 90 90 60 00
      |00055E|055E|  88 90 A0 C0 A0 90 88 00
      |000566|0566|  80 80 80 80 80 80 F8 00
      |00056E|056E|  88 D8 A8 A8 88 88 88 00
      |000576|0576|  88 C8 C8 A8 98 98 88 00
      |00057E|057E|  70 88 88 88 88 88 70 00
      |000586|0586|  F0 88 88 F0 80 80 80 00
      |00058E|058E|  70 88 88 88 A8 90 68 00
      |000596|0596|  F0 88 88 F0 A0 90 88 00
      |00059E|059E|  70 88 80 70 08 88 70 00
      |0005A6|05A6|  F8 20 20 20 20 20 20 00
      |0005AE|05AE|  88 88 88 88 88 88 70 00
      |0005B6|05B6|  88 88 88 88 50 50 20 00
      |0005BE|05BE|  88 88 88 A8 A8 D8 88 00
      |0005C6|05C6|  88 88 50 20 50 88 88 00
      |0005CE|05CE|  88 88 88 70 20 20 20 00
      |0005D6|05D6|  F8 08 10 20 40 80 F8 00
      |0005DE|05DE|  70 40 40 40 40 40 70 00
      |0005E6|05E6|  88 50 20 70 20 70 20 00
      |0005EE|05EE|  70 10 10 10 10 10 70 00
      |0005F6|05F6|  20 50 88 00 00 00 00 00
      |0005FE|05FE|  00 00 00 00 00 00 F8 00
      |000606|0606|  40 20 10 00 00 00 00 00
      |00060E|060E|  00 00 70 08 78 88 78 00
      |000616|0616|  80 80 B0 C8 88 C8 B0 00
      |00061E|061E|  00 00 70 88 80 88 70 00
      |000626|0626|  08 08 68 98 88 98 68 00
      |00062E|062E|  00 00 70 88 F8 80 70 00
      |000636|0636|  10 28 20 F8 20 20 20 00
      |00063E|063E|  00 00 68 98 98 68 08 70
      |000646|0646|  80 80 F0 88 88 88 88 00
      |00064E|064E|  20 00 60 20 20 20 70 00
      |000656|0656|  10 00 30 10 10 10 90 60
      |00065E|065E|  40 40 48 50 60 50 48 00
      |000666|0666|  60 20 20 20 20 20 70 00
      |00066E|066E|  00 00 D0 A8 A8 A8 A8 00
      |000676|0676|  00 00 B0 C8 88 88 88 00
      |00067E|067E|  00 00 70 88 88 88 70 00
      |000686|0686|  00 00 B0 C8 C8 B0 80 80
      |00068E|068E|  00 00 68 98 98 68 08 08
      |000696|0696|  00 00 B0 C8 80 80 80 00
      |00069E|069E|  00 00 78 80 F0 08 F0 00
      |0006A6|06A6|  40 40 F0 40 40 48 30 00
      |0006AE|06AE|  00 00 90 90 90 90 68 00
      |0006B6|06B6|  00 00 88 88 88 50 20 00
      |0006BE|06BE|  00 00 88 A8 A8 A8 50 00
      |0006C6|06C6|  00 00 88 50 20 50 88 00
      |0006CE|06CE|  00 00 88 88 98 68 08 70
      |0006D6|06D6|  00 00 F8 10 20 40 F8 00
      |0006DE|06DE|  18 20 20 40 20 20 18 00
      |0006E6|06E6|  20 20 20 00 20 20 20 00
      |0006EE|06EE|  C0 20 20 10 20 20 C0 00
      |0006F6|06F6|  40 A8 10 00 00 00 00 00
      |0006FE|06FE|  00 00 00 00 00 00 00 00
      |000706|0706|  10 38 7C FE FE 38 7C 00
      |00070E|070E|  6C FE FE FE 7C 38 10 00
      |000716|0716|  38 38 FE FE D6 10 7C 00
      |00071E|071E|  10 38 7C FE 7C 38 10 00
      |000726|0726|  00 78 84 84 84 84 78 00
      |00072E|072E|  00 78 FC FC FC FC 78 00
      |000736|0736|  20 F0 4C 70 A8 40 3C 00
      |00073E|073E|  00 20 78 20 78 B4 64 00
      |000746|0746|  00 00 88 84 84 84 40 00
      |00074E|074E|  00 70 00 70 88 08 30 00
      |000756|0756|  00 70 00 F0 20 60 98 00
      |00075E|075E|  00 20 F8 24 78 A4 68 00
      |000766|0766|  00 90 58 64 A8 20 10 00
      |00076E|076E|  00 10 B8 D4 94 18 20 00
      |000776|0776|  00 10 1C 10 70 98 74 00
      |00077E|077E|  00 00 00 78 04 04 38 00
      |000786|0786|  00 00 00 00 00 00 00 00
      |00078E|078E|  20 7C 20 7C AA 92 64 00
      |000796|0796|  00 84 82 82 82 80 40 00
      |00079E|079E|  38 00 38 44 04 08 30 00
      |0007A6|07A6|  70 00 F8 10 20 60 9C 00
      |0007AE|07AE|  24 FA 20 7C A2 A2 44 00
      |0007B6|07B6|  40 44 F2 4A 48 88 30 00
      |0007BE|07BE|  20 FC 10 FC 08 80 78 00
      |0007C6|07C6|  08 10 20 40 20 10 08 00
      |0007CE|07CE|  04 84 9E 84 84 84 48 00
      |0007D6|07D6|  78 04 00 00 00 80 7C 00
      |0007DE|07DE|  10 FE 08 04 04 80 78 00
      |0007E6|07E6|  80 80 80 80 84 88 70 00
      |0007EE|07EE|  08 FE 38 48 38 08 10 00
      |0007F6|07F6|  44 44 FE 44 48 40 3C 00
      |0007FE|07FE|  44 28 FE 20 40 40 3C 00
      |000806|0806|  00 00 00 00 00 00 00 00
      |00080E|080E|  00 00 00 00 60 90 60 00
      |000816|0816|  38 20 20 20 00 00 00 00
      |00081E|081E|  00 00 00 20 20 20 E0 00
      |000826|0826|  00 00 00 00 80 40 20 00
      |00082E|082E|  00 00 00 30 30 00 00 00
      |000836|0836|  F8 08 F8 08 10 20 40 00
      |00083E|083E|  00 00 F0 10 60 40 80 00
      |000846|0846|  00 10 20 60 A0 20 20 00
      |00084E|084E|  00 20 F0 90 10 20 40 00
      |000856|0856|  00 00 F0 20 20 20 F0 00
      |00085E|085E|  00 20 F0 60 A0 A0 20 00
      |000866|0866|  00 40 F8 48 50 40 40 00
      |00086E|086E|  00 00 70 10 10 10 F8 00
      |000876|0876|  00 00 F0 10 F0 10 F0 00
      |00087E|087E|  00 00 A8 A8 08 10 20 00
      |000886|0886|  00 00 80 7C 00 00 00 00
      |00088E|088E|  F8 08 28 30 20 20 40 00
      |000896|0896|  08 10 20 60 A0 20 20 00
      |00089E|089E|  20 F8 88 88 08 10 20 00
      |0008A6|08A6|  00 F8 20 20 20 20 F8 00
      |0008AE|08AE|  10 F8 10 30 50 90 10 00
      |0008B6|08B6|  20 F8 28 28 28 48 88 00
      |0008BE|08BE|  20 F8 20 F8 20 20 20 00
      |0008C6|08C6|  78 48 88 08 08 10 20 00
      |0008CE|08CE|  40 78 50 90 10 10 20 00
      |0008D6|08D6|  00 F8 08 08 08 08 F8 00
      |0008DE|08DE|  50 F8 50 50 10 10 20 00
      |0008E6|08E6|  00 C0 08 C8 08 10 E0 00
      |0008EE|08EE|  00 F8 08 10 20 50 88 00
      |0008F6|08F6|  40 F8 48 50 40 40 38 00
      |0008FE|08FE|  88 88 48 08 10 20 40 00
      |000906|0906|  78 48 78 88 08 10 20 00
      |00090E|090E|  10 E0 20 F8 20 20 40 00
      |000916|0916|  A8 A8 A8 08 08 10 20 00
      |00091E|091E|  70 00 F8 20 20 20 40 00
      |000926|0926|  40 40 60 50 48 40 40 00
      |00092E|092E|  20 F8 20 20 20 20 40 00
      |000936|0936|  00 70 00 00 00 00 F8 00
      |00093E|093E|  00 F8 08 D0 20 50 88 00
      |000946|0946|  20 F8 08 30 E8 20 20 00
      |00094E|094E|  08 08 08 10 20 40 80 00
      |000956|0956|  20 10 48 48 48 48 88 00
      |00095E|095E|  80 80 F8 80 80 80 78 00
      |000966|0966|  F8 08 08 08 10 20 40 00
      |00096E|096E|  00 40 A0 10 08 08 00 00
      |000976|0976|  20 F8 20 20 A8 A8 20 00
      |00097E|097E|  00 F8 08 08 50 20 10 00
      |000986|0986|  F0 00 60 00 00 F0 08 00
      |00098E|098E|  10 20 40 80 90 88 F8 00
      |000996|0996|  08 08 08 50 20 50 80 00
      |00099E|099E|  78 20 F8 20 20 20 18 00
      |0009A6|09A6|  40 F8 48 48 50 40 40 00
      |0009AE|09AE|  00 70 10 10 10 10 F8 00
      |0009B6|09B6|  00 F8 08 F8 08 08 F8 00
      |0009BE|09BE|  70 00 F8 08 08 10 20 00
      |0009C6|09C6|  48 48 48 48 48 10 20 00
      |0009CE|09CE|  10 50 50 50 50 58 90 00
      |0009D6|09D6|  40 40 40 48 48 50 60 00
      |0009DE|09DE|  00 F8 88 88 88 88 F8 00
      |0009E6|09E6|  F8 88 88 08 08 10 20 00
      |0009EE|09EE|  00 C0 00 08 08 10 E0 00
      |0009F6|09F6|  90 48 00 00 00 00 00 00
      |0009FE|09FE|  60 90 60 00 00 00 00 00
      |000A06|0A06|  20 F8 20 4E 40 90 8E 00
      |000A0E|0A0E|  10 FE 20 78 04 04 78 00
      |000A16|0A16|  00 FC 02 02 02 04 18 00
      |000A1E|0A1E|  FE 08 10 20 20 20 1C 00
      |000A26|0A26|  20 24 38 60 80 80 7C 00
      |000A2E|0A2E|  2C F2 44 44 9C 26 1C 00
      |000A36|0A36|  00 9E 80 80 80 90 4E 00
      |000A3E|0A3E|  48 48 7C D2 B6 AA 4C 00
      |000A46|0A46|  40 4C D2 62 4E D2 4E 00
      |000A4E|0A4E|  00 38 54 92 A2 A2 44 00
      |000A56|0A56|  04 9E 84 84 8C 96 4C 00
      |000A5E|0A5E|  10 E4 26 44 44 48 30 00
      |000A66|0A66|  20 10 00 20 14 52 B2 00
      |000A6E|0A6E|  00 00 20 50 88 04 02 00
      |000A76|0A76|  1E 84 9E 84 8C 96 4C 00
      |000A7E|0A7E|  10 FC 10 FC 70 98 74 00
      |000A86|0A86|  70 10 14 7E A4 A4 48 00
      |000A8E|0A8E|  20 F4 22 60 A2 62 1C 00
      |000A96|0A96|  48 48 7C AA 92 A2 44 00
      |000A9E|0A9E|  20 F8 20 F8 20 24 18 00
      |000AA6|0AA6|  48 5C 6A E2 24 10 10 00
      |000AAE|0AAE|  10 9C B2 D2 92 1C 20 00
      |000AB6|0AB6|  10 1C 10 10 78 94 70 00
      |000ABE|0ABE|  60 10 80 B8 C4 84 38 00
      |000AC6|0AC6|  08 84 84 84 44 08 30 00
      |000ACE|0ACE|  78 10 38 44 B4 4C 38 00
      |000AD6|0AD6|  20 2C F4 24 64 A4 26 00
      |000ADE|0ADE|  78 10 20 78 84 04 38 00
      |000AE6|0AE6|  40 40 DC 62 42 C2 44 00
      |000AEE|0AEE|  10 10 20 20 60 52 8C 00
      |000AF6|0AF6|  00 00 00 00 00 00 00 00
      |000AFE|0AFE|  FF FF FF FF FF FF FF FF
------+------+----+----------------------------------
<< label >>
ENTRY ................. 256 ( 0x100 )
FILVRM ................ 436 ( 0x1b4 )
FILVRM:LOOP ........... 443 ( 0x1bb )
GETKEY ................ 391 ( 0x187 )
LDIRVM ................ 453 ( 0x1c5 )
LDIRVM:LOOP ........... 458 ( 0x1ca )
MSXFONT ............... 774 ( 0x306 )
NAME_TABLE ............ 547 ( 0x223 )
NAME_TABLE_END ........ 774 ( 0x306 )
PPI_PORT .............. 168 ( 0xa8 )
PUTC .................. 396 ( 0x18c )
PUTC:WAIT_LOOP ........ 398 ( 0x18e )
PUTS .................. 407 ( 0x197 )
SETWRT ................ 425 ( 0x1a9 )
S_CLEAR_VRAM .......... 521 ( 0x209 )
S_FINISH .............. 537 ( 0x219 )
S_SET_COLOR_PALETTE ... 498 ( 0x1f2 )
S_SET_MODE ............ 481 ( 0x1e1 )
S_START ............... 468 ( 0x1d4 )
UART .................. 16 ( 0x10 )
VDP_PORT0 ............. 152 ( 0x98 )
VDP_PORT1 ............. 153 ( 0x99 )
VDP_PORT2 ............. 154 ( 0x9a )
VDP_PORT3 ............. 155 ( 0x9b )
WRTVDP ................ 416 ( 0x1a0 )
