Reading netlist file: "D:\github\HRA_product\TangCartMSX\RTL\Tang20kcartMSX\impl\gwsynthesis\Tang20kcartMSX.vg"
Parsing netlist file "D:\github\HRA_product\TangCartMSX\RTL\Tang20kcartMSX\impl\gwsynthesis\Tang20kcartMSX.vg" completed
Processing netlist completed
Reading constraint file: "D:\github\HRA_product\TangCartMSX\RTL\Tang20kcartMSX\src\Tang20kcartMSX.cst"
Physical Constraint parsed completed
Running placement......
[10%] Placement Phase 0 completed
[20%] Placement Phase 1 completed
[30%] Placement Phase 2 completed
[50%] Placement Phase 3 completed
Running routing......
[60%] Routing Phase 0 completed
[70%] Routing Phase 1 completed
[80%] Routing Phase 2 completed
WARN  (PR1014) : Generic routing resource will be used to clock signal 'clk27m_d' by the specified constraint. And then it may lead to the excessive delay or skew
[90%] Routing Phase 3 completed
Running timing analysis......
[95%] Timing analysis completed
Placement and routing completed
Bitstream generation in progress......
Bitstream generation completed
Running power analysis......
[100%] Power analysis completed
Generate file "D:\github\HRA_product\TangCartMSX\RTL\Tang20kcartMSX\impl\pnr\Tang20kcartMSX.power.html" completed
Generate file "D:\github\HRA_product\TangCartMSX\RTL\Tang20kcartMSX\impl\pnr\Tang20kcartMSX.pin.html" completed
Generate file "D:\github\HRA_product\TangCartMSX\RTL\Tang20kcartMSX\impl\pnr\Tang20kcartMSX.rpt.html" completed
Generate file "D:\github\HRA_product\TangCartMSX\RTL\Tang20kcartMSX\impl\pnr\Tang20kcartMSX.rpt.txt" completed
Generate file "D:\github\HRA_product\TangCartMSX\RTL\Tang20kcartMSX\impl\pnr\Tang20kcartMSX.tr.html" completed
Fri Aug 30 06:41:53 2024

