Z80 Macro Assembler ZMA v1.0.18
=====================================================
Programmed by t.hara

  DEFS is DEFINE STRING (default).
  OUTPUT TYPE: BINARY

<< code >>
LINE# |OFFSET|ADDR|MNEMONIC
======+======+====+==================================
     7|      |    |UART := 0x10
      |      |    |  Global integer symbol [UART] = 16 (0x10)
------+------+----+----------------------------------
     8|      |    |VDP_PORT0 := 0x98
      |      |    |  Global integer symbol [VDP_PORT0] = 152 (0x98)
------+------+----+----------------------------------
     9|      |    |VDP_PORT1 := 0x99
      |      |    |  Global integer symbol [VDP_PORT1] = 153 (0x99)
------+------+----+----------------------------------
    10|      |    |VDP_PORT2 := 0x9A
      |      |    |  Global integer symbol [VDP_PORT2] = 154 (0x9a)
------+------+----+----------------------------------
    11|      |    |VDP_PORT3 := 0x9B
      |      |    |  Global integer symbol [VDP_PORT3] = 155 (0x9b)
------+------+----+----------------------------------
    12|      |    |PPI_PORT := 0xA8
      |      |    |  Global integer symbol [PPI_PORT] = 168 (0xa8)
------+------+----+----------------------------------
    14|      |    |SETWRT := 0x0053
      |      |    |  Global integer symbol [SETWRT] = 83 (0x53)
------+------+----+----------------------------------
    15|      |    |FILVRM := 0x0056
      |      |    |  Global integer symbol [FILVRM] = 86 (0x56)
------+------+----+----------------------------------
    16|      |    |CHGMOD := 0x005F
      |      |    |  Global integer symbol [CHGMOD] = 95 (0x5f)
------+------+----+----------------------------------
    17|      |    |LDIRVM := 0x005C
      |      |    |  Global integer symbol [LDIRVM] = 92 (0x5c)
------+------+----+----------------------------------
    18|      |    |JIFFY := 0xFC9E
      |      |    |  Global integer symbol [JIFFY] = 64670 (0xfc9e)
------+------+----+----------------------------------
    19|      |    |FONT_ADR := 0x0004
      |      |    |  Global integer symbol [FONT_ADR] = 4 (0x4)
------+------+----+----------------------------------
    21|      |    |ORG 0x4000
------+------+----+----------------------------------
    23|      |    |DB "AB"
      |000000|4000|  41 42
------+------+----+----------------------------------
    24|      |    |DW ENTRY
      |000002|4002|  13 40
------+------+----+----------------------------------
    25|      |    |DW 0x0000
      |000004|4004|  00 00
------+------+----+----------------------------------
    26|      |    |DW 0x0000
      |000006|4006|  00 00
------+------+----+----------------------------------
    27|      |    |DW 0x0000
      |000008|4008|  00 00
------+------+----+----------------------------------
    28|      |    |DW 0x0000
      |00000A|400A|  00 00
------+------+----+----------------------------------
    29|      |    |DW 0x0000
      |00000C|400C|  00 00
------+------+----+----------------------------------
    30|      |    |DW 0x0000
      |00000E|400E|  00 00
------+------+----+----------------------------------
    32|      |    |JP ENTRY
      |      |    |  Z80:11cyc R800:5cyc
      |000010|4010|  C3 13 40
------+------+----+----------------------------------
    33|      |    |ENTRY :
      |      |    |  label [ENTRY] address: 0x004013
------+------+----+----------------------------------
    35|      |    |LD A, 2
      |      |    |  Z80:8cyc R800:2cyc
      |000013|4013|  3E 02
------+------+----+----------------------------------
    36|      |    |CALL CHGMOD
      |      |    |  Z80:18cyc R800:5cyc
      |000015|4015|  CD 5F 00
------+------+----+----------------------------------
    38|      |    |LD A, ' '
      |      |    |  Z80:8cyc R800:2cyc
      |000018|4018|  3E 20
------+------+----+----------------------------------
    39|      |    |LD HL, 0x1800
      |      |    |  Z80:11cyc R800:3cyc
      |00001A|401A|  21 00 18
------+------+----+----------------------------------
    40|      |    |LD BC, 256 * 3
      |      |    |  Z80:11cyc R800:3cyc
      |00001D|401D|  01 00 03
------+------+----+----------------------------------
    41|      |    |CALL FILVRM
      |      |    |  Z80:18cyc R800:5cyc
      |000020|4020|  CD 56 00
------+------+----+----------------------------------
    43|      |    |CALL SET_FONT
      |      |    |  Z80:18cyc R800:5cyc
      |000023|4023|  CD 86 40
------+------+----+----------------------------------
    45|      |    |CALL SET_COLOR
      |      |    |  Z80:18cyc R800:5cyc
      |000026|4026|  CD A7 40
------+------+----+----------------------------------
    46|      |    |MAIN_LOOP :
      |      |    |  label [MAIN_LOOP] address: 0x004029
------+------+----+----------------------------------
    48|      |    |LD HL, NAME_TABLE1
      |      |    |  Z80:11cyc R800:3cyc
      |000029|4029|  21 F7 40
------+------+----+----------------------------------
    49|      |    |LD DE, 0x1800
      |      |    |  Z80:11cyc R800:3cyc
      |00002C|402C|  11 00 18
------+------+----+----------------------------------
    50|      |    |LD BC, NAME_TABLE1_END - NAME_TABLE1
      |      |    |  Z80:11cyc R800:3cyc
      |00002F|402F|  01 83 00
------+------+----+----------------------------------
    51|      |    |CALL LDIRVM
      |      |    |  Z80:18cyc R800:5cyc
      |000032|4032|  CD 5C 00
------+------+----+----------------------------------
    52|      |    |CALL WAIT_TIME
      |      |    |  Z80:18cyc R800:5cyc
      |000035|4035|  CD E4 40
------+------+----+----------------------------------
    55|      |    |LD HL, NAME_TABLE1
      |      |    |  Z80:11cyc R800:3cyc
      |000038|4038|  21 F7 40
------+------+----+----------------------------------
    56|      |    |LD DE, 0x1900
      |      |    |  Z80:11cyc R800:3cyc
      |00003B|403B|  11 00 19
------+------+----+----------------------------------
    57|      |    |LD BC, NAME_TABLE1_END - NAME_TABLE1
      |      |    |  Z80:11cyc R800:3cyc
      |00003E|403E|  01 83 00
------+------+----+----------------------------------
    58|      |    |CALL LDIRVM
      |      |    |  Z80:18cyc R800:5cyc
      |000041|4041|  CD 5C 00
------+------+----+----------------------------------
    59|      |    |CALL WAIT_TIME
      |      |    |  Z80:18cyc R800:5cyc
      |000044|4044|  CD E4 40
------+------+----+----------------------------------
    62|      |    |LD HL, NAME_TABLE1
      |      |    |  Z80:11cyc R800:3cyc
      |000047|4047|  21 F7 40
------+------+----+----------------------------------
    63|      |    |LD DE, 0x1A00
      |      |    |  Z80:11cyc R800:3cyc
      |00004A|404A|  11 00 1A
------+------+----+----------------------------------
    64|      |    |LD BC, NAME_TABLE1_END - NAME_TABLE1
      |      |    |  Z80:11cyc R800:3cyc
      |00004D|404D|  01 83 00
------+------+----+----------------------------------
    65|      |    |CALL LDIRVM
      |      |    |  Z80:18cyc R800:5cyc
      |000050|4050|  CD 5C 00
------+------+----+----------------------------------
    66|      |    |CALL WAIT_TIME
      |      |    |  Z80:18cyc R800:5cyc
      |000053|4053|  CD E4 40
------+------+----+----------------------------------
    69|      |    |LD HL, NAME_TABLE2
      |      |    |  Z80:11cyc R800:3cyc
      |000056|4056|  21 7A 41
------+------+----+----------------------------------
    70|      |    |LD DE, 0x1800
      |      |    |  Z80:11cyc R800:3cyc
      |000059|4059|  11 00 18
------+------+----+----------------------------------
    71|      |    |LD BC, NAME_TABLE2_END - NAME_TABLE2
      |      |    |  Z80:11cyc R800:3cyc
      |00005C|405C|  01 83 00
------+------+----+----------------------------------
    72|      |    |CALL LDIRVM
      |      |    |  Z80:18cyc R800:5cyc
      |00005F|405F|  CD 5C 00
------+------+----+----------------------------------
    73|      |    |CALL WAIT_TIME
      |      |    |  Z80:18cyc R800:5cyc
      |000062|4062|  CD E4 40
------+------+----+----------------------------------
    76|      |    |LD HL, NAME_TABLE2
      |      |    |  Z80:11cyc R800:3cyc
      |000065|4065|  21 7A 41
------+------+----+----------------------------------
    77|      |    |LD DE, 0x1900
      |      |    |  Z80:11cyc R800:3cyc
      |000068|4068|  11 00 19
------+------+----+----------------------------------
    78|      |    |LD BC, NAME_TABLE2_END - NAME_TABLE2
      |      |    |  Z80:11cyc R800:3cyc
      |00006B|406B|  01 83 00
------+------+----+----------------------------------
    79|      |    |CALL LDIRVM
      |      |    |  Z80:18cyc R800:5cyc
      |00006E|406E|  CD 5C 00
------+------+----+----------------------------------
    80|      |    |CALL WAIT_TIME
      |      |    |  Z80:18cyc R800:5cyc
      |000071|4071|  CD E4 40
------+------+----+----------------------------------
    83|      |    |LD HL, NAME_TABLE2
      |      |    |  Z80:11cyc R800:3cyc
      |000074|4074|  21 7A 41
------+------+----+----------------------------------
    84|      |    |LD DE, 0x1A00
      |      |    |  Z80:11cyc R800:3cyc
      |000077|4077|  11 00 1A
------+------+----+----------------------------------
    85|      |    |LD BC, NAME_TABLE2_END - NAME_TABLE2
      |      |    |  Z80:11cyc R800:3cyc
      |00007A|407A|  01 83 00
------+------+----+----------------------------------
    86|      |    |CALL LDIRVM
      |      |    |  Z80:18cyc R800:5cyc
      |00007D|407D|  CD 5C 00
------+------+----+----------------------------------
    87|      |    |CALL WAIT_TIME
      |      |    |  Z80:18cyc R800:5cyc
      |000080|4080|  CD E4 40
------+------+----+----------------------------------
    88|      |    |JP MAIN_LOOP
      |      |    |  Z80:11cyc R800:5cyc
      |000083|4083|  C3 29 40
------+------+----+----------------------------------
    91|      |    |SCOPE SET_FONT
      |      |    |  Enter scope: SET_FONT:
------+------+----+----------------------------------
    92|      |    |SET_FONT ::
      |      |    |  global label [SET_FONT] address: 0x004086
------+------+----+----------------------------------
    93|      |    |LD HL, 0x0000
      |      |    |  Z80:11cyc R800:3cyc
      |000086|4086|  21 00 00
------+------+----+----------------------------------
    94|      |    |CALL SETWRT
      |      |    |  Z80:18cyc R800:5cyc
      |000089|4089|  CD 53 00
------+------+----+----------------------------------
    95|      |    |CALL SET_LOOP
      |      |    |  Z80:18cyc R800:5cyc
      |00008C|408C|  CD 92 40
------+------+----+----------------------------------
    96|      |    |CALL SET_LOOP
      |      |    |  Z80:18cyc R800:5cyc
      |00008F|408F|  CD 92 40
------+------+----+----------------------------------
    97|      |    |SET_LOOP :
      |      |    |  label [SET_FONT:SET_LOOP] address: 0x004092
------+------+----+----------------------------------
    98|      |    |LD HL, [ FONT_ADR ]
      |      |    |  Z80:17cyc R800:7cyc
      |000092|4092|  2A 04 00
------+------+----+----------------------------------
    99|      |    |LD BC, 256 * 8
      |      |    |  Z80:11cyc R800:3cyc
      |000095|4095|  01 00 08
------+------+----+----------------------------------
   100|      |    |LOOP :
      |      |    |  label [SET_FONT:LOOP] address: 0x004098
------+------+----+----------------------------------
   101|      |    |LD A, [ HL ]
      |      |    |  Z80:8cyc R800:4cyc
      |000098|4098|  7E
------+------+----+----------------------------------
   102|      |    |LD E, A
      |      |    |  Z80:5cyc R800:2cyc
      |000099|4099|  5F
------+------+----+----------------------------------
   103|      |    |RRCA
      |      |    |  Z80:5cyc R800:1cyc
      |00009A|409A|  0F
------+------+----+----------------------------------
   104|      |    |OR A, E
      |      |    |  Z80:5cyc R800:1cyc
      |00009B|409B|  B3
------+------+----+----------------------------------
   105|      |    |RRCA
      |      |    |  Z80:5cyc R800:1cyc
      |00009C|409C|  0F
------+------+----+----------------------------------
   106|      |    |OR A, E
      |      |    |  Z80:5cyc R800:1cyc
      |00009D|409D|  B3
------+------+----+----------------------------------
   107|      |    |OUT [ VDP_PORT0 ], A
      |      |    |  Z80:12cyc R800:10cyc/9cyc
      |00009E|409E|  D3 98
------+------+----+----------------------------------
   108|      |    |INC HL
      |      |    |  Z80:7cyc R800:1cyc
      |0000A0|40A0|  23
------+------+----+----------------------------------
   109|      |    |DEC BC
      |      |    |  Z80:7cyc R800:1cyc
      |0000A1|40A1|  0B
------+------+----+----------------------------------
   110|      |    |LD A, C
      |      |    |  Z80:5cyc R800:2cyc
      |0000A2|40A2|  79
------+------+----+----------------------------------
   111|      |    |OR A, B
      |      |    |  Z80:5cyc R800:1cyc
      |0000A3|40A3|  B0
------+------+----+----------------------------------
   112|      |    |JR NZ, LOOP
      |      |    |  Z80:13cyc/8cyc R800:3cyc/2cyc
      |0000A4|40A4|  20 F2
------+------+----+----------------------------------
   113|      |    |RET
      |      |    |  Z80:11cyc R800:5cyc
      |0000A6|40A6|  C9
------+------+----+----------------------------------
   114|      |    |ENDSCOPE
      |      |    |  Exit scope: SET_FONT:
------+------+----+----------------------------------
   117|      |    |SCOPE SET_COLOR
      |      |    |  Enter scope: SET_COLOR:
------+------+----+----------------------------------
   118|      |    |SET_COLOR ::
      |      |    |  global label [SET_COLOR] address: 0x0040a7
------+------+----+----------------------------------
   119|      |    |LD HL, 0x2000
      |      |    |  Z80:11cyc R800:3cyc
      |0000A7|40A7|  21 00 20
------+------+----+----------------------------------
   120|      |    |CALL SETWRT
      |      |    |  Z80:18cyc R800:5cyc
      |0000AA|40AA|  CD 53 00
------+------+----+----------------------------------
   121|      |    |LD HL, COLOR0
      |      |    |  Z80:11cyc R800:3cyc
      |0000AD|40AD|  21 CC 40
------+------+----+----------------------------------
   122|      |    |CALL SET_LOOP
      |      |    |  Z80:18cyc R800:5cyc
      |0000B0|40B0|  CD BC 40
------+------+----+----------------------------------
   123|      |    |LD HL, COLOR1
      |      |    |  Z80:11cyc R800:3cyc
      |0000B3|40B3|  21 D4 40
------+------+----+----------------------------------
   124|      |    |CALL SET_LOOP
      |      |    |  Z80:18cyc R800:5cyc
      |0000B6|40B6|  CD BC 40
------+------+----+----------------------------------
   125|      |    |LD HL, COLOR2
      |      |    |  Z80:11cyc R800:3cyc
      |0000B9|40B9|  21 DC 40
------+------+----+----------------------------------
   126|      |    |SET_LOOP :
      |      |    |  label [SET_COLOR:SET_LOOP] address: 0x0040bc
------+------+----+----------------------------------
   127|      |    |LD C, 0
      |      |    |  Z80:8cyc R800:2cyc
      |0000BC|40BC|  0E 00
------+------+----+----------------------------------
   128|      |    |LOOP_CHAR :
      |      |    |  label [SET_COLOR:LOOP_CHAR] address: 0x0040be
------+------+----+----------------------------------
   129|      |    |PUSH HL
      |      |    |  Z80:12cyc R800:6cyc
      |0000BE|40BE|  E5
------+------+----+----------------------------------
   130|      |    |LD B, 8
      |      |    |  Z80:8cyc R800:2cyc
      |0000BF|40BF|  06 08
------+------+----+----------------------------------
   131|      |    |LOOP_LINE :
      |      |    |  label [SET_COLOR:LOOP_LINE] address: 0x0040c1
------+------+----+----------------------------------
   132|      |    |LD A, [ HL ]
      |      |    |  Z80:8cyc R800:4cyc
      |0000C1|40C1|  7E
------+------+----+----------------------------------
   133|      |    |OUT [ VDP_PORT0 ], A
      |      |    |  Z80:12cyc R800:10cyc/9cyc
      |0000C2|40C2|  D3 98
------+------+----+----------------------------------
   134|      |    |INC HL
      |      |    |  Z80:7cyc R800:1cyc
      |0000C4|40C4|  23
------+------+----+----------------------------------
   135|      |    |DJNZ LOOP_LINE
      |      |    |  Z80:14cyc/9cyc R800:3cyc/2cyc
      |0000C5|40C5|  10 FA
------+------+----+----------------------------------
   136|      |    |POP HL
      |      |    |  Z80:11cyc R800:5cyc
      |0000C7|40C7|  E1
------+------+----+----------------------------------
   137|      |    |DEC C
      |      |    |  Z80:5cyc R800:1cyc
      |0000C8|40C8|  0D
------+------+----+----------------------------------
   138|      |    |JR NZ, LOOP_CHAR
      |      |    |  Z80:13cyc/8cyc R800:3cyc/2cyc
      |0000C9|40C9|  20 F3
------+------+----+----------------------------------
   139|      |    |RET
      |      |    |  Z80:11cyc R800:5cyc
      |0000CB|40CB|  C9
------+------+----+----------------------------------
   140|      |    |COLOR0 :
      |      |    |  label [SET_COLOR:COLOR0] address: 0x0040cc
------+------+----+----------------------------------
   141|      |    |DB 0x71, 0xF1, 0xF1, 0x71, 0x41, 0x51, 0x51, 0x41
      |0000CC|40CC|  71 F1 F1 71 41 51 51 41
------+------+----+----------------------------------
   142|      |    |COLOR1 :
      |      |    |  label [SET_COLOR:COLOR1] address: 0x0040d4
------+------+----+----------------------------------
   143|      |    |DB 0x31, 0xF1, 0xF1, 0x31, 0x21, 0xC1, 0xC1, 0x21
      |0000D4|40D4|  31 F1 F1 31 21 C1 C1 21
------+------+----+----------------------------------
   144|      |    |COLOR2 :
      |      |    |  label [SET_COLOR:COLOR2] address: 0x0040dc
------+------+----+----------------------------------
   145|      |    |DB 0x81, 0xF1, 0xF1, 0x81, 0x91, 0x61, 0x61, 0x91
      |0000DC|40DC|  81 F1 F1 81 91 61 61 91
------+------+----+----------------------------------
   146|      |    |ENDSCOPE
      |      |    |  Exit scope: SET_COLOR:
------+------+----+----------------------------------
   149|      |    |SCOPE WAIT_TIME
      |      |    |  Enter scope: WAIT_TIME:
------+------+----+----------------------------------
   150|      |    |WAIT_TIME ::
      |      |    |  global label [WAIT_TIME] address: 0x0040e4
------+------+----+----------------------------------
   151|      |    |LD HL, [ JIFFY ]
      |      |    |  Z80:17cyc R800:7cyc
      |0000E4|40E4|  2A 9E FC
------+------+----+----------------------------------
   152|      |    |LD DE, 4
      |      |    |  Z80:11cyc R800:3cyc
      |0000E7|40E7|  11 04 00
------+------+----+----------------------------------
   153|      |    |ADD HL, DE
      |      |    |  Z80:12cyc R800:1cyc
      |0000EA|40EA|  19
------+------+----+----------------------------------
   154|      |    |LOOP :
      |      |    |  label [WAIT_TIME:LOOP] address: 0x0040eb
------+------+----+----------------------------------
   155|      |    |OR A, A
      |      |    |  Z80:5cyc R800:1cyc
      |0000EB|40EB|  B7
------+------+----+----------------------------------
   156|      |    |LD DE, [ JIFFY ]
      |      |    |  Z80:22cyc R800:8cyc
      |0000EC|40EC|  ED 5B 9E FC
------+------+----+----------------------------------
   157|      |    |EX DE, HL
      |      |    |  Z80:5cyc R800:1cyc
      |0000F0|40F0|  EB
------+------+----+----------------------------------
   158|      |    |SBC HL, DE
      |      |    |  Z80:17cyc R800:2cyc
      |0000F1|40F1|  ED 52
------+------+----+----------------------------------
   159|      |    |EX DE, HL
      |      |    |  Z80:5cyc R800:1cyc
      |0000F3|40F3|  EB
------+------+----+----------------------------------
   160|      |    |RET NC
      |      |    |  Z80:12cyc/6cyc R800:5cyc/1cyc
      |0000F4|40F4|  D0
------+------+----+----------------------------------
   161|      |    |JR LOOP
      |      |    |  Z80:13cyc R800:3cyc
      |0000F5|40F5|  18 F4
------+------+----+----------------------------------
   162|      |    |ENDSCOPE
      |      |    |  Exit scope: WAIT_TIME:
------+------+----+----------------------------------
   164|      |    |NAME_TABLE1 ::
      |      |    |  global label [NAME_TABLE1] address: 0x0040f7
------+------+----+----------------------------------
   165|      |    |DB "  Hello, world!                 "
      |0000F7|40F7|  20 20 48 65 6C 6C 6F 2C
      |0000FF|40FF|  20 77 6F 72 6C 64 21 20
      |000107|4107|  20 20 20 20 20 20 20 20
      |00010F|410F|  20 20 20 20 20 20 20 20
------+------+----+----------------------------------
   166|      |    |DB "                                "
      |000117|4117|  20 20 20 20 20 20 20 20
      |00011F|411F|  20 20 20 20 20 20 20 20
      |000127|4127|  20 20 20 20 20 20 20 20
      |00012F|412F|  20 20 20 20 20 20 20 20
------+------+----+----------------------------------
   167|      |    |DB "  This is FPGA-MSX              "
      |000137|4137|  20 20 54 68 69 73 20 69
      |00013F|413F|  73 20 46 50 47 41 2D 4D
      |000147|4147|  53 58 20 20 20 20 20 20
      |00014F|414F|  20 20 20 20 20 20 20 20
------+------+----+----------------------------------
   168|      |    |DB "  (MSX2++ prototype)            "
      |000157|4157|  20 20 28 4D 53 58 32 2B
      |00015F|415F|  2B 20 70 72 6F 74 6F 74
      |000167|4167|  79 70 65 29 20 20 20 20
      |00016F|416F|  20 20 20 20 20 20 20 20
------+------+----+----------------------------------
   169|      |    |DB "  ", 255
      |000177|4177|  20 20 FF
------+------+----+----------------------------------
   170|      |    |NAME_TABLE1_END ::
      |      |    |  global label [NAME_TABLE1_END] address: 0x00417a
------+------+----+----------------------------------
   172|      |    |NAME_TABLE2 ::
      |      |    |  global label [NAME_TABLE2] address: 0x00417a
------+------+----+----------------------------------
   173|      |    |DB "  HELLO, WORLD!                 "
      |00017A|417A|  20 20 48 45 4C 4C 4F 2C
      |000182|4182|  20 57 4F 52 4C 44 21 20
      |00018A|418A|  20 20 20 20 20 20 20 20
      |000192|4192|  20 20 20 20 20 20 20 20
------+------+----+----------------------------------
   174|      |    |DB "                                "
      |00019A|419A|  20 20 20 20 20 20 20 20
      |0001A2|41A2|  20 20 20 20 20 20 20 20
      |0001AA|41AA|  20 20 20 20 20 20 20 20
      |0001B2|41B2|  20 20 20 20 20 20 20 20
------+------+----+----------------------------------
   175|      |    |DB "  This is fpga-msx              "
      |0001BA|41BA|  20 20 54 68 69 73 20 69
      |0001C2|41C2|  73 20 66 70 67 61 2D 6D
      |0001CA|41CA|  73 78 20 20 20 20 20 20
      |0001D2|41D2|  20 20 20 20 20 20 20 20
------+------+----+----------------------------------
   176|      |    |DB "  (MSX    p r o t o t y p e)    "
      |0001DA|41DA|  20 20 28 4D 53 58 20 20
      |0001E2|41E2|  20 20 70 20 72 20 6F 20
      |0001EA|41EA|  74 20 6F 20 74 20 79 20
      |0001F2|41F2|  70 20 65 29 20 20 20 20
------+------+----+----------------------------------
   177|      |    |DB "  ", 255
      |0001FA|41FA|  20 20 FF
------+------+----+----------------------------------
   178|      |    |NAME_TABLE2_END ::
      |      |    |  global label [NAME_TABLE2_END] address: 0x0041fd
------+------+----+----------------------------------
<< label >>
CHGMOD ................ 95 ( 0x5f )
ENTRY ................. 16403 ( 0x4013 )
FILVRM ................ 86 ( 0x56 )
FONT_ADR .............. 4 ( 0x4 )
JIFFY ................. 64670 ( 0xfc9e )
LDIRVM ................ 92 ( 0x5c )
MAIN_LOOP ............. 16425 ( 0x4029 )
NAME_TABLE1 ........... 16631 ( 0x40f7 )
NAME_TABLE1_END ....... 16762 ( 0x417a )
NAME_TABLE2 ........... 16762 ( 0x417a )
NAME_TABLE2_END ....... 16893 ( 0x41fd )
PPI_PORT .............. 168 ( 0xa8 )
SETWRT ................ 83 ( 0x53 )
SET_COLOR ............. 16551 ( 0x40a7 )
SET_COLOR:COLOR0 ...... 16588 ( 0x40cc )
SET_COLOR:COLOR1 ...... 16596 ( 0x40d4 )
SET_COLOR:COLOR2 ...... 16604 ( 0x40dc )
SET_COLOR:LOOP_CHAR ... 16574 ( 0x40be )
SET_COLOR:LOOP_LINE ... 16577 ( 0x40c1 )
SET_COLOR:SET_LOOP .... 16572 ( 0x40bc )
SET_FONT .............. 16518 ( 0x4086 )
SET_FONT:LOOP ......... 16536 ( 0x4098 )
SET_FONT:SET_LOOP ..... 16530 ( 0x4092 )
UART .................. 16 ( 0x10 )
VDP_PORT0 ............. 152 ( 0x98 )
VDP_PORT1 ............. 153 ( 0x99 )
VDP_PORT2 ............. 154 ( 0x9a )
VDP_PORT3 ............. 155 ( 0x9b )
WAIT_TIME ............. 16612 ( 0x40e4 )
WAIT_TIME:LOOP ........ 16619 ( 0x40eb )
