Z80 Macro Assembler ZMA v1.0.19
=====================================================
Programmed by t.hara

  DEFS is DEFINE STRING (default).
  OUTPUT TYPE: BINARY

<< code >>
LINE# |OFFSET|ADDR|MNEMONIC
======+======+====+==================================
     8|      |    |ORG 0x0100
------+------+----+----------------------------------
    10|      |    |BDOS := 0x0005
      |      |    |  Global integer symbol [BDOS] = 5 (0x5)
------+------+----+----------------------------------
    12|      |    |VDP_PORT0 := 0x98
      |      |    |  Global integer symbol [VDP_PORT0] = 152 (0x98)
------+------+----+----------------------------------
    13|      |    |VDP_PORT1 := 0x99
      |      |    |  Global integer symbol [VDP_PORT1] = 153 (0x99)
------+------+----+----------------------------------
    14|      |    |VDP_PORT2 := 0x9A
      |      |    |  Global integer symbol [VDP_PORT2] = 154 (0x9a)
------+------+----+----------------------------------
    15|      |    |VDP_PORT3 := 0x9B
      |      |    |  Global integer symbol [VDP_PORT3] = 155 (0x9b)
------+------+----+----------------------------------
    16|      |    |VDP_PORT4 := 0x9C
      |      |    |  Global integer symbol [VDP_PORT4] = 156 (0x9c)
------+------+----+----------------------------------
    18|      |    |RTC_ADDRESS := 0xB4
      |      |    |  Global integer symbol [RTC_ADDRESS] = 180 (0xb4)
------+------+----+----------------------------------
    19|      |    |RTC_DATA := 0xB5
      |      |    |  Global integer symbol [RTC_DATA] = 181 (0xb5)
------+------+----+----------------------------------
    21|      |    |CALSLT := 0x001C
      |      |    |  Global integer symbol [CALSLT] = 28 (0x1c)
------+------+----+----------------------------------
    22|      |    |MAIN_ROM_SLOT := 0xFCC1
      |      |    |  Global integer symbol [MAIN_ROM_SLOT] = 64705 (0xfcc1)
------+------+----+----------------------------------
    23|      |    |KILBUF := 0x0156
      |      |    |  Global integer symbol [KILBUF] = 342 (0x156)
------+------+----+----------------------------------
    24|      |    |CHGMOD := 0x005F
      |      |    |  Global integer symbol [CHGMOD] = 95 (0x5f)
------+------+----+----------------------------------
    29|      |    |SCOPE INIT_VDP
      |      |    |  Enter scope: INIT_VDP:
------+------+----+----------------------------------
    30|      |    |INIT_VDP ::
      |      |    |  global label [INIT_VDP] address: 0x000100
------+------+----+----------------------------------
    31|      |    |DI
      |      |    |  Z80:5cyc R800:2cyc
      |000000|0100|  F3
------+------+----+----------------------------------
    32|      |    |CALL WRITE_VDP_REGS
      |      |    |  Z80:18cyc R800:5cyc
      |000001|0101|  CD F0 01
------+------+----+----------------------------------
    34|      |    |VDP_INIT_DATA ::
      |      |    |  global label [VDP_INIT_DATA] address: 0x000104
------+------+----+----------------------------------
    35|      |    |DB 0x80 | 1, 0x63
      |000004|0104|  81 63
------+------+----+----------------------------------
    36|      |    |DB 0x80 | 0, 0x08
      |000006|0106|  80 08
------+------+----+----------------------------------
    37|      |    |DB 0x80 | 2, 0x1F | ( 0 << 5 )
      |000008|0108|  82 1F
------+------+----+----------------------------------
    38|      |    |DB 0x80 | 5, 0x7600 >> 7
      |00000A|010A|  85 EC
------+------+----+----------------------------------
    39|      |    |DB 0x80 | 6, 0x8000 >> 11
      |00000C|010C|  86 10
------+------+----+----------------------------------
    40|      |    |DB 0x80 | 7, 0x05
      |00000E|010E|  87 05
------+------+----+----------------------------------
    41|      |    |DB 0x80 | 8, 0x2A
      |000010|0110|  88 2A
------+------+----+----------------------------------
    42|      |    |DB 0x80 | 9, 0x00
      |000012|0112|  89 00
------+------+----+----------------------------------
    43|      |    |DB 0x80 | 11, 0x00
      |000014|0114|  8B 00
------+------+----+----------------------------------
    44|      |    |DB 0x80 | 15, 2
      |000016|0116|  8F 02
------+------+----+----------------------------------
    45|      |    |DB 0x80 | 16, 0
      |000018|0118|  90 00
------+------+----+----------------------------------
    46|      |    |DB 0x80 | 20, 0xFF
      |00001A|011A|  94 FF
------+------+----+----------------------------------
    47|      |    |DB 0x80 | 25, 3
      |00001C|011C|  99 03
------+------+----+----------------------------------
    48|      |    |DB 0x80 | 26, 0
      |00001E|011E|  9A 00
------+------+----+----------------------------------
    49|      |    |DB 0x80 | 27, 0
      |000020|0120|  9B 00
------+------+----+----------------------------------
    50|      |    |DB 0x80 | 36, 0
      |000022|0122|  A4 00
------+------+----+----------------------------------
    51|      |    |DB 0x80 | 37, 0
      |000024|0124|  A5 00
------+------+----+----------------------------------
    52|      |    |DB 0x80 | 38, 0
      |000026|0126|  A6 00
------+------+----+----------------------------------
    53|      |    |DB 0x80 | 39, 0
      |000028|0128|  A7 00
------+------+----+----------------------------------
    54|      |    |DB 0x80 | 40, 0
      |00002A|012A|  A8 00
------+------+----+----------------------------------
    55|      |    |DB 0x80 | 41, 2
      |00002C|012C|  A9 02
------+------+----+----------------------------------
    56|      |    |DB 0x80 | 42, 0
      |00002E|012E|  AA 00
------+------+----+----------------------------------
    57|      |    |DB 0x80 | 43, 2
      |000030|0130|  AB 02
------+------+----+----------------------------------
    58|      |    |DB 0x80 | 44, 0x00
      |000032|0132|  AC 00
------+------+----+----------------------------------
    59|      |    |DB 0x80 | 45, 0
      |000034|0134|  AD 00
------+------+----+----------------------------------
    60|      |    |DB 0x80 | 46, 0b11000000
      |000036|0136|  AE C0
------+------+----+----------------------------------
    61|      |    |DB 0x80 | 51, 0
      |000038|0138|  B3 00
------+------+----+----------------------------------
    62|      |    |DB 0x80 | 52, 0
      |00003A|013A|  B4 00
------+------+----+----------------------------------
    63|      |    |DB 0x80 | 53, 192
      |00003C|013C|  B5 C0
------+------+----+----------------------------------
    64|      |    |DB 0x80 | 54, 0
      |00003E|013E|  B6 00
------+------+----+----------------------------------
    65|      |    |DB 0x80 | 55, 511 & 255
      |000040|0140|  B7 FF
------+------+----+----------------------------------
    66|      |    |DB 0x80 | 56, 511 >> 8
      |000042|0142|  B8 01
------+------+----+----------------------------------
    67|      |    |DB 0x80 | 57, 307 & 255
      |000044|0144|  B9 33
------+------+----+----------------------------------
    68|      |    |DB 0x80 | 58, 307 >> 8
      |000046|0146|  BA 01
------+------+----+----------------------------------
    69|      |    |DB 0x00
      |000048|0148|  00
------+------+----+----------------------------------
    71|      |    |WAIT_VDP_COMMAND :
      |      |    |  label [INIT_VDP:WAIT_VDP_COMMAND] address: 0x000149
------+------+----+----------------------------------
    72|      |    |IN A, [ VDP_PORT1 ]
      |      |    |  Z80:12cyc R800:10cyc/9cyc
      |000049|0149|  DB 99
------+------+----+----------------------------------
    73|      |    |RRCA
      |      |    |  Z80:5cyc R800:1cyc
      |00004B|014B|  0F
------+------+----+----------------------------------
    74|      |    |JR C, WAIT_VDP_COMMAND
      |      |    |  Z80:13cyc/8cyc R800:3cyc/2cyc
      |00004C|014C|  38 FB
------+------+----+----------------------------------
    75|      |    |ENDSCOPE
      |      |    |  Exit scope: INIT_VDP:
------+------+----+----------------------------------
    81|      |    |SCOPE INIT_PALETTE
      |      |    |  Enter scope: INIT_PALETTE:
------+------+----+----------------------------------
    82|      |    |INIT_PALETTE ::
      |      |    |  global label [INIT_PALETTE] address: 0x00014e
------+------+----+----------------------------------
    83|      |    |LD A, 13
      |      |    |  Z80:8cyc R800:2cyc
      |00004E|014E|  3E 0D
------+------+----+----------------------------------
    84|      |    |OUT [ RTC_ADDRESS ], A
      |      |    |  Z80:12cyc R800:10cyc/9cyc
      |000050|0150|  D3 B4
------+------+----+----------------------------------
    85|      |    |IN A, [ RTC_DATA ]
      |      |    |  Z80:12cyc R800:10cyc/9cyc
      |000052|0152|  DB B5
------+------+----+----------------------------------
    86|      |    |AND A, 0x0C
      |      |    |  Z80:8cyc R800:2cyc
      |000054|0154|  E6 0C
------+------+----+----------------------------------
    87|      |    |OR A, 0x02
      |      |    |  Z80:8cyc R800:2cyc
      |000056|0156|  F6 02
------+------+----+----------------------------------
    88|      |    |OUT [ RTC_DATA ], A
      |      |    |  Z80:12cyc R800:10cyc/9cyc
      |000058|0158|  D3 B5
------+------+----+----------------------------------
    90|      |    |LD A, 0x0B
      |      |    |  Z80:8cyc R800:2cyc
      |00005A|015A|  3E 0B
------+------+----+----------------------------------
    91|      |    |OUT [ RTC_ADDRESS ], A
      |      |    |  Z80:12cyc R800:10cyc/9cyc
      |00005C|015C|  D3 B4
------+------+----+----------------------------------
    92|      |    |IN A, [ RTC_DATA ]
      |      |    |  Z80:12cyc R800:10cyc/9cyc
      |00005E|015E|  DB B5
------+------+----+----------------------------------
    93|      |    |AND A, 0x03
      |      |    |  Z80:8cyc R800:2cyc
      |000060|0160|  E6 03
------+------+----+----------------------------------
    94|      |    |ADD A, A
      |      |    |  Z80:5cyc R800:1cyc
      |000062|0162|  87
------+------+----+----------------------------------
    95|      |    |LD B, A
      |      |    |  Z80:5cyc R800:2cyc
      |000063|0163|  47
------+------+----+----------------------------------
    96|      |    |ADD A, A
      |      |    |  Z80:5cyc R800:1cyc
      |000064|0164|  87
------+------+----+----------------------------------
    97|      |    |ADD A, B
      |      |    |  Z80:5cyc R800:1cyc
      |000065|0165|  80
------+------+----+----------------------------------
    99|      |    |LD H, 0xFF & ( COLOR_DATA1 >> 8 )
      |      |    |  Z80:8cyc R800:2cyc
      |000066|0166|  26 03
------+------+----+----------------------------------
   100|      |    |ADD A, 0xFF & COLOR_DATA1
      |      |    |  Z80:8cyc R800:2cyc
      |000068|0168|  C6 00
------+------+----+----------------------------------
   101|      |    |LD L, A
      |      |    |  Z80:5cyc R800:2cyc
      |00006A|016A|  6F
------+------+----+----------------------------------
   103|      |    |LD BC, ( ( 3 * 2 ) << 8 ) | VDP_PORT2
      |      |    |  Z80:11cyc R800:3cyc
      |00006B|016B|  01 9A 06
------+------+----+----------------------------------
   104|      |    |OTIR
      |      |    |  Z80:23cyc/18cyc R800:12cyc/11cyc
      |00006E|016E|  ED B3
------+------+----+----------------------------------
   106|      |    |LD L, 0xFF & COLOR_DATA2
      |      |    |  Z80:8cyc R800:2cyc
      |000070|0170|  2E 18
------+------+----+----------------------------------
   107|      |    |LD B, 3 * 2
      |      |    |  Z80:8cyc R800:2cyc
      |000072|0172|  06 06
------+------+----+----------------------------------
   108|      |    |ENDSCOPE
      |      |    |  Exit scope: INIT_PALETTE:
------+------+----+----------------------------------
   113|      |    |SCOPE DECOMPRESS_LOGO_IMAGE
      |      |    |  Enter scope: DECOMPRESS_LOGO_IMAGE:
------+------+----+----------------------------------
   114|      |    |DECOMPRESS_LOGO_IMAGE ::
      |      |    |  global label [DECOMPRESS_LOGO_IMAGE] address: 0x000174
------+------+----+----------------------------------
   115|      |    |CALL OTIR_AND_WRITE_VDP_REGS
      |      |    |  Z80:18cyc R800:5cyc
      |000074|0174|  CD EE 01
------+------+----+----------------------------------
   116|      |    |_RUN_LMCM_COMMAND :
      |      |    |  label [DECOMPRESS_LOGO_IMAGE:_RUN_LMCM_COMMAND] address: 0x000177
------+------+----+----------------------------------
   117|      |    |DB 0x80 | 46, 0xA0
      |000077|0177|  AE A0
------+------+----+----------------------------------
   118|      |    |_RUN_LMMC_COMMAND :
      |      |    |  label [DECOMPRESS_LOGO_IMAGE:_RUN_LMMC_COMMAND] address: 0x000179
------+------+----+----------------------------------
   119|      |    |DB 0x80 | 17, 36
      |000079|0179|  91 24
------+------+----+----------------------------------
   120|      |    |DB 0x00
      |00007B|017B|  00
------+------+----+----------------------------------
   122|      |    |LD BC, ( LOGO_DRAW_COMMAND_SIZE << 8 ) | VDP_PORT3
      |      |    |  Z80:11cyc R800:3cyc
      |00007C|017C|  01 9B 0B
------+------+----+----------------------------------
   124|      |    |CALL OTIR_AND_WRITE_VDP_REGS
      |      |    |  Z80:18cyc R800:5cyc
      |00007F|017F|  CD EE 01
------+------+----+----------------------------------
   126|      |    |DB 0x80 | 17, 0x80 | 44
      |000082|0182|  91 AC
------+------+----+----------------------------------
   127|      |    |DB 0x00
      |000084|0184|  00
------+------+----+----------------------------------
   133|      |    |_DECOMPRESS_LOOP :
      |      |    |  label [DECOMPRESS_LOGO_IMAGE:_DECOMPRESS_LOOP] address: 0x000185
------+------+----+----------------------------------
   135|      |    |LD A, [ HL ]
      |      |    |  Z80:8cyc R800:4cyc
      |000085|0185|  7E
------+------+----+----------------------------------
   136|      |    |LD B, A
      |      |    |  Z80:5cyc R800:2cyc
      |000086|0186|  47
------+------+----+----------------------------------
   138|      |    |RLCA
      |      |    |  Z80:5cyc R800:1cyc
      |000087|0187|  07
------+------+----+----------------------------------
   139|      |    |RLCA
      |      |    |  Z80:5cyc R800:1cyc
      |000088|0188|  07
------+------+----+----------------------------------
   140|      |    |AND A, 3
      |      |    |  Z80:8cyc R800:2cyc
      |000089|0189|  E6 03
------+------+----+----------------------------------
   141|      |    |LD E, A
      |      |    |  Z80:5cyc R800:2cyc
      |00008B|018B|  5F
------+------+----+----------------------------------
   143|      |    |LD A, B
      |      |    |  Z80:5cyc R800:2cyc
      |00008C|018C|  78
------+------+----+----------------------------------
   144|      |    |AND A, 0x3F
      |      |    |  Z80:8cyc R800:2cyc
      |00008D|018D|  E6 3F
------+------+----+----------------------------------
   145|      |    |INC A
      |      |    |  Z80:5cyc R800:1cyc
      |00008F|018F|  3C
------+------+----+----------------------------------
   146|      |    |LD B, A
      |      |    |  Z80:5cyc R800:2cyc
      |000090|0190|  47
------+------+----+----------------------------------
   148|      |    |_RUN_LENGTH_LOOP :
      |      |    |  label [DECOMPRESS_LOGO_IMAGE:_RUN_LENGTH_LOOP] address: 0x000191
------+------+----+----------------------------------
   149|      |    |IN A, [ VDP_PORT1 ]
      |      |    |  Z80:12cyc R800:10cyc/9cyc
      |000091|0191|  DB 99
------+------+----+----------------------------------
   150|      |    |RRCA
      |      |    |  Z80:5cyc R800:1cyc
      |000093|0193|  0F
------+------+----+----------------------------------
   151|      |    |JR NC, _LMMC_END
      |      |    |  Z80:13cyc/8cyc R800:3cyc/2cyc
      |000094|0194|  30 07
------+------+----+----------------------------------
   152|      |    |OUT [ C ], E
      |      |    |  Z80:14cyc R800:10cyc/9cyc
      |000096|0196|  ED 59
------+------+----+----------------------------------
   153|      |    |DJNZ _RUN_LENGTH_LOOP
      |      |    |  Z80:14cyc/9cyc R800:3cyc/2cyc
      |000098|0198|  10 F7
------+------+----+----------------------------------
   154|      |    |INC HL
      |      |    |  Z80:7cyc R800:1cyc
      |00009A|019A|  23
------+------+----+----------------------------------
   155|      |    |JR _DECOMPRESS_LOOP
      |      |    |  Z80:13cyc R800:3cyc
      |00009B|019B|  18 E8
------+------+----+----------------------------------
   156|      |    |ENDSCOPE
      |      |    |  Exit scope: DECOMPRESS_LOGO_IMAGE:
------+------+----+----------------------------------
   158|      |    |SCOPE FINISH
      |      |    |  Enter scope: FINISH:
------+------+----+----------------------------------
   159|      |    |_LMMC_END ::
      |      |    |  global label [_LMMC_END] address: 0x00019d
------+------+----+----------------------------------
   161|      |    |LD HL, H_KEYI_BASE
      |      |    |  Z80:11cyc R800:3cyc
      |00009D|019D|  21 E1 01
------+------+----+----------------------------------
   162|      |    |LD DE, H_KEYI
      |      |    |  Z80:11cyc R800:3cyc
      |0000A0|01A0|  11 00 40
------+------+----+----------------------------------
   163|      |    |LD BC, H_KEYI_END - H_KEYI
      |      |    |  Z80:11cyc R800:3cyc
      |0000A3|01A3|  01 0D 00
------+------+----+----------------------------------
   164|      |    |LDIR
      |      |    |  Z80:23cyc/18cyc R800:7cyc
      |0000A6|01A6|  ED B0
------+------+----+----------------------------------
   166|      |    |LD A, 0xC3
      |      |    |  Z80:8cyc R800:2cyc
      |0000A8|01A8|  3E C3
------+------+----+----------------------------------
   167|      |    |LD HL, H_KEYI
      |      |    |  Z80:11cyc R800:3cyc
      |0000AA|01AA|  21 00 40
------+------+----+----------------------------------
   168|      |    |LD [ 0xFD9A + 0 ], A
      |      |    |  Z80:14cyc R800:6cyc
      |0000AD|01AD|  32 9A FD
------+------+----+----------------------------------
   169|      |    |LD [ 0xFD9A + 1 ], HL
      |      |    |  Z80:17cyc R800:7cyc
      |0000B0|01B0|  22 9B FD
------+------+----+----------------------------------
   170|      |    |EI
      |      |    |  Z80:5cyc R800:1cyc
      |0000B3|01B3|  FB
------+------+----+----------------------------------
   172|      |    |LD A, 1
      |      |    |  Z80:8cyc R800:2cyc
      |0000B4|01B4|  3E 01
------+------+----+----------------------------------
   173|      |    |LD [ WAIT_FLAG ], A
      |      |    |  Z80:14cyc R800:6cyc
      |0000B6|01B6|  32 0C 40
------+------+----+----------------------------------
   174|      |    |WAIT_LOOP1 :
      |      |    |  label [FINISH:WAIT_LOOP1] address: 0x0001b9
------+------+----+----------------------------------
   175|      |    |LD A, [ WAIT_FLAG ]
      |      |    |  Z80:14cyc R800:6cyc
      |0000B9|01B9|  3A 0C 40
------+------+----+----------------------------------
   176|      |    |OR A, A
      |      |    |  Z80:5cyc R800:1cyc
      |0000BC|01BC|  B7
------+------+----+----------------------------------
   177|      |    |JR NZ, WAIT_LOOP1
      |      |    |  Z80:13cyc/8cyc R800:3cyc/2cyc
      |0000BD|01BD|  20 FA
------+------+----+----------------------------------
   182|      |    |MAIN_LOOP :
      |      |    |  label [FINISH:MAIN_LOOP] address: 0x0001bf
------+------+----+----------------------------------
   184|      |    |LD A, 1
      |      |    |  Z80:8cyc R800:2cyc
      |0000BF|01BF|  3E 01
------+------+----+----------------------------------
   185|      |    |LD [ WAIT_FLAG ], A
      |      |    |  Z80:14cyc R800:6cyc
      |0000C1|01C1|  32 0C 40
------+------+----+----------------------------------
   188|      |    |WAIT_VSYNC :
      |      |    |  label [FINISH:WAIT_VSYNC] address: 0x0001c4
------+------+----+----------------------------------
   189|      |    |LD A, [ WAIT_FLAG ]
      |      |    |  Z80:14cyc R800:6cyc
      |0000C4|01C4|  3A 0C 40
------+------+----+----------------------------------
   190|      |    |OR A, A
      |      |    |  Z80:5cyc R800:1cyc
      |0000C7|01C7|  B7
------+------+----+----------------------------------
   191|      |    |JR NZ, WAIT_VSYNC
      |      |    |  Z80:13cyc/8cyc R800:3cyc/2cyc
      |0000C8|01C8|  20 FA
------+------+----+----------------------------------
   193|      |    |EXIT_MAIN_LOOP :
      |      |    |  label [FINISH:EXIT_MAIN_LOOP] address: 0x0001ca
------+------+----+----------------------------------
   195|      |    |DI
      |      |    |  Z80:5cyc R800:2cyc
      |0000CA|01CA|  F3
------+------+----+----------------------------------
   196|      |    |LD A, 0x43
      |      |    |  Z80:8cyc R800:2cyc
      |0000CB|01CB|  3E 43
------+------+----+----------------------------------
   197|      |    |OUT [ VDP_PORT1 ], A
      |      |    |  Z80:12cyc R800:10cyc/9cyc
      |0000CD|01CD|  D3 99
------+------+----+----------------------------------
   198|      |    |LD A, 0x81
      |      |    |  Z80:8cyc R800:2cyc
      |0000CF|01CF|  3E 81
------+------+----+----------------------------------
   199|      |    |OUT [ VDP_PORT1 ], A
      |      |    |  Z80:12cyc R800:10cyc/9cyc
      |0000D1|01D1|  D3 99
------+------+----+----------------------------------
   201|      |    |LD A, 0xC9
      |      |    |  Z80:8cyc R800:2cyc
      |0000D3|01D3|  3E C9
------+------+----+----------------------------------
   202|      |    |LD [ 0xFD9A ], A
      |      |    |  Z80:14cyc R800:6cyc
      |0000D5|01D5|  32 9A FD
------+------+----+----------------------------------
   203|      |    |EI
      |      |    |  Z80:5cyc R800:1cyc
      |0000D8|01D8|  FB
------+------+----+----------------------------------
   205|      |    |CALL CLEAR_KEY_BUFFER
      |      |    |  Z80:18cyc R800:5cyc
      |0000D9|01D9|  CD 26 02
------+------+----+----------------------------------
   207|      |    |LD C, 0
      |      |    |  Z80:8cyc R800:2cyc
      |0000DC|01DC|  0E 00
------+------+----+----------------------------------
   208|      |    |CALL 5
      |      |    |  Z80:18cyc R800:5cyc
      |0000DE|01DE|  CD 05 00
------+------+----+----------------------------------
   213|      |    |H_KEYI_BASE :
      |      |    |  label [FINISH:H_KEYI_BASE] address: 0x0001e1
------+------+----+----------------------------------
   214|      |    |ORG 0x4000
------+------+----+----------------------------------
   215|      |    |H_KEYI ::
      |      |    |  global label [H_KEYI] address: 0x004000
------+------+----+----------------------------------
   217|      |    |IN A, [ VDP_PORT4 ]
      |      |    |  Z80:12cyc R800:10cyc/9cyc
      |0000E1|4000|  DB 9C
------+------+----+----------------------------------
   218|      |    |AND A, 1
      |      |    |  Z80:8cyc R800:2cyc
      |0000E3|4002|  E6 01
------+------+----+----------------------------------
   219|      |    |RET Z
      |      |    |  Z80:12cyc/6cyc R800:5cyc/1cyc
      |0000E5|4004|  C8
------+------+----+----------------------------------
   220|      |    |OUT [ VDP_PORT4 ], A
      |      |    |  Z80:12cyc R800:10cyc/9cyc
      |0000E6|4005|  D3 9C
------+------+----+----------------------------------
   222|      |    |XOR A, A
      |      |    |  Z80:5cyc R800:1cyc
      |0000E8|4007|  AF
------+------+----+----------------------------------
   223|      |    |LD [ WAIT_FLAG ], A
      |      |    |  Z80:14cyc R800:6cyc
      |0000E9|4008|  32 0C 40
------+------+----+----------------------------------
   224|      |    |RET
      |      |    |  Z80:11cyc R800:5cyc
      |0000EC|400B|  C9
------+------+----+----------------------------------
   225|      |    |WAIT_FLAG ::
      |      |    |  global label [WAIT_FLAG] address: 0x00400c
------+------+----+----------------------------------
   226|      |    |DB 0
      |0000ED|400C|  00
------+------+----+----------------------------------
   227|      |    |H_KEYI_END :
      |      |    |  label [FINISH:H_KEYI_END] address: 0x00400d
------+------+----+----------------------------------
   228|      |    |ORG H_KEYI_BASE + H_KEYI_END - H_KEYI
------+------+----+----------------------------------
   229|      |    |ENDSCOPE
      |      |    |  Exit scope: FINISH:
------+------+----+----------------------------------
   241|      |    |SCOPE WRITE_VDP_REGS
      |      |    |  Enter scope: WRITE_VDP_REGS:
------+------+----+----------------------------------
   242|      |    |OTIR_AND_WRITE_VDP_REGS ::
      |      |    |  global label [OTIR_AND_WRITE_VDP_REGS] address: 0x0001ee
------+------+----+----------------------------------
   243|      |    |OTIR
      |      |    |  Z80:23cyc/18cyc R800:12cyc/11cyc
      |0000EE|01EE|  ED B3
------+------+----+----------------------------------
   244|      |    |WRITE_VDP_REGS ::
      |      |    |  global label [WRITE_VDP_REGS] address: 0x0001f0
------+------+----+----------------------------------
   245|      |    |EX [ SP ], HL
      |      |    |  Z80:20cyc R800:7cyc
      |0000F0|01F0|  E3
------+------+----+----------------------------------
   246|      |    |JR START1
      |      |    |  Z80:13cyc R800:3cyc
      |0000F1|01F1|  18 08
------+------+----+----------------------------------
   247|      |    |LOOP1 :
      |      |    |  label [WRITE_VDP_REGS:LOOP1] address: 0x0001f3
------+------+----+----------------------------------
   248|      |    |LD E, A
      |      |    |  Z80:5cyc R800:2cyc
      |0000F3|01F3|  5F
------+------+----+----------------------------------
   249|      |    |LD A, [ HL ]
      |      |    |  Z80:8cyc R800:4cyc
      |0000F4|01F4|  7E
------+------+----+----------------------------------
   250|      |    |INC HL
      |      |    |  Z80:7cyc R800:1cyc
      |0000F5|01F5|  23
------+------+----+----------------------------------
   251|      |    |OUT [ VDP_PORT1 ], A
      |      |    |  Z80:12cyc R800:10cyc/9cyc
      |0000F6|01F6|  D3 99
------+------+----+----------------------------------
   252|      |    |LD A, E
      |      |    |  Z80:5cyc R800:2cyc
      |0000F8|01F8|  7B
------+------+----+----------------------------------
   253|      |    |OUT [ VDP_PORT1 ], A
      |      |    |  Z80:12cyc R800:10cyc/9cyc
      |0000F9|01F9|  D3 99
------+------+----+----------------------------------
   254|      |    |START1 :
      |      |    |  label [WRITE_VDP_REGS:START1] address: 0x0001fb
------+------+----+----------------------------------
   255|      |    |LD A, [ HL ]
      |      |    |  Z80:8cyc R800:4cyc
      |0000FB|01FB|  7E
------+------+----+----------------------------------
   256|      |    |INC HL
      |      |    |  Z80:7cyc R800:1cyc
      |0000FC|01FC|  23
------+------+----+----------------------------------
   257|      |    |OR A, A
      |      |    |  Z80:5cyc R800:1cyc
      |0000FD|01FD|  B7
------+------+----+----------------------------------
   258|      |    |JR NZ, LOOP1
      |      |    |  Z80:13cyc/8cyc R800:3cyc/2cyc
      |0000FE|01FE|  20 F3
------+------+----+----------------------------------
   259|      |    |EX [ SP ], HL
      |      |    |  Z80:20cyc R800:7cyc
      |000100|0200|  E3
------+------+----+----------------------------------
   260|      |    |RET
      |      |    |  Z80:11cyc R800:5cyc
      |000101|0201|  C9
------+------+----+----------------------------------
   261|      |    |ENDSCOPE
      |      |    |  Exit scope: WRITE_VDP_REGS:
------+------+----+----------------------------------
   277|      |    |SCOPE FILL_VRAM
      |      |    |  Enter scope: FILL_VRAM:
------+------+----+----------------------------------
   278|      |    |FILL_VRAM ::
      |      |    |  global label [FILL_VRAM] address: 0x000202
------+------+----+----------------------------------
   279|      |    |CALL SET_WRITE_VRAM_ADDRESS
      |      |    |  Z80:18cyc R800:5cyc
      |000102|0202|  CD 0E 02
------+------+----+----------------------------------
   281|      |    |LD A, E
      |      |    |  Z80:5cyc R800:2cyc
      |000105|0205|  7B
------+------+----+----------------------------------
   282|      |    |LOOP :
      |      |    |  label [FILL_VRAM:LOOP] address: 0x000206
------+------+----+----------------------------------
   283|      |    |OUT [ VDP_PORT0 ], A
      |      |    |  Z80:12cyc R800:10cyc/9cyc
      |000106|0206|  D3 98
------+------+----+----------------------------------
   284|      |    |DEC C
      |      |    |  Z80:5cyc R800:1cyc
      |000108|0208|  0D
------+------+----+----------------------------------
   285|      |    |JR NZ, LOOP
      |      |    |  Z80:13cyc/8cyc R800:3cyc/2cyc
      |000109|0209|  20 FB
------+------+----+----------------------------------
   286|      |    |DJNZ LOOP
      |      |    |  Z80:14cyc/9cyc R800:3cyc/2cyc
      |00010B|020B|  10 F9
------+------+----+----------------------------------
   287|      |    |RET
      |      |    |  Z80:11cyc R800:5cyc
      |00010D|020D|  C9
------+------+----+----------------------------------
   288|      |    |ENDSCOPE
      |      |    |  Exit scope: FILL_VRAM:
------+------+----+----------------------------------
   303|      |    |SCOPE SET_WRITE_VRAM_ADDRESS
      |      |    |  Enter scope: SET_WRITE_VRAM_ADDRESS:
------+------+----+----------------------------------
   304|      |    |SET_WRITE_VRAM_ADDRESS ::
      |      |    |  global label [SET_WRITE_VRAM_ADDRESS] address: 0x00020e
------+------+----+----------------------------------
   305|      |    |LD A, H
      |      |    |  Z80:5cyc R800:2cyc
      |00010E|020E|  7C
------+------+----+----------------------------------
   306|      |    |AND A, 0x3F
      |      |    |  Z80:8cyc R800:2cyc
      |00010F|020F|  E6 3F
------+------+----+----------------------------------
   307|      |    |OR A, 0x40
      |      |    |  Z80:8cyc R800:2cyc
      |000111|0211|  F6 40
------+------+----+----------------------------------
   308|      |    |EX AF, AF'
      |      |    |  Z80:5cyc R800:1cyc
      |000113|0213|  08
------+------+----+----------------------------------
   309|      |    |LD A, H
      |      |    |  Z80:5cyc R800:2cyc
      |000114|0214|  7C
------+------+----+----------------------------------
   310|      |    |RLCA
      |      |    |  Z80:5cyc R800:1cyc
      |000115|0215|  07
------+------+----+----------------------------------
   311|      |    |RLCA
      |      |    |  Z80:5cyc R800:1cyc
      |000116|0216|  07
------+------+----+----------------------------------
   312|      |    |AND A, 0x03
      |      |    |  Z80:8cyc R800:2cyc
      |000117|0217|  E6 03
------+------+----+----------------------------------
   313|      |    |OUT [ VDP_PORT1 ], A
      |      |    |  Z80:12cyc R800:10cyc/9cyc
      |000119|0219|  D3 99
------+------+----+----------------------------------
   314|      |    |LD A, 0x80 | 14
      |      |    |  Z80:8cyc R800:2cyc
      |00011B|021B|  3E 8E
------+------+----+----------------------------------
   315|      |    |OUT [ VDP_PORT1 ], A
      |      |    |  Z80:12cyc R800:10cyc/9cyc
      |00011D|021D|  D3 99
------+------+----+----------------------------------
   316|      |    |LD A, L
      |      |    |  Z80:5cyc R800:2cyc
      |00011F|021F|  7D
------+------+----+----------------------------------
   317|      |    |OUT [ VDP_PORT1 ], A
      |      |    |  Z80:12cyc R800:10cyc/9cyc
      |000120|0220|  D3 99
------+------+----+----------------------------------
   318|      |    |EX AF, AF'
      |      |    |  Z80:5cyc R800:1cyc
      |000122|0222|  08
------+------+----+----------------------------------
   319|      |    |OUT [ VDP_PORT1 ], A
      |      |    |  Z80:12cyc R800:10cyc/9cyc
      |000123|0223|  D3 99
------+------+----+----------------------------------
   320|      |    |RET
      |      |    |  Z80:11cyc R800:5cyc
      |000125|0225|  C9
------+------+----+----------------------------------
   321|      |    |ENDSCOPE
      |      |    |  Exit scope: SET_WRITE_VRAM_ADDRESS:
------+------+----+----------------------------------
   334|      |    |SCOPE CLEAR_KEY_BUFFER
      |      |    |  Enter scope: CLEAR_KEY_BUFFER:
------+------+----+----------------------------------
   335|      |    |CLEAR_KEY_BUFFER ::
      |      |    |  global label [CLEAR_KEY_BUFFER] address: 0x000226
------+------+----+----------------------------------
   336|      |    |DI
      |      |    |  Z80:5cyc R800:2cyc
      |000126|0226|  F3
------+------+----+----------------------------------
   337|      |    |LD IY, [ MAIN_ROM_SLOT - 1 ]
      |      |    |  Z80:22cyc R800:8cyc
      |000127|0227|  FD 2A C0 FC
------+------+----+----------------------------------
   338|      |    |LD IX, KILBUF
      |      |    |  Z80:16cyc R800:4cyc
      |00012B|022B|  DD 21 56 01
------+------+----+----------------------------------
   339|      |    |CALL CALSLT
      |      |    |  Z80:18cyc R800:5cyc
      |00012F|022F|  CD 1C 00
------+------+----+----------------------------------
   340|      |    |LD IY, [ MAIN_ROM_SLOT - 1 ]
      |      |    |  Z80:22cyc R800:8cyc
      |000132|0232|  FD 2A C0 FC
------+------+----+----------------------------------
   341|      |    |LD IX, CHGMOD
      |      |    |  Z80:16cyc R800:4cyc
      |000136|0236|  DD 21 5F 00
------+------+----+----------------------------------
   342|      |    |LD A, 0
      |      |    |  Z80:8cyc R800:2cyc
      |00013A|023A|  3E 00
------+------+----+----------------------------------
   343|      |    |CALL CALSLT
      |      |    |  Z80:18cyc R800:5cyc
      |00013C|023C|  CD 1C 00
------+------+----+----------------------------------
   344|      |    |EI
      |      |    |  Z80:5cyc R800:1cyc
      |00013F|023F|  FB
------+------+----+----------------------------------
   345|      |    |RET
      |      |    |  Z80:11cyc R800:5cyc
      |000140|0240|  C9
------+------+----+----------------------------------
   346|      |    |ENDSCOPE
      |      |    |  Exit scope: CLEAR_KEY_BUFFER:
------+------+----+----------------------------------
   353|      |    |ALIGN 256
      |      |    |  Padding: 191byte(s)
------+------+----+----------------------------------
   354|      |    |COLOR_DATA1 ::
      |      |    |  global label [COLOR_DATA1] address: 0x000300
------+------+----+----------------------------------
   356|      |    |DB 0, 0, 31
      |000200|0300|  00 00 1F
------+------+----+----------------------------------
   357|      |    |DB 0, 0, 0
      |000203|0303|  00 00 00
------+------+----+----------------------------------
   359|      |    |DB 0, 0, 31
      |000206|0306|  00 00 1F
------+------+----+----------------------------------
   360|      |    |DB 0, 0, 0
      |000209|0309|  00 00 00
------+------+----+----------------------------------
   362|      |    |DB 0, 0, 31
      |00020C|030C|  00 00 1F
------+------+----+----------------------------------
   363|      |    |DB 0, 0, 0
      |00020F|030F|  00 00 00
------+------+----+----------------------------------
   365|      |    |DB 0, 0, 31
      |000212|0312|  00 00 1F
------+------+----+----------------------------------
   366|      |    |DB 0, 0, 0
      |000215|0315|  00 00 00
------+------+----+----------------------------------
   368|      |    |COLOR_DATA2 ::
      |      |    |  global label [COLOR_DATA2] address: 0x000318
------+------+----+----------------------------------
   370|      |    |DB 15, 15, 15
      |000218|0318|  0F 0F 0F
------+------+----+----------------------------------
   372|      |    |DB 31, 31, 31
      |00021B|031B|  1F 1F 1F
------+------+----+----------------------------------
   377|      |    |LOGO_DRAW_COMMAND ::
      |      |    |  global label [LOGO_DRAW_COMMAND] address: 0x00031e
------+------+----+----------------------------------
   378|      |    |DW 19
      |00021E|031E|  13 00
------+------+----+----------------------------------
   379|      |    |DW 192
      |000220|0320|  C0 00
------+------+----+----------------------------------
   380|      |    |DW 422
      |000222|0322|  A6 01
------+------+----+----------------------------------
   381|      |    |DW 80
      |000224|0324|  50 00
------+------+----+----------------------------------
   382|      |    |DB 0
      |000226|0326|  00
------+------+----+----------------------------------
   383|      |    |DB 0
      |000227|0327|  00
------+------+----+----------------------------------
   384|      |    |DB 0b1011_0000
      |000228|0328|  B0
------+------+----+----------------------------------
   385|      |    |LOGO_DRAW_COMMAND_END :
      |      |    |  label [LOGO_DRAW_COMMAND_END] address: 0x000329
------+------+----+----------------------------------
   387|      |    |LOGO_DRAW_COMMAND_SIZE := LOGO_DRAW_COMMAND_END - LOGO_DRAW_COMMAND
      |      |    |  Global integer symbol [LOGO_DRAW_COMMAND_SIZE] = 11 (0xb)
------+------+----+----------------------------------
   392|      |    |LOGO_DATA ::
      |      |    |  global label [LOGO_DATA] address: 0x000329
------+------+----+----------------------------------
   393|      |    |BINARY_LINK "logo_data/logo.bin"
      |000229|0329|  7F 7F 7F 7F 7F 7F 7F 7F
      |000231|0331|  7F 7F 7F 7F 7F 7F 7F 7F
      |000239|0339|  7F 7F 7F 7F 7F 7F 7F 7F
      |000241|0341|  7F 7F 7F 7F 7F 7F 7F 7F
      |000249|0349|  7F 7F 7F 7F 7F 7F 7F 7F
      |000251|0351|  7F 7F 7F 7F 7F 7F 7F 7F
      |000259|0359|  7F 7F 7F 7F 7F 7F 7F 7F
      |000261|0361|  7F 7F 7F 7F 56 80 DB 81
      |000269|0369|  5A 80 DC 6E 80 FF E7 80
      |000271|0371|  69 81 E7 80 7F 5E 81 DC
      |000279|0379|  80 5A 80 DC 80 68 81 FF
      |000281|0381|  EC 80 68 E9 7F 5F 80 DD
      |000289|0389|  80 59 80 DE 64 80 FF F3
      |000291|0391|  80 63 81 E7 81 7F 5F 81
      |000299|0399|  DE 59 80 DE 80 60 80 FF
      |0002A1|03A1|  F7 80 62 E9 7F 61 80 DF
      |0002A9|03A9|  80 57 80 E0 80 5C 80 FF
      |0002B1|03B1|  FC 80 5D 81 E7 80 7F 63
      |0002B9|03B9|  E1 80 56 80 E0 80 59 80
      |0002C1|03C1|  FF FF C0 80 5B 80 E9 7F
      |0002C9|03C9|  63 80 E1 81 54 80 E2 57
      |0002D1|03D1|  80 FF FF C5 58 80 E7 80
      |0002D9|03D9|  7F 64 81 E2 80 54 80 E2
      |0002E1|03E1|  80 55 80 FF FF C6 80 55
      |0002E9|03E9|  80 E8 80 7F 65 80 E3 80
      |0002F1|03F1|  53 80 E4 53 80 FF FF CB
      |0002F9|03F9|  52 80 E7 80 7F 66 81 E4
      |000301|0401|  53 80 E4 80 51 80 FF FF
      |000309|0409|  CC 81 4E 80 E8 80 7F 67
      |000311|0411|  80 E5 80 51 80 E6 80 4F
      |000319|0419|  80 FF FF D0 4C 80 E8 81
      |000321|0421|  7F 66 80 E7 80 50 80 E6
      |000329|0429|  80 4E 80 FF FF D1 81 49
      |000331|0431|  80 E7 80 7F 69 80 E7 81
      |000339|0439|  4E 80 E8 4D 80 FF FF D5
      |000341|0441|  80 45 80 E8 80 7F 69 80
      |000349|0449|  E9 80 4D 80 E9 80 4B 80
      |000351|0451|  FF FF D7 80 43 80 E7 80
      |000359|0459|  7F 6B 80 EA 4D 80 EA 4B
      |000361|0461|  FF FF DA 81 E8 80 7F 6B
      |000369|0469|  81 EA 80 4B 80 EB 80 49
      |000371|0471|  80 FF FF FF C3 80 7F 6D
      |000379|0479|  80 EC 80 4A 80 EC 80 48
      |000381|0481|  E5 80 7F 4A 81 FF CF 80
      |000389|0489|  7F 6D 80 ED 81 48 80 ED
      |000391|0491|  80 48 E2 80 7F 50 80 FF
      |000399|0499|  CB 80 7F 6F 80 EE 80 48
      |0003A1|04A1|  80 EE 48 E0 80 7F 52 81
      |0003A9|04A9|  FF C9 80 7F 6F 80 EF 81
      |0003B1|04B1|  46 80 EF 80 47 DF 80 7F
      |0003B9|04B9|  56 80 FF C5 80 7F 71 80
      |0003C1|04C1|  F0 80 46 F1 47 E0 80 7F
      |0003C9|04C9|  55 81 FF C3 80 7F 71 80
      |0003D1|04D1|  F2 45 80 F1 81 45 E2 80
      |0003D9|04D9|  7F 56 80 FF C0 80 7F 72
      |0003E1|04E1|  80 F2 80 44 80 F2 80 45
      |0003E9|04E9|  E5 80 7F 54 80 FD 80 7F
      |0003F1|04F1|  73 80 F3 81 42 80 F3 80
      |0003F9|04F9|  45 80 FF C5 80 75 80 FA
      |000401|0501|  80 7F 74 80 F4 80 42 80
      |000409|0509|  F4 46 FF CA 81 70 80 F7
      |000411|0511|  80 7F 75 80 F6 80 40 80
      |000419|0519|  F5 80 45 80 FF CE 6F 80
      |000421|0521|  F4 80 7F 76 80 F6 80 40
      |000429|0529|  F7 80 45 80 FF D0 80 6C
      |000431|0531|  80 F1 80 7F 77 80 FF F1
      |000439|0539|  81 45 80 FF D2 80 6B 80
      |000441|0541|  EE 80 7F 78 80 FF F2 80
      |000449|0549|  46 80 FF D4 80 69 80 EB
      |000451|0551|  80 7F 79 80 FF F3 80 47
      |000459|0559|  80 FF D5 80 69 80 E8 80
      |000461|0561|  7F 7A 80 FF F4 48 80 FF
      |000469|0569|  D5 80 67 80 E9 80 7F 79
      |000471|0571|  80 FF F5 80 49 80 FF D5
      |000479|0579|  80 63 80 EC 80 7F 78 80
      |000481|0581|  FF F6 80 49 80 FF D5 80
      |000489|0589|  61 80 EF 80 7F 75 80 DF
      |000491|0591|  40 F7 80 DD 81 4A 80 FF
      |000499|0599|  D4 80 5E 80 F2 80 7F 74
      |0004A1|05A1|  80 DE 80 40 80 F5 82 DD
      |0004A9|05A9|  80 4D 80 FF D2 80 5C 80
      |0004B1|05B1|  F5 80 7F 71 80 DF 80 40
      |0004B9|05B9|  80 F5 41 80 DD 80 50 80
      |0004C1|05C1|  FF D0 80 59 80 F8 80 7F
      |0004C9|05C9|  70 80 DE 80 42 80 F3 80
      |0004D1|05D1|  42 80 DD 53 80 FF CE 80
      |0004D9|05D9|  57 80 FB 80 7F 6D 80 DF
      |0004E1|05E1|  44 F3 44 DD 80 56 81 FF
      |0004E9|05E9|  CA 56 80 FD 80 7F 6C 80
      |0004F1|05F1|  DE 80 44 80 F1 80 44 DE
      |0004F9|05F9|  80 5A 80 FF C6 80 53 80
      |000501|0601|  FF C1 80 7F 69 80 DF 46
      |000509|0609|  F0 80 45 80 DD 81 7A 80
      |000511|0611|  E5 80 51 81 FF C3 80 7F
      |000519|0619|  68 80 DE 80 46 80 EF 80
      |000521|0621|  45 81 DD 80 7E 80 E1 80
      |000529|0629|  50 80 FF C7 80 7F 65 80
      |000531|0631|  DF 48 EF 47 80 DD 80 7F
      |000539|0639|  40 80 DF 80 4E 81 FF C9
      |000541|0641|  80 7F 64 DF 80 48 80 ED
      |000549|0649|  80 48 80 DD 80 7F 40 DF
      |000551|0651|  80 4D 80 FF CD 80 7F 61
      |000559|0659|  80 DF 4A EC 80 4A DD 80
      |000561|0661|  7F 80 DF 80 4B 81 E7 80
      |000569|0669|  E6 80 7F 60 80 DE 80 4A
      |000571|0671|  80 EB 80 4A 80 DD 80 7C
      |000579|0679|  80 E1 80 4A 80 E7 81 41
      |000581|0681|  80 E6 80 7F 5D 80 DF 4C
      |000589|0689|  EA 80 4C DD 81 77 80 E5
      |000591|0691|  80 48 81 E8 80 43 80 E6
      |000599|0699|  80 7F 5C 80 DE 80 4C 80
      |0005A1|06A1|  E9 80 4C 80 FF FD 80 48
      |0005A9|06A9|  80 E6 81 47 80 E6 80 7F
      |0005B1|06B1|  59 80 DF 4E E9 4D 80 FF
      |0005B9|06B9|  FD 46 81 E7 81 49 80 E6
      |0005C1|06C1|  80 7F 58 DF 80 4E 80 E7
      |0005C9|06C9|  80 4E 80 FF FB 80 46 E7
      |0005D1|06D1|  81 4D 80 E6 80 7F 55 80
      |0005D9|06D9|  DE 80 50 E6 80 50 FF FA
      |0005E1|06E1|  80 44 81 E7 81 4F 81 E5
      |0005E9|06E9|  81 7F 53 80 DE 51 80 E4
      |0005F1|06F1|  80 51 80 FF F8 80 45 E7
      |0005F9|06F9|  81 53 80 E6 80 7F 51 80
      |000601|0701|  DE 80 52 E4 80 52 FF F7
      |000609|0709|  80 43 81 E7 80 56 81 E5
      |000611|0711|  81 7F 4F 80 DE 53 80 E3
      |000619|0719|  53 80 FF F5 80 44 E7 81
      |000621|0721|  59 80 E6 80 7F 4D 80 DE
      |000629|0729|  80 54 E2 80 53 80 FF F4
      |000631|0731|  80 43 81 E5 80 5D 81 E5
      |000639|0739|  81 7F 4B DF 55 80 E0 80
      |000641|0741|  55 80 FF F1 80 43 80 E7
      |000649|0749|  81 60 E6 80 7F 49 80 DE
      |000651|0751|  80 56 E0 80 56 FF F0 80
      |000659|0759|  43 80 E6 80 63 81 E5 81
      |000661|0761|  7F 47 80 DE 57 80 DE 80
      |000669|0769|  57 80 FF ED 80 43 80 E7
      |000671|0771|  81 66 E6 81 7F 44 80 DE
      |000679|0779|  80 58 DE 80 58 FF EA 80
      |000681|0781|  45 80 E6 80 69 81 E5 81
      |000689|0789|  7F 43 80 DE 59 80 DD 59
      |000691|0791|  80 FF E6 80 46 80 E7 81
      |000699|0799|  6C 80 E5 81 7F 40 80 DE
      |0006A1|07A1|  80 5A DC 80 59 80 FF E3
      |0006A9|07A9|  49 80 E6 80 6F 81 E5 81
      |0006B1|07B1|  7F DF 5B 80 DA 80 5B 80
      |0006B9|07B9|  FF DF 4A 80 E7 81 72 80
      |0006C1|07C1|  E6 80 7C 80 DE 80 5C DA
      |0006C9|07C9|  80 5C FF D9 80 4E E7 80
      |0006D1|07D1|  75 81 E6 80 7F 7F 7F 7F
      |0006D9|07D9|  7F 7F 7F 7F 7F 7F 7F 7F
      |0006E1|07E1|  7F 7F 7F 7F 7F 7F 7F 7F
      |0006E9|07E9|  7F 7F 7F 7F 7F 7F 7F 7F
      |0006F1|07F1|  7F 7F 7F 7F 7F 7F 7F 7F
      |0006F9|07F9|  7F 7F 7F 7F 7F 7F 7F 7F
      |000701|0801|  7F 7F 7F 7F 7F 7F 7F 7F
      |000709|0809|  7F 7F 7F 7F 7F 7F 7F 6F
------+------+----+----------------------------------
   398|      |    |ANIMATION_STATE ::
      |      |    |  global label [ANIMATION_STATE] address: 0x000811
------+------+----+----------------------------------
<< label >>
ANIMATION_STATE ........................... 2065 ( 0x811 )
BDOS ...................................... 5 ( 0x5 )
CALSLT .................................... 28 ( 0x1c )
CHGMOD .................................... 95 ( 0x5f )
CLEAR_KEY_BUFFER .......................... 550 ( 0x226 )
COLOR_DATA1 ............................... 768 ( 0x300 )
COLOR_DATA2 ............................... 792 ( 0x318 )
DECOMPRESS_LOGO_IMAGE ..................... 372 ( 0x174 )
DECOMPRESS_LOGO_IMAGE:_DECOMPRESS_LOOP .... 389 ( 0x185 )
DECOMPRESS_LOGO_IMAGE:_RUN_LENGTH_LOOP .... 401 ( 0x191 )
DECOMPRESS_LOGO_IMAGE:_RUN_LMCM_COMMAND ... 375 ( 0x177 )
DECOMPRESS_LOGO_IMAGE:_RUN_LMMC_COMMAND ... 377 ( 0x179 )
FILL_VRAM ................................. 514 ( 0x202 )
FILL_VRAM:LOOP ............................ 518 ( 0x206 )
FINISH:EXIT_MAIN_LOOP ..................... 458 ( 0x1ca )
FINISH:H_KEYI_BASE ........................ 481 ( 0x1e1 )
FINISH:H_KEYI_END ......................... 16397 ( 0x400d )
FINISH:MAIN_LOOP .......................... 447 ( 0x1bf )
FINISH:WAIT_LOOP1 ......................... 441 ( 0x1b9 )
FINISH:WAIT_VSYNC ......................... 452 ( 0x1c4 )
H_KEYI .................................... 16384 ( 0x4000 )
INIT_PALETTE .............................. 334 ( 0x14e )
INIT_VDP .................................. 256 ( 0x100 )
INIT_VDP:WAIT_VDP_COMMAND ................. 329 ( 0x149 )
KILBUF .................................... 342 ( 0x156 )
LOGO_DATA ................................. 809 ( 0x329 )
LOGO_DRAW_COMMAND ......................... 798 ( 0x31e )
LOGO_DRAW_COMMAND_END ..................... 809 ( 0x329 )
LOGO_DRAW_COMMAND_SIZE .................... 11 ( 0xb )
MAIN_ROM_SLOT ............................. 64705 ( 0xfcc1 )
OTIR_AND_WRITE_VDP_REGS ................... 494 ( 0x1ee )
RTC_ADDRESS ............................... 180 ( 0xb4 )
RTC_DATA .................................. 181 ( 0xb5 )
SET_WRITE_VRAM_ADDRESS .................... 526 ( 0x20e )
VDP_INIT_DATA ............................. 260 ( 0x104 )
VDP_PORT0 ................................. 152 ( 0x98 )
VDP_PORT1 ................................. 153 ( 0x99 )
VDP_PORT2 ................................. 154 ( 0x9a )
VDP_PORT3 ................................. 155 ( 0x9b )
VDP_PORT4 ................................. 156 ( 0x9c )
WAIT_FLAG ................................. 16396 ( 0x400c )
WRITE_VDP_REGS ............................ 496 ( 0x1f0 )
WRITE_VDP_REGS:LOOP1 ...................... 499 ( 0x1f3 )
WRITE_VDP_REGS:START1 ..................... 507 ( 0x1fb )
_LMMC_END ................................. 413 ( 0x19d )
