Z80 Macro Assembler ZMA v1.0.19
=====================================================
Programmed by t.hara

  DEFS is DEFINE STRING (default).
  OUTPUT TYPE: BINARY

<< code >>
LINE# |OFFSET|ADDR|MNEMONIC
======+======+====+==================================
     8|      |    |ORG 0x0100
------+------+----+----------------------------------
    10|      |    |BDOS := 0x0005
      |      |    |  Global integer symbol [BDOS] = 5 (0x5)
------+------+----+----------------------------------
    12|      |    |VDP_PORT0 := 0x88
      |      |    |  Global integer symbol [VDP_PORT0] = 136 (0x88)
------+------+----+----------------------------------
    13|      |    |VDP_PORT1 := 0x89
      |      |    |  Global integer symbol [VDP_PORT1] = 137 (0x89)
------+------+----+----------------------------------
    14|      |    |VDP_PORT2 := 0x8A
      |      |    |  Global integer symbol [VDP_PORT2] = 138 (0x8a)
------+------+----+----------------------------------
    15|      |    |VDP_PORT3 := 0x8B
      |      |    |  Global integer symbol [VDP_PORT3] = 139 (0x8b)
------+------+----+----------------------------------
    16|      |    |VDP_PORT4 := 0x8C
      |      |    |  Global integer symbol [VDP_PORT4] = 140 (0x8c)
------+------+----+----------------------------------
    18|      |    |RTC_ADDRESS := 0xB4
      |      |    |  Global integer symbol [RTC_ADDRESS] = 180 (0xb4)
------+------+----+----------------------------------
    19|      |    |RTC_DATA := 0xB5
      |      |    |  Global integer symbol [RTC_DATA] = 181 (0xb5)
------+------+----+----------------------------------
    21|      |    |MAIN_ROM_SLOT := 0xFCC1
      |      |    |  Global integer symbol [MAIN_ROM_SLOT] = 64705 (0xfcc1)
------+------+----+----------------------------------
    22|      |    |CALSLT := 0x001C
      |      |    |  Global integer symbol [CALSLT] = 28 (0x1c)
------+------+----+----------------------------------
    23|      |    |CHGMOD := 0x005F
      |      |    |  Global integer symbol [CHGMOD] = 95 (0x5f)
------+------+----+----------------------------------
    24|      |    |KILBUF := 0x0156
      |      |    |  Global integer symbol [KILBUF] = 342 (0x156)
------+------+----+----------------------------------
    29|      |    |SCOPE INIT_VDP
      |      |    |  Enter scope: INIT_VDP:
------+------+----+----------------------------------
    30|      |    |INIT_VDP ::
      |      |    |  global label [INIT_VDP] address: 0x000100
------+------+----+----------------------------------
    31|      |    |DI
      |      |    |  Z80:5cyc R800:2cyc
      |000000|0100|  F3
------+------+----+----------------------------------
    32|      |    |CALL WRITE_VDP_REGS
      |      |    |  Z80:18cyc R800:5cyc
      |000001|0101|  CD AC 02
------+------+----+----------------------------------
    34|      |    |VDP_INIT_DATA ::
      |      |    |  global label [VDP_INIT_DATA] address: 0x000104
------+------+----+----------------------------------
    35|      |    |DB 0x80 | 1, 0x63
      |000004|0104|  81 63
------+------+----+----------------------------------
    36|      |    |DB 0x80 | 0, 0x08
      |000006|0106|  80 08
------+------+----+----------------------------------
    37|      |    |DB 0x80 | 2, 0x1F | ( 0 << 5 )
      |000008|0108|  82 1F
------+------+----+----------------------------------
    38|      |    |DB 0x80 | 5, 0x7600 >> 7
      |00000A|010A|  85 EC
------+------+----+----------------------------------
    39|      |    |DB 0x80 | 6, 0x8000 >> 11
      |00000C|010C|  86 10
------+------+----+----------------------------------
    40|      |    |DB 0x80 | 7, 0x05
      |00000E|010E|  87 05
------+------+----+----------------------------------
    41|      |    |DB 0x80 | 8, 0x28
      |000010|0110|  88 28
------+------+----+----------------------------------
    42|      |    |DB 0x80 | 9, 0x00
      |000012|0112|  89 00
------+------+----+----------------------------------
    43|      |    |DB 0x80 | 11, 0x00
      |000014|0114|  8B 00
------+------+----+----------------------------------
    44|      |    |DB 0x80 | 15, 2
      |000016|0116|  8F 02
------+------+----+----------------------------------
    45|      |    |DB 0x80 | 16, 0
      |000018|0118|  90 00
------+------+----+----------------------------------
    46|      |    |DB 0x80 | 20, 0xFF
      |00001A|011A|  94 FF
------+------+----+----------------------------------
    47|      |    |DB 0x80 | 25, 3
      |00001C|011C|  99 03
------+------+----+----------------------------------
    48|      |    |DB 0x80 | 26, 0
      |00001E|011E|  9A 00
------+------+----+----------------------------------
    49|      |    |DB 0x80 | 27, 0
      |000020|0120|  9B 00
------+------+----+----------------------------------
    50|      |    |DB 0x80 | 36, 0
      |000022|0122|  A4 00
------+------+----+----------------------------------
    51|      |    |DB 0x80 | 37, 0
      |000024|0124|  A5 00
------+------+----+----------------------------------
    52|      |    |DB 0x80 | 38, 0
      |000026|0126|  A6 00
------+------+----+----------------------------------
    53|      |    |DB 0x80 | 39, 0
      |000028|0128|  A7 00
------+------+----+----------------------------------
    54|      |    |DB 0x80 | 40, 0
      |00002A|012A|  A8 00
------+------+----+----------------------------------
    55|      |    |DB 0x80 | 41, 2
      |00002C|012C|  A9 02
------+------+----+----------------------------------
    56|      |    |DB 0x80 | 42, 0
      |00002E|012E|  AA 00
------+------+----+----------------------------------
    57|      |    |DB 0x80 | 43, 2
      |000030|0130|  AB 02
------+------+----+----------------------------------
    58|      |    |DB 0x80 | 44, 0x00
      |000032|0132|  AC 00
------+------+----+----------------------------------
    59|      |    |DB 0x80 | 45, 0
      |000034|0134|  AD 00
------+------+----+----------------------------------
    60|      |    |DB 0x80 | 46, 0b11000000
      |000036|0136|  AE C0
------+------+----+----------------------------------
    61|      |    |DB 0x00
      |000038|0138|  00
------+------+----+----------------------------------
    63|      |    |WAIT_VDP_COMMAND :
      |      |    |  label [INIT_VDP:WAIT_VDP_COMMAND] address: 0x000139
------+------+----+----------------------------------
    64|      |    |IN A, [ VDP_PORT1 ]
      |      |    |  Z80:12cyc R800:10cyc/9cyc
      |000039|0139|  DB 89
------+------+----+----------------------------------
    65|      |    |RRCA
      |      |    |  Z80:5cyc R800:1cyc
      |00003B|013B|  0F
------+------+----+----------------------------------
    66|      |    |JR C, WAIT_VDP_COMMAND
      |      |    |  Z80:13cyc/8cyc R800:3cyc/2cyc
      |00003C|013C|  38 FB
------+------+----+----------------------------------
    67|      |    |ENDSCOPE
      |      |    |  Exit scope: INIT_VDP:
------+------+----+----------------------------------
    73|      |    |SCOPE INIT_PALETTE
      |      |    |  Enter scope: INIT_PALETTE:
------+------+----+----------------------------------
    74|      |    |INIT_PALETTE ::
      |      |    |  global label [INIT_PALETTE] address: 0x00013e
------+------+----+----------------------------------
    75|      |    |LD A, 13
      |      |    |  Z80:8cyc R800:2cyc
      |00003E|013E|  3E 0D
------+------+----+----------------------------------
    76|      |    |OUT [ RTC_ADDRESS ], A
      |      |    |  Z80:12cyc R800:10cyc/9cyc
      |000040|0140|  D3 B4
------+------+----+----------------------------------
    77|      |    |IN A, [ RTC_DATA ]
      |      |    |  Z80:12cyc R800:10cyc/9cyc
      |000042|0142|  DB B5
------+------+----+----------------------------------
    78|      |    |AND A, 0x0C
      |      |    |  Z80:8cyc R800:2cyc
      |000044|0144|  E6 0C
------+------+----+----------------------------------
    79|      |    |OR A, 0x02
      |      |    |  Z80:8cyc R800:2cyc
      |000046|0146|  F6 02
------+------+----+----------------------------------
    80|      |    |OUT [ RTC_DATA ], A
      |      |    |  Z80:12cyc R800:10cyc/9cyc
      |000048|0148|  D3 B5
------+------+----+----------------------------------
    82|      |    |LD A, 0x0B
      |      |    |  Z80:8cyc R800:2cyc
      |00004A|014A|  3E 0B
------+------+----+----------------------------------
    83|      |    |OUT [ RTC_ADDRESS ], A
      |      |    |  Z80:12cyc R800:10cyc/9cyc
      |00004C|014C|  D3 B4
------+------+----+----------------------------------
    84|      |    |IN A, [ RTC_DATA ]
      |      |    |  Z80:12cyc R800:10cyc/9cyc
      |00004E|014E|  DB B5
------+------+----+----------------------------------
    85|      |    |AND A, 0x03
      |      |    |  Z80:8cyc R800:2cyc
      |000050|0150|  E6 03
------+------+----+----------------------------------
    86|      |    |ADD A, A
      |      |    |  Z80:5cyc R800:1cyc
      |000052|0152|  87
------+------+----+----------------------------------
    87|      |    |LD B, A
      |      |    |  Z80:5cyc R800:2cyc
      |000053|0153|  47
------+------+----+----------------------------------
    88|      |    |ADD A, A
      |      |    |  Z80:5cyc R800:1cyc
      |000054|0154|  87
------+------+----+----------------------------------
    89|      |    |ADD A, B
      |      |    |  Z80:5cyc R800:1cyc
      |000055|0155|  80
------+------+----+----------------------------------
    91|      |    |LD H, 0xFF & ( COLOR_DATA1 >> 8 )
      |      |    |  Z80:8cyc R800:2cyc
      |000056|0156|  26 03
------+------+----+----------------------------------
    92|      |    |ADD A, 0xFF & COLOR_DATA1
      |      |    |  Z80:8cyc R800:2cyc
      |000058|0158|  C6 00
------+------+----+----------------------------------
    93|      |    |LD L, A
      |      |    |  Z80:5cyc R800:2cyc
      |00005A|015A|  6F
------+------+----+----------------------------------
    95|      |    |LD BC, ( ( 3 * 2 ) << 8 ) | VDP_PORT2
      |      |    |  Z80:11cyc R800:3cyc
      |00005B|015B|  01 8A 06
------+------+----+----------------------------------
    96|      |    |OTIR
      |      |    |  Z80:23cyc/18cyc R800:12cyc/11cyc
      |00005E|015E|  ED B3
------+------+----+----------------------------------
    98|      |    |LD L, 0xFF & COLOR_DATA2
      |      |    |  Z80:8cyc R800:2cyc
      |000060|0160|  2E 18
------+------+----+----------------------------------
    99|      |    |LD B, 3 * 2
      |      |    |  Z80:8cyc R800:2cyc
      |000062|0162|  06 06
------+------+----+----------------------------------
   100|      |    |OTIR
      |      |    |  Z80:23cyc/18cyc R800:12cyc/11cyc
      |000064|0164|  ED B3
------+------+----+----------------------------------
   101|      |    |ENDSCOPE
      |      |    |  Exit scope: INIT_PALETTE:
------+------+----+----------------------------------
   106|      |    |SCOPE INIT_VRAM
      |      |    |  Enter scope: INIT_VRAM:
------+------+----+----------------------------------
   108|      |    |PUSH HL
      |      |    |  Z80:12cyc R800:6cyc
      |000066|0166|  E5
------+------+----+----------------------------------
   110|      |    |LD HL, 0x7600
      |      |    |  Z80:11cyc R800:3cyc
      |000067|0167|  21 00 76
------+------+----+----------------------------------
   111|      |    |CALL SET_WRITE_VRAM_ADDRESS
      |      |    |  Z80:18cyc R800:5cyc
      |00006A|016A|  CD CA 02
------+------+----+----------------------------------
   113|      |    |POP HL
      |      |    |  Z80:11cyc R800:5cyc
      |00006D|016D|  E1
------+------+----+----------------------------------
   114|      |    |LD BC, ( SPRITE_ATTRIB_SIZE << 8 ) | VDP_PORT0
      |      |    |  Z80:11cyc R800:3cyc
      |00006E|016E|  01 88 78
------+------+----+----------------------------------
   115|      |    |ENDSCOPE
      |      |    |  Exit scope: INIT_VRAM:
------+------+----+----------------------------------
   120|      |    |SCOPE DECOMPRESS_LOGO_IMAGE
      |      |    |  Enter scope: DECOMPRESS_LOGO_IMAGE:
------+------+----+----------------------------------
   121|      |    |DECOMPRESS_LOGO_IMAGE ::
      |      |    |  global label [DECOMPRESS_LOGO_IMAGE] address: 0x000171
------+------+----+----------------------------------
   122|      |    |CALL OTIR_AND_WRITE_VDP_REGS
      |      |    |  Z80:18cyc R800:5cyc
      |000071|0171|  CD AA 02
------+------+----+----------------------------------
   123|      |    |_RUN_LMCM_COMMAND :
      |      |    |  label [DECOMPRESS_LOGO_IMAGE:_RUN_LMCM_COMMAND] address: 0x000174
------+------+----+----------------------------------
   124|      |    |DB 0x80 | 46, 0xA0
      |000074|0174|  AE A0
------+------+----+----------------------------------
   125|      |    |_RUN_LMMC_COMMAND :
      |      |    |  label [DECOMPRESS_LOGO_IMAGE:_RUN_LMMC_COMMAND] address: 0x000176
------+------+----+----------------------------------
   126|      |    |DB 0x80 | 17, 36
      |000076|0176|  91 24
------+------+----+----------------------------------
   127|      |    |DB 0x00
      |000078|0178|  00
------+------+----+----------------------------------
   129|      |    |LD BC, ( LOGO_DRAW_COMMAND_SIZE << 8 ) | VDP_PORT3
      |      |    |  Z80:11cyc R800:3cyc
      |000079|0179|  01 8B 0B
------+------+----+----------------------------------
   131|      |    |CALL OTIR_AND_WRITE_VDP_REGS
      |      |    |  Z80:18cyc R800:5cyc
      |00007C|017C|  CD AA 02
------+------+----+----------------------------------
   133|      |    |DB 0x80 | 17, 0x80 | 44
      |00007F|017F|  91 AC
------+------+----+----------------------------------
   134|      |    |DB 0x00
      |000081|0181|  00
------+------+----+----------------------------------
   140|      |    |_DECOMPRESS_LOOP :
      |      |    |  label [DECOMPRESS_LOGO_IMAGE:_DECOMPRESS_LOOP] address: 0x000182
------+------+----+----------------------------------
   142|      |    |LD A, [ HL ]
      |      |    |  Z80:8cyc R800:4cyc
      |000082|0182|  7E
------+------+----+----------------------------------
   143|      |    |LD B, A
      |      |    |  Z80:5cyc R800:2cyc
      |000083|0183|  47
------+------+----+----------------------------------
   145|      |    |RLCA
      |      |    |  Z80:5cyc R800:1cyc
      |000084|0184|  07
------+------+----+----------------------------------
   146|      |    |RLCA
      |      |    |  Z80:5cyc R800:1cyc
      |000085|0185|  07
------+------+----+----------------------------------
   147|      |    |AND A, 3
      |      |    |  Z80:8cyc R800:2cyc
      |000086|0186|  E6 03
------+------+----+----------------------------------
   148|      |    |LD E, A
      |      |    |  Z80:5cyc R800:2cyc
      |000088|0188|  5F
------+------+----+----------------------------------
   150|      |    |LD A, B
      |      |    |  Z80:5cyc R800:2cyc
      |000089|0189|  78
------+------+----+----------------------------------
   151|      |    |AND A, 0x3F
      |      |    |  Z80:8cyc R800:2cyc
      |00008A|018A|  E6 3F
------+------+----+----------------------------------
   152|      |    |INC A
      |      |    |  Z80:5cyc R800:1cyc
      |00008C|018C|  3C
------+------+----+----------------------------------
   153|      |    |LD B, A
      |      |    |  Z80:5cyc R800:2cyc
      |00008D|018D|  47
------+------+----+----------------------------------
   155|      |    |_RUN_LENGTH_LOOP :
      |      |    |  label [DECOMPRESS_LOGO_IMAGE:_RUN_LENGTH_LOOP] address: 0x00018e
------+------+----+----------------------------------
   156|      |    |IN A, [ VDP_PORT1 ]
      |      |    |  Z80:12cyc R800:10cyc/9cyc
      |00008E|018E|  DB 89
------+------+----+----------------------------------
   157|      |    |RRCA
      |      |    |  Z80:5cyc R800:1cyc
      |000090|0190|  0F
------+------+----+----------------------------------
   158|      |    |JR NC, _LMMC_END
      |      |    |  Z80:13cyc/8cyc R800:3cyc/2cyc
      |000091|0191|  30 07
------+------+----+----------------------------------
   159|      |    |OUT [ C ], E
      |      |    |  Z80:14cyc R800:10cyc/9cyc
      |000093|0193|  ED 59
------+------+----+----------------------------------
   160|      |    |DJNZ _RUN_LENGTH_LOOP
      |      |    |  Z80:14cyc/9cyc R800:3cyc/2cyc
      |000095|0195|  10 F7
------+------+----+----------------------------------
   161|      |    |INC HL
      |      |    |  Z80:7cyc R800:1cyc
      |000097|0197|  23
------+------+----+----------------------------------
   162|      |    |JR _DECOMPRESS_LOOP
      |      |    |  Z80:13cyc R800:3cyc
      |000098|0198|  18 E8
------+------+----+----------------------------------
   163|      |    |ENDSCOPE
      |      |    |  Exit scope: DECOMPRESS_LOGO_IMAGE:
------+------+----+----------------------------------
   165|      |    |SCOPE FINISH
      |      |    |  Enter scope: FINISH:
------+------+----+----------------------------------
   166|      |    |_LMMC_END ::
      |      |    |  global label [_LMMC_END] address: 0x00019a
------+------+----+----------------------------------
   168|      |    |LD HL, H_KEYI_BASE
      |      |    |  Z80:11cyc R800:3cyc
      |00009A|019A|  21 9D 02
------+------+----+----------------------------------
   169|      |    |LD DE, H_KEYI
      |      |    |  Z80:11cyc R800:3cyc
      |00009D|019D|  11 00 40
------+------+----+----------------------------------
   170|      |    |LD BC, H_KEYI_END - H_KEYI
      |      |    |  Z80:11cyc R800:3cyc
      |0000A0|01A0|  01 0D 00
------+------+----+----------------------------------
   171|      |    |LDIR
      |      |    |  Z80:23cyc/18cyc R800:7cyc
      |0000A3|01A3|  ED B0
------+------+----+----------------------------------
   173|      |    |LD A, 0xC3
      |      |    |  Z80:8cyc R800:2cyc
      |0000A5|01A5|  3E C3
------+------+----+----------------------------------
   174|      |    |LD HL, H_KEYI
      |      |    |  Z80:11cyc R800:3cyc
      |0000A7|01A7|  21 00 40
------+------+----+----------------------------------
   175|      |    |LD [ 0xFD9A + 0 ], A
      |      |    |  Z80:14cyc R800:6cyc
      |0000AA|01AA|  32 9A FD
------+------+----+----------------------------------
   176|      |    |LD [ 0xFD9A + 1 ], HL
      |      |    |  Z80:17cyc R800:7cyc
      |0000AD|01AD|  22 9B FD
------+------+----+----------------------------------
   177|      |    |EI
      |      |    |  Z80:5cyc R800:1cyc
      |0000B0|01B0|  FB
------+------+----+----------------------------------
   179|      |    |LD A, 1
      |      |    |  Z80:8cyc R800:2cyc
      |0000B1|01B1|  3E 01
------+------+----+----------------------------------
   180|      |    |LD [ WAIT_FLAG ], A
      |      |    |  Z80:14cyc R800:6cyc
      |0000B3|01B3|  32 0C 40
------+------+----+----------------------------------
   181|      |    |WAIT_LOOP1 :
      |      |    |  label [FINISH:WAIT_LOOP1] address: 0x0001b6
------+------+----+----------------------------------
   182|      |    |LD A, [ WAIT_FLAG ]
      |      |    |  Z80:14cyc R800:6cyc
      |0000B6|01B6|  3A 0C 40
------+------+----+----------------------------------
   183|      |    |OR A, A
      |      |    |  Z80:5cyc R800:1cyc
      |0000B9|01B9|  B7
------+------+----+----------------------------------
   184|      |    |JR NZ, WAIT_LOOP1
      |      |    |  Z80:13cyc/8cyc R800:3cyc/2cyc
      |0000BA|01BA|  20 FA
------+------+----+----------------------------------
   189|      |    |MAIN_LOOP :
      |      |    |  label [FINISH:MAIN_LOOP] address: 0x0001bc
------+------+----+----------------------------------
   191|      |    |LD A, 1
      |      |    |  Z80:8cyc R800:2cyc
      |0000BC|01BC|  3E 01
------+------+----+----------------------------------
   192|      |    |LD [ WAIT_FLAG ], A
      |      |    |  Z80:14cyc R800:6cyc
      |0000BE|01BE|  32 0C 40
------+------+----+----------------------------------
   194|      |    |XOR A, A
      |      |    |  Z80:5cyc R800:1cyc
      |0000C1|01C1|  AF
------+------+----+----------------------------------
   195|      |    |LD [ COMPLETE_COUNT ], A
      |      |    |  Z80:14cyc R800:6cyc
      |0000C2|01C2|  32 78 09
------+------+----+----------------------------------
   197|      |    |LD HL, 0x7600
      |      |    |  Z80:11cyc R800:3cyc
      |0000C5|01C5|  21 00 76
------+------+----+----------------------------------
   198|      |    |CALL SET_WRITE_VRAM_ADDRESS
      |      |    |  Z80:18cyc R800:5cyc
      |0000C8|01C8|  CD CA 02
------+------+----+----------------------------------
   199|      |    |LD HL, ANIMATION_STATE
      |      |    |  Z80:11cyc R800:3cyc
      |0000CB|01CB|  21 89 08
------+------+----+----------------------------------
   200|      |    |LD C, VDP_PORT0
      |      |    |  Z80:8cyc R800:2cyc
      |0000CE|01CE|  0E 88
------+------+----+----------------------------------
   201|      |    |SPRITE_LOOP :
      |      |    |  label [FINISH:SPRITE_LOOP] address: 0x0001d0
------+------+----+----------------------------------
   203|      |    |LD E, [ HL ]
      |      |    |  Z80:8cyc R800:4cyc
      |0000D0|01D0|  5E
------+------+----+----------------------------------
   204|      |    |INC E
      |      |    |  Z80:5cyc R800:1cyc
      |0000D1|01D1|  1C
------+------+----+----------------------------------
   205|      |    |JR Z, EXIT_SPRITE_LOOP
      |      |    |  Z80:13cyc/8cyc R800:3cyc/2cyc
      |0000D2|01D2|  28 62
------+------+----+----------------------------------
   206|      |    |DEC E
      |      |    |  Z80:5cyc R800:1cyc
      |0000D4|01D4|  1D
------+------+----+----------------------------------
   207|      |    |INC HL
      |      |    |  Z80:7cyc R800:1cyc
      |0000D5|01D5|  23
------+------+----+----------------------------------
   208|      |    |LD D, [ HL ]
      |      |    |  Z80:8cyc R800:4cyc
      |0000D6|01D6|  56
------+------+----+----------------------------------
   209|      |    |DEC HL
      |      |    |  Z80:7cyc R800:1cyc
      |0000D7|01D7|  2B
------+------+----+----------------------------------
   210|      |    |PUSH HL
      |      |    |  Z80:12cyc R800:6cyc
      |0000D8|01D8|  E5
------+------+----+----------------------------------
   211|      |    |LD HL, - 128
      |      |    |  Z80:11cyc R800:3cyc
      |0000D9|01D9|  21 80 FF
------+------+----+----------------------------------
   212|      |    |OR A, A
      |      |    |  Z80:5cyc R800:1cyc
      |0000DC|01DC|  B7
------+------+----+----------------------------------
   213|      |    |SBC HL, DE
      |      |    |  Z80:17cyc R800:2cyc
      |0000DD|01DD|  ED 52
------+------+----+----------------------------------
   214|      |    |JR C, OVER_M128
      |      |    |  Z80:13cyc/8cyc R800:3cyc/2cyc
      |0000DF|01DF|  38 15
------+------+----+----------------------------------
   215|      |    |UNDER_M128 :
      |      |    |  label [FINISH:UNDER_M128] address: 0x0001e1
------+------+----+----------------------------------
   217|      |    |INC DE
      |      |    |  Z80:7cyc R800:1cyc
      |0000E1|01E1|  13
------+------+----+----------------------------------
   218|      |    |POP HL
      |      |    |  Z80:11cyc R800:5cyc
      |0000E2|01E2|  E1
------+------+----+----------------------------------
   219|      |    |LD [ HL ], E
      |      |    |  Z80:8cyc R800:4cyc
      |0000E3|01E3|  73
------+------+----+----------------------------------
   220|      |    |INC HL
      |      |    |  Z80:7cyc R800:1cyc
      |0000E4|01E4|  23
------+------+----+----------------------------------
   221|      |    |LD [ HL ], D
      |      |    |  Z80:8cyc R800:4cyc
      |0000E5|01E5|  72
------+------+----+----------------------------------
   222|      |    |INC HL
      |      |    |  Z80:7cyc R800:1cyc
      |0000E6|01E6|  23
------+------+----+----------------------------------
   223|      |    |INC HL
      |      |    |  Z80:7cyc R800:1cyc
      |0000E7|01E7|  23
------+------+----+----------------------------------
   224|      |    |LD A, - 128
      |      |    |  Z80:8cyc R800:2cyc
      |0000E8|01E8|  3E 80
------+------+----+----------------------------------
   225|      |    |OUT [ C ], A
      |      |    |  Z80:14cyc R800:10cyc/9cyc
      |0000EA|01EA|  ED 79
------+------+----+----------------------------------
   226|      |    |LD A, 0xC3
      |      |    |  Z80:8cyc R800:2cyc
      |0000EC|01EC|  3E C3
------+------+----+----------------------------------
   227|      |    |OUT [ C ], A
      |      |    |  Z80:14cyc R800:10cyc/9cyc
      |0000EE|01EE|  ED 79
------+------+----+----------------------------------
   228|      |    |LD A, 128
      |      |    |  Z80:8cyc R800:2cyc
      |0000F0|01F0|  3E 80
------+------+----+----------------------------------
   229|      |    |OUT [ C ], A
      |      |    |  Z80:14cyc R800:10cyc/9cyc
      |0000F2|01F2|  ED 79
------+------+----+----------------------------------
   230|      |    |JR SET_MODE
      |      |    |  Z80:13cyc R800:3cyc
      |0000F4|01F4|  18 2B
------+------+----+----------------------------------
   231|      |    |OVER_M128 :
      |      |    |  label [FINISH:OVER_M128] address: 0x0001f6
------+------+----+----------------------------------
   233|      |    |POP HL
      |      |    |  Z80:11cyc R800:5cyc
      |0000F6|01F6|  E1
------+------+----+----------------------------------
   234|      |    |INC HL
      |      |    |  Z80:7cyc R800:1cyc
      |0000F7|01F7|  23
------+------+----+----------------------------------
   235|      |    |INC HL
      |      |    |  Z80:7cyc R800:1cyc
      |0000F8|01F8|  23
------+------+----+----------------------------------
   236|      |    |LD A, [ HL ]
      |      |    |  Z80:8cyc R800:4cyc
      |0000F9|01F9|  7E
------+------+----+----------------------------------
   237|      |    |LD E, A
      |      |    |  Z80:5cyc R800:2cyc
      |0000FA|01FA|  5F
------+------+----+----------------------------------
   238|      |    |CP A, 50 * 3
      |      |    |  Z80:8cyc R800:2cyc
      |0000FB|01FB|  FE 96
------+------+----+----------------------------------
   239|      |    |JR C, SKIP1
      |      |    |  Z80:13cyc/8cyc R800:3cyc/2cyc
      |0000FD|01FD|  38 09
------+------+----+----------------------------------
   240|      |    |LD A, [ COMPLETE_COUNT ]
      |      |    |  Z80:14cyc R800:6cyc
      |0000FF|01FF|  3A 78 09
------+------+----+----------------------------------
   241|      |    |INC A
      |      |    |  Z80:5cyc R800:1cyc
      |000102|0202|  3C
------+------+----+----------------------------------
   242|      |    |LD [ COMPLETE_COUNT ], A
      |      |    |  Z80:14cyc R800:6cyc
      |000103|0203|  32 78 09
------+------+----+----------------------------------
   243|      |    |JR SKIP2
      |      |    |  Z80:13cyc R800:3cyc
      |000106|0206|  18 03
------+------+----+----------------------------------
   244|      |    |SKIP1 :
      |      |    |  label [FINISH:SKIP1] address: 0x000208
------+------+----+----------------------------------
   245|      |    |ADD A, 3
      |      |    |  Z80:8cyc R800:2cyc
      |000108|0208|  C6 03
------+------+----+----------------------------------
   246|      |    |LD [ HL ], A
      |      |    |  Z80:8cyc R800:4cyc
      |00010A|020A|  77
------+------+----+----------------------------------
   247|      |    |SKIP2 :
      |      |    |  label [FINISH:SKIP2] address: 0x00020b
------+------+----+----------------------------------
   248|      |    |INC HL
      |      |    |  Z80:7cyc R800:1cyc
      |00010B|020B|  23
------+------+----+----------------------------------
   249|      |    |LD D, 0
      |      |    |  Z80:8cyc R800:2cyc
      |00010C|020C|  16 00
------+------+----+----------------------------------
   250|      |    |PUSH HL
      |      |    |  Z80:12cyc R800:6cyc
      |00010E|020E|  E5
------+------+----+----------------------------------
   251|      |    |LD HL, ANIMATION_POS_Y
      |      |    |  Z80:11cyc R800:3cyc
      |00010F|020F|  21 DF 08
------+------+----+----------------------------------
   252|      |    |ADD HL, DE
      |      |    |  Z80:12cyc R800:1cyc
      |000112|0212|  19
------+------+----+----------------------------------
   253|      |    |LD A, [ HL ]
      |      |    |  Z80:8cyc R800:4cyc
      |000113|0213|  7E
------+------+----+----------------------------------
   254|      |    |OUT [ C ], A
      |      |    |  Z80:14cyc R800:10cyc/9cyc
      |000114|0214|  ED 79
------+------+----+----------------------------------
   255|      |    |INC HL
      |      |    |  Z80:7cyc R800:1cyc
      |000116|0216|  23
------+------+----+----------------------------------
   256|      |    |LD A, [ HL ]
      |      |    |  Z80:8cyc R800:4cyc
      |000117|0217|  7E
------+------+----+----------------------------------
   257|      |    |OR A, 0xC0
      |      |    |  Z80:8cyc R800:2cyc
      |000118|0218|  F6 C0
------+------+----+----------------------------------
   258|      |    |OUT [ C ], A
      |      |    |  Z80:14cyc R800:10cyc/9cyc
      |00011A|021A|  ED 79
------+------+----+----------------------------------
   259|      |    |INC HL
      |      |    |  Z80:7cyc R800:1cyc
      |00011C|021C|  23
------+------+----+----------------------------------
   260|      |    |LD A, [ HL ]
      |      |    |  Z80:8cyc R800:4cyc
      |00011D|021D|  7E
------+------+----+----------------------------------
   261|      |    |OUT [ C ], A
      |      |    |  Z80:14cyc R800:10cyc/9cyc
      |00011E|021E|  ED 79
------+------+----+----------------------------------
   262|      |    |POP HL
      |      |    |  Z80:11cyc R800:5cyc
      |000120|0220|  E1
------+------+----+----------------------------------
   263|      |    |SET_MODE :
      |      |    |  label [FINISH:SET_MODE] address: 0x000221
------+------+----+----------------------------------
   264|      |    |XOR A, A
      |      |    |  Z80:5cyc R800:1cyc
      |000121|0221|  AF
------+------+----+----------------------------------
   265|      |    |OUT [ C ], A
      |      |    |  Z80:14cyc R800:10cyc/9cyc
      |000122|0222|  ED 79
------+------+----+----------------------------------
   266|      |    |SET_X :
      |      |    |  label [FINISH:SET_X] address: 0x000224
------+------+----+----------------------------------
   267|      |    |LD A, [ HL ]
      |      |    |  Z80:8cyc R800:4cyc
      |000124|0224|  7E
------+------+----+----------------------------------
   268|      |    |OUT [ C ], A
      |      |    |  Z80:14cyc R800:10cyc/9cyc
      |000125|0225|  ED 79
------+------+----+----------------------------------
   269|      |    |INC HL
      |      |    |  Z80:7cyc R800:1cyc
      |000127|0227|  23
------+------+----+----------------------------------
   270|      |    |LD A, [ HL ]
      |      |    |  Z80:8cyc R800:4cyc
      |000128|0228|  7E
------+------+----+----------------------------------
   271|      |    |OUT [ C ], A
      |      |    |  Z80:14cyc R800:10cyc/9cyc
      |000129|0229|  ED 79
------+------+----+----------------------------------
   272|      |    |INC HL
      |      |    |  Z80:7cyc R800:1cyc
      |00012B|022B|  23
------+------+----+----------------------------------
   273|      |    |SET_MGX :
      |      |    |  label [FINISH:SET_MGX] address: 0x00022c
------+------+----+----------------------------------
   274|      |    |LD A, 16
      |      |    |  Z80:8cyc R800:2cyc
      |00012C|022C|  3E 10
------+------+----+----------------------------------
   275|      |    |OUT [ C ], A
      |      |    |  Z80:14cyc R800:10cyc/9cyc
      |00012E|022E|  ED 79
------+------+----+----------------------------------
   276|      |    |SET_PATTERN :
      |      |    |  label [FINISH:SET_PATTERN] address: 0x000230
------+------+----+----------------------------------
   277|      |    |LD A, [ HL ]
      |      |    |  Z80:8cyc R800:4cyc
      |000130|0230|  7E
------+------+----+----------------------------------
   278|      |    |OUT [ C ], A
      |      |    |  Z80:14cyc R800:10cyc/9cyc
      |000131|0231|  ED 79
------+------+----+----------------------------------
   279|      |    |INC HL
      |      |    |  Z80:7cyc R800:1cyc
      |000133|0233|  23
------+------+----+----------------------------------
   280|      |    |JR SPRITE_LOOP
      |      |    |  Z80:13cyc R800:3cyc
      |000134|0234|  18 9A
------+------+----+----------------------------------
   281|      |    |EXIT_SPRITE_LOOP :
      |      |    |  label [FINISH:EXIT_SPRITE_LOOP] address: 0x000236
------+------+----+----------------------------------
   283|      |    |LD A, [ COMPLETE_COUNT ]
      |      |    |  Z80:14cyc R800:6cyc
      |000136|0236|  3A 78 09
------+------+----+----------------------------------
   284|      |    |CP A, 14
      |      |    |  Z80:8cyc R800:2cyc
      |000139|0239|  FE 0E
------+------+----+----------------------------------
   285|      |    |JR NC, EXIT_MAIN_LOOP
      |      |    |  Z80:13cyc/8cyc R800:3cyc/2cyc
      |00013B|023B|  30 09
------+------+----+----------------------------------
   287|      |    |WAIT_VSYNC :
      |      |    |  label [FINISH:WAIT_VSYNC] address: 0x00023d
------+------+----+----------------------------------
   288|      |    |LD A, [ WAIT_FLAG ]
      |      |    |  Z80:14cyc R800:6cyc
      |00013D|023D|  3A 0C 40
------+------+----+----------------------------------
   289|      |    |OR A, A
      |      |    |  Z80:5cyc R800:1cyc
      |000140|0240|  B7
------+------+----+----------------------------------
   290|      |    |JR NZ, WAIT_VSYNC
      |      |    |  Z80:13cyc/8cyc R800:3cyc/2cyc
      |000141|0241|  20 FA
------+------+----+----------------------------------
   291|      |    |JP MAIN_LOOP
      |      |    |  Z80:11cyc R800:5cyc
      |000143|0243|  C3 BC 01
------+------+----+----------------------------------
   293|      |    |EXIT_MAIN_LOOP :
      |      |    |  label [FINISH:EXIT_MAIN_LOOP] address: 0x000246
------+------+----+----------------------------------
   295|      |    |LD B, 120
      |      |    |  Z80:8cyc R800:2cyc
      |000146|0246|  06 78
------+------+----+----------------------------------
   296|      |    |WAIT_1SEC_LOOP :
      |      |    |  label [FINISH:WAIT_1SEC_LOOP] address: 0x000248
------+------+----+----------------------------------
   298|      |    |LD A, 1
      |      |    |  Z80:8cyc R800:2cyc
      |000148|0248|  3E 01
------+------+----+----------------------------------
   299|      |    |LD [ WAIT_FLAG ], A
      |      |    |  Z80:14cyc R800:6cyc
      |00014A|024A|  32 0C 40
------+------+----+----------------------------------
   300|      |    |WAIT_VSYNC2 :
      |      |    |  label [FINISH:WAIT_VSYNC2] address: 0x00024d
------+------+----+----------------------------------
   301|      |    |LD A, [ WAIT_FLAG ]
      |      |    |  Z80:14cyc R800:6cyc
      |00014D|024D|  3A 0C 40
------+------+----+----------------------------------
   302|      |    |OR A, A
      |      |    |  Z80:5cyc R800:1cyc
      |000150|0250|  B7
------+------+----+----------------------------------
   303|      |    |JR NZ, WAIT_VSYNC2
      |      |    |  Z80:13cyc/8cyc R800:3cyc/2cyc
      |000151|0251|  20 FA
------+------+----+----------------------------------
   304|      |    |DJNZ WAIT_1SEC_LOOP
      |      |    |  Z80:14cyc/9cyc R800:3cyc/2cyc
      |000153|0253|  10 F3
------+------+----+----------------------------------
   306|      |    |DI
      |      |    |  Z80:5cyc R800:2cyc
      |000155|0255|  F3
------+------+----+----------------------------------
   307|      |    |LD A, 0x43
      |      |    |  Z80:8cyc R800:2cyc
      |000156|0256|  3E 43
------+------+----+----------------------------------
   308|      |    |OUT [ VDP_PORT1 ], A
      |      |    |  Z80:12cyc R800:10cyc/9cyc
      |000158|0258|  D3 89
------+------+----+----------------------------------
   309|      |    |LD A, 0x81
      |      |    |  Z80:8cyc R800:2cyc
      |00015A|025A|  3E 81
------+------+----+----------------------------------
   310|      |    |OUT [ VDP_PORT1 ], A
      |      |    |  Z80:12cyc R800:10cyc/9cyc
      |00015C|025C|  D3 89
------+------+----+----------------------------------
   312|      |    |LD A, 0xC9
      |      |    |  Z80:8cyc R800:2cyc
      |00015E|025E|  3E C9
------+------+----+----------------------------------
   313|      |    |LD [ 0xFD9A ], A
      |      |    |  Z80:14cyc R800:6cyc
      |000160|0260|  32 9A FD
------+------+----+----------------------------------
   314|      |    |EI
      |      |    |  Z80:5cyc R800:1cyc
      |000163|0263|  FB
------+------+----+----------------------------------
   316|      |    |LD IY, [ MAIN_ROM_SLOT - 1 ]
      |      |    |  Z80:22cyc R800:8cyc
      |000164|0264|  FD 2A C0 FC
------+------+----+----------------------------------
   317|      |    |LD IX, KILBUF
      |      |    |  Z80:16cyc R800:4cyc
      |000168|0268|  DD 21 56 01
------+------+----+----------------------------------
   318|      |    |CALL CALSLT
      |      |    |  Z80:18cyc R800:5cyc
      |00016C|026C|  CD 1C 00
------+------+----+----------------------------------
   320|      |    |DI
      |      |    |  Z80:5cyc R800:2cyc
      |00016F|026F|  F3
------+------+----+----------------------------------
   321|      |    |XOR A, A
      |      |    |  Z80:5cyc R800:1cyc
      |000170|0270|  AF
------+------+----+----------------------------------
   322|      |    |OUT [ VDP_PORT1 ], A
      |      |    |  Z80:12cyc R800:10cyc/9cyc
      |000171|0271|  D3 89
------+------+----+----------------------------------
   323|      |    |LD A, 0x80 + 20
      |      |    |  Z80:8cyc R800:2cyc
      |000173|0273|  3E 94
------+------+----+----------------------------------
   324|      |    |OUT [ VDP_PORT1 ], A
      |      |    |  Z80:12cyc R800:10cyc/9cyc
      |000175|0275|  D3 89
------+------+----+----------------------------------
   325|      |    |XOR A, A
      |      |    |  Z80:5cyc R800:1cyc
      |000177|0277|  AF
------+------+----+----------------------------------
   326|      |    |OUT [ VDP_PORT1 ], A
      |      |    |  Z80:12cyc R800:10cyc/9cyc
      |000178|0278|  D3 89
------+------+----+----------------------------------
   327|      |    |LD A, 0x80 + 21
      |      |    |  Z80:8cyc R800:2cyc
      |00017A|027A|  3E 95
------+------+----+----------------------------------
   328|      |    |OUT [ VDP_PORT1 ], A
      |      |    |  Z80:12cyc R800:10cyc/9cyc
      |00017C|027C|  D3 89
------+------+----+----------------------------------
   329|      |    |EI
      |      |    |  Z80:5cyc R800:1cyc
      |00017E|027E|  FB
------+------+----+----------------------------------
   331|      |    |LD IY, [ MAIN_ROM_SLOT - 1 ]
      |      |    |  Z80:22cyc R800:8cyc
      |00017F|027F|  FD 2A C0 FC
------+------+----+----------------------------------
   332|      |    |LD IX, CHGMOD
      |      |    |  Z80:16cyc R800:4cyc
      |000183|0283|  DD 21 5F 00
------+------+----+----------------------------------
   333|      |    |LD A, 1
      |      |    |  Z80:8cyc R800:2cyc
      |000187|0287|  3E 01
------+------+----+----------------------------------
   334|      |    |CALL CALSLT
      |      |    |  Z80:18cyc R800:5cyc
      |000189|0289|  CD 1C 00
------+------+----+----------------------------------
   335|      |    |LD IY, [ MAIN_ROM_SLOT - 1 ]
      |      |    |  Z80:22cyc R800:8cyc
      |00018C|028C|  FD 2A C0 FC
------+------+----+----------------------------------
   336|      |    |LD IX, CHGMOD
      |      |    |  Z80:16cyc R800:4cyc
      |000190|0290|  DD 21 5F 00
------+------+----+----------------------------------
   337|      |    |XOR A, A
      |      |    |  Z80:5cyc R800:1cyc
      |000194|0294|  AF
------+------+----+----------------------------------
   338|      |    |CALL CALSLT
      |      |    |  Z80:18cyc R800:5cyc
      |000195|0295|  CD 1C 00
------+------+----+----------------------------------
   340|      |    |LD C, 0
      |      |    |  Z80:8cyc R800:2cyc
      |000198|0298|  0E 00
------+------+----+----------------------------------
   341|      |    |CALL 5
      |      |    |  Z80:18cyc R800:5cyc
      |00019A|029A|  CD 05 00
------+------+----+----------------------------------
   343|      |    |H_KEYI_BASE :
      |      |    |  label [FINISH:H_KEYI_BASE] address: 0x00029d
------+------+----+----------------------------------
   344|      |    |ORG 0x4000
------+------+----+----------------------------------
   345|      |    |H_KEYI ::
      |      |    |  global label [H_KEYI] address: 0x004000
------+------+----+----------------------------------
   346|      |    |IN A, [ VDP_PORT4 ]
      |      |    |  Z80:12cyc R800:10cyc/9cyc
      |00019D|4000|  DB 8C
------+------+----+----------------------------------
   347|      |    |AND A, 1
      |      |    |  Z80:8cyc R800:2cyc
      |00019F|4002|  E6 01
------+------+----+----------------------------------
   348|      |    |RET Z
      |      |    |  Z80:12cyc/6cyc R800:5cyc/1cyc
      |0001A1|4004|  C8
------+------+----+----------------------------------
   349|      |    |OUT [ VDP_PORT4 ], A
      |      |    |  Z80:12cyc R800:10cyc/9cyc
      |0001A2|4005|  D3 8C
------+------+----+----------------------------------
   351|      |    |XOR A, A
      |      |    |  Z80:5cyc R800:1cyc
      |0001A4|4007|  AF
------+------+----+----------------------------------
   352|      |    |LD [ WAIT_FLAG ], A
      |      |    |  Z80:14cyc R800:6cyc
      |0001A5|4008|  32 0C 40
------+------+----+----------------------------------
   353|      |    |RET
      |      |    |  Z80:11cyc R800:5cyc
      |0001A8|400B|  C9
------+------+----+----------------------------------
   354|      |    |WAIT_FLAG ::
      |      |    |  global label [WAIT_FLAG] address: 0x00400c
------+------+----+----------------------------------
   355|      |    |DB 0
      |0001A9|400C|  00
------+------+----+----------------------------------
   356|      |    |H_KEYI_END :
      |      |    |  label [FINISH:H_KEYI_END] address: 0x00400d
------+------+----+----------------------------------
   357|      |    |ORG H_KEYI_BASE + H_KEYI_END - H_KEYI
------+------+----+----------------------------------
   358|      |    |ENDSCOPE
      |      |    |  Exit scope: FINISH:
------+------+----+----------------------------------
   370|      |    |SCOPE WRITE_VDP_REGS
      |      |    |  Enter scope: WRITE_VDP_REGS:
------+------+----+----------------------------------
   371|      |    |OTIR_AND_WRITE_VDP_REGS ::
      |      |    |  global label [OTIR_AND_WRITE_VDP_REGS] address: 0x0002aa
------+------+----+----------------------------------
   372|      |    |OTIR
      |      |    |  Z80:23cyc/18cyc R800:12cyc/11cyc
      |0001AA|02AA|  ED B3
------+------+----+----------------------------------
   373|      |    |WRITE_VDP_REGS ::
      |      |    |  global label [WRITE_VDP_REGS] address: 0x0002ac
------+------+----+----------------------------------
   374|      |    |EX [ SP ], HL
      |      |    |  Z80:20cyc R800:7cyc
      |0001AC|02AC|  E3
------+------+----+----------------------------------
   375|      |    |JR START1
      |      |    |  Z80:13cyc R800:3cyc
      |0001AD|02AD|  18 08
------+------+----+----------------------------------
   376|      |    |LOOP1 :
      |      |    |  label [WRITE_VDP_REGS:LOOP1] address: 0x0002af
------+------+----+----------------------------------
   377|      |    |LD E, A
      |      |    |  Z80:5cyc R800:2cyc
      |0001AF|02AF|  5F
------+------+----+----------------------------------
   378|      |    |LD A, [ HL ]
      |      |    |  Z80:8cyc R800:4cyc
      |0001B0|02B0|  7E
------+------+----+----------------------------------
   379|      |    |INC HL
      |      |    |  Z80:7cyc R800:1cyc
      |0001B1|02B1|  23
------+------+----+----------------------------------
   380|      |    |OUT [ VDP_PORT1 ], A
      |      |    |  Z80:12cyc R800:10cyc/9cyc
      |0001B2|02B2|  D3 89
------+------+----+----------------------------------
   381|      |    |LD A, E
      |      |    |  Z80:5cyc R800:2cyc
      |0001B4|02B4|  7B
------+------+----+----------------------------------
   382|      |    |OUT [ VDP_PORT1 ], A
      |      |    |  Z80:12cyc R800:10cyc/9cyc
      |0001B5|02B5|  D3 89
------+------+----+----------------------------------
   383|      |    |START1 :
      |      |    |  label [WRITE_VDP_REGS:START1] address: 0x0002b7
------+------+----+----------------------------------
   384|      |    |LD A, [ HL ]
      |      |    |  Z80:8cyc R800:4cyc
      |0001B7|02B7|  7E
------+------+----+----------------------------------
   385|      |    |INC HL
      |      |    |  Z80:7cyc R800:1cyc
      |0001B8|02B8|  23
------+------+----+----------------------------------
   386|      |    |OR A, A
      |      |    |  Z80:5cyc R800:1cyc
      |0001B9|02B9|  B7
------+------+----+----------------------------------
   387|      |    |JR NZ, LOOP1
      |      |    |  Z80:13cyc/8cyc R800:3cyc/2cyc
      |0001BA|02BA|  20 F3
------+------+----+----------------------------------
   388|      |    |EX [ SP ], HL
      |      |    |  Z80:20cyc R800:7cyc
      |0001BC|02BC|  E3
------+------+----+----------------------------------
   389|      |    |RET
      |      |    |  Z80:11cyc R800:5cyc
      |0001BD|02BD|  C9
------+------+----+----------------------------------
   390|      |    |ENDSCOPE
      |      |    |  Exit scope: WRITE_VDP_REGS:
------+------+----+----------------------------------
   406|      |    |SCOPE FILL_VRAM
      |      |    |  Enter scope: FILL_VRAM:
------+------+----+----------------------------------
   407|      |    |FILL_VRAM ::
      |      |    |  global label [FILL_VRAM] address: 0x0002be
------+------+----+----------------------------------
   408|      |    |CALL SET_WRITE_VRAM_ADDRESS
      |      |    |  Z80:18cyc R800:5cyc
      |0001BE|02BE|  CD CA 02
------+------+----+----------------------------------
   410|      |    |LD A, E
      |      |    |  Z80:5cyc R800:2cyc
      |0001C1|02C1|  7B
------+------+----+----------------------------------
   411|      |    |LOOP :
      |      |    |  label [FILL_VRAM:LOOP] address: 0x0002c2
------+------+----+----------------------------------
   412|      |    |OUT [ VDP_PORT0 ], A
      |      |    |  Z80:12cyc R800:10cyc/9cyc
      |0001C2|02C2|  D3 88
------+------+----+----------------------------------
   413|      |    |DEC C
      |      |    |  Z80:5cyc R800:1cyc
      |0001C4|02C4|  0D
------+------+----+----------------------------------
   414|      |    |JR NZ, LOOP
      |      |    |  Z80:13cyc/8cyc R800:3cyc/2cyc
      |0001C5|02C5|  20 FB
------+------+----+----------------------------------
   415|      |    |DJNZ LOOP
      |      |    |  Z80:14cyc/9cyc R800:3cyc/2cyc
      |0001C7|02C7|  10 F9
------+------+----+----------------------------------
   416|      |    |RET
      |      |    |  Z80:11cyc R800:5cyc
      |0001C9|02C9|  C9
------+------+----+----------------------------------
   417|      |    |ENDSCOPE
      |      |    |  Exit scope: FILL_VRAM:
------+------+----+----------------------------------
   432|      |    |SCOPE SET_WRITE_VRAM_ADDRESS
      |      |    |  Enter scope: SET_WRITE_VRAM_ADDRESS:
------+------+----+----------------------------------
   433|      |    |SET_WRITE_VRAM_ADDRESS ::
      |      |    |  global label [SET_WRITE_VRAM_ADDRESS] address: 0x0002ca
------+------+----+----------------------------------
   434|      |    |LD A, H
      |      |    |  Z80:5cyc R800:2cyc
      |0001CA|02CA|  7C
------+------+----+----------------------------------
   435|      |    |AND A, 0x3F
      |      |    |  Z80:8cyc R800:2cyc
      |0001CB|02CB|  E6 3F
------+------+----+----------------------------------
   436|      |    |OR A, 0x40
      |      |    |  Z80:8cyc R800:2cyc
      |0001CD|02CD|  F6 40
------+------+----+----------------------------------
   437|      |    |EX AF, AF'
      |      |    |  Z80:5cyc R800:1cyc
      |0001CF|02CF|  08
------+------+----+----------------------------------
   438|      |    |LD A, H
      |      |    |  Z80:5cyc R800:2cyc
      |0001D0|02D0|  7C
------+------+----+----------------------------------
   439|      |    |RLCA
      |      |    |  Z80:5cyc R800:1cyc
      |0001D1|02D1|  07
------+------+----+----------------------------------
   440|      |    |RLCA
      |      |    |  Z80:5cyc R800:1cyc
      |0001D2|02D2|  07
------+------+----+----------------------------------
   441|      |    |AND A, 0x03
      |      |    |  Z80:8cyc R800:2cyc
      |0001D3|02D3|  E6 03
------+------+----+----------------------------------
   442|      |    |OUT [ VDP_PORT1 ], A
      |      |    |  Z80:12cyc R800:10cyc/9cyc
      |0001D5|02D5|  D3 89
------+------+----+----------------------------------
   443|      |    |LD A, 0x80 | 14
      |      |    |  Z80:8cyc R800:2cyc
      |0001D7|02D7|  3E 8E
------+------+----+----------------------------------
   444|      |    |OUT [ VDP_PORT1 ], A
      |      |    |  Z80:12cyc R800:10cyc/9cyc
      |0001D9|02D9|  D3 89
------+------+----+----------------------------------
   445|      |    |LD A, L
      |      |    |  Z80:5cyc R800:2cyc
      |0001DB|02DB|  7D
------+------+----+----------------------------------
   446|      |    |OUT [ VDP_PORT1 ], A
      |      |    |  Z80:12cyc R800:10cyc/9cyc
      |0001DC|02DC|  D3 89
------+------+----+----------------------------------
   447|      |    |EX AF, AF'
      |      |    |  Z80:5cyc R800:1cyc
      |0001DE|02DE|  08
------+------+----+----------------------------------
   448|      |    |OUT [ VDP_PORT1 ], A
      |      |    |  Z80:12cyc R800:10cyc/9cyc
      |0001DF|02DF|  D3 89
------+------+----+----------------------------------
   449|      |    |RET
      |      |    |  Z80:11cyc R800:5cyc
      |0001E1|02E1|  C9
------+------+----+----------------------------------
   450|      |    |ENDSCOPE
      |      |    |  Exit scope: SET_WRITE_VRAM_ADDRESS:
------+------+----+----------------------------------
   457|      |    |ALIGN 256
      |      |    |  Padding: 30byte(s)
------+------+----+----------------------------------
   458|      |    |COLOR_DATA1 ::
      |      |    |  global label [COLOR_DATA1] address: 0x000300
------+------+----+----------------------------------
   460|      |    |DB 0, 0, 31
      |000200|0300|  00 00 1F
------+------+----+----------------------------------
   461|      |    |DB 0, 0, 0
      |000203|0303|  00 00 00
------+------+----+----------------------------------
   463|      |    |DB 0, 0, 31
      |000206|0306|  00 00 1F
------+------+----+----------------------------------
   464|      |    |DB 0, 0, 0
      |000209|0309|  00 00 00
------+------+----+----------------------------------
   466|      |    |DB 0, 0, 31
      |00020C|030C|  00 00 1F
------+------+----+----------------------------------
   467|      |    |DB 0, 0, 0
      |00020F|030F|  00 00 00
------+------+----+----------------------------------
   469|      |    |DB 0, 0, 31
      |000212|0312|  00 00 1F
------+------+----+----------------------------------
   470|      |    |DB 0, 0, 0
      |000215|0315|  00 00 00
------+------+----+----------------------------------
   472|      |    |COLOR_DATA2 ::
      |      |    |  global label [COLOR_DATA2] address: 0x000318
------+------+----+----------------------------------
   474|      |    |DB 15, 15, 15
      |000218|0318|  0F 0F 0F
------+------+----+----------------------------------
   476|      |    |DB 31, 31, 31
      |00021B|031B|  1F 1F 1F
------+------+----+----------------------------------
   481|      |    |SPRITE_ATTRIB ::
      |      |    |  global label [SPRITE_ATTRIB] address: 0x00031e
------+------+----+----------------------------------
   483|      |    |DW ( - 128 & 0x3FF ) | ( 3 << 14 )
      |00021E|031E|  80 C3
------+------+----+----------------------------------
   484|      |    |DB 128
      |000220|0320|  80
------+------+----+----------------------------------
   485|      |    |DB 0
      |000221|0321|  00
------+------+----+----------------------------------
   486|      |    |DW 0x0010
      |000222|0322|  10 00
------+------+----+----------------------------------
   487|      |    |DB 16
      |000224|0324|  10
------+------+----+----------------------------------
   488|      |    |DB 0
      |000225|0325|  00
------+------+----+----------------------------------
   490|      |    |DW ( - 128 & 0x3FF ) | ( 3 << 14 )
      |000226|0326|  80 C3
------+------+----+----------------------------------
   491|      |    |DB 128
      |000228|0328|  80
------+------+----+----------------------------------
   492|      |    |DB 0
      |000229|0329|  00
------+------+----+----------------------------------
   493|      |    |DW 0x0020
      |00022A|032A|  20 00
------+------+----+----------------------------------
   494|      |    |DB 16
      |00022C|032C|  10
------+------+----+----------------------------------
   495|      |    |DB 1
      |00022D|032D|  01
------+------+----+----------------------------------
   497|      |    |DW ( - 128 & 0x3FF ) | ( 3 << 14 )
      |00022E|032E|  80 C3
------+------+----+----------------------------------
   498|      |    |DB 128
      |000230|0330|  80
------+------+----+----------------------------------
   499|      |    |DB 0
      |000231|0331|  00
------+------+----+----------------------------------
   500|      |    |DW 0x0030
      |000232|0332|  30 00
------+------+----+----------------------------------
   501|      |    |DB 16
      |000234|0334|  10
------+------+----+----------------------------------
   502|      |    |DB 2
      |000235|0335|  02
------+------+----+----------------------------------
   504|      |    |DW ( - 128 & 0x3FF ) | ( 3 << 14 )
      |000236|0336|  80 C3
------+------+----+----------------------------------
   505|      |    |DB 128
      |000238|0338|  80
------+------+----+----------------------------------
   506|      |    |DB 0
      |000239|0339|  00
------+------+----+----------------------------------
   507|      |    |DW 0x0040
      |00023A|033A|  40 00
------+------+----+----------------------------------
   508|      |    |DB 16
      |00023C|033C|  10
------+------+----+----------------------------------
   509|      |    |DB 3
      |00023D|033D|  03
------+------+----+----------------------------------
   511|      |    |DW ( - 128 & 0x3FF ) | ( 3 << 14 )
      |00023E|033E|  80 C3
------+------+----+----------------------------------
   512|      |    |DB 128
      |000240|0340|  80
------+------+----+----------------------------------
   513|      |    |DB 0
      |000241|0341|  00
------+------+----+----------------------------------
   514|      |    |DW 0x0050
      |000242|0342|  50 00
------+------+----+----------------------------------
   515|      |    |DB 16
      |000244|0344|  10
------+------+----+----------------------------------
   516|      |    |DB 4
      |000245|0345|  04
------+------+----+----------------------------------
   518|      |    |DW ( - 128 & 0x3FF ) | ( 3 << 14 )
      |000246|0346|  80 C3
------+------+----+----------------------------------
   519|      |    |DB 128
      |000248|0348|  80
------+------+----+----------------------------------
   520|      |    |DB 0
      |000249|0349|  00
------+------+----+----------------------------------
   521|      |    |DW 0x0060
      |00024A|034A|  60 00
------+------+----+----------------------------------
   522|      |    |DB 16
      |00024C|034C|  10
------+------+----+----------------------------------
   523|      |    |DB 5
      |00024D|034D|  05
------+------+----+----------------------------------
   525|      |    |DW ( - 128 & 0x3FF ) | ( 3 << 14 )
      |00024E|034E|  80 C3
------+------+----+----------------------------------
   526|      |    |DB 128
      |000250|0350|  80
------+------+----+----------------------------------
   527|      |    |DB 0
      |000251|0351|  00
------+------+----+----------------------------------
   528|      |    |DW 0x0070
      |000252|0352|  70 00
------+------+----+----------------------------------
   529|      |    |DB 16
      |000254|0354|  10
------+------+----+----------------------------------
   530|      |    |DB 6
      |000255|0355|  06
------+------+----+----------------------------------
   532|      |    |DW ( - 128 & 0x3FF ) | ( 3 << 14 )
      |000256|0356|  80 C3
------+------+----+----------------------------------
   533|      |    |DB 128
      |000258|0358|  80
------+------+----+----------------------------------
   534|      |    |DB 0
      |000259|0359|  00
------+------+----+----------------------------------
   535|      |    |DW 0x0080
      |00025A|035A|  80 00
------+------+----+----------------------------------
   536|      |    |DB 16
      |00025C|035C|  10
------+------+----+----------------------------------
   537|      |    |DB 7
      |00025D|035D|  07
------+------+----+----------------------------------
   539|      |    |DW ( - 128 & 0x3FF ) | ( 3 << 14 )
      |00025E|035E|  80 C3
------+------+----+----------------------------------
   540|      |    |DB 128
      |000260|0360|  80
------+------+----+----------------------------------
   541|      |    |DB 0
      |000261|0361|  00
------+------+----+----------------------------------
   542|      |    |DW 0x0090
      |000262|0362|  90 00
------+------+----+----------------------------------
   543|      |    |DB 16
      |000264|0364|  10
------+------+----+----------------------------------
   544|      |    |DB 8
      |000265|0365|  08
------+------+----+----------------------------------
   546|      |    |DW ( - 128 & 0x3FF ) | ( 3 << 14 )
      |000266|0366|  80 C3
------+------+----+----------------------------------
   547|      |    |DB 128
      |000268|0368|  80
------+------+----+----------------------------------
   548|      |    |DB 0
      |000269|0369|  00
------+------+----+----------------------------------
   549|      |    |DW 0x00A0
      |00026A|036A|  A0 00
------+------+----+----------------------------------
   550|      |    |DB 16
      |00026C|036C|  10
------+------+----+----------------------------------
   551|      |    |DB 9
      |00026D|036D|  09
------+------+----+----------------------------------
   553|      |    |DW ( - 128 & 0x3FF ) | ( 3 << 14 )
      |00026E|036E|  80 C3
------+------+----+----------------------------------
   554|      |    |DB 128
      |000270|0370|  80
------+------+----+----------------------------------
   555|      |    |DB 0
      |000271|0371|  00
------+------+----+----------------------------------
   556|      |    |DW 0x00B0
      |000272|0372|  B0 00
------+------+----+----------------------------------
   557|      |    |DB 16
      |000274|0374|  10
------+------+----+----------------------------------
   558|      |    |DB 10
      |000275|0375|  0A
------+------+----+----------------------------------
   560|      |    |DW ( - 128 & 0x3FF ) | ( 3 << 14 )
      |000276|0376|  80 C3
------+------+----+----------------------------------
   561|      |    |DB 128
      |000278|0378|  80
------+------+----+----------------------------------
   562|      |    |DB 0
      |000279|0379|  00
------+------+----+----------------------------------
   563|      |    |DW 0x00C0
      |00027A|037A|  C0 00
------+------+----+----------------------------------
   564|      |    |DB 16
      |00027C|037C|  10
------+------+----+----------------------------------
   565|      |    |DB 11
      |00027D|037D|  0B
------+------+----+----------------------------------
   567|      |    |DW ( - 128 & 0x3FF ) | ( 3 << 14 )
      |00027E|037E|  80 C3
------+------+----+----------------------------------
   568|      |    |DB 128
      |000280|0380|  80
------+------+----+----------------------------------
   569|      |    |DB 0
      |000281|0381|  00
------+------+----+----------------------------------
   570|      |    |DW 0x00D0
      |000282|0382|  D0 00
------+------+----+----------------------------------
   571|      |    |DB 16
      |000284|0384|  10
------+------+----+----------------------------------
   572|      |    |DB 12
      |000285|0385|  0C
------+------+----+----------------------------------
   574|      |    |DW ( - 128 & 0x3FF ) | ( 3 << 14 )
      |000286|0386|  80 C3
------+------+----+----------------------------------
   575|      |    |DB 128
      |000288|0388|  80
------+------+----+----------------------------------
   576|      |    |DB 0
      |000289|0389|  00
------+------+----+----------------------------------
   577|      |    |DW 0x00E0
      |00028A|038A|  E0 00
------+------+----+----------------------------------
   578|      |    |DB 16
      |00028C|038C|  10
------+------+----+----------------------------------
   579|      |    |DB 13
      |00028D|038D|  0D
------+------+----+----------------------------------
   581|      |    |DW ( 216 & 0x3FF ) | ( 3 << 14 )
      |00028E|038E|  D8 C0
------+------+----+----------------------------------
   582|      |    |DB 128
      |000290|0390|  80
------+------+----+----------------------------------
   583|      |    |DB 0
      |000291|0391|  00
------+------+----+----------------------------------
   584|      |    |DW 0x00F0
      |000292|0392|  F0 00
------+------+----+----------------------------------
   585|      |    |DB 16
      |000294|0394|  10
------+------+----+----------------------------------
   586|      |    |DB 0
      |000295|0395|  00
------+------+----+----------------------------------
   587|      |    |SPRITE_ATTRIB_END ::
      |      |    |  global label [SPRITE_ATTRIB_END] address: 0x000396
------+------+----+----------------------------------
   589|      |    |SPRITE_ATTRIB_SIZE := SPRITE_ATTRIB_END - SPRITE_ATTRIB
      |      |    |  Global integer symbol [SPRITE_ATTRIB_SIZE] = 120 (0x78)
------+------+----+----------------------------------
   594|      |    |LOGO_DRAW_COMMAND ::
      |      |    |  global label [LOGO_DRAW_COMMAND] address: 0x000396
------+------+----+----------------------------------
   595|      |    |DW 19
      |000296|0396|  13 00
------+------+----+----------------------------------
   596|      |    |DW 256
      |000298|0398|  00 01
------+------+----+----------------------------------
   597|      |    |DW 422
      |00029A|039A|  A6 01
------+------+----+----------------------------------
   598|      |    |DW 80
      |00029C|039C|  50 00
------+------+----+----------------------------------
   599|      |    |DB 0
      |00029E|039E|  00
------+------+----+----------------------------------
   600|      |    |DB 0
      |00029F|039F|  00
------+------+----+----------------------------------
   601|      |    |DB 0b1011_0000
      |0002A0|03A0|  B0
------+------+----+----------------------------------
   602|      |    |LOGO_DRAW_COMMAND_END :
      |      |    |  label [LOGO_DRAW_COMMAND_END] address: 0x0003a1
------+------+----+----------------------------------
   604|      |    |LOGO_DRAW_COMMAND_SIZE := LOGO_DRAW_COMMAND_END - LOGO_DRAW_COMMAND
      |      |    |  Global integer symbol [LOGO_DRAW_COMMAND_SIZE] = 11 (0xb)
------+------+----+----------------------------------
   609|      |    |LOGO_DATA ::
      |      |    |  global label [LOGO_DATA] address: 0x0003a1
------+------+----+----------------------------------
   610|      |    |BINARY_LINK "logo_data/logo.bin"
      |0002A1|03A1|  7F 7F 7F 7F 7F 7F 7F 7F
      |0002A9|03A9|  7F 7F 7F 7F 7F 7F 7F 7F
      |0002B1|03B1|  7F 7F 7F 7F 7F 7F 7F 7F
      |0002B9|03B9|  7F 7F 7F 7F 7F 7F 7F 7F
      |0002C1|03C1|  7F 7F 7F 7F 7F 7F 7F 7F
      |0002C9|03C9|  7F 7F 7F 7F 7F 7F 7F 7F
      |0002D1|03D1|  7F 7F 7F 7F 7F 7F 7F 7F
      |0002D9|03D9|  7F 7F 7F 7F 56 80 DB 81
      |0002E1|03E1|  5A 80 DC 6E 80 FF E7 80
      |0002E9|03E9|  69 81 E7 80 7F 5E 81 DC
      |0002F1|03F1|  80 5A 80 DC 80 68 81 FF
      |0002F9|03F9|  EC 80 68 E9 7F 5F 80 DD
      |000301|0401|  80 59 80 DE 64 80 FF F3
      |000309|0409|  80 63 81 E7 81 7F 5F 81
      |000311|0411|  DE 59 80 DE 80 60 80 FF
      |000319|0419|  F7 80 62 E9 7F 61 80 DF
      |000321|0421|  80 57 80 E0 80 5C 80 FF
      |000329|0429|  FC 80 5D 81 E7 80 7F 63
      |000331|0431|  E1 80 56 80 E0 80 59 80
      |000339|0439|  FF FF C0 80 5B 80 E9 7F
      |000341|0441|  63 80 E1 81 54 80 E2 57
      |000349|0449|  80 FF FF C5 58 80 E7 80
      |000351|0451|  7F 64 81 E2 80 54 80 E2
      |000359|0459|  80 55 80 FF FF C6 80 55
      |000361|0461|  80 E8 80 7F 65 80 E3 80
      |000369|0469|  53 80 E4 53 80 FF FF CB
      |000371|0471|  52 80 E7 80 7F 66 81 E4
      |000379|0479|  53 80 E4 80 51 80 FF FF
      |000381|0481|  CC 81 4E 80 E8 80 7F 67
      |000389|0489|  80 E5 80 51 80 E6 80 4F
      |000391|0491|  80 FF FF D0 4C 80 E8 81
      |000399|0499|  7F 66 80 E7 80 50 80 E6
      |0003A1|04A1|  80 4E 80 FF FF D1 81 49
      |0003A9|04A9|  80 E7 80 7F 69 80 E7 81
      |0003B1|04B1|  4E 80 E8 4D 80 FF FF D5
      |0003B9|04B9|  80 45 80 E8 80 7F 69 80
      |0003C1|04C1|  E9 80 4D 80 E9 80 4B 80
      |0003C9|04C9|  FF FF D7 80 43 80 E7 80
      |0003D1|04D1|  7F 6B 80 EA 4D 80 EA 4B
      |0003D9|04D9|  FF FF DA 81 E8 80 7F 6B
      |0003E1|04E1|  81 EA 80 4B 80 EB 80 49
      |0003E9|04E9|  80 FF FF FF C3 80 7F 6D
      |0003F1|04F1|  80 EC 80 4A 80 EC 80 48
      |0003F9|04F9|  E5 80 7F 4A 81 FF CF 80
      |000401|0501|  7F 6D 80 ED 81 48 80 ED
      |000409|0509|  80 48 E2 80 7F 50 80 FF
      |000411|0511|  CB 80 7F 6F 80 EE 80 48
      |000419|0519|  80 EE 48 E0 80 7F 52 81
      |000421|0521|  FF C9 80 7F 6F 80 EF 81
      |000429|0529|  46 80 EF 80 47 DF 80 7F
      |000431|0531|  56 80 FF C5 80 7F 71 80
      |000439|0539|  F0 80 46 F1 47 E0 80 7F
      |000441|0541|  55 81 FF C3 80 7F 71 80
      |000449|0549|  F2 45 80 F1 81 45 E2 80
      |000451|0551|  7F 56 80 FF C0 80 7F 72
      |000459|0559|  80 F2 80 44 80 F2 80 45
      |000461|0561|  E5 80 7F 54 80 FD 80 7F
      |000469|0569|  73 80 F3 81 42 80 F3 80
      |000471|0571|  45 80 FF C5 80 75 80 FA
      |000479|0579|  80 7F 74 80 F4 80 42 80
      |000481|0581|  F4 46 FF CA 81 70 80 F7
      |000489|0589|  80 7F 75 80 F6 80 40 80
      |000491|0591|  F5 80 45 80 FF CE 6F 80
      |000499|0599|  F4 80 7F 76 80 F6 80 40
      |0004A1|05A1|  F7 80 45 80 FF D0 80 6C
      |0004A9|05A9|  80 F1 80 7F 77 80 FF F1
      |0004B1|05B1|  81 45 80 FF D2 80 6B 80
      |0004B9|05B9|  EE 80 7F 78 80 FF F2 80
      |0004C1|05C1|  46 80 FF D4 80 69 80 EB
      |0004C9|05C9|  80 7F 79 80 FF F3 80 47
      |0004D1|05D1|  80 FF D5 80 69 80 E8 80
      |0004D9|05D9|  7F 7A 80 FF F4 48 80 FF
      |0004E1|05E1|  D5 80 67 80 E9 80 7F 79
      |0004E9|05E9|  80 FF F5 80 49 80 FF D5
      |0004F1|05F1|  80 63 80 EC 80 7F 78 80
      |0004F9|05F9|  FF F6 80 49 80 FF D5 80
      |000501|0601|  61 80 EF 80 7F 75 80 DF
      |000509|0609|  40 F7 80 DD 81 4A 80 FF
      |000511|0611|  D4 80 5E 80 F2 80 7F 74
      |000519|0619|  80 DE 80 40 80 F5 82 DD
      |000521|0621|  80 4D 80 FF D2 80 5C 80
      |000529|0629|  F5 80 7F 71 80 DF 80 40
      |000531|0631|  80 F5 41 80 DD 80 50 80
      |000539|0639|  FF D0 80 59 80 F8 80 7F
      |000541|0641|  70 80 DE 80 42 80 F3 80
      |000549|0649|  42 80 DD 53 80 FF CE 80
      |000551|0651|  57 80 FB 80 7F 6D 80 DF
      |000559|0659|  44 F3 44 DD 80 56 81 FF
      |000561|0661|  CA 56 80 FD 80 7F 6C 80
      |000569|0669|  DE 80 44 80 F1 80 44 DE
      |000571|0671|  80 5A 80 FF C6 80 53 80
      |000579|0679|  FF C1 80 7F 69 80 DF 46
      |000581|0681|  F0 80 45 80 DD 81 7A 80
      |000589|0689|  E5 80 51 81 FF C3 80 7F
      |000591|0691|  68 80 DE 80 46 80 EF 80
      |000599|0699|  45 81 DD 80 7E 80 E1 80
      |0005A1|06A1|  50 80 FF C7 80 7F 65 80
      |0005A9|06A9|  DF 48 EF 47 80 DD 80 7F
      |0005B1|06B1|  40 80 DF 80 4E 81 FF C9
      |0005B9|06B9|  80 7F 64 DF 80 48 80 ED
      |0005C1|06C1|  80 48 80 DD 80 7F 40 DF
      |0005C9|06C9|  80 4D 80 FF CD 80 7F 61
      |0005D1|06D1|  80 DF 4A EC 80 4A DD 80
      |0005D9|06D9|  7F 80 DF 80 4B 81 E7 80
      |0005E1|06E1|  E6 80 7F 60 80 DE 80 4A
      |0005E9|06E9|  80 EB 80 4A 80 DD 80 7C
      |0005F1|06F1|  80 E1 80 4A 80 E7 81 41
      |0005F9|06F9|  80 E6 80 7F 5D 80 DF 4C
      |000601|0701|  EA 80 4C DD 81 77 80 E5
      |000609|0709|  80 48 81 E8 80 43 80 E6
      |000611|0711|  80 7F 5C 80 DE 80 4C 80
      |000619|0719|  E9 80 4C 80 FF FD 80 48
      |000621|0721|  80 E6 81 47 80 E6 80 7F
      |000629|0729|  59 80 DF 4E E9 4D 80 FF
      |000631|0731|  FD 46 81 E7 81 49 80 E6
      |000639|0739|  80 7F 58 DF 80 4E 80 E7
      |000641|0741|  80 4E 80 FF FB 80 46 E7
      |000649|0749|  81 4D 80 E6 80 7F 55 80
      |000651|0751|  DE 80 50 E6 80 50 FF FA
      |000659|0759|  80 44 81 E7 81 4F 81 E5
      |000661|0761|  81 7F 53 80 DE 51 80 E4
      |000669|0769|  80 51 80 FF F8 80 45 E7
      |000671|0771|  81 53 80 E6 80 7F 51 80
      |000679|0779|  DE 80 52 E4 80 52 FF F7
      |000681|0781|  80 43 81 E7 80 56 81 E5
      |000689|0789|  81 7F 4F 80 DE 53 80 E3
      |000691|0791|  53 80 FF F5 80 44 E7 81
      |000699|0799|  59 80 E6 80 7F 4D 80 DE
      |0006A1|07A1|  80 54 E2 80 53 80 FF F4
      |0006A9|07A9|  80 43 81 E5 80 5D 81 E5
      |0006B1|07B1|  81 7F 4B DF 55 80 E0 80
      |0006B9|07B9|  55 80 FF F1 80 43 80 E7
      |0006C1|07C1|  81 60 E6 80 7F 49 80 DE
      |0006C9|07C9|  80 56 E0 80 56 FF F0 80
      |0006D1|07D1|  43 80 E6 80 63 81 E5 81
      |0006D9|07D9|  7F 47 80 DE 57 80 DE 80
      |0006E1|07E1|  57 80 FF ED 80 43 80 E7
      |0006E9|07E9|  81 66 E6 81 7F 44 80 DE
      |0006F1|07F1|  80 58 DE 80 58 FF EA 80
      |0006F9|07F9|  45 80 E6 80 69 81 E5 81
      |000701|0801|  7F 43 80 DE 59 80 DD 59
      |000709|0809|  80 FF E6 80 46 80 E7 81
      |000711|0811|  6C 80 E5 81 7F 40 80 DE
      |000719|0819|  80 5A DC 80 59 80 FF E3
      |000721|0821|  49 80 E6 80 6F 81 E5 81
      |000729|0829|  7F DF 5B 80 DA 80 5B 80
      |000731|0831|  FF DF 4A 80 E7 81 72 80
      |000739|0839|  E6 80 7C 80 DE 80 5C DA
      |000741|0841|  80 5C FF D9 80 4E E7 80
      |000749|0849|  75 81 E6 80 7F 7F 7F 7F
      |000751|0851|  7F 7F 7F 7F 7F 7F 7F 7F
      |000759|0859|  7F 7F 7F 7F 7F 7F 7F 7F
      |000761|0861|  7F 7F 7F 7F 7F 7F 7F 7F
      |000769|0869|  7F 7F 7F 7F 7F 7F 7F 7F
      |000771|0871|  7F 7F 7F 7F 7F 7F 7F 7F
      |000779|0879|  7F 7F 7F 7F 7F 7F 7F 7F
      |000781|0881|  7F 7F 7F 7F 7F 7F 7F 6F
------+------+----+----------------------------------
   615|      |    |ANIMATION_STATE ::
      |      |    |  global label [ANIMATION_STATE] address: 0x000889
------+------+----+----------------------------------
   617|      |    |DW - 129
      |000789|0889|  7F FF
------+------+----+----------------------------------
   618|      |    |DB 0
      |00078B|088B|  00
------+------+----+----------------------------------
   619|      |    |DW 16 * 1
      |00078C|088C|  10 00
------+------+----+----------------------------------
   620|      |    |DB 0
      |00078E|088E|  00
------+------+----+----------------------------------
   622|      |    |DW - 135
      |00078F|088F|  79 FF
------+------+----+----------------------------------
   623|      |    |DB 0
      |000791|0891|  00
------+------+----+----------------------------------
   624|      |    |DW 16 * 2
      |000792|0892|  20 00
------+------+----+----------------------------------
   625|      |    |DB 1
      |000794|0894|  01
------+------+----+----------------------------------
   627|      |    |DW - 140
      |000795|0895|  74 FF
------+------+----+----------------------------------
   628|      |    |DB 0
      |000797|0897|  00
------+------+----+----------------------------------
   629|      |    |DW 16 * 3
      |000798|0898|  30 00
------+------+----+----------------------------------
   630|      |    |DB 2
      |00079A|089A|  02
------+------+----+----------------------------------
   632|      |    |DW - 141
      |00079B|089B|  73 FF
------+------+----+----------------------------------
   633|      |    |DB 0
      |00079D|089D|  00
------+------+----+----------------------------------
   634|      |    |DW 16 * 4
      |00079E|089E|  40 00
------+------+----+----------------------------------
   635|      |    |DB 3
      |0007A0|08A0|  03
------+------+----+----------------------------------
   637|      |    |DW - 144
      |0007A1|08A1|  70 FF
------+------+----+----------------------------------
   638|      |    |DB 0
      |0007A3|08A3|  00
------+------+----+----------------------------------
   639|      |    |DW 16 * 5
      |0007A4|08A4|  50 00
------+------+----+----------------------------------
   640|      |    |DB 4
      |0007A6|08A6|  04
------+------+----+----------------------------------
   642|      |    |DW - 150
      |0007A7|08A7|  6A FF
------+------+----+----------------------------------
   643|      |    |DB 0
      |0007A9|08A9|  00
------+------+----+----------------------------------
   644|      |    |DW 16 * 6
      |0007AA|08AA|  60 00
------+------+----+----------------------------------
   645|      |    |DB 5
      |0007AC|08AC|  05
------+------+----+----------------------------------
   647|      |    |DW - 165
      |0007AD|08AD|  5B FF
------+------+----+----------------------------------
   648|      |    |DB 0
      |0007AF|08AF|  00
------+------+----+----------------------------------
   649|      |    |DW 16 * 7
      |0007B0|08B0|  70 00
------+------+----+----------------------------------
   650|      |    |DB 6
      |0007B2|08B2|  06
------+------+----+----------------------------------
   652|      |    |DW - 155
      |0007B3|08B3|  65 FF
------+------+----+----------------------------------
   653|      |    |DB 0
      |0007B5|08B5|  00
------+------+----+----------------------------------
   654|      |    |DW 16 * 8
      |0007B6|08B6|  80 00
------+------+----+----------------------------------
   655|      |    |DB 7
      |0007B8|08B8|  07
------+------+----+----------------------------------
   657|      |    |DW - 143
      |0007B9|08B9|  71 FF
------+------+----+----------------------------------
   658|      |    |DB 0
      |0007BB|08BB|  00
------+------+----+----------------------------------
   659|      |    |DW 16 * 9
      |0007BC|08BC|  90 00
------+------+----+----------------------------------
   660|      |    |DB 8
      |0007BE|08BE|  08
------+------+----+----------------------------------
   662|      |    |DW - 139
      |0007BF|08BF|  75 FF
------+------+----+----------------------------------
   663|      |    |DB 0
      |0007C1|08C1|  00
------+------+----+----------------------------------
   664|      |    |DW 16 * 10
      |0007C2|08C2|  A0 00
------+------+----+----------------------------------
   665|      |    |DB 9
      |0007C4|08C4|  09
------+------+----+----------------------------------
   667|      |    |DW - 170
      |0007C5|08C5|  56 FF
------+------+----+----------------------------------
   668|      |    |DB 0
      |0007C7|08C7|  00
------+------+----+----------------------------------
   669|      |    |DW 16 * 11
      |0007C8|08C8|  B0 00
------+------+----+----------------------------------
   670|      |    |DB 10
      |0007CA|08CA|  0A
------+------+----+----------------------------------
   672|      |    |DW - 165
      |0007CB|08CB|  5B FF
------+------+----+----------------------------------
   673|      |    |DB 0
      |0007CD|08CD|  00
------+------+----+----------------------------------
   674|      |    |DW 16 * 12
      |0007CE|08CE|  C0 00
------+------+----+----------------------------------
   675|      |    |DB 11
      |0007D0|08D0|  0B
------+------+----+----------------------------------
   677|      |    |DW - 169
      |0007D1|08D1|  57 FF
------+------+----+----------------------------------
   678|      |    |DB 0
      |0007D3|08D3|  00
------+------+----+----------------------------------
   679|      |    |DW 16 * 13
      |0007D4|08D4|  D0 00
------+------+----+----------------------------------
   680|      |    |DB 12
      |0007D6|08D6|  0C
------+------+----+----------------------------------
   682|      |    |DW - 172
      |0007D7|08D7|  54 FF
------+------+----+----------------------------------
   683|      |    |DB 0
      |0007D9|08D9|  00
------+------+----+----------------------------------
   684|      |    |DW 16 * 14
      |0007DA|08DA|  E0 00
------+------+----+----------------------------------
   685|      |    |DB 13
      |0007DC|08DC|  0D
------+------+----+----------------------------------
   687|      |    |DW 255
      |0007DD|08DD|  FF 00
------+------+----+----------------------------------
   689|      |    |ANIMATION_POS_Y ::
      |      |    |  global label [ANIMATION_POS_Y] address: 0x0008df
------+------+----+----------------------------------
   690|      |    |DW - 248
      |0007DF|08DF|  08 FF
------+------+----+----------------------------------
   691|      |    |DB 0
      |0007E1|08E1|  00
------+------+----+----------------------------------
   692|      |    |DW - 246
      |0007E2|08E2|  0A FF
------+------+----+----------------------------------
   693|      |    |DB 255
      |0007E4|08E4|  FF
------+------+----+----------------------------------
   694|      |    |DW - 244
      |0007E5|08E5|  0C FF
------+------+----+----------------------------------
   695|      |    |DB 254
      |0007E7|08E7|  FE
------+------+----+----------------------------------
   696|      |    |DW - 241
      |0007E8|08E8|  0F FF
------+------+----+----------------------------------
   697|      |    |DB 252
      |0007EA|08EA|  FC
------+------+----+----------------------------------
   698|      |    |DW - 238
      |0007EB|08EB|  12 FF
------+------+----+----------------------------------
   699|      |    |DB 250
      |0007ED|08ED|  FA
------+------+----+----------------------------------
   700|      |    |DW - 233
      |0007EE|08EE|  17 FF
------+------+----+----------------------------------
   701|      |    |DB 247
      |0007F0|08F0|  F7
------+------+----+----------------------------------
   702|      |    |DW - 229
      |0007F1|08F1|  1B FF
------+------+----+----------------------------------
   703|      |    |DB 244
      |0007F3|08F3|  F4
------+------+----+----------------------------------
   704|      |    |DW - 223
      |0007F4|08F4|  21 FF
------+------+----+----------------------------------
   705|      |    |DB 240
      |0007F6|08F6|  F0
------+------+----+----------------------------------
   706|      |    |DW - 216
      |0007F7|08F7|  28 FF
------+------+----+----------------------------------
   707|      |    |DB 235
      |0007F9|08F9|  EB
------+------+----+----------------------------------
   708|      |    |DW - 209
      |0007FA|08FA|  2F FF
------+------+----+----------------------------------
   709|      |    |DB 230
      |0007FC|08FC|  E6
------+------+----+----------------------------------
   710|      |    |DW - 200
      |0007FD|08FD|  38 FF
------+------+----+----------------------------------
   711|      |    |DB 224
      |0007FF|08FF|  E0
------+------+----+----------------------------------
   712|      |    |DW - 191
      |000800|0900|  41 FF
------+------+----+----------------------------------
   713|      |    |DB 218
      |000802|0902|  DA
------+------+----+----------------------------------
   714|      |    |DW - 183
      |000803|0903|  49 FF
------+------+----+----------------------------------
   715|      |    |DB 212
      |000805|0905|  D4
------+------+----+----------------------------------
   716|      |    |DW - 174
      |000806|0906|  52 FF
------+------+----+----------------------------------
   717|      |    |DB 206
      |000808|0908|  CE
------+------+----+----------------------------------
   718|      |    |DW - 163
      |000809|0909|  5D FF
------+------+----+----------------------------------
   719|      |    |DB 199
      |00080B|090B|  C7
------+------+----+----------------------------------
   720|      |    |DW - 153
      |00080C|090C|  67 FF
------+------+----+----------------------------------
   721|      |    |DB 192
      |00080E|090E|  C0
------+------+----+----------------------------------
   722|      |    |DW - 142
      |00080F|090F|  72 FF
------+------+----+----------------------------------
   723|      |    |DB 185
      |000811|0911|  B9
------+------+----+----------------------------------
   724|      |    |DW - 131
      |000812|0912|  7D FF
------+------+----+----------------------------------
   725|      |    |DB 178
      |000814|0914|  B2
------+------+----+----------------------------------
   726|      |    |DW - 120
      |000815|0915|  88 FF
------+------+----+----------------------------------
   727|      |    |DB 171
      |000817|0917|  AB
------+------+----+----------------------------------
   728|      |    |DW - 108
      |000818|0918|  94 FF
------+------+----+----------------------------------
   729|      |    |DB 164
      |00081A|091A|  A4
------+------+----+----------------------------------
   730|      |    |DW - 97
      |00081B|091B|  9F FF
------+------+----+----------------------------------
   731|      |    |DB 157
      |00081D|091D|  9D
------+------+----+----------------------------------
   732|      |    |DW - 86
      |00081E|091E|  AA FF
------+------+----+----------------------------------
   733|      |    |DB 151
      |000820|0920|  97
------+------+----+----------------------------------
   734|      |    |DW - 75
      |000821|0921|  B5 FF
------+------+----+----------------------------------
   735|      |    |DB 145
      |000823|0923|  91
------+------+----+----------------------------------
   736|      |    |DW - 64
      |000824|0924|  C0 FF
------+------+----+----------------------------------
   737|      |    |DB 139
      |000826|0926|  8B
------+------+----+----------------------------------
   738|      |    |DW - 53
      |000827|0927|  CB FF
------+------+----+----------------------------------
   739|      |    |DB 133
      |000829|0929|  85
------+------+----+----------------------------------
   740|      |    |DW - 42
      |00082A|092A|  D6 FF
------+------+----+----------------------------------
   741|      |    |DB 128
      |00082C|092C|  80
------+------+----+----------------------------------
   742|      |    |DW - 32
      |00082D|092D|  E0 FF
------+------+----+----------------------------------
   743|      |    |DB 123
      |00082F|092F|  7B
------+------+----+----------------------------------
   744|      |    |DW - 22
      |000830|0930|  EA FF
------+------+----+----------------------------------
   745|      |    |DB 118
      |000832|0932|  76
------+------+----+----------------------------------
   746|      |    |DW - 13
      |000833|0933|  F3 FF
------+------+----+----------------------------------
   747|      |    |DB 114
      |000835|0935|  72
------+------+----+----------------------------------
   748|      |    |DW - 5
      |000836|0936|  FB FF
------+------+----+----------------------------------
   749|      |    |DB 111
      |000838|0938|  6F
------+------+----+----------------------------------
   750|      |    |DW 3
      |000839|0939|  03 00
------+------+----+----------------------------------
   751|      |    |DB 108
      |00083B|093B|  6C
------+------+----+----------------------------------
   752|      |    |DW 10
      |00083C|093C|  0A 00
------+------+----+----------------------------------
   753|      |    |DB 105
      |00083E|093E|  69
------+------+----+----------------------------------
   754|      |    |DW 17
      |00083F|093F|  11 00
------+------+----+----------------------------------
   755|      |    |DB 103
      |000841|0941|  67
------+------+----+----------------------------------
   756|      |    |DW 23
      |000842|0942|  17 00
------+------+----+----------------------------------
   757|      |    |DB 101
      |000844|0944|  65
------+------+----+----------------------------------
   758|      |    |DW 28
      |000845|0945|  1C 00
------+------+----+----------------------------------
   759|      |    |DB 100
      |000847|0947|  64
------+------+----+----------------------------------
   760|      |    |DW 32
      |000848|0948|  20 00
------+------+----+----------------------------------
   761|      |    |DB 100
      |00084A|094A|  64
------+------+----+----------------------------------
   762|      |    |DW 35
      |00084B|094B|  23 00
------+------+----+----------------------------------
   763|      |    |DB 100
      |00084D|094D|  64
------+------+----+----------------------------------
   764|      |    |DW 39
      |00084E|094E|  27 00
------+------+----+----------------------------------
   765|      |    |DB 100
      |000850|0950|  64
------+------+----+----------------------------------
   766|      |    |DW 41
      |000851|0951|  29 00
------+------+----+----------------------------------
   767|      |    |DB 101
      |000853|0953|  65
------+------+----+----------------------------------
   768|      |    |DW 42
      |000854|0954|  2A 00
------+------+----+----------------------------------
   769|      |    |DB 102
      |000856|0956|  66
------+------+----+----------------------------------
   770|      |    |DW 44
      |000857|0957|  2C 00
------+------+----+----------------------------------
   771|      |    |DB 103
      |000859|0959|  67
------+------+----+----------------------------------
   772|      |    |DW 45
      |00085A|095A|  2D 00
------+------+----+----------------------------------
   773|      |    |DB 105
      |00085C|095C|  69
------+------+----+----------------------------------
   774|      |    |DW 45
      |00085D|095D|  2D 00
------+------+----+----------------------------------
   775|      |    |DB 107
      |00085F|095F|  6B
------+------+----+----------------------------------
   776|      |    |DW 45
      |000860|0960|  2D 00
------+------+----+----------------------------------
   777|      |    |DB 109
      |000862|0962|  6D
------+------+----+----------------------------------
   778|      |    |DW 44
      |000863|0963|  2C 00
------+------+----+----------------------------------
   779|      |    |DB 112
      |000865|0965|  70
------+------+----+----------------------------------
   780|      |    |DW 43
      |000866|0966|  2B 00
------+------+----+----------------------------------
   781|      |    |DB 114
      |000868|0968|  72
------+------+----+----------------------------------
   782|      |    |DW 42
      |000869|0969|  2A 00
------+------+----+----------------------------------
   783|      |    |DB 117
      |00086B|096B|  75
------+------+----+----------------------------------
   784|      |    |DW 40
      |00086C|096C|  28 00
------+------+----+----------------------------------
   785|      |    |DB 120
      |00086E|096E|  78
------+------+----+----------------------------------
   786|      |    |DW 39
      |00086F|096F|  27 00
------+------+----+----------------------------------
   787|      |    |DB 122
      |000871|0971|  7A
------+------+----+----------------------------------
   788|      |    |DW 37
      |000872|0972|  25 00
------+------+----+----------------------------------
   789|      |    |DB 125
      |000874|0974|  7D
------+------+----+----------------------------------
   790|      |    |DW 35
      |000875|0975|  23 00
------+------+----+----------------------------------
   791|      |    |DB 128
      |000877|0977|  80
------+------+----+----------------------------------
   793|      |    |COMPLETE_COUNT :
      |      |    |  label [COMPLETE_COUNT] address: 0x000978
------+------+----+----------------------------------
   794|      |    |DB 0
      |000878|0978|  00
------+------+----+----------------------------------
<< label >>
ANIMATION_POS_Y ........................... 2271 ( 0x8df )
ANIMATION_STATE ........................... 2185 ( 0x889 )
BDOS ...................................... 5 ( 0x5 )
CALSLT .................................... 28 ( 0x1c )
CHGMOD .................................... 95 ( 0x5f )
COLOR_DATA1 ............................... 768 ( 0x300 )
COLOR_DATA2 ............................... 792 ( 0x318 )
COMPLETE_COUNT ............................ 2424 ( 0x978 )
DECOMPRESS_LOGO_IMAGE ..................... 369 ( 0x171 )
DECOMPRESS_LOGO_IMAGE:_DECOMPRESS_LOOP .... 386 ( 0x182 )
DECOMPRESS_LOGO_IMAGE:_RUN_LENGTH_LOOP .... 398 ( 0x18e )
DECOMPRESS_LOGO_IMAGE:_RUN_LMCM_COMMAND ... 372 ( 0x174 )
DECOMPRESS_LOGO_IMAGE:_RUN_LMMC_COMMAND ... 374 ( 0x176 )
FILL_VRAM ................................. 702 ( 0x2be )
FILL_VRAM:LOOP ............................ 706 ( 0x2c2 )
FINISH:EXIT_MAIN_LOOP ..................... 582 ( 0x246 )
FINISH:EXIT_SPRITE_LOOP ................... 566 ( 0x236 )
FINISH:H_KEYI_BASE ........................ 669 ( 0x29d )
FINISH:H_KEYI_END ......................... 16397 ( 0x400d )
FINISH:MAIN_LOOP .......................... 444 ( 0x1bc )
FINISH:OVER_M128 .......................... 502 ( 0x1f6 )
FINISH:SET_MGX ............................ 556 ( 0x22c )
FINISH:SET_MODE ........................... 545 ( 0x221 )
FINISH:SET_PATTERN ........................ 560 ( 0x230 )
FINISH:SET_X .............................. 548 ( 0x224 )
FINISH:SKIP1 .............................. 520 ( 0x208 )
FINISH:SKIP2 .............................. 523 ( 0x20b )
FINISH:SPRITE_LOOP ........................ 464 ( 0x1d0 )
FINISH:UNDER_M128 ......................... 481 ( 0x1e1 )
FINISH:WAIT_1SEC_LOOP ..................... 584 ( 0x248 )
FINISH:WAIT_LOOP1 ......................... 438 ( 0x1b6 )
FINISH:WAIT_VSYNC ......................... 573 ( 0x23d )
FINISH:WAIT_VSYNC2 ........................ 589 ( 0x24d )
H_KEYI .................................... 16384 ( 0x4000 )
INIT_PALETTE .............................. 318 ( 0x13e )
INIT_VDP .................................. 256 ( 0x100 )
INIT_VDP:WAIT_VDP_COMMAND ................. 313 ( 0x139 )
KILBUF .................................... 342 ( 0x156 )
LOGO_DATA ................................. 929 ( 0x3a1 )
LOGO_DRAW_COMMAND ......................... 918 ( 0x396 )
LOGO_DRAW_COMMAND_END ..................... 929 ( 0x3a1 )
LOGO_DRAW_COMMAND_SIZE .................... 11 ( 0xb )
MAIN_ROM_SLOT ............................. 64705 ( 0xfcc1 )
OTIR_AND_WRITE_VDP_REGS ................... 682 ( 0x2aa )
RTC_ADDRESS ............................... 180 ( 0xb4 )
RTC_DATA .................................. 181 ( 0xb5 )
SET_WRITE_VRAM_ADDRESS .................... 714 ( 0x2ca )
SPRITE_ATTRIB ............................. 798 ( 0x31e )
SPRITE_ATTRIB_END ......................... 918 ( 0x396 )
SPRITE_ATTRIB_SIZE ........................ 120 ( 0x78 )
VDP_INIT_DATA ............................. 260 ( 0x104 )
VDP_PORT0 ................................. 136 ( 0x88 )
VDP_PORT1 ................................. 137 ( 0x89 )
VDP_PORT2 ................................. 138 ( 0x8a )
VDP_PORT3 ................................. 139 ( 0x8b )
VDP_PORT4 ................................. 140 ( 0x8c )
WAIT_FLAG ................................. 16396 ( 0x400c )
WRITE_VDP_REGS ............................ 684 ( 0x2ac )
WRITE_VDP_REGS:LOOP1 ...................... 687 ( 0x2af )
WRITE_VDP_REGS:START1 ..................... 695 ( 0x2b7 )
_LMMC_END ................................. 410 ( 0x19a )
