Reading netlist file: "D:\github\HRA_product\TangCartMSX\RTL\tangprimer20k_vdp_cartridge_v9958_128K\impl\gwsynthesis\tangprimer20k_vdp_cartridge_v9958.vg"
Parsing netlist file "D:\github\HRA_product\TangCartMSX\RTL\tangprimer20k_vdp_cartridge_v9958_128K\impl\gwsynthesis\tangprimer20k_vdp_cartridge_v9958.vg" completed
Processing netlist completed
Reading constraint file: "D:\github\HRA_product\TangCartMSX\RTL\tangprimer20k_vdp_cartridge_v9958_128K\src\tangprimer20k_vdp_cartridge_test.cst"
Physical Constraint parsed completed
Running placement......
[10%] Placement Phase 0 completed
[20%] Placement Phase 1 completed
[30%] Placement Phase 2 completed
WARN  (TA1132) :  'u_sdram/u_ddr3_controller/gw3_top/u_ddr_phy_top/fclkdiv/CLKOUT.default_gen_clk' was determined to be a clock but was not created.
WARN  (TA1132) :  'u_sdram/u_div2/clkdiv_inst/CLKOUT.default_gen_clk' was determined to be a clock but was not created.
WARN  (TA1117) : Can't calculate clocks' relationship between: "u_pll50/rpll_inst/CLKOUT.default_gen_clk" and "u_sdram/u_ddr3_controller/gw3_top/u_ddr_phy_top/fclkdiv/CLKOUT.default_gen_clk"
WARN  (TA1117) : Can't calculate clocks' relationship between: "u_sdram/u_ddr3_controller/gw3_top/u_ddr_phy_top/fclkdiv/CLKOUT.default_gen_clk" and "u_pll50/rpll_inst/CLKOUT.default_gen_clk"
WARN  (TA1117) : Can't calculate clocks' relationship between: "u_pll50/rpll_inst/CLKOUT.default_gen_clk" and "u_pll/rpll_inst/CLKOUT.default_gen_clk"
[50%] Placement Phase 3 completed
Running routing......
[60%] Routing Phase 0 completed
[70%] Routing Phase 1 completed
[80%] Routing Phase 2 completed
[90%] Routing Phase 3 completed
Running timing analysis......
[95%] Timing analysis completed
Placement and routing completed
Bitstream generation in progress......
Bitstream generation completed
Running power analysis......
[100%] Power analysis completed
Generate file "D:\github\HRA_product\TangCartMSX\RTL\tangprimer20k_vdp_cartridge_v9958_128K\impl\pnr\tangprimer20k_vdp_cartridge_v9958.power.html" completed
Generate file "D:\github\HRA_product\TangCartMSX\RTL\tangprimer20k_vdp_cartridge_v9958_128K\impl\pnr\tangprimer20k_vdp_cartridge_v9958.pin.html" completed
Generate file "D:\github\HRA_product\TangCartMSX\RTL\tangprimer20k_vdp_cartridge_v9958_128K\impl\pnr\tangprimer20k_vdp_cartridge_v9958.rpt.html" completed
Generate file "D:\github\HRA_product\TangCartMSX\RTL\tangprimer20k_vdp_cartridge_v9958_128K\impl\pnr\tangprimer20k_vdp_cartridge_v9958.rpt.txt" completed
Generate file "D:\github\HRA_product\TangCartMSX\RTL\tangprimer20k_vdp_cartridge_v9958_128K\impl\pnr\tangprimer20k_vdp_cartridge_v9958.tr.html" completed
Wed Jun  4 20:35:36 2025

