Reading netlist file: "D:\github\HRA_product\TangCartMSX\RTL\tangnano20k_hdmi_labo1\impl\gwsynthesis\tangnano20k_hdmi_labo.vg"
Parsing netlist file "D:\github\HRA_product\TangCartMSX\RTL\tangnano20k_hdmi_labo1\impl\gwsynthesis\tangnano20k_hdmi_labo.vg" completed
Processing netlist completed
Reading constraint file: "D:\github\HRA_product\TangCartMSX\RTL\tangnano20k_hdmi_labo1\src\tangnano20k_hdmi_labo.cst"
Physical Constraint parsed completed
Running placement......
[10%] Placement Phase 0 completed
[20%] Placement Phase 1 completed
[30%] Placement Phase 2 completed
WARN  (TA1132) :  'u_clkdiv/clkdiv_inst/CLKOUT.default_gen_clk' was determined to be a clock but was not created.
[50%] Placement Phase 3 completed
Running routing......
[60%] Routing Phase 0 completed
[70%] Routing Phase 1 completed
[80%] Routing Phase 2 completed
WARN  (PR1014) : Generic routing resource will be used to clock signal 'clk27m_d' by the specified constraint. And then it may lead to the excessive delay or skew
[90%] Routing Phase 3 completed
Running timing analysis......
[95%] Timing analysis completed
Placement and routing completed
Bitstream generation in progress......
Bitstream generation completed
Running power analysis......
[100%] Power analysis completed
Generate file "D:\github\HRA_product\TangCartMSX\RTL\tangnano20k_hdmi_labo1\impl\pnr\tangnano20k_hdmi_labo.power.html" completed
Generate file "D:\github\HRA_product\TangCartMSX\RTL\tangnano20k_hdmi_labo1\impl\pnr\tangnano20k_hdmi_labo.pin.html" completed
Generate file "D:\github\HRA_product\TangCartMSX\RTL\tangnano20k_hdmi_labo1\impl\pnr\tangnano20k_hdmi_labo.rpt.html" completed
Generate file "D:\github\HRA_product\TangCartMSX\RTL\tangnano20k_hdmi_labo1\impl\pnr\tangnano20k_hdmi_labo.rpt.txt" completed
Generate file "D:\github\HRA_product\TangCartMSX\RTL\tangnano20k_hdmi_labo1\impl\pnr\tangnano20k_hdmi_labo.tr.html" completed
Wed Jan 29 07:03:04 2025

