Reading netlist file: "D:\github\HRA_product\TangCartMSX\RTL\tangprimer20k_vdp_cartridge_v9918\impl\gwsynthesis\tangprimer20k_vdp_cartridge_v9918.vg"
Parsing netlist file "D:\github\HRA_product\TangCartMSX\RTL\tangprimer20k_vdp_cartridge_v9918\impl\gwsynthesis\tangprimer20k_vdp_cartridge_v9918.vg" completed
Processing netlist completed
Reading constraint file: "D:\github\HRA_product\TangCartMSX\RTL\tangprimer20k_vdp_cartridge_v9918\src\tangprimer20k_vdp_cartridge_test.cst"
Physical Constraint parsed completed
Running placement......
[10%] Placement Phase 0 completed
[20%] Placement Phase 1 completed
[30%] Placement Phase 2 completed
WARN  (TA1132) :  'u_clkdiv/clkdiv_inst/CLKOUT.default_gen_clk' was determined to be a clock but was not created.
[50%] Placement Phase 3 completed
Running routing......
[60%] Routing Phase 0 completed
[70%] Routing Phase 1 completed
[80%] Routing Phase 2 completed
[90%] Routing Phase 3 completed
Running timing analysis......
[95%] Timing analysis completed
Placement and routing completed
Bitstream generation in progress......
Bitstream generation completed
Running power analysis......
[100%] Power analysis completed
Generate file "D:\github\HRA_product\TangCartMSX\RTL\tangprimer20k_vdp_cartridge_v9918\impl\pnr\tangprimer20k_vdp_cartridge_v9918.power.html" completed
Generate file "D:\github\HRA_product\TangCartMSX\RTL\tangprimer20k_vdp_cartridge_v9918\impl\pnr\tangprimer20k_vdp_cartridge_v9918.pin.html" completed
Generate file "D:\github\HRA_product\TangCartMSX\RTL\tangprimer20k_vdp_cartridge_v9918\impl\pnr\tangprimer20k_vdp_cartridge_v9918.rpt.html" completed
Generate file "D:\github\HRA_product\TangCartMSX\RTL\tangprimer20k_vdp_cartridge_v9918\impl\pnr\tangprimer20k_vdp_cartridge_v9918.rpt.txt" completed
Generate file "D:\github\HRA_product\TangCartMSX\RTL\tangprimer20k_vdp_cartridge_v9918\impl\pnr\tangprimer20k_vdp_cartridge_v9918.tr.html" completed
Fri May 30 22:40:51 2025

