Z80 Macro Assembler ZMA v1.0.18
=====================================================
Programmed by t.hara

  DEFS is DEFINE STRING (default).
  OUTPUT TYPE: BINARY

<< code >>
LINE# |OFFSET|ADDR|MNEMONIC
======+======+====+==================================
     7|      |    |UART := 0x10
      |      |    |  Global integer symbol [UART] = 16 (0x10)
------+------+----+----------------------------------
     8|      |    |DATA := 0x20
      |      |    |  Global integer symbol [DATA] = 32 (0x20)
------+------+----+----------------------------------
     9|      |    |BUSY_STATUS := 0x30
      |      |    |  Global integer symbol [BUSY_STATUS] = 48 (0x30)
------+------+----+----------------------------------
    10|      |    |BUSY_COUNT := 0x31
      |      |    |  Global integer symbol [BUSY_COUNT] = 49 (0x31)
------+------+----+----------------------------------
    11|      |    |DELAY_STATUS := 0x32
      |      |    |  Global integer symbol [DELAY_STATUS] = 50 (0x32)
------+------+----+----------------------------------
    12|      |    |DELAY_COUNT := 0x33
      |      |    |  Global integer symbol [DELAY_COUNT] = 51 (0x33)
------+------+----+----------------------------------
    13|      |    |MASK := 0x30
      |      |    |  Global integer symbol [MASK] = 48 (0x30)
------+------+----+----------------------------------
    14|      |    |ADDRESS := 0x32
      |      |    |  Global integer symbol [ADDRESS] = 50 (0x32)
------+------+----+----------------------------------
    15|      |    |WRITE_REQ := 0x36
      |      |    |  Global integer symbol [WRITE_REQ] = 54 (0x36)
------+------+----+----------------------------------
    16|      |    |READ_REQ := 0x37
      |      |    |  Global integer symbol [READ_REQ] = 55 (0x37)
------+------+----+----------------------------------
    18|      |    |ORG 0x0000
------+------+----+----------------------------------
    20|      |    |DI
      |      |    |  Z80:5cyc R800:2cyc
      |000000|0000|  F3
------+------+----+----------------------------------
    21|      |    |LD SP, 0x4000
      |      |    |  Z80:11cyc R800:3cyc
      |000001|0001|  31 00 40
------+------+----+----------------------------------
    23|      |    |CALL WAIT_KEY
      |      |    |  Z80:18cyc R800:5cyc
      |000004|0004|  CD 59 00
------+------+----+----------------------------------
    26|      |    |START :
      |      |    |  label [START] address: 0x000007
------+------+----+----------------------------------
    27|      |    |LD DE, S_TITLE
      |      |    |  Z80:11cyc R800:3cyc
      |000007|0007|  11 24 00
------+------+----+----------------------------------
    28|      |    |CALL PUTS
      |      |    |  Z80:18cyc R800:5cyc
      |00000A|000A|  CD 6B 00
------+------+----+----------------------------------
    29|      |    |CALL WAIT_KEY
      |      |    |  Z80:18cyc R800:5cyc
      |00000D|000D|  CD 59 00
------+------+----+----------------------------------
    32|      |    |LD DE, S_BUSY_CHECK
      |      |    |  Z80:11cyc R800:3cyc
      |000010|0010|  11 3E 00
------+------+----+----------------------------------
    33|      |    |CALL PUTS
      |      |    |  Z80:18cyc R800:5cyc
      |000013|0013|  CD 6B 00
------+------+----+----------------------------------
    34|      |    |BUSY_CHECK_LOOP :
      |      |    |  label [BUSY_CHECK_LOOP] address: 0x000016
------+------+----+----------------------------------
    35|      |    |IN A, [ BUSY_STATUS ]
      |      |    |  Z80:12cyc R800:10cyc/9cyc
      |000016|0016|  DB 30
------+------+----+----------------------------------
    36|      |    |OR A, A
      |      |    |  Z80:5cyc R800:1cyc
      |000018|0018|  B7
------+------+----+----------------------------------
    37|      |    |JR NZ, BUSY_CHECK_LOOP
      |      |    |  Z80:13cyc/8cyc R800:3cyc/2cyc
      |000019|0019|  20 FB
------+------+----+----------------------------------
    38|      |    |LD DE, S_OK
      |      |    |  Z80:11cyc R800:3cyc
      |00001B|001B|  11 54 00
------+------+----+----------------------------------
    39|      |    |CALL PUTS
      |      |    |  Z80:18cyc R800:5cyc
      |00001E|001E|  CD 6B 00
------+------+----+----------------------------------
    40|      |    |JP START
      |      |    |  Z80:11cyc R800:5cyc
      |000021|0021|  C3 07 00
------+------+----+----------------------------------
    41|      |    |S_TITLE :
      |      |    |  label [S_TITLE] address: 0x000024
------+------+----+----------------------------------
    42|      |    |DB "DDR3-SDRAM Test program", 0x0D, 0x0A, 0
      |000024|0024|  44 44 52 33 2D 53 44 52
      |00002C|002C|  41 4D 20 54 65 73 74 20
      |000034|0034|  70 72 6F 67 72 61 6D 0D
      |00003C|003C|  0A 00
------+------+----+----------------------------------
    43|      |    |S_BUSY_CHECK :
      |      |    |  label [S_BUSY_CHECK] address: 0x00003e
------+------+----+----------------------------------
    44|      |    |DB "SDRAM Busy Check ... ", 0
      |00003E|003E|  53 44 52 41 4D 20 42 75
      |000046|0046|  73 79 20 43 68 65 63 6B
      |00004E|004E|  20 2E 2E 2E 20 00
------+------+----+----------------------------------
    45|      |    |S_OK :
      |      |    |  label [S_OK] address: 0x000054
------+------+----+----------------------------------
    46|      |    |DB "OK", 0x0D, 0x0A, 0
      |000054|0054|  4F 4B 0D 0A 00
------+------+----+----------------------------------
    57|      |    |SCOPE WAIT_KEY
      |      |    |  Enter scope: WAIT_KEY:
------+------+----+----------------------------------
    58|      |    |WAIT_KEY ::
      |      |    |  global label [WAIT_KEY] address: 0x000059
------+------+----+----------------------------------
    59|      |    |CALL GETKEY
      |      |    |  Z80:18cyc R800:5cyc
      |000059|0059|  CD 68 00
------+------+----+----------------------------------
    60|      |    |AND A, 1
      |      |    |  Z80:8cyc R800:2cyc
      |00005C|005C|  E6 01
------+------+----+----------------------------------
    61|      |    |JR NZ, WAIT_KEY
      |      |    |  Z80:13cyc/8cyc R800:3cyc/2cyc
      |00005E|005E|  20 F9
------+------+----+----------------------------------
    62|      |    |_LOOP :
      |      |    |  label [WAIT_KEY:_LOOP] address: 0x000060
------+------+----+----------------------------------
    63|      |    |CALL GETKEY
      |      |    |  Z80:18cyc R800:5cyc
      |000060|0060|  CD 68 00
------+------+----+----------------------------------
    64|      |    |AND A, 1
      |      |    |  Z80:8cyc R800:2cyc
      |000063|0063|  E6 01
------+------+----+----------------------------------
    65|      |    |JR Z, _LOOP
      |      |    |  Z80:13cyc/8cyc R800:3cyc/2cyc
      |000065|0065|  28 F9
------+------+----+----------------------------------
    66|      |    |RET
      |      |    |  Z80:11cyc R800:5cyc
      |000067|0067|  C9
------+------+----+----------------------------------
    67|      |    |ENDSCOPE
      |      |    |  Exit scope: WAIT_KEY:
------+------+----+----------------------------------
    83|      |    |SCOPE GETKEY
      |      |    |  Enter scope: GETKEY:
------+------+----+----------------------------------
    84|      |    |GETKEY ::
      |      |    |  global label [GETKEY] address: 0x000068
------+------+----+----------------------------------
    85|      |    |IN A, [ UART ]
      |      |    |  Z80:12cyc R800:10cyc/9cyc
      |000068|0068|  DB 10
------+------+----+----------------------------------
    86|      |    |RET
      |      |    |  Z80:11cyc R800:5cyc
      |00006A|006A|  C9
------+------+----+----------------------------------
    87|      |    |ENDSCOPE
      |      |    |  Exit scope: GETKEY:
------+------+----+----------------------------------
    98|      |    |SCOPE PUTS
      |      |    |  Enter scope: PUTS:
------+------+----+----------------------------------
    99|      |    |PUTS ::
      |      |    |  global label [PUTS] address: 0x00006b
------+------+----+----------------------------------
   100|      |    |PUSH AF
      |      |    |  Z80:12cyc R800:6cyc
      |00006B|006B|  F5
------+------+----+----------------------------------
   101|      |    |LOOP :
      |      |    |  label [PUTS:LOOP] address: 0x00006c
------+------+----+----------------------------------
   102|      |    |LD A, [ DE ]
      |      |    |  Z80:8cyc R800:4cyc
      |00006C|006C|  1A
------+------+----+----------------------------------
   103|      |    |INC DE
      |      |    |  Z80:7cyc R800:1cyc
      |00006D|006D|  13
------+------+----+----------------------------------
   104|      |    |OR A, A
      |      |    |  Z80:5cyc R800:1cyc
      |00006E|006E|  B7
------+------+----+----------------------------------
   105|      |    |JR Z, EXIT
      |      |    |  Z80:13cyc/8cyc R800:3cyc/2cyc
      |00006F|006F|  28 04
------+------+----+----------------------------------
   106|      |    |OUT [ UART ], A
      |      |    |  Z80:12cyc R800:10cyc/9cyc
      |000071|0071|  D3 10
------+------+----+----------------------------------
   107|      |    |JR LOOP
      |      |    |  Z80:13cyc R800:3cyc
      |000073|0073|  18 F7
------+------+----+----------------------------------
   108|      |    |EXIT :
      |      |    |  label [PUTS:EXIT] address: 0x000075
------+------+----+----------------------------------
   109|      |    |POP AF
      |      |    |  Z80:11cyc R800:5cyc
      |000075|0075|  F1
------+------+----+----------------------------------
   110|      |    |RET
      |      |    |  Z80:11cyc R800:5cyc
      |000076|0076|  C9
------+------+----+----------------------------------
   111|      |    |ENDSCOPE
      |      |    |  Exit scope: PUTS:
------+------+----+----------------------------------
<< label >>
ADDRESS ........... 50 ( 0x32 )
BUSY_CHECK_LOOP ... 22 ( 0x16 )
BUSY_COUNT ........ 49 ( 0x31 )
BUSY_STATUS ....... 48 ( 0x30 )
DATA .............. 32 ( 0x20 )
DELAY_COUNT ....... 51 ( 0x33 )
DELAY_STATUS ...... 50 ( 0x32 )
GETKEY ............ 104 ( 0x68 )
MASK .............. 48 ( 0x30 )
PUTS .............. 107 ( 0x6b )
PUTS:EXIT ......... 117 ( 0x75 )
PUTS:LOOP ......... 108 ( 0x6c )
READ_REQ .......... 55 ( 0x37 )
START ............. 7 ( 0x7 )
S_BUSY_CHECK ...... 62 ( 0x3e )
S_OK .............. 84 ( 0x54 )
S_TITLE ........... 36 ( 0x24 )
UART .............. 16 ( 0x10 )
WAIT_KEY .......... 89 ( 0x59 )
WAIT_KEY:_LOOP .... 96 ( 0x60 )
WRITE_REQ ......... 54 ( 0x36 )
