Z80 Macro Assembler ZMA v1.0.18
=====================================================
Programmed by t.hara

  DEFS is DEFINE STRING (default).
  OUTPUT TYPE: BINARY

<< code >>
LINE# |OFFSET|ADDR|MNEMONIC
======+======+====+==================================
     7|      |    |REG_KEY_STATE := 0x10
      |      |    |  Global integer symbol [REG_KEY_STATE] = 16 (0x10)
------+------+----+----------------------------------
     9|      |    |REG_PALETTE_ADDR := 0x20
      |      |    |  Global integer symbol [REG_PALETTE_ADDR] = 32 (0x20)
------+------+----+----------------------------------
    10|      |    |REG_PALETTE_COLOR := 0x21
      |      |    |  Global integer symbol [REG_PALETTE_COLOR] = 33 (0x21)
------+------+----+----------------------------------
    11|      |    |REG_VRAM_ADDR := 0x22
      |      |    |  Global integer symbol [REG_VRAM_ADDR] = 34 (0x22)
------+------+----+----------------------------------
    12|      |    |REG_VRAM_DATA := 0x23
      |      |    |  Global integer symbol [REG_VRAM_DATA] = 35 (0x23)
------+------+----+----------------------------------
    14|      |    |ORG 0x0000
------+------+----+----------------------------------
    16|      |    |DI
      |      |    |  Z80:5cyc R800:2cyc
      |000000|0000|  F3
------+------+----+----------------------------------
    17|      |    |LD SP, 0
      |      |    |  Z80:11cyc R800:3cyc
      |000001|0001|  31 00 00
------+------+----+----------------------------------
    19|      |    |XOR A, A
      |      |    |  Z80:5cyc R800:1cyc
      |000004|0004|  AF
------+------+----+----------------------------------
    20|      |    |OUT [ REG_PALETTE_ADDR ], A
      |      |    |  Z80:12cyc R800:10cyc/9cyc
      |000005|0005|  D3 20
------+------+----+----------------------------------
    21|      |    |PALETTE_LOOP :
      |      |    |  label [PALETTE_LOOP] address: 0x000007
------+------+----+----------------------------------
    22|      |    |OUT [ REG_PALETTE_COLOR ], A
      |      |    |  Z80:12cyc R800:10cyc/9cyc
      |000007|0007|  D3 21
------+------+----+----------------------------------
    23|      |    |OUT [ REG_PALETTE_COLOR ], A
      |      |    |  Z80:12cyc R800:10cyc/9cyc
      |000009|0009|  D3 21
------+------+----+----------------------------------
    24|      |    |OUT [ REG_PALETTE_COLOR ], A
      |      |    |  Z80:12cyc R800:10cyc/9cyc
      |00000B|000B|  D3 21
------+------+----+----------------------------------
    25|      |    |INC A
      |      |    |  Z80:5cyc R800:1cyc
      |00000D|000D|  3C
------+------+----+----------------------------------
    26|      |    |JR NZ, PALETTE_LOOP
      |      |    |  Z80:13cyc/8cyc R800:3cyc/2cyc
      |00000E|000E|  20 F7
------+------+----+----------------------------------
    28|      |    |OUT [ REG_VRAM_ADDR ], A
      |      |    |  Z80:12cyc R800:10cyc/9cyc
      |000010|0010|  D3 22
------+------+----+----------------------------------
    29|      |    |OUT [ REG_VRAM_ADDR ], A
      |      |    |  Z80:12cyc R800:10cyc/9cyc
      |000012|0012|  D3 22
------+------+----+----------------------------------
    30|      |    |OUT [ REG_VRAM_ADDR ], A
      |      |    |  Z80:12cyc R800:10cyc/9cyc
      |000014|0014|  D3 22
------+------+----+----------------------------------
    31|      |    |Y_LOOP :
      |      |    |  label [Y_LOOP] address: 0x000016
------+------+----+----------------------------------
    32|      |    |LD HL, 360
      |      |    |  Z80:11cyc R800:3cyc
      |000016|0016|  21 68 01
------+------+----+----------------------------------
    33|      |    |PUSH HL
      |      |    |  Z80:12cyc R800:6cyc
      |000019|0019|  E5
------+------+----+----------------------------------
    34|      |    |LD HL, 640
      |      |    |  Z80:11cyc R800:3cyc
      |00001A|001A|  21 80 02
------+------+----+----------------------------------
    35|      |    |X_LOOP :
      |      |    |  label [X_LOOP] address: 0x00001d
------+------+----+----------------------------------
    36|      |    |LD A, L
      |      |    |  Z80:5cyc R800:2cyc
      |00001D|001D|  7D
------+------+----+----------------------------------
    37|      |    |OUT [ REG_VRAM_DATA ], A
      |      |    |  Z80:12cyc R800:10cyc/9cyc
      |00001E|001E|  D3 23
------+------+----+----------------------------------
    38|      |    |DEC HL
      |      |    |  Z80:7cyc R800:1cyc
      |000020|0020|  2B
------+------+----+----------------------------------
    39|      |    |LD A, L
      |      |    |  Z80:5cyc R800:2cyc
      |000021|0021|  7D
------+------+----+----------------------------------
    40|      |    |OR A, H
      |      |    |  Z80:5cyc R800:1cyc
      |000022|0022|  B4
------+------+----+----------------------------------
    41|      |    |JR NZ, X_LOOP
      |      |    |  Z80:13cyc/8cyc R800:3cyc/2cyc
      |000023|0023|  20 F8
------+------+----+----------------------------------
    42|      |    |POP HL
      |      |    |  Z80:11cyc R800:5cyc
      |000025|0025|  E1
------+------+----+----------------------------------
    43|      |    |LD A, L
      |      |    |  Z80:5cyc R800:2cyc
      |000026|0026|  7D
------+------+----+----------------------------------
    44|      |    |OR A, H
      |      |    |  Z80:5cyc R800:1cyc
      |000027|0027|  B4
------+------+----+----------------------------------
    45|      |    |JR NZ, Y_LOOP
      |      |    |  Z80:13cyc/8cyc R800:3cyc/2cyc
      |000028|0028|  20 EC
------+------+----+----------------------------------
    47|      |    |WAIT_KEY_RELEASE :
      |      |    |  label [WAIT_KEY_RELEASE] address: 0x00002a
------+------+----+----------------------------------
    48|      |    |CALL GETKEY
      |      |    |  Z80:18cyc R800:5cyc
      |00002A|002A|  CD 40 00
------+------+----+----------------------------------
    49|      |    |OR A, A
      |      |    |  Z80:5cyc R800:1cyc
      |00002D|002D|  B7
------+------+----+----------------------------------
    50|      |    |JR NZ, WAIT_KEY_RELEASE
      |      |    |  Z80:13cyc/8cyc R800:3cyc/2cyc
      |00002E|002E|  20 FA
------+------+----+----------------------------------
    52|      |    |MAIN_LOOP :
      |      |    |  label [MAIN_LOOP] address: 0x000030
------+------+----+----------------------------------
    53|      |    |CALL GETKEY
      |      |    |  Z80:18cyc R800:5cyc
      |000030|0030|  CD 40 00
------+------+----+----------------------------------
    54|      |    |OR A, A
      |      |    |  Z80:5cyc R800:1cyc
      |000033|0033|  B7
------+------+----+----------------------------------
    55|      |    |JR Z, MAIN_LOOP
      |      |    |  Z80:13cyc/8cyc R800:3cyc/2cyc
      |000034|0034|  28 FA
------+------+----+----------------------------------
    57|      |    |RRCA
      |      |    |  Z80:5cyc R800:1cyc
      |000036|0036|  0F
------+------+----+----------------------------------
    58|      |    |JR C, PRESS_BUTTON0
      |      |    |  Z80:13cyc/8cyc R800:3cyc/2cyc
      |000037|0037|  38 03
------+------+----+----------------------------------
    59|      |    |RRCA
      |      |    |  Z80:5cyc R800:1cyc
      |000039|0039|  0F
------+------+----+----------------------------------
    60|      |    |JR C, PRESS_BUTTON1
      |      |    |  Z80:13cyc/8cyc R800:3cyc/2cyc
      |00003A|003A|  38 02
------+------+----+----------------------------------
    62|      |    |PRESS_BUTTON0 :
      |      |    |  label [PRESS_BUTTON0] address: 0x00003c
------+------+----+----------------------------------
    63|      |    |JR WAIT_KEY_RELEASE
      |      |    |  Z80:13cyc R800:3cyc
      |00003C|003C|  18 EC
------+------+----+----------------------------------
    65|      |    |PRESS_BUTTON1 :
      |      |    |  label [PRESS_BUTTON1] address: 0x00003e
------+------+----+----------------------------------
    66|      |    |JR WAIT_KEY_RELEASE
      |      |    |  Z80:13cyc R800:3cyc
      |00003E|003E|  18 EA
------+------+----+----------------------------------
    79|      |    |SCOPE GETKEY
      |      |    |  Enter scope: GETKEY:
------+------+----+----------------------------------
    80|      |    |GETKEY ::
      |      |    |  global label [GETKEY] address: 0x000040
------+------+----+----------------------------------
    81|      |    |IN A, [ REG_KEY_STATE ]
      |      |    |  Z80:12cyc R800:10cyc/9cyc
      |000040|0040|  DB 10
------+------+----+----------------------------------
    82|      |    |RLCA
      |      |    |  Z80:5cyc R800:1cyc
      |000042|0042|  07
------+------+----+----------------------------------
    83|      |    |RLCA
      |      |    |  Z80:5cyc R800:1cyc
      |000043|0043|  07
------+------+----+----------------------------------
    84|      |    |RET
      |      |    |  Z80:11cyc R800:5cyc
      |000044|0044|  C9
------+------+----+----------------------------------
    85|      |    |ENDSCOPE
      |      |    |  Exit scope: GETKEY:
------+------+----+----------------------------------
<< label >>
GETKEY .............. 64 ( 0x40 )
MAIN_LOOP ........... 48 ( 0x30 )
PALETTE_LOOP ........ 7 ( 0x7 )
PRESS_BUTTON0 ....... 60 ( 0x3c )
PRESS_BUTTON1 ....... 62 ( 0x3e )
REG_KEY_STATE ....... 16 ( 0x10 )
REG_PALETTE_ADDR .... 32 ( 0x20 )
REG_PALETTE_COLOR ... 33 ( 0x21 )
REG_VRAM_ADDR ....... 34 ( 0x22 )
REG_VRAM_DATA ....... 35 ( 0x23 )
WAIT_KEY_RELEASE .... 42 ( 0x2a )
X_LOOP .............. 29 ( 0x1d )
Y_LOOP .............. 22 ( 0x16 )
